Start auto log messages stack - Iteration 6.	[MsgId: MMSG-10545]
Action.c(281): web_custom_request("Itinerary Button") was successful, 591 body bytes, 216 header bytes, 12 chunking overhead bytes  	[MsgId: MMSG-26385]
Action.c(291): web_concurrent_start started  	[MsgId: MMSG-26355]
Action.c(291): web_concurrent_start was successful  	[MsgId: MMSG-26392]
Action.c(293): web_custom_request("nav.pl_3") started  	[MsgId: MMSG-26355]
Action.c(293): Registering web_custom_request("nav.pl_3") was successful  	[MsgId: MMSG-26390]
Action.c(303): web_custom_request("itinerary.pl") started  	[MsgId: MMSG-26355]
Action.c(303): Registering web_custom_request("itinerary.pl") was successful  	[MsgId: MMSG-26390]
Action.c(313): web_concurrent_end started  	[MsgId: MMSG-26355]
Action.c(293): Error -26612: HTTP Status-Code=500 (Internal Server Error) for "http://localhost:1080/cgi-bin/nav.pl?page=menu&in=itinerary"   [issued at Action.c(313)]  	[MsgId: MERR-26612]
End auto log messages stack.	[MsgId: MMSG-10544]


Start auto log messages stack - Iteration 7.	[MsgId: MMSG-10545]
Action.c(138): web_add_header("Sec-Fetch-Site") started  	[MsgId: MMSG-26355]
Action.c(138): web_add_header("Sec-Fetch-Site") was successful  	[MsgId: MMSG-26392]
Action.c(141): web_add_header("Sec-Fetch-Dest") started  	[MsgId: MMSG-26355]
Action.c(141): web_add_header("Sec-Fetch-Dest") was successful  	[MsgId: MMSG-26392]
Action.c(144): web_reg_save_param started  	[MsgId: MMSG-26355]
Action.c(144): Registering web_reg_save_param was successful  	[MsgId: MMSG-26390]
Action.c(149): web_custom_request("nav.pl") started  	[MsgId: MMSG-26355]
Action.c(149): Registering web_custom_request("nav.pl") was successful  	[MsgId: MMSG-26390]
Action.c(159): web_concurrent_end started  	[MsgId: MMSG-26355]
Action.c(149): Error -26612: HTTP Status-Code=500 (Internal Server Error) for "http://localhost:1080/cgi-bin/nav.pl?in=home"   [issued at Action.c(159)]  	[MsgId: MERR-26612]
End auto log messages stack.	[MsgId: MMSG-10544]


Start auto log messages stack - Iteration 7.	[MsgId: MMSG-10545]
Action.c(159): Registered web_reg_find successful for "Text=Welcome to the Web Tours site" (count=1)  	[MsgId: MMSG-26364]
Action.c(159): Error -26377: No match found for the requested parameter "userSession". Either the specified boundaries were not found in the response or the matched text is longer than current max html parameter size of 256 bytes. The total length of the response is 1896 bytes. You can use "web_set_max_html_param_len" to increase the max parameter size.  	[MsgId: MERR-26377]
End auto log messages stack.	[MsgId: MMSG-10544]


