Start auto log messages stack - Iteration 5.	[MsgId: MMSG-10545]
Action.c(458): web_custom_request("Itinerary Button") was successful, 591 body bytes, 216 header bytes, 12 chunking overhead bytes  	[MsgId: MMSG-26385]
Action.c(468): web_concurrent_start started  	[MsgId: MMSG-26355]
Action.c(468): web_concurrent_start was successful  	[MsgId: MMSG-26392]
Action.c(470): web_custom_request("nav.pl_3") started  	[MsgId: MMSG-26355]
Action.c(470): Registering web_custom_request("nav.pl_3") was successful  	[MsgId: MMSG-26390]
Action.c(480): web_custom_request("itinerary.pl") started  	[MsgId: MMSG-26355]
Action.c(480): Registering web_custom_request("itinerary.pl") was successful  	[MsgId: MMSG-26390]
Action.c(490): web_concurrent_end started  	[MsgId: MMSG-26355]
Action.c(480): Error -26612: HTTP Status-Code=500 (Internal Server Error) for "http://localhost:1080/cgi-bin/itinerary.pl"   [issued at Action.c(490)]  	[MsgId: MERR-26612]
End auto log messages stack.	[MsgId: MMSG-10544]


Start auto log messages stack - Iteration 11.	[MsgId: MMSG-10545]
Action.c(232): Registering web_custom_request("header.html") was successful  	[MsgId: MMSG-26390]
Action.c(242): web_add_header("Sec-Fetch-Site") started  	[MsgId: MMSG-26355]
Action.c(242): web_add_header("Sec-Fetch-Site") was successful  	[MsgId: MMSG-26392]
Action.c(245): web_add_header("Sec-Fetch-Dest") started  	[MsgId: MMSG-26355]
Action.c(245): web_add_header("Sec-Fetch-Dest") was successful  	[MsgId: MMSG-26392]
Action.c(248): web_custom_request("welcome.pl") started  	[MsgId: MMSG-26355]
Action.c(248): Registering web_custom_request("welcome.pl") was successful  	[MsgId: MMSG-26390]
Action.c(258): web_concurrent_end started  	[MsgId: MMSG-26355]
Action.c(248): Error -26612: HTTP Status-Code=500 (Internal Server Error) for "http://localhost:1080/cgi-bin/welcome.pl?signOff=true"   [issued at Action.c(258)]  	[MsgId: MERR-26612]
End auto log messages stack.	[MsgId: MMSG-10544]


