Start auto log messages stack - Iteration 1.	[MsgId: MMSG-10545]
Action.c(261): Registering web_custom_request("signoff.gif") was successful  	[MsgId: MMSG-26390]
Action.c(270): web_concurrent_end started  	[MsgId: MMSG-26355]
Action.c(270): web_concurrent_end was successful, 2898 body bytes, 1190 header bytes  	[MsgId: MMSG-26386]
Action.c(272): Notify: Transaction "login" ended with a "Pass" status (Duration: 4,6669 Think Time: 3,4835 Wasted Time: 0,0000).	[MsgId: MMSG-16870]
Action.c(274): Think time - Waiting 3,00 seconds (according to limit).	[MsgId: MMSG-15946]
Action.c(274): lr_think_time: 3,00 seconds (recorded think time was 71,00 seconds).	[MsgId: MMSG-15947]
Action.c(276): Notify: Transaction "itinerary" started.	[MsgId: MMSG-16999]
Action.c(278): web_reg_find started  	[MsgId: MMSG-26355]
Action.c(278): Registering web_reg_find was successful  	[MsgId: MMSG-26390]
Action.c(281): web_custom_request("Itinerary Button") started  	[MsgId: MMSG-26355]
Action.c(281): Error -26612: HTTP Status-Code=500 (Internal Server Error) for "http://localhost:1080/cgi-bin/welcome.pl?page=itinerary"  	[MsgId: MERR-26612]
Action.c(281): Error -26366: "Text=User wants the intineraries" not found for web_reg_find  	[MsgId: MERR-26366]
End auto log messages stack.	[MsgId: MMSG-10544]


Start auto log messages stack - Iteration 14.	[MsgId: MMSG-10545]
Action.c(182): web_add_auto_header("Sec-Fetch-Site") started  	[MsgId: MMSG-26355]
Action.c(182): web_add_auto_header("Sec-Fetch-Site") was successful  	[MsgId: MMSG-26392]
Action.c(185): web_add_auto_header("Sec-Fetch-Dest") started  	[MsgId: MMSG-26355]
Action.c(185): web_add_auto_header("Sec-Fetch-Dest") was successful  	[MsgId: MMSG-26392]
Action.c(188): web_add_header("Origin") started  	[MsgId: MMSG-26355]
Action.c(188): web_add_header("Origin") was successful  	[MsgId: MMSG-26392]
Action.c(192): web_reg_find started  	[MsgId: MMSG-26355]
Action.c(192): Registering web_reg_find was successful  	[MsgId: MMSG-26390]
Action.c(195): web_custom_request("login.pl") started  	[MsgId: MMSG-26355]
Action.c(195): Error -26612: HTTP Status-Code=500 (Internal Server Error) for "http://localhost:1080/cgi-bin/login.pl"  	[MsgId: MERR-26612]
Action.c(195): Error -26366: "Text=User password was correct" not found for web_reg_find  	[MsgId: MERR-26366]
End auto log messages stack.	[MsgId: MMSG-10544]


