Start auto log messages stack - Iteration 3.	[MsgId: MMSG-10545]
Action.c(315): web_add_header("Sec-Fetch-Site") started  	[MsgId: MMSG-26355]
Action.c(315): web_add_header("Sec-Fetch-Site") was successful  	[MsgId: MMSG-26392]
Action.c(318): web_add_header("Sec-Fetch-Dest") started  	[MsgId: MMSG-26355]
Action.c(318): web_add_header("Sec-Fetch-Dest") was successful  	[MsgId: MMSG-26392]
Action.c(321): web_reg_save_param started  	[MsgId: MMSG-26355]
Action.c(321): Registering web_reg_save_param was successful  	[MsgId: MMSG-26390]
Action.c(326): web_custom_request("nav.pl") started  	[MsgId: MMSG-26355]
Action.c(326): Registering web_custom_request("nav.pl") was successful  	[MsgId: MMSG-26390]
Action.c(336): web_concurrent_end started  	[MsgId: MMSG-26355]
Action.c(326): Error -26612: HTTP Status-Code=500 (Internal Server Error) for "http://localhost:1080/cgi-bin/nav.pl?in=home"   [issued at Action.c(336)]  	[MsgId: MERR-26612]
End auto log messages stack.	[MsgId: MMSG-10544]


Start auto log messages stack - Iteration 3.	[MsgId: MMSG-10545]
Action.c(336): Registered web_reg_find successful for "Text=Welcome to the Web Tours site" (count=1)  	[MsgId: MMSG-26364]
Action.c(336): Error -26377: No match found for the requested parameter "userSession". Either the specified boundaries were not found in the response or the matched text is longer than current max html parameter size of 256 bytes. The total length of the response is 535 bytes. You can use "web_set_max_html_param_len" to increase the max parameter size.  	[MsgId: MERR-26377]
End auto log messages stack.	[MsgId: MMSG-10544]


Start auto log messages stack - Iteration 4.	[MsgId: MMSG-10545]
Action.c(232): Registering web_custom_request("header.html") was successful  	[MsgId: MMSG-26390]
Action.c(242): web_add_header("Sec-Fetch-Site") started  	[MsgId: MMSG-26355]
Action.c(242): web_add_header("Sec-Fetch-Site") was successful  	[MsgId: MMSG-26392]
Action.c(245): web_add_header("Sec-Fetch-Dest") started  	[MsgId: MMSG-26355]
Action.c(245): web_add_header("Sec-Fetch-Dest") was successful  	[MsgId: MMSG-26392]
Action.c(248): web_custom_request("welcome.pl") started  	[MsgId: MMSG-26355]
Action.c(248): Registering web_custom_request("welcome.pl") was successful  	[MsgId: MMSG-26390]
Action.c(258): web_concurrent_end started  	[MsgId: MMSG-26355]
Action.c(248): Error -27721: Step download timeout (120 seconds) has expired when downloading resource "http://localhost:1080/cgi-bin/welcome.pl?signOff=true"   [issued at Action.c(258)]  	[MsgId: MERR-27721]
End auto log messages stack.	[MsgId: MMSG-10544]


