Start auto log messages stack - Iteration 12.	[MsgId: MMSG-10545]
Action.c(372): web_custom_request("login.pl") was successful, 481 body bytes, 390 header bytes, 12 chunking overhead bytes  	[MsgId: MMSG-26385]
Action.c(383): web_concurrent_start started  	[MsgId: MMSG-26355]
Action.c(383): web_concurrent_start was successful  	[MsgId: MMSG-26392]
Action.c(385): web_custom_request("nav.pl_2") started  	[MsgId: MMSG-26355]
Action.c(385): Registering web_custom_request("nav.pl_2") was successful  	[MsgId: MMSG-26390]
Action.c(395): web_custom_request("login.pl_2") started  	[MsgId: MMSG-26355]
Action.c(395): Registering web_custom_request("login.pl_2") was successful  	[MsgId: MMSG-26390]
Action.c(405): web_concurrent_end started  	[MsgId: MMSG-26355]
Action.c(395): Error -26612: HTTP Status-Code=500 (Internal Server Error) for "http://localhost:1080/cgi-bin/login.pl?intro=true"   [issued at Action.c(405)]  	[MsgId: MERR-26612]
End auto log messages stack.	[MsgId: MMSG-10544]


Start auto log messages stack - Iteration 29.	[MsgId: MMSG-10545]
Action.c(232): Registering web_custom_request("header.html") was successful  	[MsgId: MMSG-26390]
Action.c(242): web_add_header("Sec-Fetch-Site") started  	[MsgId: MMSG-26355]
Action.c(242): web_add_header("Sec-Fetch-Site") was successful  	[MsgId: MMSG-26392]
Action.c(245): web_add_header("Sec-Fetch-Dest") started  	[MsgId: MMSG-26355]
Action.c(245): web_add_header("Sec-Fetch-Dest") was successful  	[MsgId: MMSG-26392]
Action.c(248): web_custom_request("welcome.pl") started  	[MsgId: MMSG-26355]
Action.c(248): Registering web_custom_request("welcome.pl") was successful  	[MsgId: MMSG-26390]
Action.c(258): web_concurrent_end started  	[MsgId: MMSG-26355]
Action.c(248): Error -26612: HTTP Status-Code=500 (Internal Server Error) for "http://localhost:1080/cgi-bin/welcome.pl?signOff=true"   [issued at Action.c(258)]  	[MsgId: MERR-26612]
End auto log messages stack.	[MsgId: MMSG-10544]


Start auto log messages stack - Iteration 40.	[MsgId: MMSG-10545]
Action.c(359): web_add_auto_header("Sec-Fetch-Site") started  	[MsgId: MMSG-26355]
Action.c(359): web_add_auto_header("Sec-Fetch-Site") was successful  	[MsgId: MMSG-26392]
Action.c(362): web_add_auto_header("Sec-Fetch-Dest") started  	[MsgId: MMSG-26355]
Action.c(362): web_add_auto_header("Sec-Fetch-Dest") was successful  	[MsgId: MMSG-26392]
Action.c(365): web_add_header("Origin") started  	[MsgId: MMSG-26355]
Action.c(365): web_add_header("Origin") was successful  	[MsgId: MMSG-26392]
Action.c(369): web_reg_find started  	[MsgId: MMSG-26355]
Action.c(369): Registering web_reg_find was successful  	[MsgId: MMSG-26390]
Action.c(372): web_custom_request("login.pl") started  	[MsgId: MMSG-26355]
Action.c(372): Error -26612: HTTP Status-Code=500 (Internal Server Error) for "http://localhost:1080/cgi-bin/login.pl"  	[MsgId: MERR-26612]
Action.c(372): Error -26366: "Text=User password was correct" not found for web_reg_find  	[MsgId: MERR-26366]
End auto log messages stack.	[MsgId: MMSG-10544]


Start auto log messages stack - Iteration 44.	[MsgId: MMSG-10545]
Action.c(139): web_add_header("Sec-Fetch-Site") was successful  	[MsgId: MMSG-26392]
Action.c(142): web_add_header("Sec-Fetch-Dest") started  	[MsgId: MMSG-26355]
Action.c(142): web_add_header("Sec-Fetch-Dest") was successful  	[MsgId: MMSG-26392]
Action.c(146): web_reg_save_param_attrib started  	[MsgId: MMSG-26355]
Action.c(146): Registering web_reg_save_param_attrib was successful  	[MsgId: MMSG-26390]
Action.c(154): web_custom_request("nav.pl") started  	[MsgId: MMSG-26355]
Action.c(154): Registering web_custom_request("nav.pl") was successful  	[MsgId: MMSG-26390]
Action.c(164): web_concurrent_end started  	[MsgId: MMSG-26355]
Action.c(154): Error -26612: HTTP Status-Code=500 (Internal Server Error) for "http://localhost:1080/cgi-bin/nav.pl?in=home"   [issued at Action.c(164)]  	[MsgId: MERR-26612]
Action.c(164): Error -35048: No match found for the requested parameter "userSession". Check whether the tag with specific attributes exists in the response data  	[MsgId: MERR-35048]
End auto log messages stack.	[MsgId: MMSG-10544]


Start auto log messages stack - Iteration 47.	[MsgId: MMSG-10545]
Action.c(438): Registering web_custom_request("signoff.gif") was successful  	[MsgId: MMSG-26390]
Action.c(447): web_concurrent_end started  	[MsgId: MMSG-26355]
Action.c(447): web_concurrent_end was successful, 2898 body bytes, 1190 header bytes  	[MsgId: MMSG-26386]
Action.c(449): Notify: Transaction "login" ended with a "Pass" status (Duration: 3,2583 Think Time: 3,0097 Wasted Time: 0,0000).	[MsgId: MMSG-16870]
Action.c(451): Think time - Waiting 3,00 seconds (according to limit).	[MsgId: MMSG-15946]
Action.c(451): lr_think_time: 3,00 seconds (recorded think time was 71,00 seconds).	[MsgId: MMSG-15947]
Action.c(453): Notify: Transaction "itinerary" started.	[MsgId: MMSG-16999]
Action.c(455): web_reg_find started  	[MsgId: MMSG-26355]
Action.c(455): Registering web_reg_find was successful  	[MsgId: MMSG-26390]
Action.c(458): web_custom_request("Itinerary Button") started  	[MsgId: MMSG-26355]
Action.c(458): Error -26612: HTTP Status-Code=500 (Internal Server Error) for "http://localhost:1080/cgi-bin/welcome.pl?page=itinerary"  	[MsgId: MERR-26612]
Action.c(458): Error -26366: "Text=User wants the intineraries" not found for web_reg_find  	[MsgId: MERR-26366]
End auto log messages stack.	[MsgId: MMSG-10544]


Start auto log messages stack - Iteration 57.	[MsgId: MMSG-10545]
Action.c(438): Registering web_custom_request("signoff.gif") was successful  	[MsgId: MMSG-26390]
Action.c(447): web_concurrent_end started  	[MsgId: MMSG-26355]
Action.c(447): web_concurrent_end was successful, 2898 body bytes, 1190 header bytes  	[MsgId: MMSG-26386]
Action.c(449): Notify: Transaction "login" ended with a "Pass" status (Duration: 3,3599 Think Time: 3,0158 Wasted Time: 0,0000).	[MsgId: MMSG-16870]
Action.c(451): Think time - Waiting 3,00 seconds (according to limit).	[MsgId: MMSG-15946]
Action.c(451): lr_think_time: 3,00 seconds (recorded think time was 71,00 seconds).	[MsgId: MMSG-15947]
Action.c(453): Notify: Transaction "itinerary" started.	[MsgId: MMSG-16999]
Action.c(455): web_reg_find started  	[MsgId: MMSG-26355]
Action.c(455): Registering web_reg_find was successful  	[MsgId: MMSG-26390]
Action.c(458): web_custom_request("Itinerary Button") started  	[MsgId: MMSG-26355]
Action.c(458): Error -26612: HTTP Status-Code=500 (Internal Server Error) for "http://localhost:1080/cgi-bin/welcome.pl?page=itinerary"  	[MsgId: MERR-26612]
Action.c(458): Error -26366: "Text=User wants the intineraries" not found for web_reg_find  	[MsgId: MERR-26366]
End auto log messages stack.	[MsgId: MMSG-10544]


Start auto log messages stack - Iteration 62.	[MsgId: MMSG-10545]
Action.c(438): Registering web_custom_request("signoff.gif") was successful  	[MsgId: MMSG-26390]
Action.c(447): web_concurrent_end started  	[MsgId: MMSG-26355]
Action.c(447): web_concurrent_end was successful, 2898 body bytes, 1190 header bytes  	[MsgId: MMSG-26386]
Action.c(449): Notify: Transaction "login" ended with a "Pass" status (Duration: 3,5003 Think Time: 3,0084 Wasted Time: 0,0001).	[MsgId: MMSG-16870]
Action.c(451): Think time - Waiting 3,00 seconds (according to limit).	[MsgId: MMSG-15946]
Action.c(451): lr_think_time: 3,00 seconds (recorded think time was 71,00 seconds).	[MsgId: MMSG-15947]
Action.c(453): Notify: Transaction "itinerary" started.	[MsgId: MMSG-16999]
Action.c(455): web_reg_find started  	[MsgId: MMSG-26355]
Action.c(455): Registering web_reg_find was successful  	[MsgId: MMSG-26390]
Action.c(458): web_custom_request("Itinerary Button") started  	[MsgId: MMSG-26355]
Action.c(458): Error -26612: HTTP Status-Code=500 (Internal Server Error) for "http://localhost:1080/cgi-bin/welcome.pl?page=itinerary"  	[MsgId: MERR-26612]
Action.c(458): Error -26366: "Text=User wants the intineraries" not found for web_reg_find  	[MsgId: MERR-26366]
End auto log messages stack.	[MsgId: MMSG-10544]


Start auto log messages stack - Iteration 56.	[MsgId: MMSG-10545]
Action.c(438): Registering web_custom_request("signoff.gif") was successful  	[MsgId: MMSG-26390]
Action.c(447): web_concurrent_end started  	[MsgId: MMSG-26355]
Action.c(447): web_concurrent_end was successful, 2898 body bytes, 1190 header bytes  	[MsgId: MMSG-26386]
Action.c(449): Notify: Transaction "login" ended with a "Pass" status (Duration: 3,7605 Think Time: 3,0096 Wasted Time: 0,0000).	[MsgId: MMSG-16870]
Action.c(451): Think time - Waiting 3,00 seconds (according to limit).	[MsgId: MMSG-15946]
Action.c(451): lr_think_time: 3,00 seconds (recorded think time was 71,00 seconds).	[MsgId: MMSG-15947]
Action.c(453): Notify: Transaction "itinerary" started.	[MsgId: MMSG-16999]
Action.c(455): web_reg_find started  	[MsgId: MMSG-26355]
Action.c(455): Registering web_reg_find was successful  	[MsgId: MMSG-26390]
Action.c(458): web_custom_request("Itinerary Button") started  	[MsgId: MMSG-26355]
Action.c(458): Error -26612: HTTP Status-Code=500 (Internal Server Error) for "http://localhost:1080/cgi-bin/welcome.pl?page=itinerary"  	[MsgId: MERR-26612]
Action.c(458): Error -26366: "Text=User wants the intineraries" not found for web_reg_find  	[MsgId: MERR-26366]
End auto log messages stack.	[MsgId: MMSG-10544]


Start auto log messages stack - Iteration 57.	[MsgId: MMSG-10545]
Action.c(458): web_custom_request("Itinerary Button") was successful, 591 body bytes, 215 header bytes, 12 chunking overhead bytes  	[MsgId: MMSG-26385]
Action.c(468): web_concurrent_start started  	[MsgId: MMSG-26355]
Action.c(468): web_concurrent_start was successful  	[MsgId: MMSG-26392]
Action.c(470): web_custom_request("nav.pl_3") started  	[MsgId: MMSG-26355]
Action.c(470): Registering web_custom_request("nav.pl_3") was successful  	[MsgId: MMSG-26390]
Action.c(480): web_custom_request("itinerary.pl") started  	[MsgId: MMSG-26355]
Action.c(480): Registering web_custom_request("itinerary.pl") was successful  	[MsgId: MMSG-26390]
Action.c(490): web_concurrent_end started  	[MsgId: MMSG-26355]
Action.c(480): Error -26612: HTTP Status-Code=500 (Internal Server Error) for "http://localhost:1080/cgi-bin/itinerary.pl"   [issued at Action.c(490)]  	[MsgId: MERR-26612]
End auto log messages stack.	[MsgId: MMSG-10544]


Start auto log messages stack - Iteration 77.	[MsgId: MMSG-10545]
Action.c(315): web_add_header("Sec-Fetch-Site") started  	[MsgId: MMSG-26355]
Action.c(315): web_add_header("Sec-Fetch-Site") was successful  	[MsgId: MMSG-26392]
Action.c(318): web_add_header("Sec-Fetch-Dest") started  	[MsgId: MMSG-26355]
Action.c(318): web_add_header("Sec-Fetch-Dest") was successful  	[MsgId: MMSG-26392]
Action.c(321): web_reg_save_param started  	[MsgId: MMSG-26355]
Action.c(321): Registering web_reg_save_param was successful  	[MsgId: MMSG-26390]
Action.c(326): web_custom_request("nav.pl") started  	[MsgId: MMSG-26355]
Action.c(326): Registering web_custom_request("nav.pl") was successful  	[MsgId: MMSG-26390]
Action.c(336): web_concurrent_end started  	[MsgId: MMSG-26355]
Action.c(326): Error -26612: HTTP Status-Code=500 (Internal Server Error) for "http://localhost:1080/cgi-bin/nav.pl?in=home"   [issued at Action.c(336)]  	[MsgId: MERR-26612]
End auto log messages stack.	[MsgId: MMSG-10544]


Start auto log messages stack - Iteration 77.	[MsgId: MMSG-10545]
Action.c(336): Registered web_reg_find successful for "Text=Welcome to the Web Tours site" (count=1)  	[MsgId: MMSG-26364]
Action.c(336): Error -26377: No match found for the requested parameter "userSession". Either the specified boundaries were not found in the response or the matched text is longer than current max html parameter size of 256 bytes. The total length of the response is 535 bytes. You can use "web_set_max_html_param_len" to increase the max parameter size.  	[MsgId: MERR-26377]
End auto log messages stack.	[MsgId: MMSG-10544]


Start auto log messages stack - Iteration 83.	[MsgId: MMSG-10545]
Action.c(56): Registering web_custom_request("header.html") was successful  	[MsgId: MMSG-26390]
Action.c(66): web_add_header("Sec-Fetch-Site") started  	[MsgId: MMSG-26355]
Action.c(66): web_add_header("Sec-Fetch-Site") was successful  	[MsgId: MMSG-26392]
Action.c(69): web_add_header("Sec-Fetch-Dest") started  	[MsgId: MMSG-26355]
Action.c(69): web_add_header("Sec-Fetch-Dest") was successful  	[MsgId: MMSG-26392]
Action.c(72): web_custom_request("welcome.pl") started  	[MsgId: MMSG-26355]
Action.c(72): Registering web_custom_request("welcome.pl") was successful  	[MsgId: MMSG-26390]
Action.c(82): web_concurrent_end started  	[MsgId: MMSG-26355]
Action.c(72): Error -26612: HTTP Status-Code=500 (Internal Server Error) for "http://localhost:1080/cgi-bin/welcome.pl?signOff=true"   [issued at Action.c(82)]  	[MsgId: MERR-26612]
End auto log messages stack.	[MsgId: MMSG-10544]


Start auto log messages stack - Iteration 84.	[MsgId: MMSG-10545]
Action.c(56): Registering web_custom_request("header.html") was successful  	[MsgId: MMSG-26390]
Action.c(66): web_add_header("Sec-Fetch-Site") started  	[MsgId: MMSG-26355]
Action.c(66): web_add_header("Sec-Fetch-Site") was successful  	[MsgId: MMSG-26392]
Action.c(69): web_add_header("Sec-Fetch-Dest") started  	[MsgId: MMSG-26355]
Action.c(69): web_add_header("Sec-Fetch-Dest") was successful  	[MsgId: MMSG-26392]
Action.c(72): web_custom_request("welcome.pl") started  	[MsgId: MMSG-26355]
Action.c(72): Registering web_custom_request("welcome.pl") was successful  	[MsgId: MMSG-26390]
Action.c(82): web_concurrent_end started  	[MsgId: MMSG-26355]
Action.c(72): Error -26612: HTTP Status-Code=500 (Internal Server Error) for "http://localhost:1080/cgi-bin/welcome.pl?signOff=true"   [issued at Action.c(82)]  	[MsgId: MERR-26612]
End auto log messages stack.	[MsgId: MMSG-10544]


Start auto log messages stack - Iteration 86.	[MsgId: MMSG-10545]
Action.c(232): Registering web_custom_request("header.html") was successful  	[MsgId: MMSG-26390]
Action.c(242): web_add_header("Sec-Fetch-Site") started  	[MsgId: MMSG-26355]
Action.c(242): web_add_header("Sec-Fetch-Site") was successful  	[MsgId: MMSG-26392]
Action.c(245): web_add_header("Sec-Fetch-Dest") started  	[MsgId: MMSG-26355]
Action.c(245): web_add_header("Sec-Fetch-Dest") was successful  	[MsgId: MMSG-26392]
Action.c(248): web_custom_request("welcome.pl") started  	[MsgId: MMSG-26355]
Action.c(248): Registering web_custom_request("welcome.pl") was successful  	[MsgId: MMSG-26390]
Action.c(258): web_concurrent_end started  	[MsgId: MMSG-26355]
Action.c(248): Error -26612: HTTP Status-Code=500 (Internal Server Error) for "http://localhost:1080/cgi-bin/welcome.pl?signOff=true"   [issued at Action.c(258)]  	[MsgId: MERR-26612]
End auto log messages stack.	[MsgId: MMSG-10544]


Start auto log messages stack - Iteration 94.	[MsgId: MMSG-10545]
Action.c(56): Registering web_custom_request("header.html") was successful  	[MsgId: MMSG-26390]
Action.c(66): web_add_header("Sec-Fetch-Site") started  	[MsgId: MMSG-26355]
Action.c(66): web_add_header("Sec-Fetch-Site") was successful  	[MsgId: MMSG-26392]
Action.c(69): web_add_header("Sec-Fetch-Dest") started  	[MsgId: MMSG-26355]
Action.c(69): web_add_header("Sec-Fetch-Dest") was successful  	[MsgId: MMSG-26392]
Action.c(72): web_custom_request("welcome.pl") started  	[MsgId: MMSG-26355]
Action.c(72): Registering web_custom_request("welcome.pl") was successful  	[MsgId: MMSG-26390]
Action.c(82): web_concurrent_end started  	[MsgId: MMSG-26355]
Action.c(72): Error -26612: HTTP Status-Code=500 (Internal Server Error) for "http://localhost:1080/cgi-bin/welcome.pl?signOff=true"   [issued at Action.c(82)]  	[MsgId: MERR-26612]
End auto log messages stack.	[MsgId: MMSG-10544]


