Start auto log messages stack - Iteration 9.	[MsgId: MMSG-10545]
Action.c(302): Registering web_custom_request("in_home.gif") was successful  	[MsgId: MMSG-26390]
Action.c(311): web_custom_request("signoff.gif") started  	[MsgId: MMSG-26355]
Action.c(311): Registering web_custom_request("signoff.gif") was successful  	[MsgId: MMSG-26390]
Action.c(320): web_concurrent_end started  	[MsgId: MMSG-26355]
Action.c(320): web_concurrent_end was successful, 2898 body bytes, 1190 header bytes  	[MsgId: MMSG-26386]
Action.c(322): Notify: Transaction "continue" ended with a "Pass" status (Duration: 5,2513 Think Time: 5,0029).	[MsgId: MMSG-16872]
Action.c(324): Think time - Waiting 5,00 seconds (according to limit).	[MsgId: MMSG-15946]
Action.c(324): lr_think_time: 5,00 seconds (recorded think time was 41,00 seconds).	[MsgId: MMSG-15947]
Action.c(326): Notify: Transaction "sign_off" started.	[MsgId: MMSG-16999]
Action.c(328): web_custom_request("SignOff Button") started  	[MsgId: MMSG-26355]
Action.c(328): Error -26612: HTTP Status-Code=500 (Internal Server Error) for "http://localhost:1080/cgi-bin/welcome.pl?signOff=1"  	[MsgId: MERR-26612]
End auto log messages stack.	[MsgId: MMSG-10544]


Start auto log messages stack - Iteration 15.	[MsgId: MMSG-10545]
Action.c(248): web_custom_request("button_next.gif_2") was successful, 596 body bytes, 215 header bytes, 12 chunking overhead bytes  	[MsgId: MMSG-26385]
Action.c(258): web_concurrent_start started  	[MsgId: MMSG-26355]
Action.c(258): web_concurrent_start was successful  	[MsgId: MMSG-26392]
Action.c(260): web_custom_request("nav.pl_2") started  	[MsgId: MMSG-26355]
Action.c(260): Registering web_custom_request("nav.pl_2") was successful  	[MsgId: MMSG-26390]
Action.c(270): web_custom_request("login.pl_3") started  	[MsgId: MMSG-26355]
Action.c(270): Registering web_custom_request("login.pl_3") was successful  	[MsgId: MMSG-26390]
Action.c(280): web_concurrent_end started  	[MsgId: MMSG-26355]
Action.c(260): Error -26612: HTTP Status-Code=500 (Internal Server Error) for "http://localhost:1080/cgi-bin/nav.pl?page=menu&in=home"   [issued at Action.c(280)]  	[MsgId: MERR-26612]
End auto log messages stack.	[MsgId: MMSG-10544]


