Start auto log messages stack - Iteration 3.	[MsgId: MMSG-10545]
Action.c(225): web_add_auto_header("Origin") was successful  	[MsgId: MMSG-26392]
Action.c(228): web_add_auto_header("Sec-Fetch-Dest") started  	[MsgId: MMSG-26355]
Action.c(228): web_add_auto_header("Sec-Fetch-Dest") was successful  	[MsgId: MMSG-26392]
Action.c(231): Think time - Waiting 5,00 seconds (according to limit).	[MsgId: MMSG-15946]
Action.c(231): lr_think_time: 5,00 seconds (recorded think time was 87,00 seconds).	[MsgId: MMSG-15947]
Action.c(236): web_reg_find started  	[MsgId: MMSG-26355]
Action.c(236): Registering web_reg_find was successful  	[MsgId: MMSG-26390]
Action.c(241): web_reg_find started  	[MsgId: MMSG-26355]
Action.c(241): Registering web_reg_find was successful  	[MsgId: MMSG-26390]
Action.c(244): web_custom_request("login.pl_2") started  	[MsgId: MMSG-26355]
Action.c(244): Error -27721: Step download timeout (120 seconds) has expired when downloading resource "http://localhost:1080/cgi-bin/login.pl"  	[MsgId: MERR-27721]
End auto log messages stack.	[MsgId: MMSG-10544]


Start auto log messages stack - Iteration 3.	[MsgId: MMSG-10545]
Action.c(244): Aborting pending download of URL="http://localhost:1080/cgi-bin/login.pl" (RelFrameId=1, Internal ID=59)  	[MsgId: MMSG-27649]
Action.c(244): Registered web_reg_find successful for "Text=The username/password combination you've entered is invalid"  	[MsgId: MMSG-26362]
Action.c(244): Error -26366: "Text=Thank you, <b>gloria417236618</b>, for registering and welcome to the Web Tours family" not found for web_reg_find  	[MsgId: MERR-26366]
Action.c(244): Error -26374: The above "not found" error(s) may be explained by header and body byte counts being 0 and 0, respectively.  	[MsgId: MERR-26374]
End auto log messages stack.	[MsgId: MMSG-10544]


Start auto log messages stack - Iteration 15.	[MsgId: MMSG-10545]
Action.c(275): web_reg_find started  	[MsgId: MMSG-26355]
Action.c(275): Registering web_reg_find was successful  	[MsgId: MMSG-26390]
Action.c(278): web_custom_request("nav.pl_2") started  	[MsgId: MMSG-26355]
Action.c(278): Registering web_custom_request("nav.pl_2") was successful  	[MsgId: MMSG-26390]
Action.c(288): web_reg_find started  	[MsgId: MMSG-26355]
Action.c(288): Registering web_reg_find was successful  	[MsgId: MMSG-26390]
Action.c(291): web_custom_request("login.pl_3") started  	[MsgId: MMSG-26355]
Action.c(291): Registering web_custom_request("login.pl_3") was successful  	[MsgId: MMSG-26390]
Action.c(301): web_concurrent_end started  	[MsgId: MMSG-26355]
Action.c(278): Error -27721: Step download timeout (120 seconds) has expired when downloading resource "http://localhost:1080/cgi-bin/nav.pl?page=menu&in=home"   [issued at Action.c(301)]  	[MsgId: MERR-27721]
End auto log messages stack.	[MsgId: MMSG-10544]


Start auto log messages stack - Iteration 15.	[MsgId: MMSG-10545]
Action.c(301): Aborting pending download of URL="http://localhost:1080/cgi-bin/nav.pl?page=menu&in=home" (RelFrameId=1, Internal ID=327)  	[MsgId: MMSG-27649]
Action.c(301): Error -26366: "Text=Web Tours Navigation Bar" not found for web_reg_find  	[MsgId: MERR-26366]
End auto log messages stack.	[MsgId: MMSG-10544]


