Start auto log messages stack - Iteration 1.	[MsgId: MMSG-10545]
Action.c(244): web_custom_request("login.pl_2") was successful, 1086 body bytes, 406 header bytes, 12 chunking overhead bytes  	[MsgId: MMSG-26385]
Action.c(255): Notify: Transaction "registration_fields" ended with a "Pass" status (Duration: 5,0909 Think Time: 5,0030 Wasted Time: 0,0000).	[MsgId: MMSG-16870]
Action.c(257): Notify: Transaction "continue" started.	[MsgId: MMSG-16999]
Action.c(259): web_remove_auto_header("Origin") started  	[MsgId: MMSG-26355]
Action.c(259): Previous automatically added web header for "Origin" removed  	[MsgId: MMSG-26587]
Action.c(259): web_remove/revert_auto_header("Origin") was successful  	[MsgId: MMSG-26392]
Action.c(261): Think time - Waiting 5,00 seconds (according to limit).	[MsgId: MMSG-15946]
Action.c(261): lr_think_time: 5,00 seconds (recorded think time was 31,00 seconds).	[MsgId: MMSG-15947]
Action.c(263): web_custom_request("button_next.gif_2") started  	[MsgId: MMSG-26355]
Action.c(263): Error -26612: HTTP Status-Code=500 (Internal Server Error) for "http://localhost:1080/cgi-bin/welcome.pl?page=menus"  	[MsgId: MERR-26612]
End auto log messages stack.	[MsgId: MMSG-10544]


Start auto log messages stack - Iteration 4.	[MsgId: MMSG-10545]
Action.c(53): Registering web_custom_request("header.html") was successful  	[MsgId: MMSG-26390]
Action.c(63): web_add_header("Sec-Fetch-Site") started  	[MsgId: MMSG-26355]
Action.c(63): web_add_header("Sec-Fetch-Site") was successful  	[MsgId: MMSG-26392]
Action.c(66): web_add_header("Sec-Fetch-Dest") started  	[MsgId: MMSG-26355]
Action.c(66): web_add_header("Sec-Fetch-Dest") was successful  	[MsgId: MMSG-26392]
Action.c(69): web_custom_request("welcome.pl") started  	[MsgId: MMSG-26355]
Action.c(69): Registering web_custom_request("welcome.pl") was successful  	[MsgId: MMSG-26390]
Action.c(79): web_concurrent_end started  	[MsgId: MMSG-26355]
Action.c(69): Error -26612: HTTP Status-Code=500 (Internal Server Error) for "http://localhost:1080/cgi-bin/welcome.pl?signOff=true"   [issued at Action.c(79)]  	[MsgId: MERR-26612]
End auto log messages stack.	[MsgId: MMSG-10544]


Start auto log messages stack - Iteration 13.	[MsgId: MMSG-10545]
Action.c(225): web_add_auto_header("Origin") was successful  	[MsgId: MMSG-26392]
Action.c(228): web_add_auto_header("Sec-Fetch-Dest") started  	[MsgId: MMSG-26355]
Action.c(228): web_add_auto_header("Sec-Fetch-Dest") was successful  	[MsgId: MMSG-26392]
Action.c(231): Think time - Waiting 5,00 seconds (according to limit).	[MsgId: MMSG-15946]
Action.c(231): lr_think_time: 5,00 seconds (recorded think time was 87,00 seconds).	[MsgId: MMSG-15947]
Action.c(236): web_reg_find started  	[MsgId: MMSG-26355]
Action.c(236): Registering web_reg_find was successful  	[MsgId: MMSG-26390]
Action.c(241): web_reg_find started  	[MsgId: MMSG-26355]
Action.c(241): Registering web_reg_find was successful  	[MsgId: MMSG-26390]
Action.c(244): web_custom_request("login.pl_2") started  	[MsgId: MMSG-26355]
Action.c(244): Error -26612: HTTP Status-Code=500 (Internal Server Error) for "http://localhost:1080/cgi-bin/login.pl"  	[MsgId: MERR-26612]
End auto log messages stack.	[MsgId: MMSG-10544]


Start auto log messages stack - Iteration 13.	[MsgId: MMSG-10545]
Action.c(244): Registered web_reg_find successful for "Text=The username/password combination you've entered is invalid"  	[MsgId: MMSG-26362]
Action.c(244): Error -26366: "Text=Thank you, <b>gloria771699635</b>, for registering and welcome to the Web Tours family" not found for web_reg_find  	[MsgId: MERR-26366]
End auto log messages stack.	[MsgId: MMSG-10544]


Start auto log messages stack - Iteration 17.	[MsgId: MMSG-10545]
Action.c(53): Registering web_custom_request("header.html") was successful  	[MsgId: MMSG-26390]
Action.c(63): web_add_header("Sec-Fetch-Site") started  	[MsgId: MMSG-26355]
Action.c(63): web_add_header("Sec-Fetch-Site") was successful  	[MsgId: MMSG-26392]
Action.c(66): web_add_header("Sec-Fetch-Dest") started  	[MsgId: MMSG-26355]
Action.c(66): web_add_header("Sec-Fetch-Dest") was successful  	[MsgId: MMSG-26392]
Action.c(69): web_custom_request("welcome.pl") started  	[MsgId: MMSG-26355]
Action.c(69): Registering web_custom_request("welcome.pl") was successful  	[MsgId: MMSG-26390]
Action.c(79): web_concurrent_end started  	[MsgId: MMSG-26355]
Action.c(69): Error -27721: Step download timeout (120 seconds) has expired when downloading resource "http://localhost:1080/cgi-bin/welcome.pl?signOff=true"   [issued at Action.c(79)]  	[MsgId: MERR-27721]
End auto log messages stack.	[MsgId: MMSG-10544]


Start auto log messages stack - Iteration 17.	[MsgId: MMSG-10545]
Action.c(225): web_add_auto_header("Origin") was successful  	[MsgId: MMSG-26392]
Action.c(228): web_add_auto_header("Sec-Fetch-Dest") started  	[MsgId: MMSG-26355]
Action.c(228): web_add_auto_header("Sec-Fetch-Dest") was successful  	[MsgId: MMSG-26392]
Action.c(231): Think time - Waiting 5,00 seconds (according to limit).	[MsgId: MMSG-15946]
Action.c(231): lr_think_time: 5,00 seconds (recorded think time was 87,00 seconds).	[MsgId: MMSG-15947]
Action.c(236): web_reg_find started  	[MsgId: MMSG-26355]
Action.c(236): Registering web_reg_find was successful  	[MsgId: MMSG-26390]
Action.c(241): web_reg_find started  	[MsgId: MMSG-26355]
Action.c(241): Registering web_reg_find was successful  	[MsgId: MMSG-26390]
Action.c(244): web_custom_request("login.pl_2") started  	[MsgId: MMSG-26355]
Action.c(244): Error -26612: HTTP Status-Code=500 (Internal Server Error) for "http://localhost:1080/cgi-bin/login.pl"  	[MsgId: MERR-26612]
End auto log messages stack.	[MsgId: MMSG-10544]


Start auto log messages stack - Iteration 17.	[MsgId: MMSG-10545]
Action.c(244): Registered web_reg_find successful for "Text=The username/password combination you've entered is invalid"  	[MsgId: MMSG-26362]
Action.c(244): Error -26366: "Text=Thank you, <b>private523779341</b>, for registering and welcome to the Web Tours family" not found for web_reg_find  	[MsgId: MERR-26366]
End auto log messages stack.	[MsgId: MMSG-10544]


