Start auto log messages stack - Iteration 9.	[MsgId: MMSG-10545]
Action.c(167): web_custom_request("mer_login.gif") started  	[MsgId: MMSG-26355]
Action.c(167): web_custom_request("mer_login.gif") was successful, 679 body bytes, 298 header bytes  	[MsgId: MMSG-26386]
Action.c(176): Notify: Transaction "sign up" started.	[MsgId: MMSG-16999]
Action.c(178): web_add_auto_header("Sec-Fetch-Site") started  	[MsgId: MMSG-26355]
Action.c(178): web_add_auto_header("Sec-Fetch-Site") was successful  	[MsgId: MMSG-26392]
Action.c(181): web_add_header("Sec-Fetch-Dest") started  	[MsgId: MMSG-26355]
Action.c(181): web_add_header("Sec-Fetch-Dest") was successful  	[MsgId: MMSG-26392]
Action.c(184): Think time - Waiting 5,00 seconds (according to limit).	[MsgId: MMSG-15946]
Action.c(184): lr_think_time: 5,00 seconds (recorded think time was 69,00 seconds).	[MsgId: MMSG-15947]
Action.c(186): web_custom_request("sign up now") started  	[MsgId: MMSG-26355]
Action.c(186): Error -27721: Step download timeout (120 seconds) has expired when downloading resource "http://localhost:1080/cgi-bin/login.pl?username=&password=&getInfo=true"  	[MsgId: MERR-27721]
End auto log messages stack.	[MsgId: MMSG-10544]


Start auto log messages stack - Iteration 16.	[MsgId: MMSG-10545]
Action.c(302): Registering web_custom_request("in_home.gif") was successful  	[MsgId: MMSG-26390]
Action.c(311): web_custom_request("signoff.gif") started  	[MsgId: MMSG-26355]
Action.c(311): Registering web_custom_request("signoff.gif") was successful  	[MsgId: MMSG-26390]
Action.c(320): web_concurrent_end started  	[MsgId: MMSG-26355]
Action.c(320): web_concurrent_end was successful, 2898 body bytes, 1190 header bytes  	[MsgId: MMSG-26386]
Action.c(322): Notify: Transaction "sign up" ended with a "Pass" status (Duration: 15,5062 Think Time: 15,0248 Wasted Time: 0,0000).	[MsgId: MMSG-16870]
Action.c(324): Think time - Waiting 5,00 seconds (according to limit).	[MsgId: MMSG-15946]
Action.c(324): lr_think_time: 5,00 seconds (recorded think time was 39,00 seconds).	[MsgId: MMSG-15947]
Action.c(326): Notify: Transaction "sign off" started.	[MsgId: MMSG-16999]
Action.c(328): web_custom_request("SignOff Button") started  	[MsgId: MMSG-26355]
Action.c(328): Error -27721: Step download timeout (120 seconds) has expired when downloading resource "http://localhost:1080/cgi-bin/welcome.pl?signOff=1"  	[MsgId: MERR-27721]
End auto log messages stack.	[MsgId: MMSG-10544]


Start auto log messages stack - Iteration 18.	[MsgId: MMSG-10545]
Action.c(224): web_add_header("Origin") was successful  	[MsgId: MMSG-26392]
Action.c(227): web_add_auto_header("Sec-Fetch-Dest") started  	[MsgId: MMSG-26355]
Action.c(227): web_add_auto_header("Sec-Fetch-Dest") was successful  	[MsgId: MMSG-26392]
Action.c(230): Think time - Waiting 5,00 seconds (according to limit).	[MsgId: MMSG-15946]
Action.c(230): lr_think_time: 5,00 seconds (recorded think time was 62,00 seconds).	[MsgId: MMSG-15947]
Action.c(232): web_custom_request("login.pl") started  	[MsgId: MMSG-26355]
Action.c(232): web_custom_request("login.pl") was successful, 2751 body bytes, 229 header bytes, 12 chunking overhead bytes  	[MsgId: MMSG-26385]
Action.c(243): Think time - Waiting 5,00 seconds (according to limit).	[MsgId: MMSG-15946]
Action.c(243): lr_think_time: 5,00 seconds (recorded think time was 19,00 seconds).	[MsgId: MMSG-15947]
Action.c(245): web_custom_request("button_next.gif_2") started  	[MsgId: MMSG-26355]
Action.c(245): Error -27721: Step download timeout (120 seconds) has expired when downloading resource "http://localhost:1080/cgi-bin/welcome.pl?page=menus"  	[MsgId: MERR-27721]
End auto log messages stack.	[MsgId: MMSG-10544]


