Start auto log messages stack - Iteration 3.	[MsgId: MMSG-10545]
Action.c(338): web_concurrent_start started  	[MsgId: MMSG-26355]
Action.c(338): web_concurrent_start was successful  	[MsgId: MMSG-26392]
Action.c(340): web_custom_request("home.html_2") started  	[MsgId: MMSG-26355]
Action.c(340): Retrieving data from cache for "http://localhost:1080/WebTours/home.html"  	[MsgId: MMSG-26558]
Action.c(340): Registering web_custom_request("home.html_2") was successful  	[MsgId: MMSG-26390]
Action.c(349): web_custom_request("nav.pl_3") started  	[MsgId: MMSG-26355]
Action.c(349): Registering web_custom_request("nav.pl_3") was successful  	[MsgId: MMSG-26390]
Action.c(359): web_concurrent_end started  	[MsgId: MMSG-26355]
Action.c(349): Error -27721: Step download timeout (120 seconds) has expired when downloading resource "http://localhost:1080/cgi-bin/nav.pl?in=home"   [issued at Action.c(359)]  	[MsgId: MERR-27721]
End auto log messages stack.	[MsgId: MMSG-10544]


Start auto log messages stack - Iteration 4.	[MsgId: MMSG-10545]
Action.c(248): web_custom_request("button_next.gif_2") was successful, 596 body bytes, 215 header bytes, 12 chunking overhead bytes  	[MsgId: MMSG-26385]
Action.c(258): web_concurrent_start started  	[MsgId: MMSG-26355]
Action.c(258): web_concurrent_start was successful  	[MsgId: MMSG-26392]
Action.c(260): web_custom_request("nav.pl_2") started  	[MsgId: MMSG-26355]
Action.c(260): Registering web_custom_request("nav.pl_2") was successful  	[MsgId: MMSG-26390]
Action.c(270): web_custom_request("login.pl_3") started  	[MsgId: MMSG-26355]
Action.c(270): Registering web_custom_request("login.pl_3") was successful  	[MsgId: MMSG-26390]
Action.c(280): web_concurrent_end started  	[MsgId: MMSG-26355]
Action.c(260): Error -27721: Step download timeout (120 seconds) has expired when downloading resource "http://localhost:1080/cgi-bin/nav.pl?page=menu&in=home"   [issued at Action.c(280)]  	[MsgId: MERR-27721]
End auto log messages stack.	[MsgId: MMSG-10544]


