Virtual User Script started at: 09.07.2024 21:55:51
Starting action vuser_init.
Web Turbo Replay of LoadRunner 2021.0.0 for Windows 10; build 430 (џэт 05 2021 19:27:22)  	[MsgId: MMSG-26983]
Run mode: HTML  	[MsgId: MMSG-26993]
Replay user agent: Mozilla/5.0 (Windows NT 10.0; Win64; x64) AppleWebKit/537.36 (KHTML, like Gecko) Chrome/124.0.0.0 Safari/537.36  	[MsgId: MMSG-26988]
Runtime Settings file: "C:\Users\trifo\Documents\Homework\LoadRunner\Scripts\UC5_SignUp\\default.cfg"  	[MsgId: MMSG-27141]
Ending action vuser_init.
Running Vuser...
Starting iteration 1.
Maximum number of concurrent connections per server: 6  	[MsgId: MMSG-26989]
Starting action Action.
Action.c(4): Notify: Transaction "UC5_SignUp" started.
Action.c(7): Notify: Transaction "home_page" started.
Action.c(9): web_set_sockets_option started  	[MsgId: MMSG-26355]
Action.c(9): web_set_sockets_option was successful  	[MsgId: MMSG-26392]
Action.c(11): web_add_auto_header("sec-ch-ua") started  	[MsgId: MMSG-26355]
Action.c(11): web_add_auto_header("sec-ch-ua") was successful  	[MsgId: MMSG-26392]
Action.c(14): web_add_auto_header("sec-ch-ua-mobile") started  	[MsgId: MMSG-26355]
Action.c(14): web_add_auto_header("sec-ch-ua-mobile") was successful  	[MsgId: MMSG-26392]
Action.c(17): web_add_auto_header("sec-ch-ua-platform") started  	[MsgId: MMSG-26355]
Action.c(17): web_add_auto_header("sec-ch-ua-platform") was successful  	[MsgId: MMSG-26392]
Action.c(20): web_add_auto_header("Upgrade-Insecure-Requests") started  	[MsgId: MMSG-26355]
Action.c(20): web_add_auto_header("Upgrade-Insecure-Requests") was successful  	[MsgId: MMSG-26392]
Action.c(23): web_add_header("Sec-Fetch-Site") started  	[MsgId: MMSG-26355]
Action.c(23): web_add_header("Sec-Fetch-Site") was successful  	[MsgId: MMSG-26392]
Action.c(26): web_add_auto_header("Sec-Fetch-Mode") started  	[MsgId: MMSG-26355]
Action.c(26): web_add_auto_header("Sec-Fetch-Mode") was successful  	[MsgId: MMSG-26392]
Action.c(29): web_add_header("Sec-Fetch-Dest") started  	[MsgId: MMSG-26355]
Action.c(29): web_add_header("Sec-Fetch-Dest") was successful  	[MsgId: MMSG-26392]
Action.c(32): web_add_auto_header("Sec-Fetch-User") started  	[MsgId: MMSG-26355]
Action.c(32): web_add_auto_header("Sec-Fetch-User") was successful  	[MsgId: MMSG-26392]
Action.c(35): web_reg_find started  	[MsgId: MMSG-26355]
Action.c(35): Registering web_reg_find was successful  	[MsgId: MMSG-26390]
Action.c(38): web_custom_request("WebTours") started  	[MsgId: MMSG-26355]
Action.c(38): Redirecting "http://localhost:1080/WebTours" (redirection depth is 0)  	[MsgId: MMSG-26694]
Action.c(38): To location "http://localhost:1080/WebTours/"  	[MsgId: MMSG-26693]
Action.c(38): Registered web_reg_find successful for "Text=301 Moved Permanently" (count=1)  	[MsgId: MMSG-26364]
Action.c(38): web_custom_request("WebTours") was successful, 605 body bytes, 565 header bytes  	[MsgId: MMSG-26386]
Action.c(48): web_add_header("Sec-Fetch-Site") started  	[MsgId: MMSG-26355]
Action.c(48): web_add_header("Sec-Fetch-Site") was successful  	[MsgId: MMSG-26392]
Action.c(51): web_add_header("Sec-Fetch-Dest") started  	[MsgId: MMSG-26355]
Action.c(51): web_add_header("Sec-Fetch-Dest") was successful  	[MsgId: MMSG-26392]
Action.c(54): web_concurrent_start started  	[MsgId: MMSG-26355]
Action.c(54): web_concurrent_start was successful  	[MsgId: MMSG-26392]
Action.c(56): web_custom_request("header.html") started  	[MsgId: MMSG-26355]
Action.c(56): Registering web_custom_request("header.html") was successful  	[MsgId: MMSG-26390]
Action.c(66): web_add_header("Sec-Fetch-Site") started  	[MsgId: MMSG-26355]
Action.c(66): web_add_header("Sec-Fetch-Site") was successful  	[MsgId: MMSG-26392]
Action.c(69): web_add_header("Sec-Fetch-Dest") started  	[MsgId: MMSG-26355]
Action.c(69): web_add_header("Sec-Fetch-Dest") was successful  	[MsgId: MMSG-26392]
Action.c(72): web_reg_find started  	[MsgId: MMSG-26355]
Action.c(72): Registering web_reg_find was successful  	[MsgId: MMSG-26390]
Action.c(76): web_custom_request("welcome.pl") started  	[MsgId: MMSG-26355]
Action.c(76): Registering web_custom_request("welcome.pl") was successful  	[MsgId: MMSG-26390]
Action.c(86): web_concurrent_end started  	[MsgId: MMSG-26355]
Action.c(86): Registered web_reg_find successful for "Text= A Session ID has been created and loaded into a cookie called MSO" (count=1)  	[MsgId: MMSG-26364]
Action.c(86): web_concurrent_end was successful, 1396 body bytes, 624 header bytes, 12 chunking overhead bytes  	[MsgId: MMSG-26385]
Action.c(88): web_add_header("Sec-Fetch-Site") started  	[MsgId: MMSG-26355]
Action.c(88): web_add_header("Sec-Fetch-Site") was successful  	[MsgId: MMSG-26392]
Action.c(91): web_add_header("Sec-Fetch-Dest") started  	[MsgId: MMSG-26355]
Action.c(91): web_add_header("Sec-Fetch-Dest") was successful  	[MsgId: MMSG-26392]
Action.c(94): web_concurrent_start started  	[MsgId: MMSG-26355]
Action.c(94): web_concurrent_start was successful  	[MsgId: MMSG-26392]
Action.c(96): web_custom_request("hp_logo.png") started  	[MsgId: MMSG-26355]
Action.c(96): Registering web_custom_request("hp_logo.png") was successful  	[MsgId: MMSG-26390]
Action.c(105): web_add_header("Sec-Fetch-Site") started  	[MsgId: MMSG-26355]
Action.c(105): web_add_header("Sec-Fetch-Site") was successful  	[MsgId: MMSG-26392]
Action.c(108): web_add_header("Sec-Fetch-Dest") started  	[MsgId: MMSG-26355]
Action.c(108): web_add_header("Sec-Fetch-Dest") was successful  	[MsgId: MMSG-26392]
Action.c(111): web_custom_request("webtours.png") started  	[MsgId: MMSG-26355]
Action.c(111): Registering web_custom_request("webtours.png") was successful  	[MsgId: MMSG-26390]
Action.c(120): web_concurrent_end started  	[MsgId: MMSG-26355]
Action.c(120): web_concurrent_end was successful, 4788 body bytes, 596 header bytes  	[MsgId: MMSG-26386]
Action.c(122): web_add_header("Sec-Fetch-Site") started  	[MsgId: MMSG-26355]
Action.c(122): web_add_header("Sec-Fetch-Site") was successful  	[MsgId: MMSG-26392]
Action.c(125): web_add_header("Sec-Fetch-Dest") started  	[MsgId: MMSG-26355]
Action.c(125): web_add_header("Sec-Fetch-Dest") was successful  	[MsgId: MMSG-26392]
Action.c(128): web_concurrent_start started  	[MsgId: MMSG-26355]
Action.c(128): web_concurrent_start was successful  	[MsgId: MMSG-26392]
Action.c(130): web_custom_request("home.html") started  	[MsgId: MMSG-26355]
Action.c(130): Registering web_custom_request("home.html") was successful  	[MsgId: MMSG-26390]
Action.c(140): web_add_header("Sec-Fetch-Site") started  	[MsgId: MMSG-26355]
Action.c(140): web_add_header("Sec-Fetch-Site") was successful  	[MsgId: MMSG-26392]
Action.c(143): web_add_header("Sec-Fetch-Dest") started  	[MsgId: MMSG-26355]
Action.c(143): web_add_header("Sec-Fetch-Dest") was successful  	[MsgId: MMSG-26392]
Action.c(146): web_reg_find started  	[MsgId: MMSG-26355]
Action.c(146): Registering web_reg_find was successful  	[MsgId: MMSG-26390]
Action.c(149): web_custom_request("nav.pl") started  	[MsgId: MMSG-26355]
Action.c(149): Registering web_custom_request("nav.pl") was successful  	[MsgId: MMSG-26390]
Action.c(159): web_concurrent_end started  	[MsgId: MMSG-26355]
Action.c(159): Registered web_reg_find successful for "Text=Web Tours Navigation Bar" (count=1)  	[MsgId: MMSG-26364]
Action.c(159): web_concurrent_end was successful, 2849 body bytes, 553 header bytes, 12 chunking overhead bytes  	[MsgId: MMSG-26385]
Action.c(161): web_add_header("Sec-Fetch-Site") started  	[MsgId: MMSG-26355]
Action.c(161): web_add_header("Sec-Fetch-Site") was successful  	[MsgId: MMSG-26392]
Action.c(164): web_add_header("Sec-Fetch-Dest") started  	[MsgId: MMSG-26355]
Action.c(164): web_add_header("Sec-Fetch-Dest") was successful  	[MsgId: MMSG-26392]
Action.c(167): web_custom_request("mer_login.gif") started  	[MsgId: MMSG-26355]
Action.c(167): web_custom_request("mer_login.gif") was successful, 679 body bytes, 297 header bytes  	[MsgId: MMSG-26386]
Action.c(176): Notify: Transaction "home_page" ended with a "Pass" status (Duration: 1.5599 Wasted Time: 0.2561).
Action.c(180): Notify: Transaction "sign_up" started.
Action.c(182): web_add_auto_header("Sec-Fetch-Site") started  	[MsgId: MMSG-26355]
Action.c(182): web_add_auto_header("Sec-Fetch-Site") was successful  	[MsgId: MMSG-26392]
Action.c(185): web_add_header("Sec-Fetch-Dest") started  	[MsgId: MMSG-26355]
Action.c(185): web_add_header("Sec-Fetch-Dest") was successful  	[MsgId: MMSG-26392]
Action.c(188): web_reg_find started  	[MsgId: MMSG-26355]
Action.c(188): Registering web_reg_find was successful  	[MsgId: MMSG-26390]
Action.c(191): web_custom_request("sign up now") started  	[MsgId: MMSG-26355]
Action.c(191): Registered web_reg_find successful for "Text=Please choose a username and password combination for your account" (count=1)  	[MsgId: MMSG-26364]
Action.c(191): web_custom_request("sign up now") was successful, 2429 body bytes, 228 header bytes, 12 chunking overhead bytes  	[MsgId: MMSG-26385]
Action.c(201): web_add_header("Sec-Fetch-Dest") started  	[MsgId: MMSG-26355]
Action.c(201): web_add_header("Sec-Fetch-Dest") was successful  	[MsgId: MMSG-26392]
Action.c(204): web_concurrent_start started  	[MsgId: MMSG-26355]
Action.c(204): web_concurrent_start was successful  	[MsgId: MMSG-26392]
Action.c(206): web_custom_request("button_next.gif") started  	[MsgId: MMSG-26355]
Action.c(206): Registering web_custom_request("button_next.gif") was successful  	[MsgId: MMSG-26390]
Action.c(215): web_add_header("Sec-Fetch-Dest") started  	[MsgId: MMSG-26355]
Action.c(215): web_add_header("Sec-Fetch-Dest") was successful  	[MsgId: MMSG-26392]
Action.c(218): web_custom_request("profileValidate.js") started  	[MsgId: MMSG-26355]
Action.c(218): Registering web_custom_request("profileValidate.js") was successful  	[MsgId: MMSG-26390]
Action.c(227): web_concurrent_end started  	[MsgId: MMSG-26355]
Action.c(227): web_concurrent_end was successful, 12046 body bytes, 610 header bytes  	[MsgId: MMSG-26386]
Action.c(229): Notify: Transaction "sign_up" ended with a "Pass" status (Duration: 0,3356 Wasted Time: 0,0115).
Action.c(233): Notify: Transaction "registration_fields" started.
Action.c(235): web_add_auto_header("Origin") started  	[MsgId: MMSG-26355]
Action.c(235): web_add_auto_header("Origin") was successful  	[MsgId: MMSG-26392]
Action.c(238): web_add_auto_header("Sec-Fetch-Dest") started  	[MsgId: MMSG-26355]
Action.c(238): web_add_auto_header("Sec-Fetch-Dest") was successful  	[MsgId: MMSG-26392]
Action.c(242): web_reg_find started  	[MsgId: MMSG-26355]
Action.c(242): Registering web_reg_find was successful  	[MsgId: MMSG-26390]
Action.c(247): web_reg_find started  	[MsgId: MMSG-26355]
Action.c(247): Registering web_reg_find was successful  	[MsgId: MMSG-26390]
Action.c(250): web_custom_request("login.pl_2") started  	[MsgId: MMSG-26355]
Action.c(250): Registered web_reg_find successful for "Text=The username/password combination you've entered is invalid"  	[MsgId: MMSG-26362]
Action.c(250): Registered web_reg_find successful for "Text=Thank you, <b>alex9633248</b>, for registering and welcome to the Web Tours family" (count=1)  	[MsgId: MMSG-26364]
Action.c(250): web_custom_request("login.pl_2") was successful, 1084 body bytes, 391 header bytes, 12 chunking overhead bytes  	[MsgId: MMSG-26385]
Action.c(261): Notify: Transaction "registration_fields" ended with a "Pass" status (Duration: 0.2341 Wasted Time: 0.0064).
Action.c(265): Notify: Transaction "continue" started.
Action.c(267): web_remove_auto_header("Origin") started  	[MsgId: MMSG-26355]
Action.c(267): Previous automatically added web header for "Origin" removed  	[MsgId: MMSG-26587]
Action.c(267): web_remove/revert_auto_header("Origin") was successful  	[MsgId: MMSG-26392]
Action.c(271): web_custom_request("button_next.gif_2") started  	[MsgId: MMSG-26355]
Action.c(271): web_custom_request("button_next.gif_2") was successful, 596 body bytes, 215 header bytes, 12 chunking overhead bytes  	[MsgId: MMSG-26385]
Action.c(281): web_concurrent_start started  	[MsgId: MMSG-26355]
Action.c(281): web_concurrent_start was successful  	[MsgId: MMSG-26392]
Action.c(283): web_reg_find started  	[MsgId: MMSG-26355]
Action.c(283): Registering web_reg_find was successful  	[MsgId: MMSG-26390]
Action.c(286): web_custom_request("nav.pl_2") started  	[MsgId: MMSG-26355]
Action.c(286): Registering web_custom_request("nav.pl_2") was successful  	[MsgId: MMSG-26390]
Action.c(296): web_reg_find started  	[MsgId: MMSG-26355]
Action.c(296): Registering web_reg_find was successful  	[MsgId: MMSG-26390]
Action.c(299): web_custom_request("login.pl_3") started  	[MsgId: MMSG-26355]
Action.c(299): Registering web_custom_request("login.pl_3") was successful  	[MsgId: MMSG-26390]
Action.c(309): web_concurrent_end started  	[MsgId: MMSG-26355]
Action.c(309): Registered web_reg_find successful for "Text=Web Tours Navigation Bar" (count=1)  	[MsgId: MMSG-26364]
Action.c(309): Registered web_reg_find successful for "Text=Welcome to Web Tours" (count=1)  	[MsgId: MMSG-26364]
Action.c(309): web_concurrent_end was successful, 2407 body bytes, 483 header bytes, 24 chunking overhead bytes  	[MsgId: MMSG-26385]
Action.c(311): web_concurrent_start started  	[MsgId: MMSG-26355]
Action.c(311): web_concurrent_start was successful  	[MsgId: MMSG-26392]
Action.c(313): web_custom_request("flights.gif") started  	[MsgId: MMSG-26355]
Action.c(313): Registering web_custom_request("flights.gif") was successful  	[MsgId: MMSG-26390]
Action.c(322): web_custom_request("itinerary.gif") started  	[MsgId: MMSG-26355]
Action.c(322): Registering web_custom_request("itinerary.gif") was successful  	[MsgId: MMSG-26390]
Action.c(331): web_custom_request("in_home.gif") started  	[MsgId: MMSG-26355]
Action.c(331): Registering web_custom_request("in_home.gif") was successful  	[MsgId: MMSG-26390]
Action.c(340): web_custom_request("signoff.gif") started  	[MsgId: MMSG-26355]
Action.c(340): Registering web_custom_request("signoff.gif") was successful  	[MsgId: MMSG-26390]
Action.c(349): web_concurrent_end started  	[MsgId: MMSG-26355]
Action.c(349): web_concurrent_end was successful, 2898 body bytes, 1190 header bytes  	[MsgId: MMSG-26386]
Action.c(351): Notify: Transaction "continue" ended with a "Pass" status (Duration: 0,6043 Wasted Time: 0,0191).
Action.c(355): Notify: Transaction "sign_off" started.
Action.c(357): web_custom_request("SignOff Button") started  	[MsgId: MMSG-26355]
Action.c(357): web_custom_request("SignOff Button") was successful, 686 body bytes, 327 header bytes, 12 chunking overhead bytes  	[MsgId: MMSG-26385]
Action.c(367): web_concurrent_start started  	[MsgId: MMSG-26355]
Action.c(367): web_concurrent_start was successful  	[MsgId: MMSG-26392]
Action.c(369): web_custom_request("home.html_2") started  	[MsgId: MMSG-26355]
Action.c(369): Retrieving data from cache for "http://localhost:1080/WebTours/home.html"  	[MsgId: MMSG-26558]
Action.c(369): Registering web_custom_request("home.html_2") was successful  	[MsgId: MMSG-26390]
Action.c(378): web_reg_find started  	[MsgId: MMSG-26355]
Action.c(378): Registering web_reg_find was successful  	[MsgId: MMSG-26390]
Action.c(381): web_custom_request("nav.pl_3") started  	[MsgId: MMSG-26355]
Action.c(381): Registering web_custom_request("nav.pl_3") was successful  	[MsgId: MMSG-26390]
Action.c(391): web_concurrent_end started  	[MsgId: MMSG-26355]
Action.c(391): Registered web_reg_find successful for "Text=Web Tours Navigation Bar" (count=1)  	[MsgId: MMSG-26364]
Action.c(391): web_concurrent_end was successful, 1490 body bytes, 255 header bytes, 12 chunking overhead bytes  	[MsgId: MMSG-26385]
Action.c(393): Notify: Transaction "sign_off" ended with a "Pass" status (Duration: 0,3563 Wasted Time: 0,0127).
Action.c(395): Notify: Transaction "UC5_SignUp" ended with a "Pass" status (Duration: 3.2981 Wasted Time: 0.3057).
Ending action Action.
Ending iteration 1.
Ending Vuser...
Starting action vuser_end.
Ending action vuser_end.
Vuser Terminated.
