Start auto log messages stack - Iteration 4.	[MsgId: MMSG-10545]
Action.c(233): web_custom_request("login.pl_2") was successful, 2750 body bytes, 229 header bytes, 12 chunking overhead bytes  	[MsgId: MMSG-26385]
Action.c(244): Notify: Transaction "registration_fields" ended with a "Pass" status (Duration: 5,1757 Think Time: 5,0123).	[MsgId: MMSG-16872]
Action.c(246): Notify: Transaction "continue" started.	[MsgId: MMSG-16999]
Action.c(248): web_remove_auto_header("Origin") started  	[MsgId: MMSG-26355]
Action.c(248): Previous automatically added web header for "Origin" removed  	[MsgId: MMSG-26587]
Action.c(248): web_remove/revert_auto_header("Origin") was successful  	[MsgId: MMSG-26392]
Action.c(250): Think time - Waiting 5,00 seconds (according to limit).	[MsgId: MMSG-15946]
Action.c(250): lr_think_time: 5,00 seconds (recorded think time was 31,00 seconds).	[MsgId: MMSG-15947]
Action.c(252): web_custom_request("button_next.gif_2") started  	[MsgId: MMSG-26355]
Action.c(252): Error -26612: HTTP Status-Code=500 (Internal Server Error) for "http://localhost:1080/cgi-bin/welcome.pl?page=menus"  	[MsgId: MERR-26612]
End auto log messages stack.	[MsgId: MMSG-10544]


Start auto log messages stack - Iteration 7.	[MsgId: MMSG-10545]
Action.c(216): web_concurrent_end was successful, 12046 body bytes, 611 header bytes  	[MsgId: MMSG-26386]
Action.c(218): Notify: Transaction "sign_up" ended with a "Pass" status (Duration: 5,6040 Think Time: 5,0376).	[MsgId: MMSG-16872]
Action.c(220): Notify: Transaction "registration_fields" started.	[MsgId: MMSG-16999]
Action.c(222): web_add_auto_header("Origin") started  	[MsgId: MMSG-26355]
Action.c(222): web_add_auto_header("Origin") was successful  	[MsgId: MMSG-26392]
Action.c(225): web_add_auto_header("Sec-Fetch-Dest") started  	[MsgId: MMSG-26355]
Action.c(225): web_add_auto_header("Sec-Fetch-Dest") was successful  	[MsgId: MMSG-26392]
Action.c(228): Think time - Waiting 5,00 seconds (according to limit).	[MsgId: MMSG-15946]
Action.c(228): lr_think_time: 5,00 seconds (recorded think time was 87,00 seconds).	[MsgId: MMSG-15947]
Action.c(233): web_custom_request("login.pl_2") started  	[MsgId: MMSG-26355]
Action.c(233): Error -26612: HTTP Status-Code=500 (Internal Server Error) for "http://localhost:1080/cgi-bin/login.pl"  	[MsgId: MERR-26612]
End auto log messages stack.	[MsgId: MMSG-10544]


Start auto log messages stack - Iteration 7.	[MsgId: MMSG-10545]
Action.c(159): web_custom_request("mer_login.gif") was successful, 679 body bytes, 298 header bytes  	[MsgId: MMSG-26386]
Action.c(168): Notify: Transaction "home_page" ended with a "Pass" status (Duration: 5,3634 Think Time: 5,0231).	[MsgId: MMSG-16872]
Action.c(170): Notify: Transaction "sign_up" started.	[MsgId: MMSG-16999]
Action.c(172): web_add_auto_header("Sec-Fetch-Site") started  	[MsgId: MMSG-26355]
Action.c(172): web_add_auto_header("Sec-Fetch-Site") was successful  	[MsgId: MMSG-26392]
Action.c(175): web_add_header("Sec-Fetch-Dest") started  	[MsgId: MMSG-26355]
Action.c(175): web_add_header("Sec-Fetch-Dest") was successful  	[MsgId: MMSG-26392]
Action.c(178): Think time - Waiting 5,00 seconds (according to limit).	[MsgId: MMSG-15946]
Action.c(178): lr_think_time: 5,00 seconds (recorded think time was 48,00 seconds).	[MsgId: MMSG-15947]
Action.c(180): web_custom_request("sign up now") started  	[MsgId: MMSG-26355]
Action.c(180): Error -26612: HTTP Status-Code=500 (Internal Server Error) for "http://localhost:1080/cgi-bin/login.pl?username=&password=&getInfo=true"  	[MsgId: MERR-26612]
End auto log messages stack.	[MsgId: MMSG-10544]


Start auto log messages stack - Iteration 12.	[MsgId: MMSG-10545]
Action.c(159): web_custom_request("mer_login.gif") was successful, 679 body bytes, 298 header bytes  	[MsgId: MMSG-26386]
Action.c(168): Notify: Transaction "home_page" ended with a "Pass" status (Duration: 5,3288 Think Time: 5,0080).	[MsgId: MMSG-16872]
Action.c(170): Notify: Transaction "sign_up" started.	[MsgId: MMSG-16999]
Action.c(172): web_add_auto_header("Sec-Fetch-Site") started  	[MsgId: MMSG-26355]
Action.c(172): web_add_auto_header("Sec-Fetch-Site") was successful  	[MsgId: MMSG-26392]
Action.c(175): web_add_header("Sec-Fetch-Dest") started  	[MsgId: MMSG-26355]
Action.c(175): web_add_header("Sec-Fetch-Dest") was successful  	[MsgId: MMSG-26392]
Action.c(178): Think time - Waiting 5,00 seconds (according to limit).	[MsgId: MMSG-15946]
Action.c(178): lr_think_time: 5,00 seconds (recorded think time was 48,00 seconds).	[MsgId: MMSG-15947]
Action.c(180): web_custom_request("sign up now") started  	[MsgId: MMSG-26355]
Action.c(180): Error -26612: HTTP Status-Code=500 (Internal Server Error) for "http://localhost:1080/cgi-bin/login.pl?username=&password=&getInfo=true"  	[MsgId: MERR-26612]
End auto log messages stack.	[MsgId: MMSG-10544]


