Start auto log messages stack - Iteration 1.	[MsgId: MMSG-10545]
Action.c(262): web_concurrent_start started  	[MsgId: MMSG-26355]
Action.c(262): web_concurrent_start was successful  	[MsgId: MMSG-26392]
Action.c(264): web_reg_find started  	[MsgId: MMSG-26355]
Action.c(264): Registering web_reg_find was successful  	[MsgId: MMSG-26390]
Action.c(267): web_custom_request("nav.pl_2") started  	[MsgId: MMSG-26355]
Action.c(267): Registering web_custom_request("nav.pl_2") was successful  	[MsgId: MMSG-26390]
Action.c(277): web_custom_request("login.pl_3") started  	[MsgId: MMSG-26355]
Action.c(277): Registering web_custom_request("login.pl_3") was successful  	[MsgId: MMSG-26390]
Action.c(287): web_concurrent_end started  	[MsgId: MMSG-26355]
Action.c(287): Error -26366: "Text=Welcome to Web Tours" not found for web_reg_find  	[MsgId: MERR-26366]
End auto log messages stack.	[MsgId: MMSG-10544]


Start auto log messages stack - Iteration 1.	[MsgId: MMSG-10545]
Action.c(262): web_concurrent_start started  	[MsgId: MMSG-26355]
Action.c(262): web_concurrent_start was successful  	[MsgId: MMSG-26392]
Action.c(264): web_reg_find started  	[MsgId: MMSG-26355]
Action.c(264): Registering web_reg_find was successful  	[MsgId: MMSG-26390]
Action.c(267): web_custom_request("nav.pl_2") started  	[MsgId: MMSG-26355]
Action.c(267): Registering web_custom_request("nav.pl_2") was successful  	[MsgId: MMSG-26390]
Action.c(277): web_custom_request("login.pl_3") started  	[MsgId: MMSG-26355]
Action.c(277): Registering web_custom_request("login.pl_3") was successful  	[MsgId: MMSG-26390]
Action.c(287): web_concurrent_end started  	[MsgId: MMSG-26355]
Action.c(287): Error -26366: "Text=Welcome to Web Tours" not found for web_reg_find  	[MsgId: MERR-26366]
End auto log messages stack.	[MsgId: MMSG-10544]


Start auto log messages stack - Iteration 2.	[MsgId: MMSG-10545]
Action.c(262): web_concurrent_start started  	[MsgId: MMSG-26355]
Action.c(262): web_concurrent_start was successful  	[MsgId: MMSG-26392]
Action.c(264): web_reg_find started  	[MsgId: MMSG-26355]
Action.c(264): Registering web_reg_find was successful  	[MsgId: MMSG-26390]
Action.c(267): web_custom_request("nav.pl_2") started  	[MsgId: MMSG-26355]
Action.c(267): Registering web_custom_request("nav.pl_2") was successful  	[MsgId: MMSG-26390]
Action.c(277): web_custom_request("login.pl_3") started  	[MsgId: MMSG-26355]
Action.c(277): Registering web_custom_request("login.pl_3") was successful  	[MsgId: MMSG-26390]
Action.c(287): web_concurrent_end started  	[MsgId: MMSG-26355]
Action.c(287): Error -26366: "Text=Welcome to Web Tours" not found for web_reg_find  	[MsgId: MERR-26366]
End auto log messages stack.	[MsgId: MMSG-10544]


Start auto log messages stack - Iteration 2.	[MsgId: MMSG-10545]
Action.c(262): web_concurrent_start started  	[MsgId: MMSG-26355]
Action.c(262): web_concurrent_start was successful  	[MsgId: MMSG-26392]
Action.c(264): web_reg_find started  	[MsgId: MMSG-26355]
Action.c(264): Registering web_reg_find was successful  	[MsgId: MMSG-26390]
Action.c(267): web_custom_request("nav.pl_2") started  	[MsgId: MMSG-26355]
Action.c(267): Registering web_custom_request("nav.pl_2") was successful  	[MsgId: MMSG-26390]
Action.c(277): web_custom_request("login.pl_3") started  	[MsgId: MMSG-26355]
Action.c(277): Registering web_custom_request("login.pl_3") was successful  	[MsgId: MMSG-26390]
Action.c(287): web_concurrent_end started  	[MsgId: MMSG-26355]
Action.c(287): Error -26366: "Text=Welcome to Web Tours" not found for web_reg_find  	[MsgId: MERR-26366]
End auto log messages stack.	[MsgId: MMSG-10544]


Start auto log messages stack - Iteration 3.	[MsgId: MMSG-10545]
Action.c(262): web_concurrent_start started  	[MsgId: MMSG-26355]
Action.c(262): web_concurrent_start was successful  	[MsgId: MMSG-26392]
Action.c(264): web_reg_find started  	[MsgId: MMSG-26355]
Action.c(264): Registering web_reg_find was successful  	[MsgId: MMSG-26390]
Action.c(267): web_custom_request("nav.pl_2") started  	[MsgId: MMSG-26355]
Action.c(267): Registering web_custom_request("nav.pl_2") was successful  	[MsgId: MMSG-26390]
Action.c(277): web_custom_request("login.pl_3") started  	[MsgId: MMSG-26355]
Action.c(277): Registering web_custom_request("login.pl_3") was successful  	[MsgId: MMSG-26390]
Action.c(287): web_concurrent_end started  	[MsgId: MMSG-26355]
Action.c(287): Error -26366: "Text=Welcome to Web Tours" not found for web_reg_find  	[MsgId: MERR-26366]
End auto log messages stack.	[MsgId: MMSG-10544]


Start auto log messages stack - Iteration 3.	[MsgId: MMSG-10545]
Action.c(262): web_concurrent_start started  	[MsgId: MMSG-26355]
Action.c(262): web_concurrent_start was successful  	[MsgId: MMSG-26392]
Action.c(264): web_reg_find started  	[MsgId: MMSG-26355]
Action.c(264): Registering web_reg_find was successful  	[MsgId: MMSG-26390]
Action.c(267): web_custom_request("nav.pl_2") started  	[MsgId: MMSG-26355]
Action.c(267): Registering web_custom_request("nav.pl_2") was successful  	[MsgId: MMSG-26390]
Action.c(277): web_custom_request("login.pl_3") started  	[MsgId: MMSG-26355]
Action.c(277): Registering web_custom_request("login.pl_3") was successful  	[MsgId: MMSG-26390]
Action.c(287): web_concurrent_end started  	[MsgId: MMSG-26355]
Action.c(287): Error -26366: "Text=Welcome to Web Tours" not found for web_reg_find  	[MsgId: MERR-26366]
End auto log messages stack.	[MsgId: MMSG-10544]


Start auto log messages stack - Iteration 4.	[MsgId: MMSG-10545]
Action.c(262): web_concurrent_start started  	[MsgId: MMSG-26355]
Action.c(262): web_concurrent_start was successful  	[MsgId: MMSG-26392]
Action.c(264): web_reg_find started  	[MsgId: MMSG-26355]
Action.c(264): Registering web_reg_find was successful  	[MsgId: MMSG-26390]
Action.c(267): web_custom_request("nav.pl_2") started  	[MsgId: MMSG-26355]
Action.c(267): Registering web_custom_request("nav.pl_2") was successful  	[MsgId: MMSG-26390]
Action.c(277): web_custom_request("login.pl_3") started  	[MsgId: MMSG-26355]
Action.c(277): Registering web_custom_request("login.pl_3") was successful  	[MsgId: MMSG-26390]
Action.c(287): web_concurrent_end started  	[MsgId: MMSG-26355]
Action.c(287): Error -26366: "Text=Welcome to Web Tours" not found for web_reg_find  	[MsgId: MERR-26366]
End auto log messages stack.	[MsgId: MMSG-10544]


Start auto log messages stack - Iteration 4.	[MsgId: MMSG-10545]
Action.c(262): web_concurrent_start started  	[MsgId: MMSG-26355]
Action.c(262): web_concurrent_start was successful  	[MsgId: MMSG-26392]
Action.c(264): web_reg_find started  	[MsgId: MMSG-26355]
Action.c(264): Registering web_reg_find was successful  	[MsgId: MMSG-26390]
Action.c(267): web_custom_request("nav.pl_2") started  	[MsgId: MMSG-26355]
Action.c(267): Registering web_custom_request("nav.pl_2") was successful  	[MsgId: MMSG-26390]
Action.c(277): web_custom_request("login.pl_3") started  	[MsgId: MMSG-26355]
Action.c(277): Registering web_custom_request("login.pl_3") was successful  	[MsgId: MMSG-26390]
Action.c(287): web_concurrent_end started  	[MsgId: MMSG-26355]
Action.c(287): Error -26366: "Text=Welcome to Web Tours" not found for web_reg_find  	[MsgId: MERR-26366]
End auto log messages stack.	[MsgId: MMSG-10544]


Start auto log messages stack - Iteration 5.	[MsgId: MMSG-10545]
Action.c(262): web_concurrent_start started  	[MsgId: MMSG-26355]
Action.c(262): web_concurrent_start was successful  	[MsgId: MMSG-26392]
Action.c(264): web_reg_find started  	[MsgId: MMSG-26355]
Action.c(264): Registering web_reg_find was successful  	[MsgId: MMSG-26390]
Action.c(267): web_custom_request("nav.pl_2") started  	[MsgId: MMSG-26355]
Action.c(267): Registering web_custom_request("nav.pl_2") was successful  	[MsgId: MMSG-26390]
Action.c(277): web_custom_request("login.pl_3") started  	[MsgId: MMSG-26355]
Action.c(277): Registering web_custom_request("login.pl_3") was successful  	[MsgId: MMSG-26390]
Action.c(287): web_concurrent_end started  	[MsgId: MMSG-26355]
Action.c(287): Error -26366: "Text=Welcome to Web Tours" not found for web_reg_find  	[MsgId: MERR-26366]
End auto log messages stack.	[MsgId: MMSG-10544]


Start auto log messages stack - Iteration 5.	[MsgId: MMSG-10545]
Action.c(262): web_concurrent_start started  	[MsgId: MMSG-26355]
Action.c(262): web_concurrent_start was successful  	[MsgId: MMSG-26392]
Action.c(264): web_reg_find started  	[MsgId: MMSG-26355]
Action.c(264): Registering web_reg_find was successful  	[MsgId: MMSG-26390]
Action.c(267): web_custom_request("nav.pl_2") started  	[MsgId: MMSG-26355]
Action.c(267): Registering web_custom_request("nav.pl_2") was successful  	[MsgId: MMSG-26390]
Action.c(277): web_custom_request("login.pl_3") started  	[MsgId: MMSG-26355]
Action.c(277): Registering web_custom_request("login.pl_3") was successful  	[MsgId: MMSG-26390]
Action.c(287): web_concurrent_end started  	[MsgId: MMSG-26355]
Action.c(287): Error -26366: "Text=Welcome to Web Tours" not found for web_reg_find  	[MsgId: MERR-26366]
End auto log messages stack.	[MsgId: MMSG-10544]


Start auto log messages stack - Iteration 6.	[MsgId: MMSG-10545]
Action.c(262): web_concurrent_start started  	[MsgId: MMSG-26355]
Action.c(262): web_concurrent_start was successful  	[MsgId: MMSG-26392]
Action.c(264): web_reg_find started  	[MsgId: MMSG-26355]
Action.c(264): Registering web_reg_find was successful  	[MsgId: MMSG-26390]
Action.c(267): web_custom_request("nav.pl_2") started  	[MsgId: MMSG-26355]
Action.c(267): Registering web_custom_request("nav.pl_2") was successful  	[MsgId: MMSG-26390]
Action.c(277): web_custom_request("login.pl_3") started  	[MsgId: MMSG-26355]
Action.c(277): Registering web_custom_request("login.pl_3") was successful  	[MsgId: MMSG-26390]
Action.c(287): web_concurrent_end started  	[MsgId: MMSG-26355]
Action.c(287): Error -26366: "Text=Welcome to Web Tours" not found for web_reg_find  	[MsgId: MERR-26366]
End auto log messages stack.	[MsgId: MMSG-10544]


Start auto log messages stack - Iteration 6.	[MsgId: MMSG-10545]
Action.c(262): web_concurrent_start started  	[MsgId: MMSG-26355]
Action.c(262): web_concurrent_start was successful  	[MsgId: MMSG-26392]
Action.c(264): web_reg_find started  	[MsgId: MMSG-26355]
Action.c(264): Registering web_reg_find was successful  	[MsgId: MMSG-26390]
Action.c(267): web_custom_request("nav.pl_2") started  	[MsgId: MMSG-26355]
Action.c(267): Registering web_custom_request("nav.pl_2") was successful  	[MsgId: MMSG-26390]
Action.c(277): web_custom_request("login.pl_3") started  	[MsgId: MMSG-26355]
Action.c(277): Registering web_custom_request("login.pl_3") was successful  	[MsgId: MMSG-26390]
Action.c(287): web_concurrent_end started  	[MsgId: MMSG-26355]
Action.c(287): Error -26366: "Text=Welcome to Web Tours" not found for web_reg_find  	[MsgId: MERR-26366]
End auto log messages stack.	[MsgId: MMSG-10544]


Start auto log messages stack - Iteration 7.	[MsgId: MMSG-10545]
Action.c(262): web_concurrent_start started  	[MsgId: MMSG-26355]
Action.c(262): web_concurrent_start was successful  	[MsgId: MMSG-26392]
Action.c(264): web_reg_find started  	[MsgId: MMSG-26355]
Action.c(264): Registering web_reg_find was successful  	[MsgId: MMSG-26390]
Action.c(267): web_custom_request("nav.pl_2") started  	[MsgId: MMSG-26355]
Action.c(267): Registering web_custom_request("nav.pl_2") was successful  	[MsgId: MMSG-26390]
Action.c(277): web_custom_request("login.pl_3") started  	[MsgId: MMSG-26355]
Action.c(277): Registering web_custom_request("login.pl_3") was successful  	[MsgId: MMSG-26390]
Action.c(287): web_concurrent_end started  	[MsgId: MMSG-26355]
Action.c(287): Error -26366: "Text=Welcome to Web Tours" not found for web_reg_find  	[MsgId: MERR-26366]
End auto log messages stack.	[MsgId: MMSG-10544]


Start auto log messages stack - Iteration 7.	[MsgId: MMSG-10545]
Action.c(262): web_concurrent_start started  	[MsgId: MMSG-26355]
Action.c(262): web_concurrent_start was successful  	[MsgId: MMSG-26392]
Action.c(264): web_reg_find started  	[MsgId: MMSG-26355]
Action.c(264): Registering web_reg_find was successful  	[MsgId: MMSG-26390]
Action.c(267): web_custom_request("nav.pl_2") started  	[MsgId: MMSG-26355]
Action.c(267): Registering web_custom_request("nav.pl_2") was successful  	[MsgId: MMSG-26390]
Action.c(277): web_custom_request("login.pl_3") started  	[MsgId: MMSG-26355]
Action.c(277): Registering web_custom_request("login.pl_3") was successful  	[MsgId: MMSG-26390]
Action.c(287): web_concurrent_end started  	[MsgId: MMSG-26355]
Action.c(287): Error -26366: "Text=Welcome to Web Tours" not found for web_reg_find  	[MsgId: MERR-26366]
End auto log messages stack.	[MsgId: MMSG-10544]


Start auto log messages stack - Iteration 8.	[MsgId: MMSG-10545]
Action.c(262): web_concurrent_start started  	[MsgId: MMSG-26355]
Action.c(262): web_concurrent_start was successful  	[MsgId: MMSG-26392]
Action.c(264): web_reg_find started  	[MsgId: MMSG-26355]
Action.c(264): Registering web_reg_find was successful  	[MsgId: MMSG-26390]
Action.c(267): web_custom_request("nav.pl_2") started  	[MsgId: MMSG-26355]
Action.c(267): Registering web_custom_request("nav.pl_2") was successful  	[MsgId: MMSG-26390]
Action.c(277): web_custom_request("login.pl_3") started  	[MsgId: MMSG-26355]
Action.c(277): Registering web_custom_request("login.pl_3") was successful  	[MsgId: MMSG-26390]
Action.c(287): web_concurrent_end started  	[MsgId: MMSG-26355]
Action.c(287): Error -26366: "Text=Welcome to Web Tours" not found for web_reg_find  	[MsgId: MERR-26366]
End auto log messages stack.	[MsgId: MMSG-10544]


Start auto log messages stack - Iteration 8.	[MsgId: MMSG-10545]
Action.c(262): web_concurrent_start started  	[MsgId: MMSG-26355]
Action.c(262): web_concurrent_start was successful  	[MsgId: MMSG-26392]
Action.c(264): web_reg_find started  	[MsgId: MMSG-26355]
Action.c(264): Registering web_reg_find was successful  	[MsgId: MMSG-26390]
Action.c(267): web_custom_request("nav.pl_2") started  	[MsgId: MMSG-26355]
Action.c(267): Registering web_custom_request("nav.pl_2") was successful  	[MsgId: MMSG-26390]
Action.c(277): web_custom_request("login.pl_3") started  	[MsgId: MMSG-26355]
Action.c(277): Registering web_custom_request("login.pl_3") was successful  	[MsgId: MMSG-26390]
Action.c(287): web_concurrent_end started  	[MsgId: MMSG-26355]
Action.c(287): Error -26366: "Text=Welcome to Web Tours" not found for web_reg_find  	[MsgId: MERR-26366]
End auto log messages stack.	[MsgId: MMSG-10544]


Start auto log messages stack - Iteration 9.	[MsgId: MMSG-10545]
Action.c(262): web_concurrent_start started  	[MsgId: MMSG-26355]
Action.c(262): web_concurrent_start was successful  	[MsgId: MMSG-26392]
Action.c(264): web_reg_find started  	[MsgId: MMSG-26355]
Action.c(264): Registering web_reg_find was successful  	[MsgId: MMSG-26390]
Action.c(267): web_custom_request("nav.pl_2") started  	[MsgId: MMSG-26355]
Action.c(267): Registering web_custom_request("nav.pl_2") was successful  	[MsgId: MMSG-26390]
Action.c(277): web_custom_request("login.pl_3") started  	[MsgId: MMSG-26355]
Action.c(277): Registering web_custom_request("login.pl_3") was successful  	[MsgId: MMSG-26390]
Action.c(287): web_concurrent_end started  	[MsgId: MMSG-26355]
Action.c(287): Error -26366: "Text=Welcome to Web Tours" not found for web_reg_find  	[MsgId: MERR-26366]
End auto log messages stack.	[MsgId: MMSG-10544]


Start auto log messages stack - Iteration 9.	[MsgId: MMSG-10545]
Action.c(262): web_concurrent_start started  	[MsgId: MMSG-26355]
Action.c(262): web_concurrent_start was successful  	[MsgId: MMSG-26392]
Action.c(264): web_reg_find started  	[MsgId: MMSG-26355]
Action.c(264): Registering web_reg_find was successful  	[MsgId: MMSG-26390]
Action.c(267): web_custom_request("nav.pl_2") started  	[MsgId: MMSG-26355]
Action.c(267): Registering web_custom_request("nav.pl_2") was successful  	[MsgId: MMSG-26390]
Action.c(277): web_custom_request("login.pl_3") started  	[MsgId: MMSG-26355]
Action.c(277): Registering web_custom_request("login.pl_3") was successful  	[MsgId: MMSG-26390]
Action.c(287): web_concurrent_end started  	[MsgId: MMSG-26355]
Action.c(287): Error -26366: "Text=Welcome to Web Tours" not found for web_reg_find  	[MsgId: MERR-26366]
End auto log messages stack.	[MsgId: MMSG-10544]


Start auto log messages stack - Iteration 10.	[MsgId: MMSG-10545]
Action.c(262): web_concurrent_start started  	[MsgId: MMSG-26355]
Action.c(262): web_concurrent_start was successful  	[MsgId: MMSG-26392]
Action.c(264): web_reg_find started  	[MsgId: MMSG-26355]
Action.c(264): Registering web_reg_find was successful  	[MsgId: MMSG-26390]
Action.c(267): web_custom_request("nav.pl_2") started  	[MsgId: MMSG-26355]
Action.c(267): Registering web_custom_request("nav.pl_2") was successful  	[MsgId: MMSG-26390]
Action.c(277): web_custom_request("login.pl_3") started  	[MsgId: MMSG-26355]
Action.c(277): Registering web_custom_request("login.pl_3") was successful  	[MsgId: MMSG-26390]
Action.c(287): web_concurrent_end started  	[MsgId: MMSG-26355]
Action.c(287): Error -26366: "Text=Welcome to Web Tours" not found for web_reg_find  	[MsgId: MERR-26366]
End auto log messages stack.	[MsgId: MMSG-10544]


Start auto log messages stack - Iteration 10.	[MsgId: MMSG-10545]
Action.c(262): web_concurrent_start started  	[MsgId: MMSG-26355]
Action.c(262): web_concurrent_start was successful  	[MsgId: MMSG-26392]
Action.c(264): web_reg_find started  	[MsgId: MMSG-26355]
Action.c(264): Registering web_reg_find was successful  	[MsgId: MMSG-26390]
Action.c(267): web_custom_request("nav.pl_2") started  	[MsgId: MMSG-26355]
Action.c(267): Registering web_custom_request("nav.pl_2") was successful  	[MsgId: MMSG-26390]
Action.c(277): web_custom_request("login.pl_3") started  	[MsgId: MMSG-26355]
Action.c(277): Registering web_custom_request("login.pl_3") was successful  	[MsgId: MMSG-26390]
Action.c(287): web_concurrent_end started  	[MsgId: MMSG-26355]
Action.c(287): Error -26366: "Text=Welcome to Web Tours" not found for web_reg_find  	[MsgId: MERR-26366]
End auto log messages stack.	[MsgId: MMSG-10544]


Start auto log messages stack - Iteration 11.	[MsgId: MMSG-10545]
Action.c(262): web_concurrent_start started  	[MsgId: MMSG-26355]
Action.c(262): web_concurrent_start was successful  	[MsgId: MMSG-26392]
Action.c(264): web_reg_find started  	[MsgId: MMSG-26355]
Action.c(264): Registering web_reg_find was successful  	[MsgId: MMSG-26390]
Action.c(267): web_custom_request("nav.pl_2") started  	[MsgId: MMSG-26355]
Action.c(267): Registering web_custom_request("nav.pl_2") was successful  	[MsgId: MMSG-26390]
Action.c(277): web_custom_request("login.pl_3") started  	[MsgId: MMSG-26355]
Action.c(277): Registering web_custom_request("login.pl_3") was successful  	[MsgId: MMSG-26390]
Action.c(287): web_concurrent_end started  	[MsgId: MMSG-26355]
Action.c(287): Error -26366: "Text=Welcome to Web Tours" not found for web_reg_find  	[MsgId: MERR-26366]
End auto log messages stack.	[MsgId: MMSG-10544]


Start auto log messages stack - Iteration 11.	[MsgId: MMSG-10545]
Action.c(262): web_concurrent_start started  	[MsgId: MMSG-26355]
Action.c(262): web_concurrent_start was successful  	[MsgId: MMSG-26392]
Action.c(264): web_reg_find started  	[MsgId: MMSG-26355]
Action.c(264): Registering web_reg_find was successful  	[MsgId: MMSG-26390]
Action.c(267): web_custom_request("nav.pl_2") started  	[MsgId: MMSG-26355]
Action.c(267): Registering web_custom_request("nav.pl_2") was successful  	[MsgId: MMSG-26390]
Action.c(277): web_custom_request("login.pl_3") started  	[MsgId: MMSG-26355]
Action.c(277): Registering web_custom_request("login.pl_3") was successful  	[MsgId: MMSG-26390]
Action.c(287): web_concurrent_end started  	[MsgId: MMSG-26355]
Action.c(287): Error -26366: "Text=Welcome to Web Tours" not found for web_reg_find  	[MsgId: MERR-26366]
End auto log messages stack.	[MsgId: MMSG-10544]


Start auto log messages stack - Iteration 12.	[MsgId: MMSG-10545]
Action.c(262): web_concurrent_start started  	[MsgId: MMSG-26355]
Action.c(262): web_concurrent_start was successful  	[MsgId: MMSG-26392]
Action.c(264): web_reg_find started  	[MsgId: MMSG-26355]
Action.c(264): Registering web_reg_find was successful  	[MsgId: MMSG-26390]
Action.c(267): web_custom_request("nav.pl_2") started  	[MsgId: MMSG-26355]
Action.c(267): Registering web_custom_request("nav.pl_2") was successful  	[MsgId: MMSG-26390]
Action.c(277): web_custom_request("login.pl_3") started  	[MsgId: MMSG-26355]
Action.c(277): Registering web_custom_request("login.pl_3") was successful  	[MsgId: MMSG-26390]
Action.c(287): web_concurrent_end started  	[MsgId: MMSG-26355]
Action.c(287): Error -26366: "Text=Welcome to Web Tours" not found for web_reg_find  	[MsgId: MERR-26366]
End auto log messages stack.	[MsgId: MMSG-10544]


Start auto log messages stack - Iteration 12.	[MsgId: MMSG-10545]
Action.c(262): web_concurrent_start started  	[MsgId: MMSG-26355]
Action.c(262): web_concurrent_start was successful  	[MsgId: MMSG-26392]
Action.c(264): web_reg_find started  	[MsgId: MMSG-26355]
Action.c(264): Registering web_reg_find was successful  	[MsgId: MMSG-26390]
Action.c(267): web_custom_request("nav.pl_2") started  	[MsgId: MMSG-26355]
Action.c(267): Registering web_custom_request("nav.pl_2") was successful  	[MsgId: MMSG-26390]
Action.c(277): web_custom_request("login.pl_3") started  	[MsgId: MMSG-26355]
Action.c(277): Registering web_custom_request("login.pl_3") was successful  	[MsgId: MMSG-26390]
Action.c(287): web_concurrent_end started  	[MsgId: MMSG-26355]
Action.c(287): Error -26366: "Text=Welcome to Web Tours" not found for web_reg_find  	[MsgId: MERR-26366]
End auto log messages stack.	[MsgId: MMSG-10544]


Start auto log messages stack - Iteration 13.	[MsgId: MMSG-10545]
Action.c(262): web_concurrent_start started  	[MsgId: MMSG-26355]
Action.c(262): web_concurrent_start was successful  	[MsgId: MMSG-26392]
Action.c(264): web_reg_find started  	[MsgId: MMSG-26355]
Action.c(264): Registering web_reg_find was successful  	[MsgId: MMSG-26390]
Action.c(267): web_custom_request("nav.pl_2") started  	[MsgId: MMSG-26355]
Action.c(267): Registering web_custom_request("nav.pl_2") was successful  	[MsgId: MMSG-26390]
Action.c(277): web_custom_request("login.pl_3") started  	[MsgId: MMSG-26355]
Action.c(277): Registering web_custom_request("login.pl_3") was successful  	[MsgId: MMSG-26390]
Action.c(287): web_concurrent_end started  	[MsgId: MMSG-26355]
Action.c(287): Error -26366: "Text=Welcome to Web Tours" not found for web_reg_find  	[MsgId: MERR-26366]
End auto log messages stack.	[MsgId: MMSG-10544]


Start auto log messages stack - Iteration 13.	[MsgId: MMSG-10545]
Action.c(262): web_concurrent_start started  	[MsgId: MMSG-26355]
Action.c(262): web_concurrent_start was successful  	[MsgId: MMSG-26392]
Action.c(264): web_reg_find started  	[MsgId: MMSG-26355]
Action.c(264): Registering web_reg_find was successful  	[MsgId: MMSG-26390]
Action.c(267): web_custom_request("nav.pl_2") started  	[MsgId: MMSG-26355]
Action.c(267): Registering web_custom_request("nav.pl_2") was successful  	[MsgId: MMSG-26390]
Action.c(277): web_custom_request("login.pl_3") started  	[MsgId: MMSG-26355]
Action.c(277): Registering web_custom_request("login.pl_3") was successful  	[MsgId: MMSG-26390]
Action.c(287): web_concurrent_end started  	[MsgId: MMSG-26355]
Action.c(287): Error -26366: "Text=Welcome to Web Tours" not found for web_reg_find  	[MsgId: MERR-26366]
End auto log messages stack.	[MsgId: MMSG-10544]


Start auto log messages stack - Iteration 14.	[MsgId: MMSG-10545]
Action.c(262): web_concurrent_start started  	[MsgId: MMSG-26355]
Action.c(262): web_concurrent_start was successful  	[MsgId: MMSG-26392]
Action.c(264): web_reg_find started  	[MsgId: MMSG-26355]
Action.c(264): Registering web_reg_find was successful  	[MsgId: MMSG-26390]
Action.c(267): web_custom_request("nav.pl_2") started  	[MsgId: MMSG-26355]
Action.c(267): Registering web_custom_request("nav.pl_2") was successful  	[MsgId: MMSG-26390]
Action.c(277): web_custom_request("login.pl_3") started  	[MsgId: MMSG-26355]
Action.c(277): Registering web_custom_request("login.pl_3") was successful  	[MsgId: MMSG-26390]
Action.c(287): web_concurrent_end started  	[MsgId: MMSG-26355]
Action.c(287): Error -26366: "Text=Welcome to Web Tours" not found for web_reg_find  	[MsgId: MERR-26366]
End auto log messages stack.	[MsgId: MMSG-10544]


Start auto log messages stack - Iteration 15.	[MsgId: MMSG-10545]
Action.c(262): web_concurrent_start started  	[MsgId: MMSG-26355]
Action.c(262): web_concurrent_start was successful  	[MsgId: MMSG-26392]
Action.c(264): web_reg_find started  	[MsgId: MMSG-26355]
Action.c(264): Registering web_reg_find was successful  	[MsgId: MMSG-26390]
Action.c(267): web_custom_request("nav.pl_2") started  	[MsgId: MMSG-26355]
Action.c(267): Registering web_custom_request("nav.pl_2") was successful  	[MsgId: MMSG-26390]
Action.c(277): web_custom_request("login.pl_3") started  	[MsgId: MMSG-26355]
Action.c(277): Registering web_custom_request("login.pl_3") was successful  	[MsgId: MMSG-26390]
Action.c(287): web_concurrent_end started  	[MsgId: MMSG-26355]
Action.c(287): Error -26366: "Text=Welcome to Web Tours" not found for web_reg_find  	[MsgId: MERR-26366]
End auto log messages stack.	[MsgId: MMSG-10544]


Start auto log messages stack - Iteration 14.	[MsgId: MMSG-10545]
Action.c(262): web_concurrent_start started  	[MsgId: MMSG-26355]
Action.c(262): web_concurrent_start was successful  	[MsgId: MMSG-26392]
Action.c(264): web_reg_find started  	[MsgId: MMSG-26355]
Action.c(264): Registering web_reg_find was successful  	[MsgId: MMSG-26390]
Action.c(267): web_custom_request("nav.pl_2") started  	[MsgId: MMSG-26355]
Action.c(267): Registering web_custom_request("nav.pl_2") was successful  	[MsgId: MMSG-26390]
Action.c(277): web_custom_request("login.pl_3") started  	[MsgId: MMSG-26355]
Action.c(277): Registering web_custom_request("login.pl_3") was successful  	[MsgId: MMSG-26390]
Action.c(287): web_concurrent_end started  	[MsgId: MMSG-26355]
Action.c(277): Error -26612: HTTP Status-Code=500 (Internal Server Error) for "http://localhost:1080/cgi-bin/login.pl?intro=true"   [issued at Action.c(287)]  	[MsgId: MERR-26612]
Action.c(287): Error -26366: "Text=Welcome to Web Tours" not found for web_reg_find  	[MsgId: MERR-26366]
End auto log messages stack.	[MsgId: MMSG-10544]


Start auto log messages stack - Iteration 15.	[MsgId: MMSG-10545]
Action.c(262): web_concurrent_start started  	[MsgId: MMSG-26355]
Action.c(262): web_concurrent_start was successful  	[MsgId: MMSG-26392]
Action.c(264): web_reg_find started  	[MsgId: MMSG-26355]
Action.c(264): Registering web_reg_find was successful  	[MsgId: MMSG-26390]
Action.c(267): web_custom_request("nav.pl_2") started  	[MsgId: MMSG-26355]
Action.c(267): Registering web_custom_request("nav.pl_2") was successful  	[MsgId: MMSG-26390]
Action.c(277): web_custom_request("login.pl_3") started  	[MsgId: MMSG-26355]
Action.c(277): Registering web_custom_request("login.pl_3") was successful  	[MsgId: MMSG-26390]
Action.c(287): web_concurrent_end started  	[MsgId: MMSG-26355]
Action.c(287): Error -26366: "Text=Welcome to Web Tours" not found for web_reg_find  	[MsgId: MERR-26366]
End auto log messages stack.	[MsgId: MMSG-10544]


Start auto log messages stack - Iteration 16.	[MsgId: MMSG-10545]
Action.c(262): web_concurrent_start started  	[MsgId: MMSG-26355]
Action.c(262): web_concurrent_start was successful  	[MsgId: MMSG-26392]
Action.c(264): web_reg_find started  	[MsgId: MMSG-26355]
Action.c(264): Registering web_reg_find was successful  	[MsgId: MMSG-26390]
Action.c(267): web_custom_request("nav.pl_2") started  	[MsgId: MMSG-26355]
Action.c(267): Registering web_custom_request("nav.pl_2") was successful  	[MsgId: MMSG-26390]
Action.c(277): web_custom_request("login.pl_3") started  	[MsgId: MMSG-26355]
Action.c(277): Registering web_custom_request("login.pl_3") was successful  	[MsgId: MMSG-26390]
Action.c(287): web_concurrent_end started  	[MsgId: MMSG-26355]
Action.c(287): Error -26366: "Text=Welcome to Web Tours" not found for web_reg_find  	[MsgId: MERR-26366]
End auto log messages stack.	[MsgId: MMSG-10544]


Start auto log messages stack - Iteration 16.	[MsgId: MMSG-10545]
Action.c(262): web_concurrent_start started  	[MsgId: MMSG-26355]
Action.c(262): web_concurrent_start was successful  	[MsgId: MMSG-26392]
Action.c(264): web_reg_find started  	[MsgId: MMSG-26355]
Action.c(264): Registering web_reg_find was successful  	[MsgId: MMSG-26390]
Action.c(267): web_custom_request("nav.pl_2") started  	[MsgId: MMSG-26355]
Action.c(267): Registering web_custom_request("nav.pl_2") was successful  	[MsgId: MMSG-26390]
Action.c(277): web_custom_request("login.pl_3") started  	[MsgId: MMSG-26355]
Action.c(277): Registering web_custom_request("login.pl_3") was successful  	[MsgId: MMSG-26390]
Action.c(287): web_concurrent_end started  	[MsgId: MMSG-26355]
Action.c(287): Error -26366: "Text=Welcome to Web Tours" not found for web_reg_find  	[MsgId: MERR-26366]
End auto log messages stack.	[MsgId: MMSG-10544]


Start auto log messages stack - Iteration 17.	[MsgId: MMSG-10545]
Action.c(262): web_concurrent_start started  	[MsgId: MMSG-26355]
Action.c(262): web_concurrent_start was successful  	[MsgId: MMSG-26392]
Action.c(264): web_reg_find started  	[MsgId: MMSG-26355]
Action.c(264): Registering web_reg_find was successful  	[MsgId: MMSG-26390]
Action.c(267): web_custom_request("nav.pl_2") started  	[MsgId: MMSG-26355]
Action.c(267): Registering web_custom_request("nav.pl_2") was successful  	[MsgId: MMSG-26390]
Action.c(277): web_custom_request("login.pl_3") started  	[MsgId: MMSG-26355]
Action.c(277): Registering web_custom_request("login.pl_3") was successful  	[MsgId: MMSG-26390]
Action.c(287): web_concurrent_end started  	[MsgId: MMSG-26355]
Action.c(287): Error -26366: "Text=Welcome to Web Tours" not found for web_reg_find  	[MsgId: MERR-26366]
End auto log messages stack.	[MsgId: MMSG-10544]


Start auto log messages stack - Iteration 17.	[MsgId: MMSG-10545]
Action.c(262): web_concurrent_start started  	[MsgId: MMSG-26355]
Action.c(262): web_concurrent_start was successful  	[MsgId: MMSG-26392]
Action.c(264): web_reg_find started  	[MsgId: MMSG-26355]
Action.c(264): Registering web_reg_find was successful  	[MsgId: MMSG-26390]
Action.c(267): web_custom_request("nav.pl_2") started  	[MsgId: MMSG-26355]
Action.c(267): Registering web_custom_request("nav.pl_2") was successful  	[MsgId: MMSG-26390]
Action.c(277): web_custom_request("login.pl_3") started  	[MsgId: MMSG-26355]
Action.c(277): Registering web_custom_request("login.pl_3") was successful  	[MsgId: MMSG-26390]
Action.c(287): web_concurrent_end started  	[MsgId: MMSG-26355]
Action.c(287): Error -26366: "Text=Welcome to Web Tours" not found for web_reg_find  	[MsgId: MERR-26366]
End auto log messages stack.	[MsgId: MMSG-10544]


Start auto log messages stack - Iteration 18.	[MsgId: MMSG-10545]
Action.c(262): web_concurrent_start started  	[MsgId: MMSG-26355]
Action.c(262): web_concurrent_start was successful  	[MsgId: MMSG-26392]
Action.c(264): web_reg_find started  	[MsgId: MMSG-26355]
Action.c(264): Registering web_reg_find was successful  	[MsgId: MMSG-26390]
Action.c(267): web_custom_request("nav.pl_2") started  	[MsgId: MMSG-26355]
Action.c(267): Registering web_custom_request("nav.pl_2") was successful  	[MsgId: MMSG-26390]
Action.c(277): web_custom_request("login.pl_3") started  	[MsgId: MMSG-26355]
Action.c(277): Registering web_custom_request("login.pl_3") was successful  	[MsgId: MMSG-26390]
Action.c(287): web_concurrent_end started  	[MsgId: MMSG-26355]
Action.c(287): Error -26366: "Text=Welcome to Web Tours" not found for web_reg_find  	[MsgId: MERR-26366]
End auto log messages stack.	[MsgId: MMSG-10544]


Start auto log messages stack - Iteration 18.	[MsgId: MMSG-10545]
Action.c(262): web_concurrent_start started  	[MsgId: MMSG-26355]
Action.c(262): web_concurrent_start was successful  	[MsgId: MMSG-26392]
Action.c(264): web_reg_find started  	[MsgId: MMSG-26355]
Action.c(264): Registering web_reg_find was successful  	[MsgId: MMSG-26390]
Action.c(267): web_custom_request("nav.pl_2") started  	[MsgId: MMSG-26355]
Action.c(267): Registering web_custom_request("nav.pl_2") was successful  	[MsgId: MMSG-26390]
Action.c(277): web_custom_request("login.pl_3") started  	[MsgId: MMSG-26355]
Action.c(277): Registering web_custom_request("login.pl_3") was successful  	[MsgId: MMSG-26390]
Action.c(287): web_concurrent_end started  	[MsgId: MMSG-26355]
Action.c(287): Error -26366: "Text=Welcome to Web Tours" not found for web_reg_find  	[MsgId: MERR-26366]
End auto log messages stack.	[MsgId: MMSG-10544]


Start auto log messages stack - Iteration 19.	[MsgId: MMSG-10545]
Action.c(262): web_concurrent_start started  	[MsgId: MMSG-26355]
Action.c(262): web_concurrent_start was successful  	[MsgId: MMSG-26392]
Action.c(264): web_reg_find started  	[MsgId: MMSG-26355]
Action.c(264): Registering web_reg_find was successful  	[MsgId: MMSG-26390]
Action.c(267): web_custom_request("nav.pl_2") started  	[MsgId: MMSG-26355]
Action.c(267): Registering web_custom_request("nav.pl_2") was successful  	[MsgId: MMSG-26390]
Action.c(277): web_custom_request("login.pl_3") started  	[MsgId: MMSG-26355]
Action.c(277): Registering web_custom_request("login.pl_3") was successful  	[MsgId: MMSG-26390]
Action.c(287): web_concurrent_end started  	[MsgId: MMSG-26355]
Action.c(287): Error -26366: "Text=Welcome to Web Tours" not found for web_reg_find  	[MsgId: MERR-26366]
End auto log messages stack.	[MsgId: MMSG-10544]


