Virtual User Script started at: 13.06.2024 22:41:56
Starting action vuser_init.
Web Turbo Replay of LoadRunner 2021.0.0 for Windows 10; build 430 (џэт 05 2021 19:27:22)  	[MsgId: MMSG-26983]
Run mode: HTML  	[MsgId: MMSG-26993]
Replay user agent: Mozilla/5.0 (Windows NT 10.0; Win64; x64) AppleWebKit/537.36 (KHTML, like Gecko) Chrome/124.0.0.0 Safari/537.36  	[MsgId: MMSG-26988]
Runtime Settings file: "C:\Users\trifo\Documents\Homework\LoadRunner\Scripts\UC1-Login\\default.cfg"  	[MsgId: MMSG-27141]
Ending action vuser_init.
Running Vuser...
Starting iteration 1.
Maximum number of concurrent connections per server: 6  	[MsgId: MMSG-26989]
Starting action Action.
Action.c(3): Notify: Transaction "home_page" started.
Action.c(5): web_add_auto_header("sec-ch-ua") started  	[MsgId: MMSG-26355]
Action.c(5): web_add_auto_header("sec-ch-ua") was successful  	[MsgId: MMSG-26392]
Action.c(8): web_add_auto_header("sec-ch-ua-mobile") started  	[MsgId: MMSG-26355]
Action.c(8): web_add_auto_header("sec-ch-ua-mobile") was successful  	[MsgId: MMSG-26392]
Action.c(11): web_add_auto_header("sec-ch-ua-platform") started  	[MsgId: MMSG-26355]
Action.c(11): web_add_auto_header("sec-ch-ua-platform") was successful  	[MsgId: MMSG-26392]
Action.c(14): web_add_auto_header("Upgrade-Insecure-Requests") started  	[MsgId: MMSG-26355]
Action.c(14): web_add_auto_header("Upgrade-Insecure-Requests") was successful  	[MsgId: MMSG-26392]
Action.c(17): web_add_header("Sec-Fetch-Site") started  	[MsgId: MMSG-26355]
Action.c(17): web_add_header("Sec-Fetch-Site") was successful  	[MsgId: MMSG-26392]
Action.c(20): web_add_auto_header("Sec-Fetch-Mode") started  	[MsgId: MMSG-26355]
Action.c(20): web_add_auto_header("Sec-Fetch-Mode") was successful  	[MsgId: MMSG-26392]
Action.c(23): web_add_header("Sec-Fetch-Dest") started  	[MsgId: MMSG-26355]
Action.c(23): web_add_header("Sec-Fetch-Dest") was successful  	[MsgId: MMSG-26392]
Action.c(26): web_add_auto_header("Sec-Fetch-User") started  	[MsgId: MMSG-26355]
Action.c(26): web_add_auto_header("Sec-Fetch-User") was successful  	[MsgId: MMSG-26392]
Action.c(30): web_reg_find started  	[MsgId: MMSG-26355]
Action.c(30): Registering web_reg_find was successful  	[MsgId: MMSG-26390]
Action.c(33): web_custom_request("WebTours") started  	[MsgId: MMSG-26355]
Action.c(33): Redirecting "http://localhost:1080/WebTours" (redirection depth is 0)  	[MsgId: MMSG-26694]
Action.c(33): To location "http://localhost:1080/WebTours/"  	[MsgId: MMSG-26693]
Action.c(33): Registered web_reg_find successful for "Text=Moved Permanently" (count=2)  	[MsgId: MMSG-26364]
Action.c(33): web_custom_request("WebTours") was successful, 605 body bytes, 565 header bytes  	[MsgId: MMSG-26386]
Action.c(43): web_set_sockets_option started  	[MsgId: MMSG-26355]
Action.c(43): web_set_sockets_option was successful  	[MsgId: MMSG-26392]
Action.c(45): web_add_header("Sec-Fetch-Site") started  	[MsgId: MMSG-26355]
Action.c(45): web_add_header("Sec-Fetch-Site") was successful  	[MsgId: MMSG-26392]
Action.c(48): web_add_header("Sec-Fetch-Dest") started  	[MsgId: MMSG-26355]
Action.c(48): web_add_header("Sec-Fetch-Dest") was successful  	[MsgId: MMSG-26392]
Action.c(51): web_concurrent_start started  	[MsgId: MMSG-26355]
Action.c(51): web_concurrent_start was successful  	[MsgId: MMSG-26392]
Action.c(53): web_custom_request("header.html") started  	[MsgId: MMSG-26355]
Action.c(53): Registering web_custom_request("header.html") was successful  	[MsgId: MMSG-26390]
Action.c(63): web_add_header("Sec-Fetch-Site") started  	[MsgId: MMSG-26355]
Action.c(63): web_add_header("Sec-Fetch-Site") was successful  	[MsgId: MMSG-26392]
Action.c(66): web_add_header("Sec-Fetch-Dest") started  	[MsgId: MMSG-26355]
Action.c(66): web_add_header("Sec-Fetch-Dest") was successful  	[MsgId: MMSG-26392]
Action.c(69): web_custom_request("welcome.pl") started  	[MsgId: MMSG-26355]
Action.c(69): Registering web_custom_request("welcome.pl") was successful  	[MsgId: MMSG-26390]
Action.c(79): web_concurrent_end started  	[MsgId: MMSG-26355]
Action.c(79): web_concurrent_end was successful, 1396 body bytes, 624 header bytes, 12 chunking overhead bytes  	[MsgId: MMSG-26385]
Action.c(81): web_add_header("Sec-Fetch-Site") started  	[MsgId: MMSG-26355]
Action.c(81): web_add_header("Sec-Fetch-Site") was successful  	[MsgId: MMSG-26392]
Action.c(84): web_add_header("Sec-Fetch-Dest") started  	[MsgId: MMSG-26355]
Action.c(84): web_add_header("Sec-Fetch-Dest") was successful  	[MsgId: MMSG-26392]
Action.c(87): web_concurrent_start started  	[MsgId: MMSG-26355]
Action.c(87): web_concurrent_start was successful  	[MsgId: MMSG-26392]
Action.c(89): web_custom_request("hp_logo.png") started  	[MsgId: MMSG-26355]
Action.c(89): Registering web_custom_request("hp_logo.png") was successful  	[MsgId: MMSG-26390]
Action.c(98): web_add_header("Sec-Fetch-Site") started  	[MsgId: MMSG-26355]
Action.c(98): web_add_header("Sec-Fetch-Site") was successful  	[MsgId: MMSG-26392]
Action.c(101): web_add_header("Sec-Fetch-Dest") started  	[MsgId: MMSG-26355]
Action.c(101): web_add_header("Sec-Fetch-Dest") was successful  	[MsgId: MMSG-26392]
Action.c(104): web_custom_request("webtours.png") started  	[MsgId: MMSG-26355]
Action.c(104): Registering web_custom_request("webtours.png") was successful  	[MsgId: MMSG-26390]
Action.c(113): web_concurrent_end started  	[MsgId: MMSG-26355]
Action.c(113): web_concurrent_end was successful, 4788 body bytes, 596 header bytes  	[MsgId: MMSG-26386]
Action.c(115): web_add_header("Sec-Fetch-Site") started  	[MsgId: MMSG-26355]
Action.c(115): web_add_header("Sec-Fetch-Site") was successful  	[MsgId: MMSG-26392]
Action.c(118): web_add_header("Sec-Fetch-Dest") started  	[MsgId: MMSG-26355]
Action.c(118): web_add_header("Sec-Fetch-Dest") was successful  	[MsgId: MMSG-26392]
Action.c(121): web_concurrent_start started  	[MsgId: MMSG-26355]
Action.c(121): web_concurrent_start was successful  	[MsgId: MMSG-26392]
Action.c(123): web_reg_find started  	[MsgId: MMSG-26355]
Action.c(123): Registering web_reg_find was successful  	[MsgId: MMSG-26390]
Action.c(126): web_custom_request("home.html") started  	[MsgId: MMSG-26355]
Action.c(126): Registering web_custom_request("home.html") was successful  	[MsgId: MMSG-26390]
Action.c(136): web_add_header("Sec-Fetch-Site") started  	[MsgId: MMSG-26355]
Action.c(136): web_add_header("Sec-Fetch-Site") was successful  	[MsgId: MMSG-26392]
Action.c(139): web_add_header("Sec-Fetch-Dest") started  	[MsgId: MMSG-26355]
Action.c(139): web_add_header("Sec-Fetch-Dest") was successful  	[MsgId: MMSG-26392]
Action.c(143): web_reg_save_param_attrib started  	[MsgId: MMSG-26355]
Action.c(143): Registering web_reg_save_param_attrib was successful  	[MsgId: MMSG-26390]
Action.c(151): web_custom_request("nav.pl") started  	[MsgId: MMSG-26355]
Action.c(151): Registering web_custom_request("nav.pl") was successful  	[MsgId: MMSG-26390]
Action.c(161): web_concurrent_end started  	[MsgId: MMSG-26355]
Action.c(161): Registered web_reg_find successful for "Text=Welcome to the Web Tours site" (count=1)  	[MsgId: MMSG-26364]
Action.c(161): web_concurrent_end was successful, 2849 body bytes, 553 header bytes, 12 chunking overhead bytes  	[MsgId: MMSG-26385]
Action.c(163): web_add_header("Sec-Fetch-Site") started  	[MsgId: MMSG-26355]
Action.c(163): web_add_header("Sec-Fetch-Site") was successful  	[MsgId: MMSG-26392]
Action.c(166): web_add_header("Sec-Fetch-Dest") started  	[MsgId: MMSG-26355]
Action.c(166): web_add_header("Sec-Fetch-Dest") was successful  	[MsgId: MMSG-26392]
Action.c(169): web_custom_request("mer_login.gif") started  	[MsgId: MMSG-26355]
Action.c(169): web_custom_request("mer_login.gif") was successful, 679 body bytes, 297 header bytes  	[MsgId: MMSG-26386]
Action.c(178): Notify: Transaction "home_page" ended with a "Pass" status (Duration: 1.0957 Wasted Time: 0.1989).
Action.c(180): Think time - Waiting 3.00 seconds (according to limit).
Action.c(180): lr_think_time: 3.00 seconds (recorded think time was 53.00 seconds).
Action.c(183): Notify: Transaction "login" started.
Action.c(185): web_add_auto_header("Sec-Fetch-Site") started  	[MsgId: MMSG-26355]
Action.c(185): web_add_auto_header("Sec-Fetch-Site") was successful  	[MsgId: MMSG-26392]
Action.c(188): web_add_auto_header("Sec-Fetch-Dest") started  	[MsgId: MMSG-26355]
Action.c(188): web_add_auto_header("Sec-Fetch-Dest") was successful  	[MsgId: MMSG-26392]
Action.c(191): web_add_header("Origin") started  	[MsgId: MMSG-26355]
Action.c(191): web_add_header("Origin") was successful  	[MsgId: MMSG-26392]
Action.c(195): web_reg_find started  	[MsgId: MMSG-26355]
Action.c(195): Registering web_reg_find was successful  	[MsgId: MMSG-26390]
Action.c(198): web_custom_request("login.pl") started  	[MsgId: MMSG-26355]
Action.c(198): Registered web_reg_find successful for "Text=User password was correct" (count=1)  	[MsgId: MMSG-26364]
Action.c(198): web_custom_request("login.pl") was successful, 481 body bytes, 407 header bytes, 12 chunking overhead bytes  	[MsgId: MMSG-26385]
Action.c(209): Think time - Waiting 3,00 seconds (according to limit).
Action.c(209): lr_think_time: 3,00 seconds (recorded think time was 40,00 seconds).
Action.c(211): web_concurrent_start started  	[MsgId: MMSG-26355]
Action.c(211): web_concurrent_start was successful  	[MsgId: MMSG-26392]
Action.c(213): web_custom_request("nav.pl_2") started  	[MsgId: MMSG-26355]
Action.c(213): Registering web_custom_request("nav.pl_2") was successful  	[MsgId: MMSG-26390]
Action.c(224): web_reg_find started  	[MsgId: MMSG-26355]
Action.c(224): Registering web_reg_find was successful  	[MsgId: MMSG-26390]
Action.c(227): web_custom_request("login.pl_2") started  	[MsgId: MMSG-26355]
Action.c(227): Registering web_custom_request("login.pl_2") was successful  	[MsgId: MMSG-26390]
Action.c(237): web_concurrent_end started  	[MsgId: MMSG-26355]
Action.c(237): Registered web_reg_find successful for "Text=Welcome to Web Tours" (count=1)  	[MsgId: MMSG-26364]
Action.c(237): web_concurrent_end was successful, 2401 body bytes, 484 header bytes, 24 chunking overhead bytes  	[MsgId: MMSG-26385]
Action.c(239): web_concurrent_start started  	[MsgId: MMSG-26355]
Action.c(239): web_concurrent_start was successful  	[MsgId: MMSG-26392]
Action.c(241): web_custom_request("itinerary.gif") started  	[MsgId: MMSG-26355]
Action.c(241): Registering web_custom_request("itinerary.gif") was successful  	[MsgId: MMSG-26390]
Action.c(250): web_custom_request("flights.gif") started  	[MsgId: MMSG-26355]
Action.c(250): Registering web_custom_request("flights.gif") was successful  	[MsgId: MMSG-26390]
Action.c(259): web_custom_request("in_home.gif") started  	[MsgId: MMSG-26355]
Action.c(259): Registering web_custom_request("in_home.gif") was successful  	[MsgId: MMSG-26390]
Action.c(268): web_custom_request("signoff.gif") started  	[MsgId: MMSG-26355]
Action.c(268): Registering web_custom_request("signoff.gif") was successful  	[MsgId: MMSG-26390]
Action.c(277): web_concurrent_end started  	[MsgId: MMSG-26355]
Action.c(277): web_concurrent_end was successful, 2898 body bytes, 1190 header bytes  	[MsgId: MMSG-26386]
Action.c(279): Notify: Transaction "login" ended with a "Pass" status (Duration: 3,5280 Think Time: 3,0155 Wasted Time: 0,0179).
Action.c(281): Think time - Waiting 3,00 seconds (according to limit).
Action.c(281): lr_think_time: 3,00 seconds (recorded think time was 81,00 seconds).
Action.c(283): Notify: Transaction "find_flights" started.
Action.c(285): web_custom_request("Search Flights Button") started  	[MsgId: MMSG-26355]
Action.c(285): web_custom_request("Search Flights Button") was successful, 616 body bytes, 215 header bytes, 12 chunking overhead bytes  	[MsgId: MMSG-26385]
Action.c(295): web_concurrent_start started  	[MsgId: MMSG-26355]
Action.c(295): web_concurrent_start was successful  	[MsgId: MMSG-26392]
Action.c(297): web_custom_request("nav.pl_3") started  	[MsgId: MMSG-26355]
Action.c(297): Registering web_custom_request("nav.pl_3") was successful  	[MsgId: MMSG-26390]
Action.c(307): web_custom_request("reservations.pl") started  	[MsgId: MMSG-26355]
Action.c(307): Registering web_custom_request("reservations.pl") was successful  	[MsgId: MMSG-26390]
Action.c(317): web_concurrent_end started  	[MsgId: MMSG-26355]
Action.c(317): web_concurrent_end was successful, 5728 body bytes, 510 header bytes, 31 chunking overhead bytes  	[MsgId: MMSG-26385]
Action.c(319): web_concurrent_start started  	[MsgId: MMSG-26355]
Action.c(319): web_concurrent_start was successful  	[MsgId: MMSG-26392]
Action.c(321): web_custom_request("in_flights.gif") started  	[MsgId: MMSG-26355]
Action.c(321): Registering web_custom_request("in_flights.gif") was successful  	[MsgId: MMSG-26390]
Action.c(330): web_custom_request("home.gif") started  	[MsgId: MMSG-26355]
Action.c(330): Registering web_custom_request("home.gif") was successful  	[MsgId: MMSG-26390]
Action.c(339): web_concurrent_end started  	[MsgId: MMSG-26355]
Action.c(339): web_concurrent_end was successful, 1414 body bytes, 594 header bytes  	[MsgId: MMSG-26386]
Action.c(342): web_custom_request("button_next.gif") started  	[MsgId: MMSG-26355]
Action.c(342): web_custom_request("button_next.gif") was successful, 758 body bytes, 297 header bytes  	[MsgId: MMSG-26386]
Action.c(351): Notify: Transaction "find_flights" ended with a "Pass" status (Duration: 0.4192 Wasted Time: 0.0220).
Action.c(353): Think time - Waiting 3.00 seconds (according to limit).
Action.c(353): lr_think_time: 3.00 seconds (recorded think time was 19.00 seconds).
Action.c(355): Notify: Transaction "logout" started.
Action.c(357): web_custom_request("SignOff Button") started  	[MsgId: MMSG-26355]
Action.c(357): web_custom_request("SignOff Button") was successful, 686 body bytes, 327 header bytes, 12 chunking overhead bytes  	[MsgId: MMSG-26385]
Action.c(367): web_concurrent_start started  	[MsgId: MMSG-26355]
Action.c(367): web_concurrent_start was successful  	[MsgId: MMSG-26392]
Action.c(369): web_custom_request("home.html_2") started  	[MsgId: MMSG-26355]
Action.c(369): Retrieving data from cache for "http://localhost:1080/WebTours/home.html"  	[MsgId: MMSG-26558]
Action.c(369): Registering web_custom_request("home.html_2") was successful  	[MsgId: MMSG-26390]
Action.c(378): web_custom_request("nav.pl_3") started  	[MsgId: MMSG-26355]
Action.c(378): Registering web_custom_request("nav.pl_3") was successful  	[MsgId: MMSG-26390]
Action.c(388): web_concurrent_end started  	[MsgId: MMSG-26355]
Action.c(388): web_concurrent_end was successful, 1489 body bytes, 255 header bytes, 12 chunking overhead bytes  	[MsgId: MMSG-26385]
Action.c(390): Notify: Transaction "logout" ended with a "Pass" status (Duration: 0,2781 Wasted Time: 0,0105).
Ending action Action.
Ending iteration 1.
Ending Vuser...
Starting action vuser_end.
Ending action vuser_end.
Vuser Terminated.
