Start auto log messages stack - Iteration 19.	[MsgId: MMSG-10545]
Action.c(270): Registering web_custom_request("signoff.gif") was successful  	[MsgId: MMSG-26390]
Action.c(279): web_concurrent_end started  	[MsgId: MMSG-26355]
Action.c(279): web_concurrent_end was successful, 2898 body bytes, 1190 header bytes  	[MsgId: MMSG-26386]
Action.c(281): Notify: Transaction "login" ended with a "Pass" status (Duration: 3,6847 Think Time: 3,0146 Wasted Time: 0,0000).	[MsgId: MMSG-16870]
Action.c(283): Think time - Waiting 3,00 seconds (according to limit).	[MsgId: MMSG-15946]
Action.c(283): lr_think_time: 3,00 seconds (recorded think time was 81,00 seconds).	[MsgId: MMSG-15947]
Action.c(285): Notify: Transaction "click_flight" started.	[MsgId: MMSG-16999]
Action.c(287): web_reg_find started  	[MsgId: MMSG-26355]
Action.c(287): Registering web_reg_find was successful  	[MsgId: MMSG-26390]
Action.c(290): web_custom_request("Search Flights Button") started  	[MsgId: MMSG-26355]
Action.c(290): Error -26612: HTTP Status-Code=500 (Internal Server Error) for "http://localhost:1080/cgi-bin/welcome.pl?page=search"  	[MsgId: MERR-26612]
Action.c(290): Error -26366: "Text=User has returned to the search page" not found for web_reg_find  	[MsgId: MERR-26366]
End auto log messages stack.	[MsgId: MMSG-10544]


Start auto log messages stack - Iteration 26.	[MsgId: MMSG-10545]
Action.c(213): web_concurrent_start started  	[MsgId: MMSG-26355]
Action.c(213): web_concurrent_start was successful  	[MsgId: MMSG-26392]
Action.c(215): web_custom_request("nav.pl_2") started  	[MsgId: MMSG-26355]
Action.c(215): Registering web_custom_request("nav.pl_2") was successful  	[MsgId: MMSG-26390]
Action.c(226): web_reg_find started  	[MsgId: MMSG-26355]
Action.c(226): Registering web_reg_find was successful  	[MsgId: MMSG-26390]
Action.c(229): web_custom_request("login.pl_2") started  	[MsgId: MMSG-26355]
Action.c(229): Registering web_custom_request("login.pl_2") was successful  	[MsgId: MMSG-26390]
Action.c(239): web_concurrent_end started  	[MsgId: MMSG-26355]
Action.c(229): Error -26612: HTTP Status-Code=500 (Internal Server Error) for "http://localhost:1080/cgi-bin/login.pl?intro=true"   [issued at Action.c(239)]  	[MsgId: MERR-26612]
Action.c(239): Error -26366: "Text=Welcome to Web Tours" not found for web_reg_find  	[MsgId: MERR-26366]
End auto log messages stack.	[MsgId: MMSG-10544]


Start auto log messages stack - Iteration 37.	[MsgId: MMSG-10545]
Action.c(335): web_custom_request("home.gif") started  	[MsgId: MMSG-26355]
Action.c(335): Registering web_custom_request("home.gif") was successful  	[MsgId: MMSG-26390]
Action.c(344): web_concurrent_end started  	[MsgId: MMSG-26355]
Action.c(344): web_concurrent_end was successful, 1414 body bytes, 594 header bytes  	[MsgId: MMSG-26386]
Action.c(346): Notify: Transaction "click_flight" ended with a "Pass" status (Duration: 0,4126 Wasted Time: 0,0000).	[MsgId: MMSG-16871]
Action.c(348): Notify: Transaction "itinerary" started.	[MsgId: MMSG-16999]
Action.c(350): web_reg_find started  	[MsgId: MMSG-26355]
Action.c(350): Registering web_reg_find was successful  	[MsgId: MMSG-26390]
Action.c(353): web_custom_request("Itinerary Button") started  	[MsgId: MMSG-26355]
Action.c(353): Error -26612: HTTP Status-Code=500 (Internal Server Error) for "http://localhost:1080/cgi-bin/welcome.pl?page=itinerary"  	[MsgId: MERR-26612]
Action.c(353): Error -26366: "Text=User wants the intineraries" not found for web_reg_find  	[MsgId: MERR-26366]
End auto log messages stack.	[MsgId: MMSG-10544]


Start auto log messages stack - Iteration 47.	[MsgId: MMSG-10545]
Action.c(213): web_concurrent_start started  	[MsgId: MMSG-26355]
Action.c(213): web_concurrent_start was successful  	[MsgId: MMSG-26392]
Action.c(215): web_custom_request("nav.pl_2") started  	[MsgId: MMSG-26355]
Action.c(215): Registering web_custom_request("nav.pl_2") was successful  	[MsgId: MMSG-26390]
Action.c(226): web_reg_find started  	[MsgId: MMSG-26355]
Action.c(226): Registering web_reg_find was successful  	[MsgId: MMSG-26390]
Action.c(229): web_custom_request("login.pl_2") started  	[MsgId: MMSG-26355]
Action.c(229): Registering web_custom_request("login.pl_2") was successful  	[MsgId: MMSG-26390]
Action.c(239): web_concurrent_end started  	[MsgId: MMSG-26355]
Action.c(229): Error -26612: HTTP Status-Code=500 (Internal Server Error) for "http://localhost:1080/cgi-bin/login.pl?intro=true"   [issued at Action.c(239)]  	[MsgId: MERR-26612]
Action.c(239): Error -26366: "Text=Welcome to Web Tours" not found for web_reg_find  	[MsgId: MERR-26366]
End auto log messages stack.	[MsgId: MMSG-10544]


Start auto log messages stack - Iteration 49.	[MsgId: MMSG-10545]
Action.c(213): web_concurrent_start started  	[MsgId: MMSG-26355]
Action.c(213): web_concurrent_start was successful  	[MsgId: MMSG-26392]
Action.c(215): web_custom_request("nav.pl_2") started  	[MsgId: MMSG-26355]
Action.c(215): Registering web_custom_request("nav.pl_2") was successful  	[MsgId: MMSG-26390]
Action.c(226): web_reg_find started  	[MsgId: MMSG-26355]
Action.c(226): Registering web_reg_find was successful  	[MsgId: MMSG-26390]
Action.c(229): web_custom_request("login.pl_2") started  	[MsgId: MMSG-26355]
Action.c(229): Registering web_custom_request("login.pl_2") was successful  	[MsgId: MMSG-26390]
Action.c(239): web_concurrent_end started  	[MsgId: MMSG-26355]
Action.c(215): Error -26612: HTTP Status-Code=500 (Internal Server Error) for "http://localhost:1080/cgi-bin/nav.pl?page=menu&in=home"   [issued at Action.c(239)]  	[MsgId: MERR-26612]
End auto log messages stack.	[MsgId: MMSG-10544]


