Start auto log messages stack - Iteration 11.	[MsgId: MMSG-10545]
Action.c(332): Registering web_custom_request("home.gif") was successful  	[MsgId: MMSG-26390]
Action.c(341): web_concurrent_end started  	[MsgId: MMSG-26355]
Action.c(341): web_concurrent_end was successful, 1414 body bytes, 594 header bytes  	[MsgId: MMSG-26386]
Action.c(344): web_custom_request("button_next.gif") started  	[MsgId: MMSG-26355]
Action.c(344): web_custom_request("button_next.gif") was successful, 758 body bytes, 297 header bytes  	[MsgId: MMSG-26386]
Action.c(353): Notify: Transaction "find_flights" ended with a "Pass" status (Duration: 0,2711).	[MsgId: MMSG-16873]
Action.c(355): Think time - Waiting 5,00 seconds (according to limit).	[MsgId: MMSG-15946]
Action.c(355): lr_think_time: 5,00 seconds (recorded think time was 19,00 seconds).	[MsgId: MMSG-15947]
Action.c(357): Notify: Transaction "logout" started.	[MsgId: MMSG-16999]
Action.c(359): web_custom_request("SignOff Button") started  	[MsgId: MMSG-26355]
Action.c(359): Error -26612: HTTP Status-Code=500 (Internal Server Error) for "http://localhost:1080/cgi-bin/welcome.pl?signOff=1"  	[MsgId: MERR-26612]
End auto log messages stack.	[MsgId: MMSG-10544]


Start auto log messages stack - Iteration 14.	[MsgId: MMSG-10545]
Action.c(261): Registering web_custom_request("in_home.gif") was successful  	[MsgId: MMSG-26390]
Action.c(270): web_custom_request("signoff.gif") started  	[MsgId: MMSG-26355]
Action.c(270): Registering web_custom_request("signoff.gif") was successful  	[MsgId: MMSG-26390]
Action.c(279): web_concurrent_end started  	[MsgId: MMSG-26355]
Action.c(279): web_concurrent_end was successful, 2898 body bytes, 1190 header bytes  	[MsgId: MMSG-26386]
Action.c(281): Notify: Transaction "login" ended with a "Pass" status (Duration: 5,2256 Think Time: 5,0058 Wasted Time: 0,0000).	[MsgId: MMSG-16870]
Action.c(283): Think time - Waiting 5,00 seconds (according to limit).	[MsgId: MMSG-15946]
Action.c(283): lr_think_time: 5,00 seconds (recorded think time was 81,00 seconds).	[MsgId: MMSG-15947]
Action.c(285): Notify: Transaction "find_flights" started.	[MsgId: MMSG-16999]
Action.c(287): web_custom_request("Search Flights Button") started  	[MsgId: MMSG-26355]
Action.c(287): Error -26612: HTTP Status-Code=500 (Internal Server Error) for "http://localhost:1080/cgi-bin/welcome.pl?page=search"  	[MsgId: MERR-26612]
End auto log messages stack.	[MsgId: MMSG-10544]


