Start auto log messages stack - Iteration 7.	[MsgId: MMSG-10545]
Action.c(187): web_add_auto_header("Sec-Fetch-Site") started  	[MsgId: MMSG-26355]
Action.c(187): web_add_auto_header("Sec-Fetch-Site") was successful  	[MsgId: MMSG-26392]
Action.c(190): web_add_auto_header("Sec-Fetch-Dest") started  	[MsgId: MMSG-26355]
Action.c(190): web_add_auto_header("Sec-Fetch-Dest") was successful  	[MsgId: MMSG-26392]
Action.c(193): web_add_header("Origin") started  	[MsgId: MMSG-26355]
Action.c(193): web_add_header("Origin") was successful  	[MsgId: MMSG-26392]
Action.c(197): web_reg_find started  	[MsgId: MMSG-26355]
Action.c(197): Registering web_reg_find was successful  	[MsgId: MMSG-26390]
Action.c(200): web_custom_request("login.pl") started  	[MsgId: MMSG-26355]
Action.c(200): Error -26612: HTTP Status-Code=500 (Internal Server Error) for "http://localhost:1080/cgi-bin/login.pl"  	[MsgId: MERR-26612]
Action.c(200): Error -26366: "Text=User password was correct" not found for web_reg_find  	[MsgId: MERR-26366]
End auto log messages stack.	[MsgId: MMSG-10544]


Start auto log messages stack - Iteration 17.	[MsgId: MMSG-10545]
Action.c(335): web_custom_request("home.gif") started  	[MsgId: MMSG-26355]
Action.c(335): Registering web_custom_request("home.gif") was successful  	[MsgId: MMSG-26390]
Action.c(344): web_concurrent_end started  	[MsgId: MMSG-26355]
Action.c(344): web_concurrent_end was successful, 1414 body bytes, 594 header bytes  	[MsgId: MMSG-26386]
Action.c(346): Notify: Transaction "click_flight" ended with a "Pass" status (Duration: 0,3228 Wasted Time: 0,0000).	[MsgId: MMSG-16871]
Action.c(348): Notify: Transaction "itinerary" started.	[MsgId: MMSG-16999]
Action.c(350): web_reg_find started  	[MsgId: MMSG-26355]
Action.c(350): Registering web_reg_find was successful  	[MsgId: MMSG-26390]
Action.c(353): web_custom_request("Itinerary Button") started  	[MsgId: MMSG-26355]
Action.c(353): Error -26612: HTTP Status-Code=500 (Internal Server Error) for "http://localhost:1080/cgi-bin/welcome.pl?page=itinerary"  	[MsgId: MERR-26612]
Action.c(353): Error -26366: "Text=User wants the intineraries" not found for web_reg_find  	[MsgId: MERR-26366]
End auto log messages stack.	[MsgId: MMSG-10544]


