Start auto log messages stack - Iteration 9.	[MsgId: MMSG-10545]
Action.c(480): Resource "http://localhost:1080/WebTours/images/home.gif" is in the cache already and will not be downloaded again  	[MsgId: MMSG-26655]
Action.c(489): web_concurrent_end started  	[MsgId: MMSG-26355]
Action.c(489): web_concurrent_end was successful  	[MsgId: MMSG-26392]
Action.c(492): web_custom_request("button_next.gif") started  	[MsgId: MMSG-26355]
Action.c(492): web_custom_request("button_next.gif") was successful, 758 body bytes, 297 header bytes  	[MsgId: MMSG-26386]
Action.c(501): Notify: Transaction "find_flight" ended with a "Pass" status (Duration: 0,2472).	[MsgId: MMSG-16873]
Action.c(503): Think time - Waiting 5,00 seconds (according to limit).	[MsgId: MMSG-15946]
Action.c(503): lr_think_time: 5,00 seconds (recorded think time was 19,00 seconds).	[MsgId: MMSG-15947]
Action.c(505): Notify: Transaction "sign_off" started.	[MsgId: MMSG-16999]
Action.c(507): web_custom_request("SignOff Button") started  	[MsgId: MMSG-26355]
Action.c(507): Error -26612: HTTP Status-Code=500 (Internal Server Error) for "http://localhost:1080/cgi-bin/welcome.pl?signOff=1"  	[MsgId: MERR-26612]
End auto log messages stack.	[MsgId: MMSG-10544]


Start auto log messages stack - Iteration 11.	[MsgId: MMSG-10545]
Action.c(138): web_add_header("Sec-Fetch-Site") was successful  	[MsgId: MMSG-26392]
Action.c(141): web_add_header("Sec-Fetch-Dest") started  	[MsgId: MMSG-26355]
Action.c(141): web_add_header("Sec-Fetch-Dest") was successful  	[MsgId: MMSG-26392]
Action.c(145): web_reg_save_param_attrib started  	[MsgId: MMSG-26355]
Action.c(145): Registering web_reg_save_param_attrib was successful  	[MsgId: MMSG-26390]
Action.c(153): web_custom_request("nav.pl") started  	[MsgId: MMSG-26355]
Action.c(153): Registering web_custom_request("nav.pl") was successful  	[MsgId: MMSG-26390]
Action.c(163): web_concurrent_end started  	[MsgId: MMSG-26355]
Action.c(153): Error -26612: HTTP Status-Code=500 (Internal Server Error) for "http://localhost:1080/cgi-bin/nav.pl?in=home"   [issued at Action.c(163)]  	[MsgId: MERR-26612]
Action.c(163): Error -35048: No match found for the requested parameter "userSession". Check whether the tag with specific attributes exists in the response data  	[MsgId: MERR-35048]
End auto log messages stack.	[MsgId: MMSG-10544]


