Start auto log messages stack - Iteration 3.	[MsgId: MMSG-10545]
Action.c(55): Registering web_custom_request("header.html") was successful  	[MsgId: MMSG-26390]
Action.c(65): web_add_header("Sec-Fetch-Site") started  	[MsgId: MMSG-26355]
Action.c(65): web_add_header("Sec-Fetch-Site") was successful  	[MsgId: MMSG-26392]
Action.c(68): web_add_header("Sec-Fetch-Dest") started  	[MsgId: MMSG-26355]
Action.c(68): web_add_header("Sec-Fetch-Dest") was successful  	[MsgId: MMSG-26392]
Action.c(71): web_custom_request("welcome.pl") started  	[MsgId: MMSG-26355]
Action.c(71): Registering web_custom_request("welcome.pl") was successful  	[MsgId: MMSG-26390]
Action.c(81): web_concurrent_end started  	[MsgId: MMSG-26355]
Action.c(71): Error -27721: Step download timeout (120 seconds) has expired when downloading resource "http://localhost:1080/cgi-bin/welcome.pl?signOff=true"   [issued at Action.c(81)]  	[MsgId: MERR-27721]
End auto log messages stack.	[MsgId: MMSG-10544]


Start auto log messages stack - Iteration 6.	[MsgId: MMSG-10545]
Action.c(411): Registering web_custom_request("cancelreservation.gif") was successful  	[MsgId: MMSG-26390]
Action.c(420): web_custom_request("cancelallreservations.gif") started  	[MsgId: MMSG-26355]
Action.c(420): Registering web_custom_request("cancelallreservations.gif") was successful  	[MsgId: MMSG-26390]
Action.c(429): web_concurrent_end started  	[MsgId: MMSG-26355]
Action.c(429): web_concurrent_end was successful, 1573 body bytes, 594 header bytes  	[MsgId: MMSG-26386]
Action.c(431): Notify: Transaction "itinerary" ended with a "Pass" status (Duration: 0,2555 Wasted Time: 0,0000).	[MsgId: MMSG-16871]
Action.c(433): Think time - Waiting 5,00 seconds (according to limit).	[MsgId: MMSG-15946]
Action.c(433): lr_think_time: 5,00 seconds (recorded think time was 19,00 seconds).	[MsgId: MMSG-15947]
Action.c(435): Notify: Transaction "sign_off" started.	[MsgId: MMSG-16999]
Action.c(437): web_custom_request("SignOff Button") started  	[MsgId: MMSG-26355]
Action.c(437): Error -26612: HTTP Status-Code=500 (Internal Server Error) for "http://localhost:1080/cgi-bin/welcome.pl?signOff=1"  	[MsgId: MERR-26612]
End auto log messages stack.	[MsgId: MMSG-10544]


