Start auto log messages stack - Iteration 7.	[MsgId: MMSG-10545]
Action.c(185): web_add_auto_header("Sec-Fetch-Site") started  	[MsgId: MMSG-26355]
Action.c(185): web_add_auto_header("Sec-Fetch-Site") was successful  	[MsgId: MMSG-26392]
Action.c(188): web_add_auto_header("Sec-Fetch-Dest") started  	[MsgId: MMSG-26355]
Action.c(188): web_add_auto_header("Sec-Fetch-Dest") was successful  	[MsgId: MMSG-26392]
Action.c(191): web_add_header("Origin") started  	[MsgId: MMSG-26355]
Action.c(191): web_add_header("Origin") was successful  	[MsgId: MMSG-26392]
Action.c(195): web_reg_find started  	[MsgId: MMSG-26355]
Action.c(195): Registering web_reg_find was successful  	[MsgId: MMSG-26390]
Action.c(198): web_custom_request("login.pl") started  	[MsgId: MMSG-26355]
Action.c(198): Error -26612: HTTP Status-Code=500 (Internal Server Error) for "http://localhost:1080/cgi-bin/login.pl"  	[MsgId: MERR-26612]
Action.c(198): Error -26366: "Text=User password was correct" not found for web_reg_find  	[MsgId: MERR-26366]
End auto log messages stack.	[MsgId: MMSG-10544]


Start auto log messages stack - Iteration 9.	[MsgId: MMSG-10545]
Action.c(185): web_add_auto_header("Sec-Fetch-Site") started  	[MsgId: MMSG-26355]
Action.c(185): web_add_auto_header("Sec-Fetch-Site") was successful  	[MsgId: MMSG-26392]
Action.c(188): web_add_auto_header("Sec-Fetch-Dest") started  	[MsgId: MMSG-26355]
Action.c(188): web_add_auto_header("Sec-Fetch-Dest") was successful  	[MsgId: MMSG-26392]
Action.c(191): web_add_header("Origin") started  	[MsgId: MMSG-26355]
Action.c(191): web_add_header("Origin") was successful  	[MsgId: MMSG-26392]
Action.c(195): web_reg_find started  	[MsgId: MMSG-26355]
Action.c(195): Registering web_reg_find was successful  	[MsgId: MMSG-26390]
Action.c(198): web_custom_request("login.pl") started  	[MsgId: MMSG-26355]
Action.c(198): Error -26612: HTTP Status-Code=500 (Internal Server Error) for "http://localhost:1080/cgi-bin/login.pl"  	[MsgId: MERR-26612]
Action.c(198): Error -26366: "Text=User password was correct" not found for web_reg_find  	[MsgId: MERR-26366]
End auto log messages stack.	[MsgId: MMSG-10544]


Start auto log messages stack - Iteration 14.	[MsgId: MMSG-10545]
Action.c(367): web_concurrent_start started  	[MsgId: MMSG-26355]
Action.c(367): web_concurrent_start was successful  	[MsgId: MMSG-26392]
Action.c(369): web_custom_request("home.html_2") started  	[MsgId: MMSG-26355]
Action.c(369): Retrieving data from cache for "http://localhost:1080/WebTours/home.html"  	[MsgId: MMSG-26558]
Action.c(369): Registering web_custom_request("home.html_2") was successful  	[MsgId: MMSG-26390]
Action.c(378): web_custom_request("nav.pl_3") started  	[MsgId: MMSG-26355]
Action.c(378): Registering web_custom_request("nav.pl_3") was successful  	[MsgId: MMSG-26390]
Action.c(388): web_concurrent_end started  	[MsgId: MMSG-26355]
Action.c(378): Error -26612: HTTP Status-Code=500 (Internal Server Error) for "http://localhost:1080/cgi-bin/nav.pl?in=home"   [issued at Action.c(388)]  	[MsgId: MERR-26612]
End auto log messages stack.	[MsgId: MMSG-10544]


