Start auto log messages stack - Iteration 6.	[MsgId: MMSG-10545]
Action.c(136): web_add_header("Sec-Fetch-Site") was successful  	[MsgId: MMSG-26392]
Action.c(139): web_add_header("Sec-Fetch-Dest") started  	[MsgId: MMSG-26355]
Action.c(139): web_add_header("Sec-Fetch-Dest") was successful  	[MsgId: MMSG-26392]
Action.c(143): web_reg_save_param_attrib started  	[MsgId: MMSG-26355]
Action.c(143): Registering web_reg_save_param_attrib was successful  	[MsgId: MMSG-26390]
Action.c(151): web_custom_request("nav.pl") started  	[MsgId: MMSG-26355]
Action.c(151): Registering web_custom_request("nav.pl") was successful  	[MsgId: MMSG-26390]
Action.c(161): web_concurrent_end started  	[MsgId: MMSG-26355]
Action.c(151): Error -27721: Step download timeout (120 seconds) has expired when downloading resource "http://localhost:1080/cgi-bin/nav.pl?in=home"   [issued at Action.c(161)]  	[MsgId: MERR-27721]
End auto log messages stack.	[MsgId: MMSG-10544]


Start auto log messages stack - Iteration 6.	[MsgId: MMSG-10545]
Action.c(161): Aborting pending download of URL="http://localhost:1080/cgi-bin/nav.pl?in=home" (RelFrameId=1, Internal ID=133)  	[MsgId: MMSG-27649]
Action.c(161): Error -35048: No match found for the requested parameter "userSession". Check whether the tag with specific attributes exists in the response data  	[MsgId: MERR-35048]
End auto log messages stack.	[MsgId: MMSG-10544]


Start auto log messages stack - Iteration 9.	[MsgId: MMSG-10545]
Action.c(53): Registering web_custom_request("header.html") was successful  	[MsgId: MMSG-26390]
Action.c(63): web_add_header("Sec-Fetch-Site") started  	[MsgId: MMSG-26355]
Action.c(63): web_add_header("Sec-Fetch-Site") was successful  	[MsgId: MMSG-26392]
Action.c(66): web_add_header("Sec-Fetch-Dest") started  	[MsgId: MMSG-26355]
Action.c(66): web_add_header("Sec-Fetch-Dest") was successful  	[MsgId: MMSG-26392]
Action.c(69): web_custom_request("welcome.pl") started  	[MsgId: MMSG-26355]
Action.c(69): Registering web_custom_request("welcome.pl") was successful  	[MsgId: MMSG-26390]
Action.c(79): web_concurrent_end started  	[MsgId: MMSG-26355]
Action.c(69): Error -27721: Step download timeout (120 seconds) has expired when downloading resource "http://localhost:1080/cgi-bin/welcome.pl?signOff=true"   [issued at Action.c(79)]  	[MsgId: MERR-27721]
End auto log messages stack.	[MsgId: MMSG-10544]


Start auto log messages stack - Iteration 10.	[MsgId: MMSG-10545]
Action.c(211): web_concurrent_start started  	[MsgId: MMSG-26355]
Action.c(211): web_concurrent_start was successful  	[MsgId: MMSG-26392]
Action.c(213): web_custom_request("nav.pl_2") started  	[MsgId: MMSG-26355]
Action.c(213): Registering web_custom_request("nav.pl_2") was successful  	[MsgId: MMSG-26390]
Action.c(224): web_reg_find started  	[MsgId: MMSG-26355]
Action.c(224): Registering web_reg_find was successful  	[MsgId: MMSG-26390]
Action.c(227): web_custom_request("login.pl_2") started  	[MsgId: MMSG-26355]
Action.c(227): Registering web_custom_request("login.pl_2") was successful  	[MsgId: MMSG-26390]
Action.c(237): web_concurrent_end started  	[MsgId: MMSG-26355]
Action.c(227): Error -27721: Step download timeout (120 seconds) has expired when downloading resource "http://localhost:1080/cgi-bin/login.pl?intro=true"   [issued at Action.c(237)]  	[MsgId: MERR-27721]
End auto log messages stack.	[MsgId: MMSG-10544]


Start auto log messages stack - Iteration 10.	[MsgId: MMSG-10545]
Action.c(237): Aborting pending download of URL="http://localhost:1080/cgi-bin/login.pl?intro=true" (RelFrameId=1, Internal ID=199)  	[MsgId: MMSG-27649]
Action.c(237): Error -26366: "Text=Welcome to Web Tours" not found for web_reg_find  	[MsgId: MERR-26366]
End auto log messages stack.	[MsgId: MMSG-10544]


