Start auto log messages stack - Iteration 2.	[MsgId: MMSG-10545]
Action.c(278): web_custom_request("Search Flights Button") was successful, 616 body bytes, 216 header bytes, 12 chunking overhead bytes  	[MsgId: MMSG-26385]
Action.c(288): web_concurrent_start started  	[MsgId: MMSG-26355]
Action.c(288): web_concurrent_start was successful  	[MsgId: MMSG-26392]
Action.c(290): web_custom_request("nav.pl_3") started  	[MsgId: MMSG-26355]
Action.c(290): Registering web_custom_request("nav.pl_3") was successful  	[MsgId: MMSG-26390]
Action.c(300): web_custom_request("reservations.pl") started  	[MsgId: MMSG-26355]
Action.c(300): Registering web_custom_request("reservations.pl") was successful  	[MsgId: MMSG-26390]
Action.c(310): web_concurrent_end started  	[MsgId: MMSG-26355]
Action.c(300): Error -27721: Step download timeout (120 seconds) has expired when downloading resource "http://localhost:1080/cgi-bin/reservations.pl?page=welcome"   [issued at Action.c(310)]  	[MsgId: MERR-27721]
End auto log messages stack.	[MsgId: MMSG-10544]


Start auto log messages stack - Iteration 2.	[MsgId: MMSG-10545]
Action.c(371): Registered web_reg_find successful for "Text=from <B>Denver</B> to <B>Portland</B>" (count=1)  	[MsgId: MMSG-26364]
Action.c(371): web_custom_request("reservations.pl_2") was successful, 2440 body bytes, 255 header bytes, 12 chunking overhead bytes  	[MsgId: MMSG-26385]
Action.c(382): web_convert_param started  	[MsgId: MMSG-26355]
Action.c(382): web_convert_param was successful  	[MsgId: MMSG-26392]
Action.c(388): Notify: Transaction "find_flight" ended with a "Pass" status (Duration: 0,1880 Wasted Time: 0,0005).	[MsgId: MMSG-16871]
Action.c(390): Think time - Waiting 5,00 seconds (according to limit).	[MsgId: MMSG-15946]
Action.c(390): lr_think_time: 5,00 seconds (recorded think time was 25,00 seconds).	[MsgId: MMSG-15947]
Action.c(392): Notify: Transaction "choose_flight" started.	[MsgId: MMSG-16999]
Action.c(394): web_custom_request("reservations.pl_3") started  	[MsgId: MMSG-26355]
Action.c(394): Error -27721: Step download timeout (120 seconds) has expired when downloading resource "http://localhost:1080/cgi-bin/reservations.pl"  	[MsgId: MERR-27721]
End auto log messages stack.	[MsgId: MMSG-10544]


Start auto log messages stack - Iteration 2.	[MsgId: MMSG-10545]
Action.c(390): lr_think_time: 5,00 seconds (recorded think time was 25,00 seconds).	[MsgId: MMSG-15947]
Action.c(392): Notify: Transaction "choose_flight" started.	[MsgId: MMSG-16999]
Action.c(394): web_custom_request("reservations.pl_3") started  	[MsgId: MMSG-26355]
Action.c(394): web_custom_request("reservations.pl_3") was successful, 2752 body bytes, 255 header bytes, 12 chunking overhead bytes  	[MsgId: MMSG-26385]
Action.c(405): Notify: Transaction "choose_flight" ended with a "Pass" status (Duration: 0,0955).	[MsgId: MMSG-16873]
Action.c(407): Think time - Waiting 5,00 seconds (according to limit).	[MsgId: MMSG-15946]
Action.c(407): lr_think_time: 5,00 seconds (recorded think time was 86,00 seconds).	[MsgId: MMSG-15947]
Action.c(409): Notify: Transaction "payment_details" started.	[MsgId: MMSG-16999]
Action.c(411): web_reg_find started  	[MsgId: MMSG-26355]
Action.c(411): Registering web_reg_find was successful  	[MsgId: MMSG-26390]
Action.c(414): web_custom_request("reservations.pl_4") started  	[MsgId: MMSG-26355]
Action.c(414): Error -27721: Step download timeout (120 seconds) has expired when downloading resource "http://localhost:1080/cgi-bin/reservations.pl"  	[MsgId: MERR-27721]
End auto log messages stack.	[MsgId: MMSG-10544]


Start auto log messages stack - Iteration 2.	[MsgId: MMSG-10545]
Action.c(414): Aborting pending download of URL="http://localhost:1080/cgi-bin/reservations.pl" (RelFrameId=1, Internal ID=51)  	[MsgId: MMSG-27649]
Action.c(414): Error -26366: "Text=from Paris to London" not found for web_reg_find  	[MsgId: MERR-26366]
Action.c(414): Error -26374: The above "not found" error(s) may be explained by header and body byte counts being 0 and 0, respectively.  	[MsgId: MERR-26374]
End auto log messages stack.	[MsgId: MMSG-10544]


Start auto log messages stack - Iteration 4.	[MsgId: MMSG-10545]
Action.c(191): web_custom_request("login.pl") was successful, 481 body bytes, 395 header bytes, 12 chunking overhead bytes  	[MsgId: MMSG-26385]
Action.c(202): web_concurrent_start started  	[MsgId: MMSG-26355]
Action.c(202): web_concurrent_start was successful  	[MsgId: MMSG-26392]
Action.c(204): web_custom_request("nav.pl_2") started  	[MsgId: MMSG-26355]
Action.c(204): Registering web_custom_request("nav.pl_2") was successful  	[MsgId: MMSG-26390]
Action.c(217): web_custom_request("login.pl_2") started  	[MsgId: MMSG-26355]
Action.c(217): Registering web_custom_request("login.pl_2") was successful  	[MsgId: MMSG-26390]
Action.c(227): web_concurrent_end started  	[MsgId: MMSG-26355]
Action.c(204): Error -27721: Step download timeout (120 seconds) has expired when downloading resource "http://localhost:1080/cgi-bin/nav.pl?page=menu&in=home"   [issued at Action.c(227)]  	[MsgId: MERR-27721]
End auto log messages stack.	[MsgId: MMSG-10544]


