Start auto log messages stack - Iteration 5.	[MsgId: MMSG-10545]
Action.c(390): lr_think_time: 5,00 seconds (recorded think time was 25,00 seconds).	[MsgId: MMSG-15947]
Action.c(392): Notify: Transaction "choose_flight" started.	[MsgId: MMSG-16999]
Action.c(394): web_custom_request("reservations.pl_3") started  	[MsgId: MMSG-26355]
Action.c(394): web_custom_request("reservations.pl_3") was successful, 2764 body bytes, 255 header bytes, 12 chunking overhead bytes  	[MsgId: MMSG-26385]
Action.c(405): Notify: Transaction "choose_flight" ended with a "Pass" status (Duration: 0,0927).	[MsgId: MMSG-16873]
Action.c(407): Think time - Waiting 5,00 seconds (according to limit).	[MsgId: MMSG-15946]
Action.c(407): lr_think_time: 5,00 seconds (recorded think time was 86,00 seconds).	[MsgId: MMSG-15947]
Action.c(409): Notify: Transaction "payment_details" started.	[MsgId: MMSG-16999]
Action.c(411): web_reg_find started  	[MsgId: MMSG-26355]
Action.c(411): Registering web_reg_find was successful  	[MsgId: MMSG-26390]
Action.c(414): web_custom_request("reservations.pl_4") started  	[MsgId: MMSG-26355]
Action.c(414): Error -27721: Step download timeout (120 seconds) has expired when downloading resource "http://localhost:1080/cgi-bin/reservations.pl"  	[MsgId: MERR-27721]
End auto log messages stack.	[MsgId: MMSG-10544]


Start auto log messages stack - Iteration 5.	[MsgId: MMSG-10545]
Action.c(414): Aborting pending download of URL="http://localhost:1080/cgi-bin/reservations.pl" (RelFrameId=1, Internal ID=129)  	[MsgId: MMSG-27649]
Action.c(414): Error -26366: "Text=from Paris to Portland" not found for web_reg_find  	[MsgId: MERR-26366]
Action.c(414): Error -26374: The above "not found" error(s) may be explained by header and body byte counts being 0 and 0, respectively.  	[MsgId: MERR-26374]
End auto log messages stack.	[MsgId: MMSG-10544]


Start auto log messages stack - Iteration 6.	[MsgId: MMSG-10545]
Action.c(125): web_concurrent_start started  	[MsgId: MMSG-26355]
Action.c(125): web_concurrent_start was successful  	[MsgId: MMSG-26392]
Action.c(127): web_custom_request("home.html") started  	[MsgId: MMSG-26355]
Action.c(127): Registering web_custom_request("home.html") was successful  	[MsgId: MMSG-26390]
Action.c(137): web_reg_save_param started  	[MsgId: MMSG-26355]
Action.c(137): Registering web_reg_save_param was successful  	[MsgId: MMSG-26390]
Action.c(142): web_custom_request("nav.pl") started  	[MsgId: MMSG-26355]
Action.c(142): Registering web_custom_request("nav.pl") was successful  	[MsgId: MMSG-26390]
Action.c(152): web_concurrent_end started  	[MsgId: MMSG-26355]
Action.c(142): Error -27721: Step download timeout (120 seconds) has expired when downloading resource "http://localhost:1080/cgi-bin/nav.pl?in=home"   [issued at Action.c(152)]  	[MsgId: MERR-27721]
End auto log messages stack.	[MsgId: MMSG-10544]


Start auto log messages stack - Iteration 6.	[MsgId: MMSG-10545]
Action.c(152): Aborting pending download of URL="http://localhost:1080/cgi-bin/nav.pl?in=home" (RelFrameId=1, Internal ID=138)  	[MsgId: MMSG-27649]
Action.c(152): Error -26377: No match found for the requested parameter "userSession". Either the specified boundaries were not found in the response or the matched text is longer than current max html parameter size of 256 bytes. The total length of the response is 1361 bytes. You can use "web_set_max_html_param_len" to increase the max parameter size.  	[MsgId: MERR-26377]
End auto log messages stack.	[MsgId: MMSG-10544]


Start auto log messages stack - Iteration 11.	[MsgId: MMSG-10545]
Action.c(191): web_custom_request("login.pl") was successful, 481 body bytes, 412 header bytes, 12 chunking overhead bytes  	[MsgId: MMSG-26385]
Action.c(202): web_concurrent_start started  	[MsgId: MMSG-26355]
Action.c(202): web_concurrent_start was successful  	[MsgId: MMSG-26392]
Action.c(204): web_custom_request("nav.pl_2") started  	[MsgId: MMSG-26355]
Action.c(204): Registering web_custom_request("nav.pl_2") was successful  	[MsgId: MMSG-26390]
Action.c(217): web_custom_request("login.pl_2") started  	[MsgId: MMSG-26355]
Action.c(217): Registering web_custom_request("login.pl_2") was successful  	[MsgId: MMSG-26390]
Action.c(227): web_concurrent_end started  	[MsgId: MMSG-26355]
Action.c(217): Error -26612: HTTP Status-Code=500 (Internal Server Error) for "http://localhost:1080/cgi-bin/login.pl?intro=true"   [issued at Action.c(227)]  	[MsgId: MERR-26612]
End auto log messages stack.	[MsgId: MMSG-10544]


Start auto log messages stack - Iteration 15.	[MsgId: MMSG-10545]
Action.c(338): web_custom_request("button_next.gif") was successful, 758 body bytes, 298 header bytes  	[MsgId: MMSG-26386]
Action.c(347): Notify: Transaction "find_flight" started.	[MsgId: MMSG-16999]
Action.c(349): web_add_auto_header("Origin") started  	[MsgId: MMSG-26355]
Action.c(349): web_add_auto_header("Origin") was successful  	[MsgId: MMSG-26392]
Action.c(352): web_reg_find started  	[MsgId: MMSG-26355]
Action.c(352): Registering web_reg_find was successful  	[MsgId: MMSG-26390]
Action.c(356): web_reg_save_param_attrib started  	[MsgId: MMSG-26355]
Action.c(356): Registering web_reg_save_param_attrib was successful  	[MsgId: MMSG-26390]
Action.c(371): web_custom_request("reservations.pl_2") started  	[MsgId: MMSG-26355]
Action.c(371): Error -26612: HTTP Status-Code=500 (Internal Server Error) for "http://localhost:1080/cgi-bin/reservations.pl"  	[MsgId: MERR-26612]
Action.c(371): Error -35048: No match found for the requested parameter "outboundFlight". Check whether the tag with specific attributes exists in the response data  	[MsgId: MERR-35048]
Action.c(371): Error -26366: "Text=from <B>Paris</B> to <B>London</B>" not found for web_reg_find  	[MsgId: MERR-26366]
End auto log messages stack.	[MsgId: MMSG-10544]


Start auto log messages stack - Iteration 17.	[MsgId: MMSG-10545]
Action.c(125): web_concurrent_start started  	[MsgId: MMSG-26355]
Action.c(125): web_concurrent_start was successful  	[MsgId: MMSG-26392]
Action.c(127): web_custom_request("home.html") started  	[MsgId: MMSG-26355]
Action.c(127): Registering web_custom_request("home.html") was successful  	[MsgId: MMSG-26390]
Action.c(137): web_reg_save_param started  	[MsgId: MMSG-26355]
Action.c(137): Registering web_reg_save_param was successful  	[MsgId: MMSG-26390]
Action.c(142): web_custom_request("nav.pl") started  	[MsgId: MMSG-26355]
Action.c(142): Registering web_custom_request("nav.pl") was successful  	[MsgId: MMSG-26390]
Action.c(152): web_concurrent_end started  	[MsgId: MMSG-26355]
Action.c(142): Error -26612: HTTP Status-Code=500 (Internal Server Error) for "http://localhost:1080/cgi-bin/nav.pl?in=home"   [issued at Action.c(152)]  	[MsgId: MERR-26612]
Action.c(152): Error -26377: No match found for the requested parameter "userSession". Either the specified boundaries were not found in the response or the matched text is longer than current max html parameter size of 256 bytes. The total length of the response is 1896 bytes. You can use "web_set_max_html_param_len" to increase the max parameter size.  	[MsgId: MERR-26377]
End auto log messages stack.	[MsgId: MMSG-10544]


