Start auto log messages stack - Iteration 8.	[MsgId: MMSG-10545]
Action.c(386): lr_think_time: 5,00 seconds (recorded think time was 25,00 seconds).	[MsgId: MMSG-15947]
Action.c(388): Notify: Transaction "choose_flight" started.	[MsgId: MMSG-16999]
Action.c(390): web_custom_request("reservations.pl_3") started  	[MsgId: MMSG-26355]
Action.c(390): web_custom_request("reservations.pl_3") was successful, 2766 body bytes, 255 header bytes, 12 chunking overhead bytes  	[MsgId: MMSG-26385]
Action.c(401): Notify: Transaction "choose_flight" ended with a "Pass" status (Duration: 0,0974).	[MsgId: MMSG-16873]
Action.c(403): Think time - Waiting 5,00 seconds (according to limit).	[MsgId: MMSG-15946]
Action.c(403): lr_think_time: 5,00 seconds (recorded think time was 86,00 seconds).	[MsgId: MMSG-15947]
Action.c(405): Notify: Transaction "payment_details" started.	[MsgId: MMSG-16999]
Action.c(407): web_reg_find started  	[MsgId: MMSG-26355]
Action.c(407): Registering web_reg_find was successful  	[MsgId: MMSG-26390]
Action.c(410): web_custom_request("reservations.pl_4") started  	[MsgId: MMSG-26355]
Action.c(410): Error -27721: Step download timeout (120 seconds) has expired when downloading resource "http://localhost:1080/cgi-bin/reservations.pl"  	[MsgId: MERR-27721]
End auto log messages stack.	[MsgId: MMSG-10544]


Start auto log messages stack - Iteration 8.	[MsgId: MMSG-10545]
Action.c(410): Aborting pending download of URL="http://localhost:1080/cgi-bin/reservations.pl" (RelFrameId=1, Internal ID=207)  	[MsgId: MMSG-27649]
Action.c(410): Error -26366: "Text=from Denver to London" not found for web_reg_find  	[MsgId: MERR-26366]
Action.c(410): Error -26374: The above "not found" error(s) may be explained by header and body byte counts being 0 and 0, respectively.  	[MsgId: MERR-26374]
End auto log messages stack.	[MsgId: MMSG-10544]


Start auto log messages stack - Iteration 25.	[MsgId: MMSG-10545]
Action.c(367): Registered web_reg_find successful for "Text=from <B>Paris</B> to <B>London</B>" (count=1)  	[MsgId: MMSG-26364]
Action.c(367): web_custom_request("reservations.pl_2") was successful, 2431 body bytes, 255 header bytes, 12 chunking overhead bytes  	[MsgId: MMSG-26385]
Action.c(378): web_convert_param started  	[MsgId: MMSG-26355]
Action.c(378): web_convert_param was successful  	[MsgId: MMSG-26392]
Action.c(384): Notify: Transaction "find_flight" ended with a "Pass" status (Duration: 0,0920 Wasted Time: 0,0004).	[MsgId: MMSG-16871]
Action.c(386): Think time - Waiting 5,00 seconds (according to limit).	[MsgId: MMSG-15946]
Action.c(386): lr_think_time: 5,00 seconds (recorded think time was 25,00 seconds).	[MsgId: MMSG-15947]
Action.c(388): Notify: Transaction "choose_flight" started.	[MsgId: MMSG-16999]
Action.c(390): web_custom_request("reservations.pl_3") started  	[MsgId: MMSG-26355]
Action.c(390): Error -26612: HTTP Status-Code=500 (Internal Server Error) for "http://localhost:1080/cgi-bin/reservations.pl"  	[MsgId: MERR-26612]
End auto log messages stack.	[MsgId: MMSG-10544]


