Start auto log messages stack - Iteration 8.	[MsgId: MMSG-10545]
Action.c(125): web_concurrent_start started  	[MsgId: MMSG-26355]
Action.c(125): web_concurrent_start was successful  	[MsgId: MMSG-26392]
Action.c(127): web_custom_request("home.html") started  	[MsgId: MMSG-26355]
Action.c(127): Registering web_custom_request("home.html") was successful  	[MsgId: MMSG-26390]
Action.c(137): web_reg_save_param started  	[MsgId: MMSG-26355]
Action.c(137): Registering web_reg_save_param was successful  	[MsgId: MMSG-26390]
Action.c(142): web_custom_request("nav.pl") started  	[MsgId: MMSG-26355]
Action.c(142): Registering web_custom_request("nav.pl") was successful  	[MsgId: MMSG-26390]
Action.c(152): web_concurrent_end started  	[MsgId: MMSG-26355]
Action.c(142): Error -26612: HTTP Status-Code=500 (Internal Server Error) for "http://localhost:1080/cgi-bin/nav.pl?in=home"   [issued at Action.c(152)]  	[MsgId: MERR-26612]
Action.c(152): Error -26377: No match found for the requested parameter "userSession". Either the specified boundaries were not found in the response or the matched text is longer than current max html parameter size of 256 bytes. The total length of the response is 1896 bytes. You can use "web_set_max_html_param_len" to increase the max parameter size.  	[MsgId: MERR-26377]
End auto log messages stack.	[MsgId: MMSG-10544]


Start auto log messages stack - Iteration 12.	[MsgId: MMSG-10545]
Action.c(390): lr_think_time: 5,00 seconds (recorded think time was 25,00 seconds).	[MsgId: MMSG-15947]
Action.c(392): Notify: Transaction "choose_flight" started.	[MsgId: MMSG-16999]
Action.c(394): web_custom_request("reservations.pl_3") started  	[MsgId: MMSG-26355]
Action.c(394): web_custom_request("reservations.pl_3") was successful, 2738 body bytes, 255 header bytes, 12 chunking overhead bytes  	[MsgId: MMSG-26385]
Action.c(405): Notify: Transaction "choose_flight" ended with a "Pass" status (Duration: 0,0986).	[MsgId: MMSG-16873]
Action.c(407): Think time - Waiting 5,00 seconds (according to limit).	[MsgId: MMSG-15946]
Action.c(407): lr_think_time: 5,00 seconds (recorded think time was 86,00 seconds).	[MsgId: MMSG-15947]
Action.c(409): Notify: Transaction "payment_details" started.	[MsgId: MMSG-16999]
Action.c(411): web_reg_find started  	[MsgId: MMSG-26355]
Action.c(411): Registering web_reg_find was successful  	[MsgId: MMSG-26390]
Action.c(414): web_custom_request("reservations.pl_4") started  	[MsgId: MMSG-26355]
Action.c(414): Error -27721: Step download timeout (120 seconds) has expired when downloading resource "http://localhost:1080/cgi-bin/reservations.pl"  	[MsgId: MERR-27721]
End auto log messages stack.	[MsgId: MMSG-10544]


Start auto log messages stack - Iteration 12.	[MsgId: MMSG-10545]
Action.c(414): Aborting pending download of URL="http://localhost:1080/cgi-bin/reservations.pl" (RelFrameId=1, Internal ID=311)  	[MsgId: MMSG-27649]
Action.c(414): Error -26366: "Text=from Los Angeles to Los Angeles" not found for web_reg_find  	[MsgId: MERR-26366]
Action.c(414): Error -26374: The above "not found" error(s) may be explained by header and body byte counts being 0 and 0, respectively.  	[MsgId: MERR-26374]
End auto log messages stack.	[MsgId: MMSG-10544]


Start auto log messages stack - Iteration 15.	[MsgId: MMSG-10545]
Action.c(258): Registering web_custom_request("signoff.gif") was successful  	[MsgId: MMSG-26390]
Action.c(267): web_concurrent_end started  	[MsgId: MMSG-26355]
Action.c(267): web_concurrent_end was successful, 2898 body bytes, 1190 header bytes  	[MsgId: MMSG-26386]
Action.c(269): Notify: Transaction "login" ended with a "Pass" status (Duration: 5,2595 Think Time: 5,0071 Wasted Time: 0,0000).	[MsgId: MMSG-16870]
Action.c(271): Think time - Waiting 5,00 seconds (according to limit).	[MsgId: MMSG-15946]
Action.c(271): lr_think_time: 5,00 seconds (recorded think time was 67,00 seconds).	[MsgId: MMSG-15947]
Action.c(273): Notify: Transaction "click_flight" started.	[MsgId: MMSG-16999]
Action.c(275): web_reg_find started  	[MsgId: MMSG-26355]
Action.c(275): Registering web_reg_find was successful  	[MsgId: MMSG-26390]
Action.c(278): web_custom_request("Search Flights Button") started  	[MsgId: MMSG-26355]
Action.c(278): Error -27721: Step download timeout (120 seconds) has expired when downloading resource "http://localhost:1080/cgi-bin/welcome.pl?page=search"  	[MsgId: MERR-27721]
End auto log messages stack.	[MsgId: MMSG-10544]


Start auto log messages stack - Iteration 15.	[MsgId: MMSG-10545]
Action.c(278): Aborting pending download of URL="http://localhost:1080/cgi-bin/welcome.pl?page=search" (RelFrameId=1, Internal ID=380)  	[MsgId: MMSG-27649]
Action.c(278): Error -26366: "Text=User has returned to the search page" not found for web_reg_find  	[MsgId: MERR-26366]
Action.c(278): Error -26374: The above "not found" error(s) may be explained by header and body byte counts being 0 and 0, respectively.  	[MsgId: MERR-26374]
End auto log messages stack.	[MsgId: MMSG-10544]


Start auto log messages stack - Iteration 17.	[MsgId: MMSG-10545]
Action.c(278): web_custom_request("Search Flights Button") was successful, 616 body bytes, 216 header bytes, 12 chunking overhead bytes  	[MsgId: MMSG-26385]
Action.c(288): web_concurrent_start started  	[MsgId: MMSG-26355]
Action.c(288): web_concurrent_start was successful  	[MsgId: MMSG-26392]
Action.c(290): web_custom_request("nav.pl_3") started  	[MsgId: MMSG-26355]
Action.c(290): Registering web_custom_request("nav.pl_3") was successful  	[MsgId: MMSG-26390]
Action.c(300): web_custom_request("reservations.pl") started  	[MsgId: MMSG-26355]
Action.c(300): Registering web_custom_request("reservations.pl") was successful  	[MsgId: MMSG-26390]
Action.c(310): web_concurrent_end started  	[MsgId: MMSG-26355]
Action.c(300): Error -27721: Step download timeout (120 seconds) has expired when downloading resource "http://localhost:1080/cgi-bin/reservations.pl?page=welcome"   [issued at Action.c(310)]  	[MsgId: MERR-27721]
End auto log messages stack.	[MsgId: MMSG-10544]


Start auto log messages stack - Iteration 25.	[MsgId: MMSG-10545]
Action.c(338): web_custom_request("button_next.gif") was successful, 758 body bytes, 298 header bytes  	[MsgId: MMSG-26386]
Action.c(347): Notify: Transaction "find_flight" started.	[MsgId: MMSG-16999]
Action.c(349): web_add_auto_header("Origin") started  	[MsgId: MMSG-26355]
Action.c(349): web_add_auto_header("Origin") was successful  	[MsgId: MMSG-26392]
Action.c(352): web_reg_find started  	[MsgId: MMSG-26355]
Action.c(352): Registering web_reg_find was successful  	[MsgId: MMSG-26390]
Action.c(356): web_reg_save_param_attrib started  	[MsgId: MMSG-26355]
Action.c(356): Registering web_reg_save_param_attrib was successful  	[MsgId: MMSG-26390]
Action.c(371): web_custom_request("reservations.pl_2") started  	[MsgId: MMSG-26355]
Action.c(371): Error -26612: HTTP Status-Code=500 (Internal Server Error) for "http://localhost:1080/cgi-bin/reservations.pl"  	[MsgId: MERR-26612]
Action.c(371): Error -35048: No match found for the requested parameter "outboundFlight". Check whether the tag with specific attributes exists in the response data  	[MsgId: MERR-35048]
Action.c(371): Error -26366: "Text=from <B>Zurich</B> to <B>Sydney</B>" not found for web_reg_find  	[MsgId: MERR-26366]
End auto log messages stack.	[MsgId: MMSG-10544]


Start auto log messages stack - Iteration 20.	[MsgId: MMSG-10545]
Action.c(371): Registered web_reg_find successful for "Text=from <B>Seattle</B> to <B>Los Angeles</B>" (count=1)  	[MsgId: MMSG-26364]
Action.c(371): web_custom_request("reservations.pl_2") was successful, 2449 body bytes, 255 header bytes, 12 chunking overhead bytes  	[MsgId: MMSG-26385]
Action.c(382): web_convert_param started  	[MsgId: MMSG-26355]
Action.c(382): web_convert_param was successful  	[MsgId: MMSG-26392]
Action.c(388): Notify: Transaction "find_flight" ended with a "Pass" status (Duration: 0,1827 Wasted Time: 0,0006).	[MsgId: MMSG-16871]
Action.c(390): Think time - Waiting 5,00 seconds (according to limit).	[MsgId: MMSG-15946]
Action.c(390): lr_think_time: 5,00 seconds (recorded think time was 25,00 seconds).	[MsgId: MMSG-15947]
Action.c(392): Notify: Transaction "choose_flight" started.	[MsgId: MMSG-16999]
Action.c(394): web_custom_request("reservations.pl_3") started  	[MsgId: MMSG-26355]
Action.c(394): Error -26612: HTTP Status-Code=500 (Internal Server Error) for "http://localhost:1080/cgi-bin/reservations.pl"  	[MsgId: MERR-26612]
End auto log messages stack.	[MsgId: MMSG-10544]


