Start auto log messages stack - Iteration 5.	[MsgId: MMSG-10545]
Action.c(334): web_custom_request("button_next.gif") was successful, 758 body bytes, 298 header bytes  	[MsgId: MMSG-26386]
Action.c(343): Notify: Transaction "find_flight" started.	[MsgId: MMSG-16999]
Action.c(345): web_add_auto_header("Origin") started  	[MsgId: MMSG-26355]
Action.c(345): web_add_auto_header("Origin") was successful  	[MsgId: MMSG-26392]
Action.c(348): web_reg_find started  	[MsgId: MMSG-26355]
Action.c(348): Registering web_reg_find was successful  	[MsgId: MMSG-26390]
Action.c(352): web_reg_save_param_attrib started  	[MsgId: MMSG-26355]
Action.c(352): Registering web_reg_save_param_attrib was successful  	[MsgId: MMSG-26390]
Action.c(367): web_custom_request("reservations.pl_2") started  	[MsgId: MMSG-26355]
Action.c(367): Error -26612: HTTP Status-Code=500 (Internal Server Error) for "http://localhost:1080/cgi-bin/reservations.pl"  	[MsgId: MERR-26612]
Action.c(367): Error -35048: No match found for the requested parameter "outboundFlight". Check whether the tag with specific attributes exists in the response data  	[MsgId: MERR-35048]
Action.c(367): Error -26366: "Text=from <B>Paris</B> to <B>London</B>" not found for web_reg_find  	[MsgId: MERR-26366]
End auto log messages stack.	[MsgId: MMSG-10544]


Start auto log messages stack - Iteration 8.	[MsgId: MMSG-10545]
Action.c(274): web_custom_request("Search Flights Button") was successful, 616 body bytes, 216 header bytes, 12 chunking overhead bytes  	[MsgId: MMSG-26385]
Action.c(284): web_concurrent_start started  	[MsgId: MMSG-26355]
Action.c(284): web_concurrent_start was successful  	[MsgId: MMSG-26392]
Action.c(286): web_custom_request("nav.pl_3") started  	[MsgId: MMSG-26355]
Action.c(286): Registering web_custom_request("nav.pl_3") was successful  	[MsgId: MMSG-26390]
Action.c(296): web_custom_request("reservations.pl") started  	[MsgId: MMSG-26355]
Action.c(296): Registering web_custom_request("reservations.pl") was successful  	[MsgId: MMSG-26390]
Action.c(306): web_concurrent_end started  	[MsgId: MMSG-26355]
Action.c(286): Error -26612: HTTP Status-Code=500 (Internal Server Error) for "http://localhost:1080/cgi-bin/nav.pl?page=menu&in=flights"   [issued at Action.c(306)]  	[MsgId: MERR-26612]
End auto log messages stack.	[MsgId: MMSG-10544]


Start auto log messages stack - Iteration 15.	[MsgId: MMSG-10545]
Action.c(367): Registered web_reg_find successful for "Text=from <B>Denver</B> to <B>Portland</B>" (count=1)  	[MsgId: MMSG-26364]
Action.c(367): web_custom_request("reservations.pl_2") was successful, 2441 body bytes, 255 header bytes, 12 chunking overhead bytes  	[MsgId: MMSG-26385]
Action.c(378): web_convert_param started  	[MsgId: MMSG-26355]
Action.c(378): web_convert_param was successful  	[MsgId: MMSG-26392]
Action.c(384): Notify: Transaction "find_flight" ended with a "Pass" status (Duration: 0,1185 Wasted Time: 0,0003).	[MsgId: MMSG-16871]
Action.c(386): Think time - Waiting 5,00 seconds (according to limit).	[MsgId: MMSG-15946]
Action.c(386): lr_think_time: 5,00 seconds (recorded think time was 25,00 seconds).	[MsgId: MMSG-15947]
Action.c(388): Notify: Transaction "choose_flight" started.	[MsgId: MMSG-16999]
Action.c(390): web_custom_request("reservations.pl_3") started  	[MsgId: MMSG-26355]
Action.c(390): Error -26612: HTTP Status-Code=500 (Internal Server Error) for "http://localhost:1080/cgi-bin/reservations.pl"  	[MsgId: MERR-26612]
End auto log messages stack.	[MsgId: MMSG-10544]


Start auto log messages stack - Iteration 22.	[MsgId: MMSG-10545]
Action.c(124): web_concurrent_start started  	[MsgId: MMSG-26355]
Action.c(124): web_concurrent_start was successful  	[MsgId: MMSG-26392]
Action.c(126): web_custom_request("home.html") started  	[MsgId: MMSG-26355]
Action.c(126): Registering web_custom_request("home.html") was successful  	[MsgId: MMSG-26390]
Action.c(136): web_reg_save_param started  	[MsgId: MMSG-26355]
Action.c(136): Registering web_reg_save_param was successful  	[MsgId: MMSG-26390]
Action.c(141): web_custom_request("nav.pl") started  	[MsgId: MMSG-26355]
Action.c(141): Registering web_custom_request("nav.pl") was successful  	[MsgId: MMSG-26390]
Action.c(151): web_concurrent_end started  	[MsgId: MMSG-26355]
Action.c(141): Error -26612: HTTP Status-Code=500 (Internal Server Error) for "http://localhost:1080/cgi-bin/nav.pl?in=home"   [issued at Action.c(151)]  	[MsgId: MERR-26612]
Action.c(151): Error -26377: No match found for the requested parameter "userSession". Either the specified boundaries were not found in the response or the matched text is longer than current max html parameter size of 256 bytes. The total length of the response is 1896 bytes. You can use "web_set_max_html_param_len" to increase the max parameter size.  	[MsgId: MERR-26377]
End auto log messages stack.	[MsgId: MMSG-10544]


Start auto log messages stack - Iteration 23.	[MsgId: MMSG-10545]
Action.c(334): web_custom_request("button_next.gif") was successful, 758 body bytes, 298 header bytes  	[MsgId: MMSG-26386]
Action.c(343): Notify: Transaction "find_flight" started.	[MsgId: MMSG-16999]
Action.c(345): web_add_auto_header("Origin") started  	[MsgId: MMSG-26355]
Action.c(345): web_add_auto_header("Origin") was successful  	[MsgId: MMSG-26392]
Action.c(348): web_reg_find started  	[MsgId: MMSG-26355]
Action.c(348): Registering web_reg_find was successful  	[MsgId: MMSG-26390]
Action.c(352): web_reg_save_param_attrib started  	[MsgId: MMSG-26355]
Action.c(352): Registering web_reg_save_param_attrib was successful  	[MsgId: MMSG-26390]
Action.c(367): web_custom_request("reservations.pl_2") started  	[MsgId: MMSG-26355]
Action.c(367): Error -26612: HTTP Status-Code=500 (Internal Server Error) for "http://localhost:1080/cgi-bin/reservations.pl"  	[MsgId: MERR-26612]
Action.c(367): Error -35048: No match found for the requested parameter "outboundFlight". Check whether the tag with specific attributes exists in the response data  	[MsgId: MERR-35048]
Action.c(367): Error -26366: "Text=from <B>Paris</B> to <B>London</B>" not found for web_reg_find  	[MsgId: MERR-26366]
End auto log messages stack.	[MsgId: MMSG-10544]


Start auto log messages stack - Iteration 27.	[MsgId: MMSG-10545]
Action.c(56): Registering web_custom_request("header.html") was successful  	[MsgId: MMSG-26390]
Action.c(66): web_add_header("Sec-Fetch-Site") started  	[MsgId: MMSG-26355]
Action.c(66): web_add_header("Sec-Fetch-Site") was successful  	[MsgId: MMSG-26392]
Action.c(69): web_add_header("Sec-Fetch-Dest") started  	[MsgId: MMSG-26355]
Action.c(69): web_add_header("Sec-Fetch-Dest") was successful  	[MsgId: MMSG-26392]
Action.c(72): web_custom_request("welcome.pl") started  	[MsgId: MMSG-26355]
Action.c(72): Registering web_custom_request("welcome.pl") was successful  	[MsgId: MMSG-26390]
Action.c(82): web_concurrent_end started  	[MsgId: MMSG-26355]
Action.c(72): Error -26612: HTTP Status-Code=500 (Internal Server Error) for "http://localhost:1080/cgi-bin/welcome.pl?signOff=true"   [issued at Action.c(82)]  	[MsgId: MERR-26612]
End auto log messages stack.	[MsgId: MMSG-10544]


Start auto log messages stack - Iteration 30.	[MsgId: MMSG-10545]
Action.c(187): web_custom_request("login.pl") was successful, 481 body bytes, 419 header bytes, 12 chunking overhead bytes  	[MsgId: MMSG-26385]
Action.c(198): web_concurrent_start started  	[MsgId: MMSG-26355]
Action.c(198): web_concurrent_start was successful  	[MsgId: MMSG-26392]
Action.c(200): web_custom_request("nav.pl_2") started  	[MsgId: MMSG-26355]
Action.c(200): Registering web_custom_request("nav.pl_2") was successful  	[MsgId: MMSG-26390]
Action.c(213): web_custom_request("login.pl_2") started  	[MsgId: MMSG-26355]
Action.c(213): Registering web_custom_request("login.pl_2") was successful  	[MsgId: MMSG-26390]
Action.c(223): web_concurrent_end started  	[MsgId: MMSG-26355]
Action.c(200): Error -26612: HTTP Status-Code=500 (Internal Server Error) for "http://localhost:1080/cgi-bin/nav.pl?page=menu&in=home"   [issued at Action.c(223)]  	[MsgId: MERR-26612]
End auto log messages stack.	[MsgId: MMSG-10544]


Start auto log messages stack - Iteration 32.	[MsgId: MMSG-10545]
Action.c(254): Registering web_custom_request("signoff.gif") was successful  	[MsgId: MMSG-26390]
Action.c(263): web_concurrent_end started  	[MsgId: MMSG-26355]
Action.c(263): web_concurrent_end was successful, 2898 body bytes, 1190 header bytes  	[MsgId: MMSG-26386]
Action.c(265): Notify: Transaction "login" ended with a "Pass" status (Duration: 5,2764 Think Time: 5,0148).	[MsgId: MMSG-16872]
Action.c(267): Think time - Waiting 5,00 seconds (according to limit).	[MsgId: MMSG-15946]
Action.c(267): lr_think_time: 5,00 seconds (recorded think time was 67,00 seconds).	[MsgId: MMSG-15947]
Action.c(269): Notify: Transaction "click_flight" started.	[MsgId: MMSG-16999]
Action.c(271): web_reg_find started  	[MsgId: MMSG-26355]
Action.c(271): Registering web_reg_find was successful  	[MsgId: MMSG-26390]
Action.c(274): web_custom_request("Search Flights Button") started  	[MsgId: MMSG-26355]
Action.c(274): Error -26612: HTTP Status-Code=500 (Internal Server Error) for "http://localhost:1080/cgi-bin/welcome.pl?page=search"  	[MsgId: MERR-26612]
Action.c(274): Error -26366: "Text=User has returned to the search page" not found for web_reg_find  	[MsgId: MERR-26366]
End auto log messages stack.	[MsgId: MMSG-10544]


