Start auto log messages stack - Iteration 2.	[MsgId: MMSG-10545]
Action.c(194): web_custom_request("login.pl") was successful, 481 body bytes, 391 header bytes, 12 chunking overhead bytes  	[MsgId: MMSG-26385]
Action.c(205): web_concurrent_start started  	[MsgId: MMSG-26355]
Action.c(205): web_concurrent_start was successful  	[MsgId: MMSG-26392]
Action.c(207): web_custom_request("nav.pl_2") started  	[MsgId: MMSG-26355]
Action.c(207): Registering web_custom_request("nav.pl_2") was successful  	[MsgId: MMSG-26390]
Action.c(220): web_custom_request("login.pl_2") started  	[MsgId: MMSG-26355]
Action.c(220): Registering web_custom_request("login.pl_2") was successful  	[MsgId: MMSG-26390]
Action.c(230): web_concurrent_end started  	[MsgId: MMSG-26355]
Action.c(220): Error -26612: HTTP Status-Code=500 (Internal Server Error) for "http://localhost:1080/cgi-bin/login.pl?intro=true"   [issued at Action.c(230)]  	[MsgId: MERR-26612]
End auto log messages stack.	[MsgId: MMSG-10544]


Start auto log messages stack - Iteration 3.	[MsgId: MMSG-10545]
Action.c(57): Registering web_custom_request("header.html") was successful  	[MsgId: MMSG-26390]
Action.c(67): web_add_header("Sec-Fetch-Site") started  	[MsgId: MMSG-26355]
Action.c(67): web_add_header("Sec-Fetch-Site") was successful  	[MsgId: MMSG-26392]
Action.c(70): web_add_header("Sec-Fetch-Dest") started  	[MsgId: MMSG-26355]
Action.c(70): web_add_header("Sec-Fetch-Dest") was successful  	[MsgId: MMSG-26392]
Action.c(73): web_custom_request("welcome.pl") started  	[MsgId: MMSG-26355]
Action.c(73): Registering web_custom_request("welcome.pl") was successful  	[MsgId: MMSG-26390]
Action.c(83): web_concurrent_end started  	[MsgId: MMSG-26355]
Action.c(73): Error -26612: HTTP Status-Code=500 (Internal Server Error) for "http://localhost:1080/cgi-bin/welcome.pl?signOff=true"   [issued at Action.c(83)]  	[MsgId: MERR-26612]
End auto log messages stack.	[MsgId: MMSG-10544]


Start auto log messages stack - Iteration 5.	[MsgId: MMSG-10545]
Action.c(393): lr_think_time: 5,00 seconds (recorded think time was 25,00 seconds).	[MsgId: MMSG-15947]
Action.c(395): Notify: Transaction "choose_flight" started.	[MsgId: MMSG-16999]
Action.c(397): web_custom_request("reservations.pl_3") started  	[MsgId: MMSG-26355]
Action.c(397): web_custom_request("reservations.pl_3") was successful, 2749 body bytes, 255 header bytes, 12 chunking overhead bytes  	[MsgId: MMSG-26385]
Action.c(408): Notify: Transaction "choose_flight" ended with a "Pass" status (Duration: 0,0953).	[MsgId: MMSG-16873]
Action.c(410): Think time - Waiting 5,00 seconds (according to limit).	[MsgId: MMSG-15946]
Action.c(410): lr_think_time: 5,00 seconds (recorded think time was 86,00 seconds).	[MsgId: MMSG-15947]
Action.c(412): Notify: Transaction "payment_details" started.	[MsgId: MMSG-16999]
Action.c(414): web_reg_find started  	[MsgId: MMSG-26355]
Action.c(414): Registering web_reg_find was successful  	[MsgId: MMSG-26390]
Action.c(417): web_custom_request("reservations.pl_4") started  	[MsgId: MMSG-26355]
Action.c(417): Error -26612: HTTP Status-Code=500 (Internal Server Error) for "http://localhost:1080/cgi-bin/reservations.pl"  	[MsgId: MERR-26612]
Action.c(417): Error -26366: "Text=from Portland to Paris" not found for web_reg_find  	[MsgId: MERR-26366]
End auto log messages stack.	[MsgId: MMSG-10544]


Start auto log messages stack - Iteration 12.	[MsgId: MMSG-10545]
Action.c(252): Registering web_custom_request("in_home.gif") was successful  	[MsgId: MMSG-26390]
Action.c(261): web_custom_request("signoff.gif") started  	[MsgId: MMSG-26355]
Action.c(261): Registering web_custom_request("signoff.gif") was successful  	[MsgId: MMSG-26390]
Action.c(270): web_concurrent_end started  	[MsgId: MMSG-26355]
Action.c(270): web_concurrent_end was successful, 2898 body bytes, 1190 header bytes  	[MsgId: MMSG-26386]
Action.c(272): Notify: Transaction "login" ended with a "Pass" status (Duration: 5,2538 Think Time: 5,0014).	[MsgId: MMSG-16872]
Action.c(274): Think time - Waiting 5,00 seconds (according to limit).	[MsgId: MMSG-15946]
Action.c(274): lr_think_time: 5,00 seconds (recorded think time was 67,00 seconds).	[MsgId: MMSG-15947]
Action.c(276): Notify: Transaction "click_flight" started.	[MsgId: MMSG-16999]
Action.c(281): web_custom_request("Search Flights Button") started  	[MsgId: MMSG-26355]
Action.c(281): Error -26612: HTTP Status-Code=500 (Internal Server Error) for "http://localhost:1080/cgi-bin/welcome.pl?page=search"  	[MsgId: MERR-26612]
End auto log messages stack.	[MsgId: MMSG-10544]


Start auto log messages stack - Iteration 16.	[MsgId: MMSG-10545]
Action.c(194): web_custom_request("login.pl") was successful, 481 body bytes, 412 header bytes, 12 chunking overhead bytes  	[MsgId: MMSG-26385]
Action.c(205): web_concurrent_start started  	[MsgId: MMSG-26355]
Action.c(205): web_concurrent_start was successful  	[MsgId: MMSG-26392]
Action.c(207): web_custom_request("nav.pl_2") started  	[MsgId: MMSG-26355]
Action.c(207): Registering web_custom_request("nav.pl_2") was successful  	[MsgId: MMSG-26390]
Action.c(220): web_custom_request("login.pl_2") started  	[MsgId: MMSG-26355]
Action.c(220): Registering web_custom_request("login.pl_2") was successful  	[MsgId: MMSG-26390]
Action.c(230): web_concurrent_end started  	[MsgId: MMSG-26355]
Action.c(220): Error -26612: HTTP Status-Code=500 (Internal Server Error) for "http://localhost:1080/cgi-bin/login.pl?intro=true"   [issued at Action.c(230)]  	[MsgId: MERR-26612]
End auto log messages stack.	[MsgId: MMSG-10544]


Start auto log messages stack - Iteration 26.	[MsgId: MMSG-10545]
Action.c(281): web_custom_request("Search Flights Button") was successful, 616 body bytes, 216 header bytes, 12 chunking overhead bytes  	[MsgId: MMSG-26385]
Action.c(291): web_concurrent_start started  	[MsgId: MMSG-26355]
Action.c(291): web_concurrent_start was successful  	[MsgId: MMSG-26392]
Action.c(293): web_custom_request("nav.pl_3") started  	[MsgId: MMSG-26355]
Action.c(293): Registering web_custom_request("nav.pl_3") was successful  	[MsgId: MMSG-26390]
Action.c(303): web_custom_request("reservations.pl") started  	[MsgId: MMSG-26355]
Action.c(303): Registering web_custom_request("reservations.pl") was successful  	[MsgId: MMSG-26390]
Action.c(313): web_concurrent_end started  	[MsgId: MMSG-26355]
Action.c(293): Error -26612: HTTP Status-Code=500 (Internal Server Error) for "http://localhost:1080/cgi-bin/nav.pl?page=menu&in=flights"   [issued at Action.c(313)]  	[MsgId: MERR-26612]
End auto log messages stack.	[MsgId: MMSG-10544]


Start auto log messages stack - Iteration 25.	[MsgId: MMSG-10545]
Action.c(252): Registering web_custom_request("in_home.gif") was successful  	[MsgId: MMSG-26390]
Action.c(261): web_custom_request("signoff.gif") started  	[MsgId: MMSG-26355]
Action.c(261): Registering web_custom_request("signoff.gif") was successful  	[MsgId: MMSG-26390]
Action.c(270): web_concurrent_end started  	[MsgId: MMSG-26355]
Action.c(270): web_concurrent_end was successful, 2898 body bytes, 1190 header bytes  	[MsgId: MMSG-26386]
Action.c(272): Notify: Transaction "login" ended with a "Pass" status (Duration: 5,2623 Think Time: 5,0021).	[MsgId: MMSG-16872]
Action.c(274): Think time - Waiting 5,00 seconds (according to limit).	[MsgId: MMSG-15946]
Action.c(274): lr_think_time: 5,00 seconds (recorded think time was 67,00 seconds).	[MsgId: MMSG-15947]
Action.c(276): Notify: Transaction "click_flight" started.	[MsgId: MMSG-16999]
Action.c(281): web_custom_request("Search Flights Button") started  	[MsgId: MMSG-26355]
Action.c(281): Error -26612: HTTP Status-Code=500 (Internal Server Error) for "http://localhost:1080/cgi-bin/welcome.pl?page=search"  	[MsgId: MERR-26612]
End auto log messages stack.	[MsgId: MMSG-10544]


Start auto log messages stack - Iteration 30.	[MsgId: MMSG-10545]
Action.c(393): lr_think_time: 5,00 seconds (recorded think time was 25,00 seconds).	[MsgId: MMSG-15947]
Action.c(395): Notify: Transaction "choose_flight" started.	[MsgId: MMSG-16999]
Action.c(397): web_custom_request("reservations.pl_3") started  	[MsgId: MMSG-26355]
Action.c(397): web_custom_request("reservations.pl_3") was successful, 2765 body bytes, 255 header bytes, 12 chunking overhead bytes  	[MsgId: MMSG-26385]
Action.c(408): Notify: Transaction "choose_flight" ended with a "Pass" status (Duration: 0,0938).	[MsgId: MMSG-16873]
Action.c(410): Think time - Waiting 5,00 seconds (according to limit).	[MsgId: MMSG-15946]
Action.c(410): lr_think_time: 5,00 seconds (recorded think time was 86,00 seconds).	[MsgId: MMSG-15947]
Action.c(412): Notify: Transaction "payment_details" started.	[MsgId: MMSG-16999]
Action.c(414): web_reg_find started  	[MsgId: MMSG-26355]
Action.c(414): Registering web_reg_find was successful  	[MsgId: MMSG-26390]
Action.c(417): web_custom_request("reservations.pl_4") started  	[MsgId: MMSG-26355]
Action.c(417): Error -26612: HTTP Status-Code=500 (Internal Server Error) for "http://localhost:1080/cgi-bin/reservations.pl"  	[MsgId: MERR-26612]
Action.c(417): Error -26366: "Text=from Frankfurt to London" not found for web_reg_find  	[MsgId: MERR-26366]
End auto log messages stack.	[MsgId: MMSG-10544]


