Start auto log messages stack - Iteration 4.	[MsgId: MMSG-10545]
Action.c(254): Registering web_custom_request("signoff.gif") was successful  	[MsgId: MMSG-26390]
Action.c(263): web_concurrent_end started  	[MsgId: MMSG-26355]
Action.c(263): web_concurrent_end was successful, 2898 body bytes, 1190 header bytes  	[MsgId: MMSG-26386]
Action.c(265): Notify: Transaction "login" ended with a "Pass" status (Duration: 1,2654 Think Time: 1,0008).	[MsgId: MMSG-16872]
Action.c(267): Think time - Waiting 1,00 seconds (according to limit).	[MsgId: MMSG-15946]
Action.c(267): lr_think_time: 1,00 seconds (recorded think time was 67,00 seconds).	[MsgId: MMSG-15947]
Action.c(269): Notify: Transaction "click_flight" started.	[MsgId: MMSG-16999]
Action.c(271): web_reg_find started  	[MsgId: MMSG-26355]
Action.c(271): Registering web_reg_find was successful  	[MsgId: MMSG-26390]
Action.c(274): web_custom_request("Search Flights Button") started  	[MsgId: MMSG-26355]
Action.c(274): Error -26612: HTTP Status-Code=500 (Internal Server Error) for "http://localhost:1080/cgi-bin/welcome.pl?page=search"  	[MsgId: MERR-26612]
Action.c(274): Error -26366: "Text=User has returned to the search page" not found for web_reg_find  	[MsgId: MERR-26366]
End auto log messages stack.	[MsgId: MMSG-10544]


Start auto log messages stack - Iteration 10.	[MsgId: MMSG-10545]
Action.c(187): web_custom_request("login.pl") was successful, 481 body bytes, 418 header bytes, 12 chunking overhead bytes  	[MsgId: MMSG-26385]
Action.c(198): web_concurrent_start started  	[MsgId: MMSG-26355]
Action.c(198): web_concurrent_start was successful  	[MsgId: MMSG-26392]
Action.c(200): web_custom_request("nav.pl_2") started  	[MsgId: MMSG-26355]
Action.c(200): Registering web_custom_request("nav.pl_2") was successful  	[MsgId: MMSG-26390]
Action.c(213): web_custom_request("login.pl_2") started  	[MsgId: MMSG-26355]
Action.c(213): Registering web_custom_request("login.pl_2") was successful  	[MsgId: MMSG-26390]
Action.c(223): web_concurrent_end started  	[MsgId: MMSG-26355]
Action.c(200): Error -26612: HTTP Status-Code=500 (Internal Server Error) for "http://localhost:1080/cgi-bin/nav.pl?page=menu&in=home"   [issued at Action.c(223)]  	[MsgId: MERR-26612]
End auto log messages stack.	[MsgId: MMSG-10544]


Start auto log messages stack - Iteration 12.	[MsgId: MMSG-10545]
Action.c(174): Notify: Transaction "login" started.	[MsgId: MMSG-16999]
Action.c(176): web_add_auto_header("Sec-Fetch-Site") started  	[MsgId: MMSG-26355]
Action.c(176): web_add_auto_header("Sec-Fetch-Site") was successful  	[MsgId: MMSG-26392]
Action.c(179): web_add_auto_header("Sec-Fetch-Dest") started  	[MsgId: MMSG-26355]
Action.c(179): web_add_auto_header("Sec-Fetch-Dest") was successful  	[MsgId: MMSG-26392]
Action.c(182): web_add_header("Origin") started  	[MsgId: MMSG-26355]
Action.c(182): web_add_header("Origin") was successful  	[MsgId: MMSG-26392]
Action.c(185): Think time - Waiting 1,00 seconds (according to limit).	[MsgId: MMSG-15946]
Action.c(185): lr_think_time: 1,00 seconds (recorded think time was 114,00 seconds).	[MsgId: MMSG-15947]
Action.c(187): web_custom_request("login.pl") started  	[MsgId: MMSG-26355]
Action.c(187): Error -26612: HTTP Status-Code=500 (Internal Server Error) for "http://localhost:1080/cgi-bin/login.pl"  	[MsgId: MERR-26612]
End auto log messages stack.	[MsgId: MMSG-10544]


Start auto log messages stack - Iteration 31.	[MsgId: MMSG-10545]
Action.c(274): web_custom_request("Search Flights Button") was successful, 616 body bytes, 215 header bytes, 12 chunking overhead bytes  	[MsgId: MMSG-26385]
Action.c(284): web_concurrent_start started  	[MsgId: MMSG-26355]
Action.c(284): web_concurrent_start was successful  	[MsgId: MMSG-26392]
Action.c(286): web_custom_request("nav.pl_3") started  	[MsgId: MMSG-26355]
Action.c(286): Registering web_custom_request("nav.pl_3") was successful  	[MsgId: MMSG-26390]
Action.c(296): web_custom_request("reservations.pl") started  	[MsgId: MMSG-26355]
Action.c(296): Registering web_custom_request("reservations.pl") was successful  	[MsgId: MMSG-26390]
Action.c(306): web_concurrent_end started  	[MsgId: MMSG-26355]
Action.c(296): Error -26612: HTTP Status-Code=500 (Internal Server Error) for "http://localhost:1080/cgi-bin/reservations.pl?page=welcome"   [issued at Action.c(306)]  	[MsgId: MERR-26612]
End auto log messages stack.	[MsgId: MMSG-10544]


