Start auto log messages stack - Iteration 22.	[MsgId: MMSG-10545]
Action.c(57): Registering web_custom_request("header.html") was successful  	[MsgId: MMSG-26390]
Action.c(67): web_add_header("Sec-Fetch-Site") started  	[MsgId: MMSG-26355]
Action.c(67): web_add_header("Sec-Fetch-Site") was successful  	[MsgId: MMSG-26392]
Action.c(70): web_add_header("Sec-Fetch-Dest") started  	[MsgId: MMSG-26355]
Action.c(70): web_add_header("Sec-Fetch-Dest") was successful  	[MsgId: MMSG-26392]
Action.c(73): web_custom_request("welcome.pl") started  	[MsgId: MMSG-26355]
Action.c(73): Registering web_custom_request("welcome.pl") was successful  	[MsgId: MMSG-26390]
Action.c(83): web_concurrent_end started  	[MsgId: MMSG-26355]
Action.c(73): Error -26612: HTTP Status-Code=500 (Internal Server Error) for "http://localhost:1080/cgi-bin/welcome.pl?signOff=true"   [issued at Action.c(83)]  	[MsgId: MERR-26612]
End auto log messages stack.	[MsgId: MMSG-10544]


Start auto log messages stack - Iteration 24.	[MsgId: MMSG-10545]
Action.c(57): Registering web_custom_request("header.html") was successful  	[MsgId: MMSG-26390]
Action.c(67): web_add_header("Sec-Fetch-Site") started  	[MsgId: MMSG-26355]
Action.c(67): web_add_header("Sec-Fetch-Site") was successful  	[MsgId: MMSG-26392]
Action.c(70): web_add_header("Sec-Fetch-Dest") started  	[MsgId: MMSG-26355]
Action.c(70): web_add_header("Sec-Fetch-Dest") was successful  	[MsgId: MMSG-26392]
Action.c(73): web_custom_request("welcome.pl") started  	[MsgId: MMSG-26355]
Action.c(73): Registering web_custom_request("welcome.pl") was successful  	[MsgId: MMSG-26390]
Action.c(83): web_concurrent_end started  	[MsgId: MMSG-26355]
Action.c(73): Error -26612: HTTP Status-Code=500 (Internal Server Error) for "http://localhost:1080/cgi-bin/welcome.pl?signOff=true"   [issued at Action.c(83)]  	[MsgId: MERR-26612]
End auto log messages stack.	[MsgId: MMSG-10544]


Start auto log messages stack - Iteration 23.	[MsgId: MMSG-10545]
Action.c(371): Registered web_reg_find successful for "Text=from <B>Denver</B> to <B>London</B>" (count=1)  	[MsgId: MMSG-26364]
Action.c(371): web_custom_request("reservations.pl_2") was successful, 2437 body bytes, 255 header bytes, 12 chunking overhead bytes  	[MsgId: MMSG-26385]
Action.c(382): web_convert_param started  	[MsgId: MMSG-26355]
Action.c(382): web_convert_param was successful  	[MsgId: MMSG-26392]
Action.c(388): Notify: Transaction "find_flight" ended with a "Pass" status (Duration: 0,0925 Wasted Time: 0,0003).	[MsgId: MMSG-16871]
Action.c(390): Think time - Waiting 5,00 seconds (according to limit).	[MsgId: MMSG-15946]
Action.c(390): lr_think_time: 5,00 seconds (recorded think time was 25,00 seconds).	[MsgId: MMSG-15947]
Action.c(392): Notify: Transaction "choose_flight" started.	[MsgId: MMSG-16999]
Action.c(394): web_custom_request("reservations.pl_3") started  	[MsgId: MMSG-26355]
Action.c(394): Error -26612: HTTP Status-Code=500 (Internal Server Error) for "http://localhost:1080/cgi-bin/reservations.pl"  	[MsgId: MERR-26612]
End auto log messages stack.	[MsgId: MMSG-10544]


Start auto log messages stack - Iteration 26.	[MsgId: MMSG-10545]
Action.c(57): Registering web_custom_request("header.html") was successful  	[MsgId: MMSG-26390]
Action.c(67): web_add_header("Sec-Fetch-Site") started  	[MsgId: MMSG-26355]
Action.c(67): web_add_header("Sec-Fetch-Site") was successful  	[MsgId: MMSG-26392]
Action.c(70): web_add_header("Sec-Fetch-Dest") started  	[MsgId: MMSG-26355]
Action.c(70): web_add_header("Sec-Fetch-Dest") was successful  	[MsgId: MMSG-26392]
Action.c(73): web_custom_request("welcome.pl") started  	[MsgId: MMSG-26355]
Action.c(73): Registering web_custom_request("welcome.pl") was successful  	[MsgId: MMSG-26390]
Action.c(83): web_concurrent_end started  	[MsgId: MMSG-26355]
Action.c(73): Error -26612: HTTP Status-Code=500 (Internal Server Error) for "http://localhost:1080/cgi-bin/welcome.pl?signOff=true"   [issued at Action.c(83)]  	[MsgId: MERR-26612]
End auto log messages stack.	[MsgId: MMSG-10544]


Start auto log messages stack - Iteration 29.	[MsgId: MMSG-10545]
Action.c(278): web_custom_request("Search Flights Button") was successful, 616 body bytes, 216 header bytes, 12 chunking overhead bytes  	[MsgId: MMSG-26385]
Action.c(288): web_concurrent_start started  	[MsgId: MMSG-26355]
Action.c(288): web_concurrent_start was successful  	[MsgId: MMSG-26392]
Action.c(290): web_custom_request("nav.pl_3") started  	[MsgId: MMSG-26355]
Action.c(290): Registering web_custom_request("nav.pl_3") was successful  	[MsgId: MMSG-26390]
Action.c(300): web_custom_request("reservations.pl") started  	[MsgId: MMSG-26355]
Action.c(300): Registering web_custom_request("reservations.pl") was successful  	[MsgId: MMSG-26390]
Action.c(310): web_concurrent_end started  	[MsgId: MMSG-26355]
Action.c(300): Error -26612: HTTP Status-Code=500 (Internal Server Error) for "http://localhost:1080/cgi-bin/reservations.pl?page=welcome"   [issued at Action.c(310)]  	[MsgId: MERR-26612]
End auto log messages stack.	[MsgId: MMSG-10544]


