Start auto log messages stack - Iteration 16.	[MsgId: MMSG-10545]
Action.c(57): Registering web_custom_request("header.html") was successful  	[MsgId: MMSG-26390]
Action.c(67): web_add_header("Sec-Fetch-Site") started  	[MsgId: MMSG-26355]
Action.c(67): web_add_header("Sec-Fetch-Site") was successful  	[MsgId: MMSG-26392]
Action.c(70): web_add_header("Sec-Fetch-Dest") started  	[MsgId: MMSG-26355]
Action.c(70): web_add_header("Sec-Fetch-Dest") was successful  	[MsgId: MMSG-26392]
Action.c(73): web_custom_request("welcome.pl") started  	[MsgId: MMSG-26355]
Action.c(73): Registering web_custom_request("welcome.pl") was successful  	[MsgId: MMSG-26390]
Action.c(83): web_concurrent_end started  	[MsgId: MMSG-26355]
Action.c(73): Error -26612: HTTP Status-Code=500 (Internal Server Error) for "http://localhost:1080/cgi-bin/welcome.pl?signOff=true"   [issued at Action.c(83)]  	[MsgId: MERR-26612]
End auto log messages stack.	[MsgId: MMSG-10544]


Start auto log messages stack - Iteration 20.	[MsgId: MMSG-10545]
Action.c(371): Registered web_reg_find successful for "Text=from <B>Denver</B> to <B>Portland</B>" (count=1)  	[MsgId: MMSG-26364]
Action.c(371): web_custom_request("reservations.pl_2") was successful, 2441 body bytes, 255 header bytes, 12 chunking overhead bytes  	[MsgId: MMSG-26385]
Action.c(382): web_convert_param started  	[MsgId: MMSG-26355]
Action.c(382): web_convert_param was successful  	[MsgId: MMSG-26392]
Action.c(388): Notify: Transaction "find_flight" ended with a "Pass" status (Duration: 0,0884 Wasted Time: 0,0003).	[MsgId: MMSG-16871]
Action.c(390): Think time - Waiting 5,00 seconds (according to limit).	[MsgId: MMSG-15946]
Action.c(390): lr_think_time: 5,00 seconds (recorded think time was 25,00 seconds).	[MsgId: MMSG-15947]
Action.c(392): Notify: Transaction "choose_flight" started.	[MsgId: MMSG-16999]
Action.c(394): web_custom_request("reservations.pl_3") started  	[MsgId: MMSG-26355]
Action.c(394): Error -26612: HTTP Status-Code=500 (Internal Server Error) for "http://localhost:1080/cgi-bin/reservations.pl"  	[MsgId: MERR-26612]
End auto log messages stack.	[MsgId: MMSG-10544]


Start auto log messages stack - Iteration 20.	[MsgId: MMSG-10545]
Action.c(390): lr_think_time: 5,00 seconds (recorded think time was 25,00 seconds).	[MsgId: MMSG-15947]
Action.c(392): Notify: Transaction "choose_flight" started.	[MsgId: MMSG-16999]
Action.c(394): web_custom_request("reservations.pl_3") started  	[MsgId: MMSG-26355]
Action.c(394): web_custom_request("reservations.pl_3") was successful, 2765 body bytes, 255 header bytes, 12 chunking overhead bytes  	[MsgId: MMSG-26385]
Action.c(405): Notify: Transaction "choose_flight" ended with a "Pass" status (Duration: 0,1007).	[MsgId: MMSG-16873]
Action.c(407): Think time - Waiting 5,00 seconds (according to limit).	[MsgId: MMSG-15946]
Action.c(407): lr_think_time: 5,00 seconds (recorded think time was 86,00 seconds).	[MsgId: MMSG-15947]
Action.c(409): Notify: Transaction "payment_details" started.	[MsgId: MMSG-16999]
Action.c(411): web_reg_find started  	[MsgId: MMSG-26355]
Action.c(411): Registering web_reg_find was successful  	[MsgId: MMSG-26390]
Action.c(414): web_custom_request("reservations.pl_4") started  	[MsgId: MMSG-26355]
Action.c(414): Error -26612: HTTP Status-Code=500 (Internal Server Error) for "http://localhost:1080/cgi-bin/reservations.pl"  	[MsgId: MERR-26612]
Action.c(414): Error -26366: "Text=from Paris to Portland" not found for web_reg_find  	[MsgId: MERR-26366]
End auto log messages stack.	[MsgId: MMSG-10544]


Start auto log messages stack - Iteration 24.	[MsgId: MMSG-10545]
Action.c(338): web_custom_request("button_next.gif") was successful, 758 body bytes, 298 header bytes  	[MsgId: MMSG-26386]
Action.c(347): Notify: Transaction "find_flight" started.	[MsgId: MMSG-16999]
Action.c(349): web_add_auto_header("Origin") started  	[MsgId: MMSG-26355]
Action.c(349): web_add_auto_header("Origin") was successful  	[MsgId: MMSG-26392]
Action.c(352): web_reg_find started  	[MsgId: MMSG-26355]
Action.c(352): Registering web_reg_find was successful  	[MsgId: MMSG-26390]
Action.c(356): web_reg_save_param_attrib started  	[MsgId: MMSG-26355]
Action.c(356): Registering web_reg_save_param_attrib was successful  	[MsgId: MMSG-26390]
Action.c(371): web_custom_request("reservations.pl_2") started  	[MsgId: MMSG-26355]
Action.c(371): Error -26612: HTTP Status-Code=500 (Internal Server Error) for "http://localhost:1080/cgi-bin/reservations.pl"  	[MsgId: MERR-26612]
Action.c(371): Error -35048: No match found for the requested parameter "outboundFlight". Check whether the tag with specific attributes exists in the response data  	[MsgId: MERR-35048]
Action.c(371): Error -26366: "Text=from <B>Denver</B> to <B>Portland</B>" not found for web_reg_find  	[MsgId: MERR-26366]
End auto log messages stack.	[MsgId: MMSG-10544]


Start auto log messages stack - Iteration 26.	[MsgId: MMSG-10545]
Action.c(338): web_custom_request("button_next.gif") was successful, 758 body bytes, 298 header bytes  	[MsgId: MMSG-26386]
Action.c(347): Notify: Transaction "find_flight" started.	[MsgId: MMSG-16999]
Action.c(349): web_add_auto_header("Origin") started  	[MsgId: MMSG-26355]
Action.c(349): web_add_auto_header("Origin") was successful  	[MsgId: MMSG-26392]
Action.c(352): web_reg_find started  	[MsgId: MMSG-26355]
Action.c(352): Registering web_reg_find was successful  	[MsgId: MMSG-26390]
Action.c(356): web_reg_save_param_attrib started  	[MsgId: MMSG-26355]
Action.c(356): Registering web_reg_save_param_attrib was successful  	[MsgId: MMSG-26390]
Action.c(371): web_custom_request("reservations.pl_2") started  	[MsgId: MMSG-26355]
Action.c(371): Error -26612: HTTP Status-Code=500 (Internal Server Error) for "http://localhost:1080/cgi-bin/reservations.pl"  	[MsgId: MERR-26612]
Action.c(371): Error -35048: No match found for the requested parameter "outboundFlight". Check whether the tag with specific attributes exists in the response data  	[MsgId: MERR-35048]
Action.c(371): Error -26366: "Text=from <B>Paris</B> to <B>Portland</B>" not found for web_reg_find  	[MsgId: MERR-26366]
End auto log messages stack.	[MsgId: MMSG-10544]


