Start auto log messages stack - Iteration 1.	[MsgId: MMSG-10545]
Action.c(468): web_custom_request("cancelreservation.gif") started  	[MsgId: MMSG-26355]
Action.c(468): Registering web_custom_request("cancelreservation.gif") was successful  	[MsgId: MMSG-26390]
Action.c(477): web_custom_request("cancelallreservations.gif") started  	[MsgId: MMSG-26355]
Action.c(477): Registering web_custom_request("cancelallreservations.gif") was successful  	[MsgId: MMSG-26390]
Action.c(486): web_concurrent_end started  	[MsgId: MMSG-26355]
Action.c(486): web_concurrent_end was successful, 1573 body bytes, 594 header bytes  	[MsgId: MMSG-26386]
Action.c(488): Notify: Transaction "itinerary" ended with a "Pass" status (Duration: 0,3316 Wasted Time: 0,0000).	[MsgId: MMSG-16871]
Action.c(490): Notify: Transaction "sign_off" started.	[MsgId: MMSG-16999]
Action.c(492): web_custom_request("SignOff Button") started  	[MsgId: MMSG-26355]
Action.c(492): Error -26612: HTTP Status-Code=500 (Internal Server Error) for "http://localhost:1080/cgi-bin/welcome.pl?signOff=1"  	[MsgId: MERR-26612]
End auto log messages stack.	[MsgId: MMSG-10544]


Start auto log messages stack - Iteration 5.	[MsgId: MMSG-10545]
Action.c(56): Registering web_custom_request("header.html") was successful  	[MsgId: MMSG-26390]
Action.c(66): web_add_header("Sec-Fetch-Site") started  	[MsgId: MMSG-26355]
Action.c(66): web_add_header("Sec-Fetch-Site") was successful  	[MsgId: MMSG-26392]
Action.c(69): web_add_header("Sec-Fetch-Dest") started  	[MsgId: MMSG-26355]
Action.c(69): web_add_header("Sec-Fetch-Dest") was successful  	[MsgId: MMSG-26392]
Action.c(72): web_custom_request("welcome.pl") started  	[MsgId: MMSG-26355]
Action.c(72): Registering web_custom_request("welcome.pl") was successful  	[MsgId: MMSG-26390]
Action.c(82): web_concurrent_end started  	[MsgId: MMSG-26355]
Action.c(72): Error -26612: HTTP Status-Code=500 (Internal Server Error) for "http://localhost:1080/cgi-bin/welcome.pl?signOff=true"   [issued at Action.c(82)]  	[MsgId: MERR-26612]
End auto log messages stack.	[MsgId: MMSG-10544]


Start auto log messages stack - Iteration 11.	[MsgId: MMSG-10545]
Action.c(174): Notify: Transaction "login" started.	[MsgId: MMSG-16999]
Action.c(176): web_add_auto_header("Sec-Fetch-Site") started  	[MsgId: MMSG-26355]
Action.c(176): web_add_auto_header("Sec-Fetch-Site") was successful  	[MsgId: MMSG-26392]
Action.c(179): web_add_auto_header("Sec-Fetch-Dest") started  	[MsgId: MMSG-26355]
Action.c(179): web_add_auto_header("Sec-Fetch-Dest") was successful  	[MsgId: MMSG-26392]
Action.c(182): web_add_header("Origin") started  	[MsgId: MMSG-26355]
Action.c(182): web_add_header("Origin") was successful  	[MsgId: MMSG-26392]
Action.c(185): Think time - Waiting 5,00 seconds (according to limit).	[MsgId: MMSG-15946]
Action.c(185): lr_think_time: 5,00 seconds (recorded think time was 114,00 seconds).	[MsgId: MMSG-15947]
Action.c(187): web_custom_request("login.pl") started  	[MsgId: MMSG-26355]
Action.c(187): Error -27721: Step download timeout (120 seconds) has expired when downloading resource "http://localhost:1080/cgi-bin/login.pl"  	[MsgId: MERR-27721]
End auto log messages stack.	[MsgId: MMSG-10544]


Start auto log messages stack - Iteration 13.	[MsgId: MMSG-10545]
Action.c(174): Notify: Transaction "login" started.	[MsgId: MMSG-16999]
Action.c(176): web_add_auto_header("Sec-Fetch-Site") started  	[MsgId: MMSG-26355]
Action.c(176): web_add_auto_header("Sec-Fetch-Site") was successful  	[MsgId: MMSG-26392]
Action.c(179): web_add_auto_header("Sec-Fetch-Dest") started  	[MsgId: MMSG-26355]
Action.c(179): web_add_auto_header("Sec-Fetch-Dest") was successful  	[MsgId: MMSG-26392]
Action.c(182): web_add_header("Origin") started  	[MsgId: MMSG-26355]
Action.c(182): web_add_header("Origin") was successful  	[MsgId: MMSG-26392]
Action.c(185): Think time - Waiting 5,00 seconds (according to limit).	[MsgId: MMSG-15946]
Action.c(185): lr_think_time: 5,00 seconds (recorded think time was 114,00 seconds).	[MsgId: MMSG-15947]
Action.c(187): web_custom_request("login.pl") started  	[MsgId: MMSG-26355]
Action.c(187): Error -26612: HTTP Status-Code=500 (Internal Server Error) for "http://localhost:1080/cgi-bin/login.pl"  	[MsgId: MERR-26612]
End auto log messages stack.	[MsgId: MMSG-10544]


