Start auto log messages stack - Iteration 1.	[MsgId: MMSG-10545]
Action.c(187): web_custom_request("login.pl") was successful, 452 body bytes, 229 header bytes, 12 chunking overhead bytes  	[MsgId: MMSG-26385]
Action.c(198): web_concurrent_start started  	[MsgId: MMSG-26355]
Action.c(198): web_concurrent_start was successful  	[MsgId: MMSG-26392]
Action.c(200): web_custom_request("nav.pl_2") started  	[MsgId: MMSG-26355]
Action.c(200): Registering web_custom_request("nav.pl_2") was successful  	[MsgId: MMSG-26390]
Action.c(213): web_custom_request("login.pl_2") started  	[MsgId: MMSG-26355]
Action.c(213): Registering web_custom_request("login.pl_2") was successful  	[MsgId: MMSG-26390]
Action.c(223): web_concurrent_end started  	[MsgId: MMSG-26355]
Action.c(200): Error -27721: Step download timeout (120 seconds) has expired when downloading resource "http://localhost:1080/cgi-bin/nav.pl?page=menu&in=home"   [issued at Action.c(223)]  	[MsgId: MERR-27721]
End auto log messages stack.	[MsgId: MMSG-10544]


Start auto log messages stack - Iteration 5.	[MsgId: MMSG-10545]
Action.c(56): Registering web_custom_request("header.html") was successful  	[MsgId: MMSG-26390]
Action.c(66): web_add_header("Sec-Fetch-Site") started  	[MsgId: MMSG-26355]
Action.c(66): web_add_header("Sec-Fetch-Site") was successful  	[MsgId: MMSG-26392]
Action.c(69): web_add_header("Sec-Fetch-Dest") started  	[MsgId: MMSG-26355]
Action.c(69): web_add_header("Sec-Fetch-Dest") was successful  	[MsgId: MMSG-26392]
Action.c(72): web_custom_request("welcome.pl") started  	[MsgId: MMSG-26355]
Action.c(72): Registering web_custom_request("welcome.pl") was successful  	[MsgId: MMSG-26390]
Action.c(82): web_concurrent_end started  	[MsgId: MMSG-26355]
Action.c(72): Error -27721: Step download timeout (120 seconds) has expired when downloading resource "http://localhost:1080/cgi-bin/welcome.pl?signOff=true"   [issued at Action.c(82)]  	[MsgId: MERR-27721]
End auto log messages stack.	[MsgId: MMSG-10544]


Start auto log messages stack - Iteration 8.	[MsgId: MMSG-10545]
Action.c(410): web_custom_request("Itinerary Button") was successful, 591 body bytes, 215 header bytes, 12 chunking overhead bytes  	[MsgId: MMSG-26385]
Action.c(420): web_concurrent_start started  	[MsgId: MMSG-26355]
Action.c(420): web_concurrent_start was successful  	[MsgId: MMSG-26392]
Action.c(422): web_custom_request("nav.pl_3") started  	[MsgId: MMSG-26355]
Action.c(422): Registering web_custom_request("nav.pl_3") was successful  	[MsgId: MMSG-26390]
Action.c(432): web_custom_request("itinerary.pl") started  	[MsgId: MMSG-26355]
Action.c(432): Registering web_custom_request("itinerary.pl") was successful  	[MsgId: MMSG-26390]
Action.c(442): web_concurrent_end started  	[MsgId: MMSG-26355]
Action.c(432): Error -26612: HTTP Status-Code=500 (Internal Server Error) for "http://localhost:1080/cgi-bin/itinerary.pl"   [issued at Action.c(442)]  	[MsgId: MERR-26612]
End auto log messages stack.	[MsgId: MMSG-10544]


