Start auto log messages stack - Iteration 4.	[MsgId: MMSG-10545]
Action.c(516): web_concurrent_start started  	[MsgId: MMSG-26355]
Action.c(516): web_concurrent_start was successful  	[MsgId: MMSG-26392]
Action.c(518): web_custom_request("home.html_2") started  	[MsgId: MMSG-26355]
Action.c(518): Retrieving data from cache for "http://localhost:1080/WebTours/home.html"  	[MsgId: MMSG-26558]
Action.c(518): Registering web_custom_request("home.html_2") was successful  	[MsgId: MMSG-26390]
Action.c(527): web_custom_request("nav.pl_3") started  	[MsgId: MMSG-26355]
Action.c(527): Registering web_custom_request("nav.pl_3") was successful  	[MsgId: MMSG-26390]
Action.c(537): web_concurrent_end started  	[MsgId: MMSG-26355]
Action.c(527): Error -26612: HTTP Status-Code=500 (Internal Server Error) for "http://localhost:1080/cgi-bin/nav.pl?in=home"   [issued at Action.c(537)]  	[MsgId: MERR-26612]
End auto log messages stack.	[MsgId: MMSG-10544]


Start auto log messages stack - Iteration 13.	[MsgId: MMSG-10545]
Action.c(66): web_add_header("Sec-Fetch-Site") started  	[MsgId: MMSG-26355]
Action.c(66): web_add_header("Sec-Fetch-Site") was successful  	[MsgId: MMSG-26392]
Action.c(69): web_add_header("Sec-Fetch-Dest") started  	[MsgId: MMSG-26355]
Action.c(69): web_add_header("Sec-Fetch-Dest") was successful  	[MsgId: MMSG-26392]
Action.c(72): web_reg_find started  	[MsgId: MMSG-26355]
Action.c(72): Registering web_reg_find was successful  	[MsgId: MMSG-26390]
Action.c(76): web_custom_request("welcome.pl") started  	[MsgId: MMSG-26355]
Action.c(76): Registering web_custom_request("welcome.pl") was successful  	[MsgId: MMSG-26390]
Action.c(86): web_concurrent_end started  	[MsgId: MMSG-26355]
Action.c(76): Error -27721: Step download timeout (120 seconds) has expired when downloading resource "http://localhost:1080/cgi-bin/welcome.pl?signOff=true"   [issued at Action.c(86)]  	[MsgId: MERR-27721]
End auto log messages stack.	[MsgId: MMSG-10544]


Start auto log messages stack - Iteration 13.	[MsgId: MMSG-10545]
Action.c(86): Aborting pending download of URL="http://localhost:1080/cgi-bin/welcome.pl?signOff=true" (RelFrameId=1, Internal ID=400)  	[MsgId: MMSG-27649]
Action.c(86): Error -26366: "Text=A Session ID has been created and loaded into a cookie called MSO" not found for web_reg_find  	[MsgId: MERR-26366]
End auto log messages stack.	[MsgId: MMSG-10544]


Start auto log messages stack - Iteration 18.	[MsgId: MMSG-10545]
Action.c(516): web_concurrent_start started  	[MsgId: MMSG-26355]
Action.c(516): web_concurrent_start was successful  	[MsgId: MMSG-26392]
Action.c(518): web_custom_request("home.html_2") started  	[MsgId: MMSG-26355]
Action.c(518): Retrieving data from cache for "http://localhost:1080/WebTours/home.html"  	[MsgId: MMSG-26558]
Action.c(518): Registering web_custom_request("home.html_2") was successful  	[MsgId: MMSG-26390]
Action.c(527): web_custom_request("nav.pl_3") started  	[MsgId: MMSG-26355]
Action.c(527): Registering web_custom_request("nav.pl_3") was successful  	[MsgId: MMSG-26390]
Action.c(537): web_concurrent_end started  	[MsgId: MMSG-26355]
Action.c(527): Error -27721: Step download timeout (120 seconds) has expired when downloading resource "http://localhost:1080/cgi-bin/nav.pl?in=home"   [issued at Action.c(537)]  	[MsgId: MERR-27721]
End auto log messages stack.	[MsgId: MMSG-10544]


