Start auto log messages stack - Iteration 6.	[MsgId: MMSG-10545]
Action.c(171): web_custom_request("mer_login.gif") was successful, 679 body bytes, 297 header bytes  	[MsgId: MMSG-26386]
Action.c(180): Notify: Transaction "login" started.	[MsgId: MMSG-16999]
Action.c(182): web_add_auto_header("Sec-Fetch-Site") started  	[MsgId: MMSG-26355]
Action.c(182): web_add_auto_header("Sec-Fetch-Site") was successful  	[MsgId: MMSG-26392]
Action.c(185): web_add_auto_header("Sec-Fetch-Dest") started  	[MsgId: MMSG-26355]
Action.c(185): web_add_auto_header("Sec-Fetch-Dest") was successful  	[MsgId: MMSG-26392]
Action.c(188): web_add_header("Origin") started  	[MsgId: MMSG-26355]
Action.c(188): web_add_header("Origin") was successful  	[MsgId: MMSG-26392]
Action.c(192): web_custom_request("login.pl") started  	[MsgId: MMSG-26355]
Action.c(192): Error -26612: HTTP Status-Code=500 (Internal Server Error) for "http://localhost:1080/cgi-bin/login.pl"  	[MsgId: MERR-26612]
End auto log messages stack.	[MsgId: MMSG-10544]


Start auto log messages stack - Iteration 14.	[MsgId: MMSG-10545]
Action.c(410): web_concurrent_start started  	[MsgId: MMSG-26355]
Action.c(410): web_concurrent_start was successful  	[MsgId: MMSG-26392]
Action.c(412): web_custom_request("home.html_2") started  	[MsgId: MMSG-26355]
Action.c(412): Retrieving data from cache for "http://localhost:1080/WebTours/home.html"  	[MsgId: MMSG-26558]
Action.c(412): Registering web_custom_request("home.html_2") was successful  	[MsgId: MMSG-26390]
Action.c(421): web_custom_request("nav.pl_4") started  	[MsgId: MMSG-26355]
Action.c(421): Registering web_custom_request("nav.pl_4") was successful  	[MsgId: MMSG-26390]
Action.c(431): web_concurrent_end started  	[MsgId: MMSG-26355]
Action.c(421): Error -26612: HTTP Status-Code=500 (Internal Server Error) for "http://localhost:1080/cgi-bin/nav.pl?in=home"   [issued at Action.c(431)]  	[MsgId: MERR-26612]
End auto log messages stack.	[MsgId: MMSG-10544]


Start auto log messages stack - Iteration 15.	[MsgId: MMSG-10545]
Action.c(171): web_custom_request("mer_login.gif") was successful, 679 body bytes, 297 header bytes  	[MsgId: MMSG-26386]
Action.c(180): Notify: Transaction "login" started.	[MsgId: MMSG-16999]
Action.c(182): web_add_auto_header("Sec-Fetch-Site") started  	[MsgId: MMSG-26355]
Action.c(182): web_add_auto_header("Sec-Fetch-Site") was successful  	[MsgId: MMSG-26392]
Action.c(185): web_add_auto_header("Sec-Fetch-Dest") started  	[MsgId: MMSG-26355]
Action.c(185): web_add_auto_header("Sec-Fetch-Dest") was successful  	[MsgId: MMSG-26392]
Action.c(188): web_add_header("Origin") started  	[MsgId: MMSG-26355]
Action.c(188): web_add_header("Origin") was successful  	[MsgId: MMSG-26392]
Action.c(192): web_custom_request("login.pl") started  	[MsgId: MMSG-26355]
Action.c(192): Error -26612: HTTP Status-Code=500 (Internal Server Error) for "http://localhost:1080/cgi-bin/login.pl"  	[MsgId: MERR-26612]
End auto log messages stack.	[MsgId: MMSG-10544]


