Virtual User Script started at: 22.06.2024 16:22:42
Starting action vuser_init.
Web Turbo Replay of LoadRunner 2021.0.0 for Windows 10; build 430 (џэт 05 2021 19:27:22)  	[MsgId: MMSG-26983]
Run mode: HTML  	[MsgId: MMSG-26993]
Replay user agent: Mozilla/5.0 (Windows NT 10.0; Win64; x64) AppleWebKit/537.36 (KHTML, like Gecko) Chrome/124.0.0.0 Safari/537.36  	[MsgId: MMSG-26988]
Runtime Settings file: "C:\Users\trifo\Documents\Homework\LoadRunner\Scripts\UC6_SearchFlight\\default.cfg"  	[MsgId: MMSG-27141]
Ending action vuser_init.
Running Vuser...
Starting iteration 1.
Maximum number of concurrent connections per server: 6  	[MsgId: MMSG-26989]
Starting action Action.
Action.c(3): Notify: Transaction "UC6_SearchFlight" started.
Action.c(6): Notify: Transaction "home_page" started.
Action.c(9): web_set_sockets_option started  	[MsgId: MMSG-26355]
Action.c(9): web_set_sockets_option was successful  	[MsgId: MMSG-26392]
Action.c(11): web_add_auto_header("sec-ch-ua") started  	[MsgId: MMSG-26355]
Action.c(11): web_add_auto_header("sec-ch-ua") was successful  	[MsgId: MMSG-26392]
Action.c(14): web_add_auto_header("sec-ch-ua-mobile") started  	[MsgId: MMSG-26355]
Action.c(14): web_add_auto_header("sec-ch-ua-mobile") was successful  	[MsgId: MMSG-26392]
Action.c(17): web_add_auto_header("sec-ch-ua-platform") started  	[MsgId: MMSG-26355]
Action.c(17): web_add_auto_header("sec-ch-ua-platform") was successful  	[MsgId: MMSG-26392]
Action.c(20): web_add_auto_header("Upgrade-Insecure-Requests") started  	[MsgId: MMSG-26355]
Action.c(20): web_add_auto_header("Upgrade-Insecure-Requests") was successful  	[MsgId: MMSG-26392]
Action.c(23): web_add_header("Sec-Fetch-Site") started  	[MsgId: MMSG-26355]
Action.c(23): web_add_header("Sec-Fetch-Site") was successful  	[MsgId: MMSG-26392]
Action.c(26): web_add_auto_header("Sec-Fetch-Mode") started  	[MsgId: MMSG-26355]
Action.c(26): web_add_auto_header("Sec-Fetch-Mode") was successful  	[MsgId: MMSG-26392]
Action.c(29): web_add_header("Sec-Fetch-Dest") started  	[MsgId: MMSG-26355]
Action.c(29): web_add_header("Sec-Fetch-Dest") was successful  	[MsgId: MMSG-26392]
Action.c(32): web_add_auto_header("Sec-Fetch-User") started  	[MsgId: MMSG-26355]
Action.c(32): web_add_auto_header("Sec-Fetch-User") was successful  	[MsgId: MMSG-26392]
Action.c(35): web_reg_find started  	[MsgId: MMSG-26355]
Action.c(35): Registering web_reg_find was successful  	[MsgId: MMSG-26390]
Action.c(38): web_custom_request("WebTours") started  	[MsgId: MMSG-26355]
Action.c(38): Redirecting "http://localhost:1080/WebTours" (redirection depth is 0)  	[MsgId: MMSG-26694]
Action.c(38): To location "http://localhost:1080/WebTours/"  	[MsgId: MMSG-26693]
Action.c(38): Registered web_reg_find successful for "Text=Moved Permanently" (count=2)  	[MsgId: MMSG-26364]
Action.c(38): web_custom_request("WebTours") was successful, 605 body bytes, 565 header bytes  	[MsgId: MMSG-26386]
Action.c(48): web_add_header("Sec-Fetch-Site") started  	[MsgId: MMSG-26355]
Action.c(48): web_add_header("Sec-Fetch-Site") was successful  	[MsgId: MMSG-26392]
Action.c(51): web_add_header("Sec-Fetch-Dest") started  	[MsgId: MMSG-26355]
Action.c(51): web_add_header("Sec-Fetch-Dest") was successful  	[MsgId: MMSG-26392]
Action.c(54): web_concurrent_start started  	[MsgId: MMSG-26355]
Action.c(54): web_concurrent_start was successful  	[MsgId: MMSG-26392]
Action.c(56): web_custom_request("header.html") started  	[MsgId: MMSG-26355]
Action.c(56): Registering web_custom_request("header.html") was successful  	[MsgId: MMSG-26390]
Action.c(66): web_add_header("Sec-Fetch-Site") started  	[MsgId: MMSG-26355]
Action.c(66): web_add_header("Sec-Fetch-Site") was successful  	[MsgId: MMSG-26392]
Action.c(69): web_add_header("Sec-Fetch-Dest") started  	[MsgId: MMSG-26355]
Action.c(69): web_add_header("Sec-Fetch-Dest") was successful  	[MsgId: MMSG-26392]
Action.c(72): web_custom_request("welcome.pl") started  	[MsgId: MMSG-26355]
Action.c(72): Registering web_custom_request("welcome.pl") was successful  	[MsgId: MMSG-26390]
Action.c(82): web_concurrent_end started  	[MsgId: MMSG-26355]
Action.c(82): web_concurrent_end was successful, 1396 body bytes, 624 header bytes, 12 chunking overhead bytes  	[MsgId: MMSG-26385]
Action.c(84): web_add_header("Sec-Fetch-Site") started  	[MsgId: MMSG-26355]
Action.c(84): web_add_header("Sec-Fetch-Site") was successful  	[MsgId: MMSG-26392]
Action.c(87): web_add_header("Sec-Fetch-Dest") started  	[MsgId: MMSG-26355]
Action.c(87): web_add_header("Sec-Fetch-Dest") was successful  	[MsgId: MMSG-26392]
Action.c(90): web_concurrent_start started  	[MsgId: MMSG-26355]
Action.c(90): web_concurrent_start was successful  	[MsgId: MMSG-26392]
Action.c(92): web_custom_request("hp_logo.png") started  	[MsgId: MMSG-26355]
Action.c(92): Registering web_custom_request("hp_logo.png") was successful  	[MsgId: MMSG-26390]
Action.c(101): web_add_header("Sec-Fetch-Site") started  	[MsgId: MMSG-26355]
Action.c(101): web_add_header("Sec-Fetch-Site") was successful  	[MsgId: MMSG-26392]
Action.c(104): web_add_header("Sec-Fetch-Dest") started  	[MsgId: MMSG-26355]
Action.c(104): web_add_header("Sec-Fetch-Dest") was successful  	[MsgId: MMSG-26392]
Action.c(107): web_custom_request("webtours.png") started  	[MsgId: MMSG-26355]
Action.c(107): Registering web_custom_request("webtours.png") was successful  	[MsgId: MMSG-26390]
Action.c(116): web_concurrent_end started  	[MsgId: MMSG-26355]
Action.c(116): web_concurrent_end was successful, 4788 body bytes, 596 header bytes  	[MsgId: MMSG-26386]
Action.c(118): web_add_header("Sec-Fetch-Site") started  	[MsgId: MMSG-26355]
Action.c(118): web_add_header("Sec-Fetch-Site") was successful  	[MsgId: MMSG-26392]
Action.c(121): web_add_header("Sec-Fetch-Dest") started  	[MsgId: MMSG-26355]
Action.c(121): web_add_header("Sec-Fetch-Dest") was successful  	[MsgId: MMSG-26392]
Action.c(124): web_concurrent_start started  	[MsgId: MMSG-26355]
Action.c(124): web_concurrent_start was successful  	[MsgId: MMSG-26392]
Action.c(126): web_custom_request("home.html") started  	[MsgId: MMSG-26355]
Action.c(126): Registering web_custom_request("home.html") was successful  	[MsgId: MMSG-26390]
Action.c(136): web_reg_save_param started  	[MsgId: MMSG-26355]
Action.c(136): Registering web_reg_save_param was successful  	[MsgId: MMSG-26390]
Action.c(141): web_custom_request("nav.pl") started  	[MsgId: MMSG-26355]
Action.c(141): Registering web_custom_request("nav.pl") was successful  	[MsgId: MMSG-26390]
Action.c(151): web_concurrent_end started  	[MsgId: MMSG-26355]
Action.c(151): web_concurrent_end was successful, 2844 body bytes, 553 header bytes, 12 chunking overhead bytes  	[MsgId: MMSG-26385]
Action.c(153): web_add_header("Sec-Fetch-Site") started  	[MsgId: MMSG-26355]
Action.c(153): web_add_header("Sec-Fetch-Site") was successful  	[MsgId: MMSG-26392]
Action.c(156): web_add_header("Sec-Fetch-Dest") started  	[MsgId: MMSG-26355]
Action.c(156): web_add_header("Sec-Fetch-Dest") was successful  	[MsgId: MMSG-26392]
Action.c(161): web_custom_request("mer_login.gif") started  	[MsgId: MMSG-26355]
Action.c(161): web_custom_request("mer_login.gif") was successful, 679 body bytes, 297 header bytes  	[MsgId: MMSG-26386]
Action.c(170): Notify: Transaction "home_page" ended with a "Pass" status (Duration: 1.1248 Wasted Time: 0.2469).
Action.c(172): Think time - Waiting 3,00 seconds (according to limit).
Action.c(172): lr_think_time: 3,00 seconds (recorded think time was 33,00 seconds).
Action.c(174): Notify: Transaction "login" started.
Action.c(176): web_add_auto_header("Sec-Fetch-Site") started  	[MsgId: MMSG-26355]
Action.c(176): web_add_auto_header("Sec-Fetch-Site") was successful  	[MsgId: MMSG-26392]
Action.c(179): web_add_auto_header("Sec-Fetch-Dest") started  	[MsgId: MMSG-26355]
Action.c(179): web_add_auto_header("Sec-Fetch-Dest") was successful  	[MsgId: MMSG-26392]
Action.c(182): web_add_header("Origin") started  	[MsgId: MMSG-26355]
Action.c(182): web_add_header("Origin") was successful  	[MsgId: MMSG-26392]
Action.c(185): Think time - Waiting 3,00 seconds (according to limit).
Action.c(185): lr_think_time: 3,00 seconds (recorded think time was 114,00 seconds).
Action.c(187): web_custom_request("login.pl") started  	[MsgId: MMSG-26355]
Action.c(187): web_custom_request("login.pl") was successful, 452 body bytes, 229 header bytes, 12 chunking overhead bytes  	[MsgId: MMSG-26385]
Action.c(198): web_concurrent_start started  	[MsgId: MMSG-26355]
Action.c(198): web_concurrent_start was successful  	[MsgId: MMSG-26392]
Action.c(200): web_custom_request("nav.pl_2") started  	[MsgId: MMSG-26355]
Action.c(200): Registering web_custom_request("nav.pl_2") was successful  	[MsgId: MMSG-26390]
Action.c(213): web_custom_request("login.pl_2") started  	[MsgId: MMSG-26355]
Action.c(213): Registering web_custom_request("login.pl_2") was successful  	[MsgId: MMSG-26390]
Action.c(223): web_concurrent_end started  	[MsgId: MMSG-26355]
Action.c(223): web_concurrent_end was successful, 2396 body bytes, 484 header bytes, 24 chunking overhead bytes  	[MsgId: MMSG-26385]
Action.c(225): web_concurrent_start started  	[MsgId: MMSG-26355]
Action.c(225): web_concurrent_start was successful  	[MsgId: MMSG-26392]
Action.c(227): web_custom_request("flights.gif") started  	[MsgId: MMSG-26355]
Action.c(227): Registering web_custom_request("flights.gif") was successful  	[MsgId: MMSG-26390]
Action.c(236): web_custom_request("itinerary.gif") started  	[MsgId: MMSG-26355]
Action.c(236): Registering web_custom_request("itinerary.gif") was successful  	[MsgId: MMSG-26390]
Action.c(245): web_custom_request("in_home.gif") started  	[MsgId: MMSG-26355]
Action.c(245): Registering web_custom_request("in_home.gif") was successful  	[MsgId: MMSG-26390]
Action.c(254): web_custom_request("signoff.gif") started  	[MsgId: MMSG-26355]
Action.c(254): Registering web_custom_request("signoff.gif") was successful  	[MsgId: MMSG-26390]
Action.c(263): web_concurrent_end started  	[MsgId: MMSG-26355]
Action.c(263): web_concurrent_end was successful, 2898 body bytes, 1190 header bytes  	[MsgId: MMSG-26386]
Action.c(265): Notify: Transaction "login" ended with a "Pass" status (Duration: 3.5263 Think Time: 3.0152 Wasted Time: 0.0219).
Action.c(267): Think time - Waiting 3.00 seconds (according to limit).
Action.c(267): lr_think_time: 3.00 seconds (recorded think time was 67.00 seconds).
Action.c(269): Notify: Transaction "click_flight" started.
Action.c(271): web_reg_find started  	[MsgId: MMSG-26355]
Action.c(271): Registering web_reg_find was successful  	[MsgId: MMSG-26390]
Action.c(274): web_custom_request("Search Flights Button") started  	[MsgId: MMSG-26355]
Action.c(274): Registered web_reg_find successful for "Text=User has returned to the search page" (count=1)  	[MsgId: MMSG-26364]
Action.c(274): web_custom_request("Search Flights Button") was successful, 616 body bytes, 215 header bytes, 12 chunking overhead bytes  	[MsgId: MMSG-26385]
Action.c(284): web_concurrent_start started  	[MsgId: MMSG-26355]
Action.c(284): web_concurrent_start was successful  	[MsgId: MMSG-26392]
Action.c(286): web_custom_request("nav.pl_3") started  	[MsgId: MMSG-26355]
Action.c(286): Registering web_custom_request("nav.pl_3") was successful  	[MsgId: MMSG-26390]
Action.c(296): web_custom_request("reservations.pl") started  	[MsgId: MMSG-26355]
Action.c(296): Registering web_custom_request("reservations.pl") was successful  	[MsgId: MMSG-26390]
Action.c(306): web_concurrent_end started  	[MsgId: MMSG-26355]
Action.c(306): web_concurrent_end was successful, 5728 body bytes, 510 header bytes, 31 chunking overhead bytes  	[MsgId: MMSG-26385]
Action.c(308): web_concurrent_start started  	[MsgId: MMSG-26355]
Action.c(308): web_concurrent_start was successful  	[MsgId: MMSG-26392]
Action.c(310): web_custom_request("in_flights.gif") started  	[MsgId: MMSG-26355]
Action.c(310): Registering web_custom_request("in_flights.gif") was successful  	[MsgId: MMSG-26390]
Action.c(319): web_custom_request("home.gif") started  	[MsgId: MMSG-26355]
Action.c(319): Registering web_custom_request("home.gif") was successful  	[MsgId: MMSG-26390]
Action.c(328): web_concurrent_end started  	[MsgId: MMSG-26355]
Action.c(328): web_concurrent_end was successful, 1414 body bytes, 594 header bytes  	[MsgId: MMSG-26386]
Action.c(330): Notify: Transaction "click_flight" ended with a "Pass" status (Duration: 0,4370 Wasted Time: 0,0185).
Action.c(332): Think time - Waiting 3,00 seconds (according to limit).
Action.c(332): lr_think_time: 3,00 seconds (recorded think time was 13,00 seconds).
Action.c(334): web_custom_request("button_next.gif") started  	[MsgId: MMSG-26355]
Action.c(334): web_custom_request("button_next.gif") was successful, 758 body bytes, 297 header bytes  	[MsgId: MMSG-26386]
Action.c(343): Notify: Transaction "find_flight" started.
Action.c(345): web_add_auto_header("Origin") started  	[MsgId: MMSG-26355]
Action.c(345): web_add_auto_header("Origin") was successful  	[MsgId: MMSG-26392]
Action.c(348): web_reg_find started  	[MsgId: MMSG-26355]
Action.c(348): Registering web_reg_find was successful  	[MsgId: MMSG-26390]
Action.c(352): web_reg_save_param_attrib started  	[MsgId: MMSG-26355]
Action.c(352): Registering web_reg_save_param_attrib was successful  	[MsgId: MMSG-26390]
Action.c(367): web_custom_request("reservations.pl_2") started  	[MsgId: MMSG-26355]
Action.c(367): Registered web_reg_find successful for "Text=from <B>London</B> to <B>Denver</B>" (count=1)  	[MsgId: MMSG-26364]
Action.c(367): web_custom_request("reservations.pl_2") was successful, 2436 body bytes, 255 header bytes, 12 chunking overhead bytes  	[MsgId: MMSG-26385]
Action.c(378): web_convert_param started  	[MsgId: MMSG-26355]
Action.c(378): web_convert_param was successful  	[MsgId: MMSG-26392]
Action.c(384): Notify: Transaction "find_flight" ended with a "Pass" status (Duration: 0,2539 Wasted Time: 0,0180).
Action.c(386): Think time - Waiting 3,00 seconds (according to limit).
Action.c(386): lr_think_time: 3,00 seconds (recorded think time was 25,00 seconds).
Action.c(388): Notify: Transaction "choose_flight" started.
Action.c(390): web_custom_request("reservations.pl_3") started  	[MsgId: MMSG-26355]
Action.c(390): web_custom_request("reservations.pl_3") was successful, 2634 body bytes, 255 header bytes, 12 chunking overhead bytes  	[MsgId: MMSG-26385]
Action.c(401): Notify: Transaction "choose_flight" ended with a "Pass" status (Duration: 0,1658 Wasted Time: 0,0044).
Action.c(403): Think time - Waiting 3,00 seconds (according to limit).
Action.c(403): lr_think_time: 3,00 seconds (recorded think time was 86,00 seconds).
Action.c(405): Notify: Transaction "itinerary" started.
Action.c(407): web_reg_find started  	[MsgId: MMSG-26355]
Action.c(407): Registering web_reg_find was successful  	[MsgId: MMSG-26390]
Action.c(410): web_custom_request("Itinerary Button") started  	[MsgId: MMSG-26355]
Action.c(410): Registered web_reg_find successful for "Text=User wants the intineraries" (count=1)  	[MsgId: MMSG-26364]
Action.c(410): web_custom_request("Itinerary Button") was successful, 591 body bytes, 215 header bytes, 12 chunking overhead bytes  	[MsgId: MMSG-26385]
Action.c(420): web_concurrent_start started  	[MsgId: MMSG-26355]
Action.c(420): web_concurrent_start was successful  	[MsgId: MMSG-26392]
Action.c(422): web_custom_request("nav.pl_3") started  	[MsgId: MMSG-26355]
Action.c(422): Registering web_custom_request("nav.pl_3") was successful  	[MsgId: MMSG-26390]
Action.c(432): web_custom_request("itinerary.pl") started  	[MsgId: MMSG-26355]
Action.c(432): Registering web_custom_request("itinerary.pl") was successful  	[MsgId: MMSG-26390]
Action.c(442): web_concurrent_end started  	[MsgId: MMSG-26355]
Action.c(442): web_concurrent_end was successful, 2369 body bytes, 511 header bytes, 24 chunking overhead bytes  	[MsgId: MMSG-26385]
Action.c(444): web_concurrent_start started  	[MsgId: MMSG-26355]
Action.c(444): web_concurrent_start was successful  	[MsgId: MMSG-26392]
Action.c(446): web_custom_request("in_itinerary.gif") started  	[MsgId: MMSG-26355]
Action.c(446): Registering web_custom_request("in_itinerary.gif") was successful  	[MsgId: MMSG-26390]
Action.c(455): web_custom_request("home.gif") started  	[MsgId: MMSG-26355]
Action.c(455): Resource "http://localhost:1080/WebTours/images/home.gif" is in the cache already and will not be downloaded again  	[MsgId: MMSG-26655]
Action.c(464): web_concurrent_end started  	[MsgId: MMSG-26355]
Action.c(464): web_concurrent_end was successful, 733 body bytes, 297 header bytes  	[MsgId: MMSG-26386]
Action.c(466): web_concurrent_start started  	[MsgId: MMSG-26355]
Action.c(466): web_concurrent_start was successful  	[MsgId: MMSG-26392]
Action.c(468): web_custom_request("cancelreservation.gif") started  	[MsgId: MMSG-26355]
Action.c(468): Registering web_custom_request("cancelreservation.gif") was successful  	[MsgId: MMSG-26390]
Action.c(477): web_custom_request("cancelallreservations.gif") started  	[MsgId: MMSG-26355]
Action.c(477): Registering web_custom_request("cancelallreservations.gif") was successful  	[MsgId: MMSG-26390]
Action.c(486): web_concurrent_end started  	[MsgId: MMSG-26355]
Action.c(486): web_concurrent_end was successful, 1573 body bytes, 594 header bytes  	[MsgId: MMSG-26386]
Action.c(488): Notify: Transaction "itinerary" ended with a "Pass" status (Duration: 0,4962 Wasted Time: 0,0274).
Action.c(490): Notify: Transaction "sign_off" started.
Action.c(492): web_custom_request("SignOff Button") started  	[MsgId: MMSG-26355]
Action.c(492): web_custom_request("SignOff Button") was successful, 686 body bytes, 327 header bytes, 12 chunking overhead bytes  	[MsgId: MMSG-26385]
Action.c(502): web_concurrent_start started  	[MsgId: MMSG-26355]
Action.c(502): web_concurrent_start was successful  	[MsgId: MMSG-26392]
Action.c(504): web_custom_request("home.html_2") started  	[MsgId: MMSG-26355]
Action.c(504): Retrieving data from cache for "http://localhost:1080/WebTours/home.html"  	[MsgId: MMSG-26558]
Action.c(504): Registering web_custom_request("home.html_2") was successful  	[MsgId: MMSG-26390]
Action.c(513): web_custom_request("nav.pl_3") started  	[MsgId: MMSG-26355]
Action.c(513): Registering web_custom_request("nav.pl_3") was successful  	[MsgId: MMSG-26390]
Action.c(523): web_concurrent_end started  	[MsgId: MMSG-26355]
Action.c(523): web_concurrent_end was successful, 1486 body bytes, 255 header bytes, 12 chunking overhead bytes  	[MsgId: MMSG-26385]
Action.c(525): Notify: Transaction "sign_off" ended with a "Pass" status (Duration: 0.2763 Wasted Time: 0.0092).
Action.c(527): Notify: Transaction "UC6_SearchFlight" ended with a "Pass" status (Duration: 21.5325 Think Time: 18.0517 Wasted Time: 0.3539).
Ending action Action.
Ending iteration 1.
Ending Vuser...
Starting action vuser_end.
Ending action vuser_end.
Vuser Terminated.
