Start auto log messages stack - Iteration 1.	[MsgId: MMSG-10545]
Action.c(431): web_concurrent_start started  	[MsgId: MMSG-26355]
Action.c(431): web_concurrent_start was successful  	[MsgId: MMSG-26392]
Action.c(433): web_custom_request("nav.pl_3") started  	[MsgId: MMSG-26355]
Action.c(433): Registering web_custom_request("nav.pl_3") was successful  	[MsgId: MMSG-26390]
Action.c(443): web_reg_find started  	[MsgId: MMSG-26355]
Action.c(443): Registering web_reg_find was successful  	[MsgId: MMSG-26390]
Action.c(446): web_custom_request("itinerary.pl") started  	[MsgId: MMSG-26355]
Action.c(446): Registering web_custom_request("itinerary.pl") was successful  	[MsgId: MMSG-26390]
Action.c(456): web_concurrent_end started  	[MsgId: MMSG-26355]
Action.c(433): Error -26612: HTTP Status-Code=500 (Internal Server Error) for "http://localhost:1080/cgi-bin/nav.pl?page=menu&in=itinerary"   [issued at Action.c(456)]  	[MsgId: MERR-26612]
End auto log messages stack.	[MsgId: MMSG-10544]


Start auto log messages stack - Iteration 3.	[MsgId: MMSG-10545]
Action.c(378): Registered web_reg_find successful for "Text=from <B>Frankfurt</B> to <B>Frankfurt</B>" (count=1)  	[MsgId: MMSG-26364]
Action.c(378): web_custom_request("reservations.pl_2") was successful, 2431 body bytes, 255 header bytes, 12 chunking overhead bytes  	[MsgId: MMSG-26385]
Action.c(389): web_convert_param started  	[MsgId: MMSG-26355]
Action.c(389): web_convert_param was successful  	[MsgId: MMSG-26392]
Action.c(395): Notify: Transaction "find_flight" ended with a "Pass" status (Duration: 0,0929 Wasted Time: 0,0004).	[MsgId: MMSG-16871]
Action.c(397): Think time - Waiting 5,00 seconds (according to limit).	[MsgId: MMSG-15946]
Action.c(397): lr_think_time: 5,00 seconds (recorded think time was 25,00 seconds).	[MsgId: MMSG-15947]
Action.c(399): Notify: Transaction "choose_flight" started.	[MsgId: MMSG-16999]
Action.c(401): web_custom_request("reservations.pl_3") started  	[MsgId: MMSG-26355]
Action.c(401): Error -26612: HTTP Status-Code=500 (Internal Server Error) for "http://localhost:1080/cgi-bin/reservations.pl"  	[MsgId: MERR-26612]
End auto log messages stack.	[MsgId: MMSG-10544]


Start auto log messages stack - Iteration 7.	[MsgId: MMSG-10545]
Action.c(431): web_concurrent_start started  	[MsgId: MMSG-26355]
Action.c(431): web_concurrent_start was successful  	[MsgId: MMSG-26392]
Action.c(433): web_custom_request("nav.pl_3") started  	[MsgId: MMSG-26355]
Action.c(433): Registering web_custom_request("nav.pl_3") was successful  	[MsgId: MMSG-26390]
Action.c(443): web_reg_find started  	[MsgId: MMSG-26355]
Action.c(443): Registering web_reg_find was successful  	[MsgId: MMSG-26390]
Action.c(446): web_custom_request("itinerary.pl") started  	[MsgId: MMSG-26355]
Action.c(446): Registering web_custom_request("itinerary.pl") was successful  	[MsgId: MMSG-26390]
Action.c(456): web_concurrent_end started  	[MsgId: MMSG-26355]
Action.c(433): Error -26612: HTTP Status-Code=500 (Internal Server Error) for "http://localhost:1080/cgi-bin/nav.pl?page=menu&in=itinerary"   [issued at Action.c(456)]  	[MsgId: MERR-26612]
End auto log messages stack.	[MsgId: MMSG-10544]


Start auto log messages stack - Iteration 8.	[MsgId: MMSG-10545]
Action.c(198): web_custom_request("login.pl") was successful, 481 body bytes, 402 header bytes, 12 chunking overhead bytes  	[MsgId: MMSG-26385]
Action.c(209): web_concurrent_start started  	[MsgId: MMSG-26355]
Action.c(209): web_concurrent_start was successful  	[MsgId: MMSG-26392]
Action.c(214): web_custom_request("nav.pl_2") started  	[MsgId: MMSG-26355]
Action.c(214): Registering web_custom_request("nav.pl_2") was successful  	[MsgId: MMSG-26390]
Action.c(224): web_custom_request("login.pl_2") started  	[MsgId: MMSG-26355]
Action.c(224): Registering web_custom_request("login.pl_2") was successful  	[MsgId: MMSG-26390]
Action.c(234): web_concurrent_end started  	[MsgId: MMSG-26355]
Action.c(214): Error -26612: HTTP Status-Code=500 (Internal Server Error) for "http://localhost:1080/cgi-bin/nav.pl?page=menu&in=home"   [issued at Action.c(234)]  	[MsgId: MERR-26612]
End auto log messages stack.	[MsgId: MMSG-10544]


Start auto log messages stack - Iteration 10.	[MsgId: MMSG-10545]
Action.c(198): web_custom_request("login.pl") was successful, 481 body bytes, 416 header bytes, 12 chunking overhead bytes  	[MsgId: MMSG-26385]
Action.c(209): web_concurrent_start started  	[MsgId: MMSG-26355]
Action.c(209): web_concurrent_start was successful  	[MsgId: MMSG-26392]
Action.c(214): web_custom_request("nav.pl_2") started  	[MsgId: MMSG-26355]
Action.c(214): Registering web_custom_request("nav.pl_2") was successful  	[MsgId: MMSG-26390]
Action.c(224): web_custom_request("login.pl_2") started  	[MsgId: MMSG-26355]
Action.c(224): Registering web_custom_request("login.pl_2") was successful  	[MsgId: MMSG-26390]
Action.c(234): web_concurrent_end started  	[MsgId: MMSG-26355]
Action.c(224): Error -26612: HTTP Status-Code=500 (Internal Server Error) for "http://localhost:1080/cgi-bin/login.pl?intro=true"   [issued at Action.c(234)]  	[MsgId: MERR-26612]
End auto log messages stack.	[MsgId: MMSG-10544]


