Start auto log messages stack - Iteration 5.	[MsgId: MMSG-10545]
Action.c(203): web_concurrent_start started  	[MsgId: MMSG-26355]
Action.c(203): web_concurrent_start was successful  	[MsgId: MMSG-26392]
Action.c(205): web_custom_request("nav.pl_2") started  	[MsgId: MMSG-26355]
Action.c(205): Registering web_custom_request("nav.pl_2") was successful  	[MsgId: MMSG-26390]
Action.c(215): web_reg_find started  	[MsgId: MMSG-26355]
Action.c(215): Registering web_reg_find was successful  	[MsgId: MMSG-26390]
Action.c(219): web_custom_request("login.pl_2") started  	[MsgId: MMSG-26355]
Action.c(219): Registering web_custom_request("login.pl_2") was successful  	[MsgId: MMSG-26390]
Action.c(229): web_concurrent_end started  	[MsgId: MMSG-26355]
Action.c(219): Error -26612: HTTP Status-Code=500 (Internal Server Error) for "http://localhost:1080/cgi-bin/login.pl?intro=true"   [issued at Action.c(229)]  	[MsgId: MERR-26612]
Action.c(229): Error -26366: "Text=Welcome to Web Tours" not found for web_reg_find  	[MsgId: MERR-26366]
End auto log messages stack.	[MsgId: MMSG-10544]


Start auto log messages stack - Iteration 6.	[MsgId: MMSG-10545]
Action.c(410): web_concurrent_start started  	[MsgId: MMSG-26355]
Action.c(410): web_concurrent_start was successful  	[MsgId: MMSG-26392]
Action.c(412): web_custom_request("home.html_2") started  	[MsgId: MMSG-26355]
Action.c(412): Retrieving data from cache for "http://localhost:1080/WebTours/home.html"  	[MsgId: MMSG-26558]
Action.c(412): Registering web_custom_request("home.html_2") was successful  	[MsgId: MMSG-26390]
Action.c(421): web_custom_request("nav.pl_4") started  	[MsgId: MMSG-26355]
Action.c(421): Registering web_custom_request("nav.pl_4") was successful  	[MsgId: MMSG-26390]
Action.c(431): web_concurrent_end started  	[MsgId: MMSG-26355]
Action.c(421): Error -26612: HTTP Status-Code=500 (Internal Server Error) for "http://localhost:1080/cgi-bin/nav.pl?in=home"   [issued at Action.c(431)]  	[MsgId: MERR-26612]
End auto log messages stack.	[MsgId: MMSG-10544]


