Start auto log messages stack - Iteration 8.	[MsgId: MMSG-10545]
Action.c(56): Registering web_custom_request("header.html") was successful  	[MsgId: MMSG-26390]
Action.c(66): web_add_header("Sec-Fetch-Site") started  	[MsgId: MMSG-26355]
Action.c(66): web_add_header("Sec-Fetch-Site") was successful  	[MsgId: MMSG-26392]
Action.c(69): web_add_header("Sec-Fetch-Dest") started  	[MsgId: MMSG-26355]
Action.c(69): web_add_header("Sec-Fetch-Dest") was successful  	[MsgId: MMSG-26392]
Action.c(72): web_custom_request("welcome.pl") started  	[MsgId: MMSG-26355]
Action.c(72): Registering web_custom_request("welcome.pl") was successful  	[MsgId: MMSG-26390]
Action.c(82): web_concurrent_end started  	[MsgId: MMSG-26355]
Action.c(72): Error -26612: HTTP Status-Code=500 (Internal Server Error) for "http://localhost:1080/cgi-bin/welcome.pl?signOff=true"   [issued at Action.c(82)]  	[MsgId: MERR-26612]
End auto log messages stack.	[MsgId: MMSG-10544]


Start auto log messages stack - Iteration 13.	[MsgId: MMSG-10545]
Action.c(386): Think time - Waiting 5,00 seconds (according to limit).	[MsgId: MMSG-15946]
Action.c(386): lr_think_time: 5,00 seconds (recorded think time was 25,00 seconds).	[MsgId: MMSG-15947]
Action.c(388): Notify: Transaction "choose_flight" started.	[MsgId: MMSG-16999]
Action.c(390): web_custom_request("reservations.pl_3") started  	[MsgId: MMSG-26355]
Action.c(390): web_custom_request("reservations.pl_3") was successful, 2636 body bytes, 255 header bytes, 12 chunking overhead bytes  	[MsgId: MMSG-26385]
Action.c(401): Notify: Transaction "choose_flight" ended with a "Pass" status (Duration: 0,1014).	[MsgId: MMSG-16873]
Action.c(403): Think time - Waiting 5,00 seconds (according to limit).	[MsgId: MMSG-15946]
Action.c(403): lr_think_time: 5,00 seconds (recorded think time was 86,00 seconds).	[MsgId: MMSG-15947]
Action.c(405): Notify: Transaction "itinerary" started.	[MsgId: MMSG-16999]
Action.c(407): web_reg_find started  	[MsgId: MMSG-26355]
Action.c(407): Registering web_reg_find was successful  	[MsgId: MMSG-26390]
Action.c(410): web_custom_request("Itinerary Button") started  	[MsgId: MMSG-26355]
Action.c(410): Error -26612: HTTP Status-Code=500 (Internal Server Error) for "http://localhost:1080/cgi-bin/welcome.pl?page=itinerary"  	[MsgId: MERR-26612]
Action.c(410): Error -26366: "Text=User wants the intineraries" not found for web_reg_find  	[MsgId: MERR-26366]
End auto log messages stack.	[MsgId: MMSG-10544]


Start auto log messages stack - Iteration 18.	[MsgId: MMSG-10545]
Action.c(502): web_concurrent_start started  	[MsgId: MMSG-26355]
Action.c(502): web_concurrent_start was successful  	[MsgId: MMSG-26392]
Action.c(504): web_custom_request("home.html_2") started  	[MsgId: MMSG-26355]
Action.c(504): Retrieving data from cache for "http://localhost:1080/WebTours/home.html"  	[MsgId: MMSG-26558]
Action.c(504): Registering web_custom_request("home.html_2") was successful  	[MsgId: MMSG-26390]
Action.c(513): web_custom_request("nav.pl_3") started  	[MsgId: MMSG-26355]
Action.c(513): Registering web_custom_request("nav.pl_3") was successful  	[MsgId: MMSG-26390]
Action.c(523): web_concurrent_end started  	[MsgId: MMSG-26355]
Action.c(513): Error -26612: HTTP Status-Code=500 (Internal Server Error) for "http://localhost:1080/cgi-bin/nav.pl?in=home"   [issued at Action.c(523)]  	[MsgId: MERR-26612]
End auto log messages stack.	[MsgId: MMSG-10544]


