Start auto log messages stack - Iteration 1.	[MsgId: MMSG-10545]
Action.c(176): web_add_auto_header("Sec-Fetch-Site") was successful  	[MsgId: MMSG-26392]
Action.c(179): web_add_auto_header("Sec-Fetch-Dest") started  	[MsgId: MMSG-26355]
Action.c(179): web_add_auto_header("Sec-Fetch-Dest") was successful  	[MsgId: MMSG-26392]
Action.c(182): web_add_header("Origin") started  	[MsgId: MMSG-26355]
Action.c(182): web_add_header("Origin") was successful  	[MsgId: MMSG-26392]
Action.c(185): Think time - Waiting 5,00 seconds (according to limit).	[MsgId: MMSG-15946]
Action.c(185): lr_think_time: 5,00 seconds (recorded think time was 114,00 seconds).	[MsgId: MMSG-15947]
Action.c(187): web_reg_find started  	[MsgId: MMSG-26355]
Action.c(187): Registering web_reg_find was successful  	[MsgId: MMSG-26390]
Action.c(190): web_custom_request("login.pl") started  	[MsgId: MMSG-26355]
Action.c(190): Error -26366: "Text=User password was incorrect" not found for web_reg_find  	[MsgId: MERR-26366]
End auto log messages stack.	[MsgId: MMSG-10544]


Start auto log messages stack - Iteration 1.	[MsgId: MMSG-10545]
Action.c(176): web_add_auto_header("Sec-Fetch-Site") was successful  	[MsgId: MMSG-26392]
Action.c(179): web_add_auto_header("Sec-Fetch-Dest") started  	[MsgId: MMSG-26355]
Action.c(179): web_add_auto_header("Sec-Fetch-Dest") was successful  	[MsgId: MMSG-26392]
Action.c(182): web_add_header("Origin") started  	[MsgId: MMSG-26355]
Action.c(182): web_add_header("Origin") was successful  	[MsgId: MMSG-26392]
Action.c(185): Think time - Waiting 5,00 seconds (according to limit).	[MsgId: MMSG-15946]
Action.c(185): lr_think_time: 5,00 seconds (recorded think time was 114,00 seconds).	[MsgId: MMSG-15947]
Action.c(187): web_reg_find started  	[MsgId: MMSG-26355]
Action.c(187): Registering web_reg_find was successful  	[MsgId: MMSG-26390]
Action.c(190): web_custom_request("login.pl") started  	[MsgId: MMSG-26355]
Action.c(190): Error -26366: "Text=User password was incorrect" not found for web_reg_find  	[MsgId: MERR-26366]
End auto log messages stack.	[MsgId: MMSG-10544]


Start auto log messages stack - Iteration 2.	[MsgId: MMSG-10545]
Action.c(176): web_add_auto_header("Sec-Fetch-Site") was successful  	[MsgId: MMSG-26392]
Action.c(179): web_add_auto_header("Sec-Fetch-Dest") started  	[MsgId: MMSG-26355]
Action.c(179): web_add_auto_header("Sec-Fetch-Dest") was successful  	[MsgId: MMSG-26392]
Action.c(182): web_add_header("Origin") started  	[MsgId: MMSG-26355]
Action.c(182): web_add_header("Origin") was successful  	[MsgId: MMSG-26392]
Action.c(185): Think time - Waiting 5,00 seconds (according to limit).	[MsgId: MMSG-15946]
Action.c(185): lr_think_time: 5,00 seconds (recorded think time was 114,00 seconds).	[MsgId: MMSG-15947]
Action.c(187): web_reg_find started  	[MsgId: MMSG-26355]
Action.c(187): Registering web_reg_find was successful  	[MsgId: MMSG-26390]
Action.c(190): web_custom_request("login.pl") started  	[MsgId: MMSG-26355]
Action.c(190): Error -26366: "Text=User password was incorrect" not found for web_reg_find  	[MsgId: MERR-26366]
End auto log messages stack.	[MsgId: MMSG-10544]


Start auto log messages stack - Iteration 2.	[MsgId: MMSG-10545]
Action.c(176): web_add_auto_header("Sec-Fetch-Site") was successful  	[MsgId: MMSG-26392]
Action.c(179): web_add_auto_header("Sec-Fetch-Dest") started  	[MsgId: MMSG-26355]
Action.c(179): web_add_auto_header("Sec-Fetch-Dest") was successful  	[MsgId: MMSG-26392]
Action.c(182): web_add_header("Origin") started  	[MsgId: MMSG-26355]
Action.c(182): web_add_header("Origin") was successful  	[MsgId: MMSG-26392]
Action.c(185): Think time - Waiting 5,00 seconds (according to limit).	[MsgId: MMSG-15946]
Action.c(185): lr_think_time: 5,00 seconds (recorded think time was 114,00 seconds).	[MsgId: MMSG-15947]
Action.c(187): web_reg_find started  	[MsgId: MMSG-26355]
Action.c(187): Registering web_reg_find was successful  	[MsgId: MMSG-26390]
Action.c(190): web_custom_request("login.pl") started  	[MsgId: MMSG-26355]
Action.c(190): Error -26366: "Text=User password was incorrect" not found for web_reg_find  	[MsgId: MERR-26366]
End auto log messages stack.	[MsgId: MMSG-10544]


Start auto log messages stack - Iteration 3.	[MsgId: MMSG-10545]
Action.c(176): web_add_auto_header("Sec-Fetch-Site") was successful  	[MsgId: MMSG-26392]
Action.c(179): web_add_auto_header("Sec-Fetch-Dest") started  	[MsgId: MMSG-26355]
Action.c(179): web_add_auto_header("Sec-Fetch-Dest") was successful  	[MsgId: MMSG-26392]
Action.c(182): web_add_header("Origin") started  	[MsgId: MMSG-26355]
Action.c(182): web_add_header("Origin") was successful  	[MsgId: MMSG-26392]
Action.c(185): Think time - Waiting 5,00 seconds (according to limit).	[MsgId: MMSG-15946]
Action.c(185): lr_think_time: 5,00 seconds (recorded think time was 114,00 seconds).	[MsgId: MMSG-15947]
Action.c(187): web_reg_find started  	[MsgId: MMSG-26355]
Action.c(187): Registering web_reg_find was successful  	[MsgId: MMSG-26390]
Action.c(190): web_custom_request("login.pl") started  	[MsgId: MMSG-26355]
Action.c(190): Error -26366: "Text=User password was incorrect" not found for web_reg_find  	[MsgId: MERR-26366]
End auto log messages stack.	[MsgId: MMSG-10544]


Start auto log messages stack - Iteration 3.	[MsgId: MMSG-10545]
Action.c(176): web_add_auto_header("Sec-Fetch-Site") was successful  	[MsgId: MMSG-26392]
Action.c(179): web_add_auto_header("Sec-Fetch-Dest") started  	[MsgId: MMSG-26355]
Action.c(179): web_add_auto_header("Sec-Fetch-Dest") was successful  	[MsgId: MMSG-26392]
Action.c(182): web_add_header("Origin") started  	[MsgId: MMSG-26355]
Action.c(182): web_add_header("Origin") was successful  	[MsgId: MMSG-26392]
Action.c(185): Think time - Waiting 5,00 seconds (according to limit).	[MsgId: MMSG-15946]
Action.c(185): lr_think_time: 5,00 seconds (recorded think time was 114,00 seconds).	[MsgId: MMSG-15947]
Action.c(187): web_reg_find started  	[MsgId: MMSG-26355]
Action.c(187): Registering web_reg_find was successful  	[MsgId: MMSG-26390]
Action.c(190): web_custom_request("login.pl") started  	[MsgId: MMSG-26355]
Action.c(190): Error -26366: "Text=User password was incorrect" not found for web_reg_find  	[MsgId: MERR-26366]
End auto log messages stack.	[MsgId: MMSG-10544]


Start auto log messages stack - Iteration 4.	[MsgId: MMSG-10545]
Action.c(176): web_add_auto_header("Sec-Fetch-Site") was successful  	[MsgId: MMSG-26392]
Action.c(179): web_add_auto_header("Sec-Fetch-Dest") started  	[MsgId: MMSG-26355]
Action.c(179): web_add_auto_header("Sec-Fetch-Dest") was successful  	[MsgId: MMSG-26392]
Action.c(182): web_add_header("Origin") started  	[MsgId: MMSG-26355]
Action.c(182): web_add_header("Origin") was successful  	[MsgId: MMSG-26392]
Action.c(185): Think time - Waiting 5,00 seconds (according to limit).	[MsgId: MMSG-15946]
Action.c(185): lr_think_time: 5,00 seconds (recorded think time was 114,00 seconds).	[MsgId: MMSG-15947]
Action.c(187): web_reg_find started  	[MsgId: MMSG-26355]
Action.c(187): Registering web_reg_find was successful  	[MsgId: MMSG-26390]
Action.c(190): web_custom_request("login.pl") started  	[MsgId: MMSG-26355]
Action.c(190): Error -26366: "Text=User password was incorrect" not found for web_reg_find  	[MsgId: MERR-26366]
End auto log messages stack.	[MsgId: MMSG-10544]


Start auto log messages stack - Iteration 4.	[MsgId: MMSG-10545]
Action.c(176): web_add_auto_header("Sec-Fetch-Site") was successful  	[MsgId: MMSG-26392]
Action.c(179): web_add_auto_header("Sec-Fetch-Dest") started  	[MsgId: MMSG-26355]
Action.c(179): web_add_auto_header("Sec-Fetch-Dest") was successful  	[MsgId: MMSG-26392]
Action.c(182): web_add_header("Origin") started  	[MsgId: MMSG-26355]
Action.c(182): web_add_header("Origin") was successful  	[MsgId: MMSG-26392]
Action.c(185): Think time - Waiting 5,00 seconds (according to limit).	[MsgId: MMSG-15946]
Action.c(185): lr_think_time: 5,00 seconds (recorded think time was 114,00 seconds).	[MsgId: MMSG-15947]
Action.c(187): web_reg_find started  	[MsgId: MMSG-26355]
Action.c(187): Registering web_reg_find was successful  	[MsgId: MMSG-26390]
Action.c(190): web_custom_request("login.pl") started  	[MsgId: MMSG-26355]
Action.c(190): Error -26366: "Text=User password was incorrect" not found for web_reg_find  	[MsgId: MERR-26366]
End auto log messages stack.	[MsgId: MMSG-10544]


Start auto log messages stack - Iteration 5.	[MsgId: MMSG-10545]
Action.c(176): web_add_auto_header("Sec-Fetch-Site") was successful  	[MsgId: MMSG-26392]
Action.c(179): web_add_auto_header("Sec-Fetch-Dest") started  	[MsgId: MMSG-26355]
Action.c(179): web_add_auto_header("Sec-Fetch-Dest") was successful  	[MsgId: MMSG-26392]
Action.c(182): web_add_header("Origin") started  	[MsgId: MMSG-26355]
Action.c(182): web_add_header("Origin") was successful  	[MsgId: MMSG-26392]
Action.c(185): Think time - Waiting 5,00 seconds (according to limit).	[MsgId: MMSG-15946]
Action.c(185): lr_think_time: 5,00 seconds (recorded think time was 114,00 seconds).	[MsgId: MMSG-15947]
Action.c(187): web_reg_find started  	[MsgId: MMSG-26355]
Action.c(187): Registering web_reg_find was successful  	[MsgId: MMSG-26390]
Action.c(190): web_custom_request("login.pl") started  	[MsgId: MMSG-26355]
Action.c(190): Error -26366: "Text=User password was incorrect" not found for web_reg_find  	[MsgId: MERR-26366]
End auto log messages stack.	[MsgId: MMSG-10544]


Start auto log messages stack - Iteration 5.	[MsgId: MMSG-10545]
Action.c(176): web_add_auto_header("Sec-Fetch-Site") was successful  	[MsgId: MMSG-26392]
Action.c(179): web_add_auto_header("Sec-Fetch-Dest") started  	[MsgId: MMSG-26355]
Action.c(179): web_add_auto_header("Sec-Fetch-Dest") was successful  	[MsgId: MMSG-26392]
Action.c(182): web_add_header("Origin") started  	[MsgId: MMSG-26355]
Action.c(182): web_add_header("Origin") was successful  	[MsgId: MMSG-26392]
Action.c(185): Think time - Waiting 5,00 seconds (according to limit).	[MsgId: MMSG-15946]
Action.c(185): lr_think_time: 5,00 seconds (recorded think time was 114,00 seconds).	[MsgId: MMSG-15947]
Action.c(187): web_reg_find started  	[MsgId: MMSG-26355]
Action.c(187): Registering web_reg_find was successful  	[MsgId: MMSG-26390]
Action.c(190): web_custom_request("login.pl") started  	[MsgId: MMSG-26355]
Action.c(190): Error -26366: "Text=User password was incorrect" not found for web_reg_find  	[MsgId: MERR-26366]
End auto log messages stack.	[MsgId: MMSG-10544]


Start auto log messages stack - Iteration 6.	[MsgId: MMSG-10545]
Action.c(176): web_add_auto_header("Sec-Fetch-Site") was successful  	[MsgId: MMSG-26392]
Action.c(179): web_add_auto_header("Sec-Fetch-Dest") started  	[MsgId: MMSG-26355]
Action.c(179): web_add_auto_header("Sec-Fetch-Dest") was successful  	[MsgId: MMSG-26392]
Action.c(182): web_add_header("Origin") started  	[MsgId: MMSG-26355]
Action.c(182): web_add_header("Origin") was successful  	[MsgId: MMSG-26392]
Action.c(185): Think time - Waiting 5,00 seconds (according to limit).	[MsgId: MMSG-15946]
Action.c(185): lr_think_time: 5,00 seconds (recorded think time was 114,00 seconds).	[MsgId: MMSG-15947]
Action.c(187): web_reg_find started  	[MsgId: MMSG-26355]
Action.c(187): Registering web_reg_find was successful  	[MsgId: MMSG-26390]
Action.c(190): web_custom_request("login.pl") started  	[MsgId: MMSG-26355]
Action.c(190): Error -26366: "Text=User password was incorrect" not found for web_reg_find  	[MsgId: MERR-26366]
End auto log messages stack.	[MsgId: MMSG-10544]


Start auto log messages stack - Iteration 6.	[MsgId: MMSG-10545]
Action.c(176): web_add_auto_header("Sec-Fetch-Site") was successful  	[MsgId: MMSG-26392]
Action.c(179): web_add_auto_header("Sec-Fetch-Dest") started  	[MsgId: MMSG-26355]
Action.c(179): web_add_auto_header("Sec-Fetch-Dest") was successful  	[MsgId: MMSG-26392]
Action.c(182): web_add_header("Origin") started  	[MsgId: MMSG-26355]
Action.c(182): web_add_header("Origin") was successful  	[MsgId: MMSG-26392]
Action.c(185): Think time - Waiting 5,00 seconds (according to limit).	[MsgId: MMSG-15946]
Action.c(185): lr_think_time: 5,00 seconds (recorded think time was 114,00 seconds).	[MsgId: MMSG-15947]
Action.c(187): web_reg_find started  	[MsgId: MMSG-26355]
Action.c(187): Registering web_reg_find was successful  	[MsgId: MMSG-26390]
Action.c(190): web_custom_request("login.pl") started  	[MsgId: MMSG-26355]
Action.c(190): Error -26366: "Text=User password was incorrect" not found for web_reg_find  	[MsgId: MERR-26366]
End auto log messages stack.	[MsgId: MMSG-10544]


Start auto log messages stack - Iteration 7.	[MsgId: MMSG-10545]
Action.c(176): web_add_auto_header("Sec-Fetch-Site") was successful  	[MsgId: MMSG-26392]
Action.c(179): web_add_auto_header("Sec-Fetch-Dest") started  	[MsgId: MMSG-26355]
Action.c(179): web_add_auto_header("Sec-Fetch-Dest") was successful  	[MsgId: MMSG-26392]
Action.c(182): web_add_header("Origin") started  	[MsgId: MMSG-26355]
Action.c(182): web_add_header("Origin") was successful  	[MsgId: MMSG-26392]
Action.c(185): Think time - Waiting 5,00 seconds (according to limit).	[MsgId: MMSG-15946]
Action.c(185): lr_think_time: 5,00 seconds (recorded think time was 114,00 seconds).	[MsgId: MMSG-15947]
Action.c(187): web_reg_find started  	[MsgId: MMSG-26355]
Action.c(187): Registering web_reg_find was successful  	[MsgId: MMSG-26390]
Action.c(190): web_custom_request("login.pl") started  	[MsgId: MMSG-26355]
Action.c(190): Error -26366: "Text=User password was incorrect" not found for web_reg_find  	[MsgId: MERR-26366]
End auto log messages stack.	[MsgId: MMSG-10544]


Start auto log messages stack - Iteration 7.	[MsgId: MMSG-10545]
Action.c(176): web_add_auto_header("Sec-Fetch-Site") was successful  	[MsgId: MMSG-26392]
Action.c(179): web_add_auto_header("Sec-Fetch-Dest") started  	[MsgId: MMSG-26355]
Action.c(179): web_add_auto_header("Sec-Fetch-Dest") was successful  	[MsgId: MMSG-26392]
Action.c(182): web_add_header("Origin") started  	[MsgId: MMSG-26355]
Action.c(182): web_add_header("Origin") was successful  	[MsgId: MMSG-26392]
Action.c(185): Think time - Waiting 5,00 seconds (according to limit).	[MsgId: MMSG-15946]
Action.c(185): lr_think_time: 5,00 seconds (recorded think time was 114,00 seconds).	[MsgId: MMSG-15947]
Action.c(187): web_reg_find started  	[MsgId: MMSG-26355]
Action.c(187): Registering web_reg_find was successful  	[MsgId: MMSG-26390]
Action.c(190): web_custom_request("login.pl") started  	[MsgId: MMSG-26355]
Action.c(190): Error -26366: "Text=User password was incorrect" not found for web_reg_find  	[MsgId: MERR-26366]
End auto log messages stack.	[MsgId: MMSG-10544]


Start auto log messages stack - Iteration 8.	[MsgId: MMSG-10545]
Action.c(176): web_add_auto_header("Sec-Fetch-Site") was successful  	[MsgId: MMSG-26392]
Action.c(179): web_add_auto_header("Sec-Fetch-Dest") started  	[MsgId: MMSG-26355]
Action.c(179): web_add_auto_header("Sec-Fetch-Dest") was successful  	[MsgId: MMSG-26392]
Action.c(182): web_add_header("Origin") started  	[MsgId: MMSG-26355]
Action.c(182): web_add_header("Origin") was successful  	[MsgId: MMSG-26392]
Action.c(185): Think time - Waiting 5,00 seconds (according to limit).	[MsgId: MMSG-15946]
Action.c(185): lr_think_time: 5,00 seconds (recorded think time was 114,00 seconds).	[MsgId: MMSG-15947]
Action.c(187): web_reg_find started  	[MsgId: MMSG-26355]
Action.c(187): Registering web_reg_find was successful  	[MsgId: MMSG-26390]
Action.c(190): web_custom_request("login.pl") started  	[MsgId: MMSG-26355]
Action.c(190): Error -26366: "Text=User password was incorrect" not found for web_reg_find  	[MsgId: MERR-26366]
End auto log messages stack.	[MsgId: MMSG-10544]


Start auto log messages stack - Iteration 8.	[MsgId: MMSG-10545]
Action.c(56): Registering web_custom_request("header.html") was successful  	[MsgId: MMSG-26390]
Action.c(66): web_add_header("Sec-Fetch-Site") started  	[MsgId: MMSG-26355]
Action.c(66): web_add_header("Sec-Fetch-Site") was successful  	[MsgId: MMSG-26392]
Action.c(69): web_add_header("Sec-Fetch-Dest") started  	[MsgId: MMSG-26355]
Action.c(69): web_add_header("Sec-Fetch-Dest") was successful  	[MsgId: MMSG-26392]
Action.c(72): web_custom_request("welcome.pl") started  	[MsgId: MMSG-26355]
Action.c(72): Registering web_custom_request("welcome.pl") was successful  	[MsgId: MMSG-26390]
Action.c(82): web_concurrent_end started  	[MsgId: MMSG-26355]
Action.c(72): Error -26612: HTTP Status-Code=500 (Internal Server Error) for "http://localhost:1080/cgi-bin/welcome.pl?signOff=true"   [issued at Action.c(82)]  	[MsgId: MERR-26612]
End auto log messages stack.	[MsgId: MMSG-10544]


