Start auto log messages stack - Iteration 2.	[MsgId: MMSG-10545]
Action.c(190): web_custom_request("login.pl") was successful, 454 body bytes, 229 header bytes, 12 chunking overhead bytes  	[MsgId: MMSG-26385]
Action.c(201): web_concurrent_start started  	[MsgId: MMSG-26355]
Action.c(201): web_concurrent_start was successful  	[MsgId: MMSG-26392]
Action.c(206): web_custom_request("nav.pl_2") started  	[MsgId: MMSG-26355]
Action.c(206): Registering web_custom_request("nav.pl_2") was successful  	[MsgId: MMSG-26390]
Action.c(216): web_custom_request("login.pl_2") started  	[MsgId: MMSG-26355]
Action.c(216): Registering web_custom_request("login.pl_2") was successful  	[MsgId: MMSG-26390]
Action.c(226): web_concurrent_end started  	[MsgId: MMSG-26355]
Action.c(206): Error -26612: HTTP Status-Code=500 (Internal Server Error) for "http://localhost:1080/cgi-bin/nav.pl?page=menu&in=home"   [issued at Action.c(226)]  	[MsgId: MERR-26612]
End auto log messages stack.	[MsgId: MMSG-10544]


Start auto log messages stack - Iteration 8.	[MsgId: MMSG-10545]
Action.c(337): web_custom_request("button_next.gif") was successful, 758 body bytes, 298 header bytes  	[MsgId: MMSG-26386]
Action.c(346): Notify: Transaction "find_flight" started.	[MsgId: MMSG-16999]
Action.c(348): web_add_auto_header("Origin") started  	[MsgId: MMSG-26355]
Action.c(348): web_add_auto_header("Origin") was successful  	[MsgId: MMSG-26392]
Action.c(351): web_reg_find started  	[MsgId: MMSG-26355]
Action.c(351): Registering web_reg_find was successful  	[MsgId: MMSG-26390]
Action.c(355): web_reg_save_param_attrib started  	[MsgId: MMSG-26355]
Action.c(355): Registering web_reg_save_param_attrib was successful  	[MsgId: MMSG-26390]
Action.c(370): web_custom_request("reservations.pl_2") started  	[MsgId: MMSG-26355]
Action.c(370): Error -26612: HTTP Status-Code=500 (Internal Server Error) for "http://localhost:1080/cgi-bin/reservations.pl"  	[MsgId: MERR-26612]
Action.c(370): Error -35048: No match found for the requested parameter "outboundFlight". Check whether the tag with specific attributes exists in the response data  	[MsgId: MERR-35048]
Action.c(370): Error -26366: "Text=from <B>London</B> to <B>Denver</B>" not found for web_reg_find  	[MsgId: MERR-26366]
End auto log messages stack.	[MsgId: MMSG-10544]


Start auto log messages stack - Iteration 11.	[MsgId: MMSG-10545]
Action.c(56): Registering web_custom_request("header.html") was successful  	[MsgId: MMSG-26390]
Action.c(66): web_add_header("Sec-Fetch-Site") started  	[MsgId: MMSG-26355]
Action.c(66): web_add_header("Sec-Fetch-Site") was successful  	[MsgId: MMSG-26392]
Action.c(69): web_add_header("Sec-Fetch-Dest") started  	[MsgId: MMSG-26355]
Action.c(69): web_add_header("Sec-Fetch-Dest") was successful  	[MsgId: MMSG-26392]
Action.c(72): web_custom_request("welcome.pl") started  	[MsgId: MMSG-26355]
Action.c(72): Registering web_custom_request("welcome.pl") was successful  	[MsgId: MMSG-26390]
Action.c(82): web_concurrent_end started  	[MsgId: MMSG-26355]
Action.c(72): Error -26612: HTTP Status-Code=500 (Internal Server Error) for "http://localhost:1080/cgi-bin/welcome.pl?signOff=true"   [issued at Action.c(82)]  	[MsgId: MERR-26612]
End auto log messages stack.	[MsgId: MMSG-10544]


