Start auto log messages stack - Iteration 5.	[MsgId: MMSG-10545]
Action.c(217): web_concurrent_start started  	[MsgId: MMSG-26355]
Action.c(217): web_concurrent_start was successful  	[MsgId: MMSG-26392]
Action.c(219): web_custom_request("nav.pl_2") started  	[MsgId: MMSG-26355]
Action.c(219): Registering web_custom_request("nav.pl_2") was successful  	[MsgId: MMSG-26390]
Action.c(230): web_reg_find started  	[MsgId: MMSG-26355]
Action.c(230): Registering web_reg_find was successful  	[MsgId: MMSG-26390]
Action.c(233): web_custom_request("login.pl_2") started  	[MsgId: MMSG-26355]
Action.c(233): Registering web_custom_request("login.pl_2") was successful  	[MsgId: MMSG-26390]
Action.c(243): web_concurrent_end started  	[MsgId: MMSG-26355]
Action.c(233): Error -26612: HTTP Status-Code=500 (Internal Server Error) for "http://localhost:1080/cgi-bin/login.pl?intro=true"   [issued at Action.c(243)]  	[MsgId: MERR-26612]
Action.c(243): Error -26366: "Text=Welcome to Web Tours" not found for web_reg_find  	[MsgId: MERR-26366]
End auto log messages stack.	[MsgId: MMSG-10544]


Start auto log messages stack - Iteration 5.	[MsgId: MMSG-10545]
Action.c(192): Think time - Waiting 3,00 seconds (according to limit).	[MsgId: MMSG-15946]
Action.c(192): lr_think_time: 3,00 seconds (recorded think time was 46,00 seconds).	[MsgId: MMSG-15947]
Action.c(194): Notify: Transaction "login" started.	[MsgId: MMSG-16999]
Action.c(196): web_add_auto_header("Sec-Fetch-Site") started  	[MsgId: MMSG-26355]
Action.c(196): web_add_auto_header("Sec-Fetch-Site") was successful  	[MsgId: MMSG-26392]
Action.c(199): web_add_auto_header("Sec-Fetch-Dest") started  	[MsgId: MMSG-26355]
Action.c(199): web_add_auto_header("Sec-Fetch-Dest") was successful  	[MsgId: MMSG-26392]
Action.c(202): web_add_header("Origin") started  	[MsgId: MMSG-26355]
Action.c(202): web_add_header("Origin") was successful  	[MsgId: MMSG-26392]
Action.c(206): web_custom_request("login.pl") started  	[MsgId: MMSG-26355]
Action.c(206): Error -26612: HTTP Status-Code=500 (Internal Server Error) for "http://localhost:1080/cgi-bin/login.pl"  	[MsgId: MERR-26612]
End auto log messages stack.	[MsgId: MMSG-10544]


