Virtual User Script started at: 04.07.2024 18:03:18
Starting action vuser_init.
Web Turbo Replay of LoadRunner 2021.0.0 for Windows 10; build 430 (џэт 05 2021 19:27:22)  	[MsgId: MMSG-26983]
Run mode: HTML  	[MsgId: MMSG-26993]
Replay user agent: Mozilla/5.0 (Windows NT 10.0; Win64; x64) AppleWebKit/537.36 (KHTML, like Gecko) Chrome/124.0.0.0 Safari/537.36  	[MsgId: MMSG-26988]
Runtime Settings file: "C:\Users\trifo\Documents\Homework\LoadRunner\Scripts\UC4_DeleteTickets\\default.cfg"  	[MsgId: MMSG-27141]
Ending action vuser_init.
Running Vuser...
Starting iteration 1.
Maximum number of concurrent connections per server: 6  	[MsgId: MMSG-26989]
Starting action Action.
Action.c(9): Notify: Transaction "UC4_DeleteTickets" started.
Action.c(11): Notify: Transaction "home_page" started.
Action.c(14): web_set_sockets_option started  	[MsgId: MMSG-26355]
Action.c(14): web_set_sockets_option was successful  	[MsgId: MMSG-26392]
Action.c(16): web_add_auto_header("sec-ch-ua") started  	[MsgId: MMSG-26355]
Action.c(16): web_add_auto_header("sec-ch-ua") was successful  	[MsgId: MMSG-26392]
Action.c(19): web_add_auto_header("sec-ch-ua-mobile") started  	[MsgId: MMSG-26355]
Action.c(19): web_add_auto_header("sec-ch-ua-mobile") was successful  	[MsgId: MMSG-26392]
Action.c(22): web_add_auto_header("sec-ch-ua-platform") started  	[MsgId: MMSG-26355]
Action.c(22): web_add_auto_header("sec-ch-ua-platform") was successful  	[MsgId: MMSG-26392]
Action.c(25): web_add_auto_header("Upgrade-Insecure-Requests") started  	[MsgId: MMSG-26355]
Action.c(25): web_add_auto_header("Upgrade-Insecure-Requests") was successful  	[MsgId: MMSG-26392]
Action.c(28): web_add_header("Sec-Fetch-Site") started  	[MsgId: MMSG-26355]
Action.c(28): web_add_header("Sec-Fetch-Site") was successful  	[MsgId: MMSG-26392]
Action.c(31): web_add_auto_header("Sec-Fetch-Mode") started  	[MsgId: MMSG-26355]
Action.c(31): web_add_auto_header("Sec-Fetch-Mode") was successful  	[MsgId: MMSG-26392]
Action.c(34): web_add_header("Sec-Fetch-Dest") started  	[MsgId: MMSG-26355]
Action.c(34): web_add_header("Sec-Fetch-Dest") was successful  	[MsgId: MMSG-26392]
Action.c(37): web_add_auto_header("Sec-Fetch-User") started  	[MsgId: MMSG-26355]
Action.c(37): web_add_auto_header("Sec-Fetch-User") was successful  	[MsgId: MMSG-26392]
Action.c(40): web_reg_find started  	[MsgId: MMSG-26355]
Action.c(40): Registering web_reg_find was successful  	[MsgId: MMSG-26390]
Action.c(43): web_custom_request("WebTours") started  	[MsgId: MMSG-26355]
Action.c(43): Redirecting "http://localhost:1080/WebTours" (redirection depth is 0)  	[MsgId: MMSG-26694]
Action.c(43): To location "http://localhost:1080/WebTours/"  	[MsgId: MMSG-26693]
Action.c(43): Registered web_reg_find successful for "Text=Moved Permanently" (count=2)  	[MsgId: MMSG-26364]
Action.c(43): web_custom_request("WebTours") was successful, 605 body bytes, 565 header bytes  	[MsgId: MMSG-26386]
Action.c(53): web_add_header("Sec-Fetch-Site") started  	[MsgId: MMSG-26355]
Action.c(53): web_add_header("Sec-Fetch-Site") was successful  	[MsgId: MMSG-26392]
Action.c(56): web_add_header("Sec-Fetch-Dest") started  	[MsgId: MMSG-26355]
Action.c(56): web_add_header("Sec-Fetch-Dest") was successful  	[MsgId: MMSG-26392]
Action.c(59): web_concurrent_start started  	[MsgId: MMSG-26355]
Action.c(59): web_concurrent_start was successful  	[MsgId: MMSG-26392]
Action.c(61): web_custom_request("header.html") started  	[MsgId: MMSG-26355]
Action.c(61): Registering web_custom_request("header.html") was successful  	[MsgId: MMSG-26390]
Action.c(71): web_add_header("Sec-Fetch-Site") started  	[MsgId: MMSG-26355]
Action.c(71): web_add_header("Sec-Fetch-Site") was successful  	[MsgId: MMSG-26392]
Action.c(74): web_add_header("Sec-Fetch-Dest") started  	[MsgId: MMSG-26355]
Action.c(74): web_add_header("Sec-Fetch-Dest") was successful  	[MsgId: MMSG-26392]
Action.c(77): web_custom_request("welcome.pl") started  	[MsgId: MMSG-26355]
Action.c(77): Registering web_custom_request("welcome.pl") was successful  	[MsgId: MMSG-26390]
Action.c(87): web_concurrent_end started  	[MsgId: MMSG-26355]
Action.c(87): web_concurrent_end was successful, 1396 body bytes, 624 header bytes, 12 chunking overhead bytes  	[MsgId: MMSG-26385]
Action.c(89): web_add_header("Sec-Fetch-Site") started  	[MsgId: MMSG-26355]
Action.c(89): web_add_header("Sec-Fetch-Site") was successful  	[MsgId: MMSG-26392]
Action.c(92): web_add_header("Sec-Fetch-Dest") started  	[MsgId: MMSG-26355]
Action.c(92): web_add_header("Sec-Fetch-Dest") was successful  	[MsgId: MMSG-26392]
Action.c(95): web_concurrent_start started  	[MsgId: MMSG-26355]
Action.c(95): web_concurrent_start was successful  	[MsgId: MMSG-26392]
Action.c(97): web_custom_request("hp_logo.png") started  	[MsgId: MMSG-26355]
Action.c(97): Registering web_custom_request("hp_logo.png") was successful  	[MsgId: MMSG-26390]
Action.c(106): web_add_header("Sec-Fetch-Site") started  	[MsgId: MMSG-26355]
Action.c(106): web_add_header("Sec-Fetch-Site") was successful  	[MsgId: MMSG-26392]
Action.c(109): web_add_header("Sec-Fetch-Dest") started  	[MsgId: MMSG-26355]
Action.c(109): web_add_header("Sec-Fetch-Dest") was successful  	[MsgId: MMSG-26392]
Action.c(112): web_custom_request("webtours.png") started  	[MsgId: MMSG-26355]
Action.c(112): Registering web_custom_request("webtours.png") was successful  	[MsgId: MMSG-26390]
Action.c(121): web_concurrent_end started  	[MsgId: MMSG-26355]
Action.c(121): web_concurrent_end was successful, 4788 body bytes, 596 header bytes  	[MsgId: MMSG-26386]
Action.c(123): web_add_header("Sec-Fetch-Site") started  	[MsgId: MMSG-26355]
Action.c(123): web_add_header("Sec-Fetch-Site") was successful  	[MsgId: MMSG-26392]
Action.c(126): web_add_header("Sec-Fetch-Dest") started  	[MsgId: MMSG-26355]
Action.c(126): web_add_header("Sec-Fetch-Dest") was successful  	[MsgId: MMSG-26392]
Action.c(129): web_concurrent_start started  	[MsgId: MMSG-26355]
Action.c(129): web_concurrent_start was successful  	[MsgId: MMSG-26392]
Action.c(131): web_custom_request("home.html") started  	[MsgId: MMSG-26355]
Action.c(131): Registering web_custom_request("home.html") was successful  	[MsgId: MMSG-26390]
Action.c(141): web_reg_save_param started  	[MsgId: MMSG-26355]
Action.c(141): Registering web_reg_save_param was successful  	[MsgId: MMSG-26390]
Action.c(146): web_custom_request("nav.pl") started  	[MsgId: MMSG-26355]
Action.c(146): Registering web_custom_request("nav.pl") was successful  	[MsgId: MMSG-26390]
Action.c(156): web_concurrent_end started  	[MsgId: MMSG-26355]
Action.c(156): web_concurrent_end was successful, 2851 body bytes, 553 header bytes, 12 chunking overhead bytes  	[MsgId: MMSG-26385]
Action.c(158): web_add_header("Sec-Fetch-Site") started  	[MsgId: MMSG-26355]
Action.c(158): web_add_header("Sec-Fetch-Site") was successful  	[MsgId: MMSG-26392]
Action.c(161): web_add_header("Sec-Fetch-Dest") started  	[MsgId: MMSG-26355]
Action.c(161): web_add_header("Sec-Fetch-Dest") was successful  	[MsgId: MMSG-26392]
Action.c(166): web_custom_request("mer_login.gif") started  	[MsgId: MMSG-26355]
Action.c(166): web_custom_request("mer_login.gif") was successful, 679 body bytes, 297 header bytes  	[MsgId: MMSG-26386]
Action.c(175): Notify: Transaction "home_page" ended with a "Pass" status (Duration: 1,1262 Wasted Time: 0,2231).
Action.c(178): web_add_auto_header("sec-ch-ua") started  	[MsgId: MMSG-26355]
Action.c(178): web_add_auto_header("sec-ch-ua") was successful  	[MsgId: MMSG-26392]
Action.c(181): web_add_auto_header("sec-ch-ua-mobile") started  	[MsgId: MMSG-26355]
Action.c(181): web_add_auto_header("sec-ch-ua-mobile") was successful  	[MsgId: MMSG-26392]
Action.c(184): web_add_auto_header("sec-ch-ua-platform") started  	[MsgId: MMSG-26355]
Action.c(184): web_add_auto_header("sec-ch-ua-platform") was successful  	[MsgId: MMSG-26392]
Action.c(187): web_add_auto_header("Upgrade-Insecure-Requests") started  	[MsgId: MMSG-26355]
Action.c(187): web_add_auto_header("Upgrade-Insecure-Requests") was successful  	[MsgId: MMSG-26392]
Action.c(190): web_add_header("Sec-Fetch-Site") started  	[MsgId: MMSG-26355]
Action.c(190): web_add_header("Sec-Fetch-Site") was successful  	[MsgId: MMSG-26392]
Action.c(193): web_add_auto_header("Sec-Fetch-Mode") started  	[MsgId: MMSG-26355]
Action.c(193): web_add_auto_header("Sec-Fetch-Mode") was successful  	[MsgId: MMSG-26392]
Action.c(196): web_add_header("Sec-Fetch-Dest") started  	[MsgId: MMSG-26355]
Action.c(196): web_add_header("Sec-Fetch-Dest") was successful  	[MsgId: MMSG-26392]
Action.c(199): web_add_auto_header("Sec-Fetch-User") started  	[MsgId: MMSG-26355]
Action.c(199): web_add_auto_header("Sec-Fetch-User") was successful  	[MsgId: MMSG-26392]
Action.c(202): web_reg_find started  	[MsgId: MMSG-26355]
Action.c(202): Registering web_reg_find was successful  	[MsgId: MMSG-26390]
Action.c(206): web_custom_request("WebTours") started  	[MsgId: MMSG-26355]
Action.c(206): Redirecting "http://localhost:1080/WebTours" (redirection depth is 0)  	[MsgId: MMSG-26694]
Action.c(206): To location "http://localhost:1080/WebTours/"  	[MsgId: MMSG-26693]
Action.c(206): Retrieving data from cache for "http://localhost:1080/WebTours/"  	[MsgId: MMSG-26558]
Action.c(206): Registered web_reg_find successful for "Text=301 Moved Permanently" (count=1)  	[MsgId: MMSG-26364]
Action.c(206): web_custom_request("WebTours") was successful, 239 body bytes, 266 header bytes  	[MsgId: MMSG-26386]
Action.c(216): web_set_sockets_option started  	[MsgId: MMSG-26355]
Action.c(216): web_set_sockets_option was successful  	[MsgId: MMSG-26392]
Action.c(218): web_add_header("Sec-Fetch-Site") started  	[MsgId: MMSG-26355]
Action.c(218): web_add_header("Sec-Fetch-Site") was successful  	[MsgId: MMSG-26392]
Action.c(221): web_add_header("Sec-Fetch-Dest") started  	[MsgId: MMSG-26355]
Action.c(221): web_add_header("Sec-Fetch-Dest") was successful  	[MsgId: MMSG-26392]
Action.c(224): web_concurrent_start started  	[MsgId: MMSG-26355]
Action.c(224): web_concurrent_start was successful  	[MsgId: MMSG-26392]
Action.c(226): web_custom_request("header.html") started  	[MsgId: MMSG-26355]
Action.c(226): Retrieving data from cache for "http://localhost:1080/WebTours/header.html"  	[MsgId: MMSG-26558]
Action.c(226): Registering web_custom_request("header.html") was successful  	[MsgId: MMSG-26390]
Action.c(236): web_add_header("Sec-Fetch-Site") started  	[MsgId: MMSG-26355]
Action.c(236): web_add_header("Sec-Fetch-Site") was successful  	[MsgId: MMSG-26392]
Action.c(239): web_add_header("Sec-Fetch-Dest") started  	[MsgId: MMSG-26355]
Action.c(239): web_add_header("Sec-Fetch-Dest") was successful  	[MsgId: MMSG-26392]
Action.c(242): web_reg_find started  	[MsgId: MMSG-26355]
Action.c(242): Registering web_reg_find was successful  	[MsgId: MMSG-26390]
Action.c(246): web_custom_request("welcome.pl") started  	[MsgId: MMSG-26355]
Action.c(246): Registering web_custom_request("welcome.pl") was successful  	[MsgId: MMSG-26390]
Action.c(256): web_concurrent_end started  	[MsgId: MMSG-26355]
Action.c(256): Registered web_reg_find successful for "Text=A Session ID has been created and loaded into a cookie called MSO" (count=1)  	[MsgId: MMSG-26364]
Action.c(256): web_concurrent_end was successful, 686 body bytes, 327 header bytes, 12 chunking overhead bytes  	[MsgId: MMSG-26385]
Action.c(258): web_add_header("Sec-Fetch-Site") started  	[MsgId: MMSG-26355]
Action.c(258): web_add_header("Sec-Fetch-Site") was successful  	[MsgId: MMSG-26392]
Action.c(261): web_add_header("Sec-Fetch-Dest") started  	[MsgId: MMSG-26355]
Action.c(261): web_add_header("Sec-Fetch-Dest") was successful  	[MsgId: MMSG-26392]
Action.c(264): web_concurrent_start started  	[MsgId: MMSG-26355]
Action.c(264): web_concurrent_start was successful  	[MsgId: MMSG-26392]
Action.c(266): web_custom_request("hp_logo.png") started  	[MsgId: MMSG-26355]
Action.c(266): Resource "http://localhost:1080/WebTours/images/hp_logo.png" is in the cache already and will not be downloaded again  	[MsgId: MMSG-26655]
Action.c(275): web_add_header("Sec-Fetch-Site") started  	[MsgId: MMSG-26355]
Action.c(275): Warning -26592: A header of the same name has been added already. This header is added anyway.  	[MsgId: MWAR-26592]
Action.c(275): web_add_header("Sec-Fetch-Site") highest severity level was "warning"  	[MsgId: MMSG-26391]
Action.c(278): web_add_header("Sec-Fetch-Dest") started  	[MsgId: MMSG-26355]
Action.c(278): Warning -26592: A header of the same name has been added already. This header is added anyway.  	[MsgId: MWAR-26592]
Action.c(278): web_add_header("Sec-Fetch-Dest") highest severity level was "warning"  	[MsgId: MMSG-26391]
Action.c(281): web_custom_request("webtours.png") started  	[MsgId: MMSG-26355]
Action.c(281): Resource "http://localhost:1080/WebTours/images/webtours.png" is in the cache already and will not be downloaded again  	[MsgId: MMSG-26655]
Action.c(290): web_concurrent_end started  	[MsgId: MMSG-26355]
Action.c(290): web_concurrent_end was successful  	[MsgId: MMSG-26392]
Action.c(292): web_add_header("Sec-Fetch-Site") started  	[MsgId: MMSG-26355]
Action.c(292): web_add_header("Sec-Fetch-Site") was successful  	[MsgId: MMSG-26392]
Action.c(295): web_add_header("Sec-Fetch-Dest") started  	[MsgId: MMSG-26355]
Action.c(295): web_add_header("Sec-Fetch-Dest") was successful  	[MsgId: MMSG-26392]
Action.c(298): web_concurrent_start started  	[MsgId: MMSG-26355]
Action.c(298): web_concurrent_start was successful  	[MsgId: MMSG-26392]
Action.c(300): web_reg_find started  	[MsgId: MMSG-26355]
Action.c(300): Registering web_reg_find was successful  	[MsgId: MMSG-26390]
Action.c(303): web_custom_request("home.html") started  	[MsgId: MMSG-26355]
Action.c(303): Retrieving data from cache for "http://localhost:1080/WebTours/home.html"  	[MsgId: MMSG-26558]
Action.c(303): Registering web_custom_request("home.html") was successful  	[MsgId: MMSG-26390]
Action.c(313): web_add_header("Sec-Fetch-Site") started  	[MsgId: MMSG-26355]
Action.c(313): web_add_header("Sec-Fetch-Site") was successful  	[MsgId: MMSG-26392]
Action.c(316): web_add_header("Sec-Fetch-Dest") started  	[MsgId: MMSG-26355]
Action.c(316): web_add_header("Sec-Fetch-Dest") was successful  	[MsgId: MMSG-26392]
Action.c(320): web_reg_save_param_attrib started  	[MsgId: MMSG-26355]
Action.c(320): Registering web_reg_save_param_attrib was successful  	[MsgId: MMSG-26390]
Action.c(328): web_custom_request("nav.pl") started  	[MsgId: MMSG-26355]
Action.c(328): Registering web_custom_request("nav.pl") was successful  	[MsgId: MMSG-26390]
Action.c(338): web_concurrent_end started  	[MsgId: MMSG-26355]
Action.c(338): Registered web_reg_find successful for "Text=Welcome to the Web Tours site" (count=1)  	[MsgId: MMSG-26364]
Action.c(338): web_concurrent_end was successful, 1487 body bytes, 255 header bytes, 12 chunking overhead bytes  	[MsgId: MMSG-26385]
Action.c(340): web_add_header("Sec-Fetch-Site") started  	[MsgId: MMSG-26355]
Action.c(340): web_add_header("Sec-Fetch-Site") was successful  	[MsgId: MMSG-26392]
Action.c(343): web_add_header("Sec-Fetch-Dest") started  	[MsgId: MMSG-26355]
Action.c(343): web_add_header("Sec-Fetch-Dest") was successful  	[MsgId: MMSG-26392]
Action.c(346): web_custom_request("mer_login.gif") started  	[MsgId: MMSG-26355]
Action.c(346): Resource "http://localhost:1080/WebTours/images/mer_login.gif" is in the cache already and will not be downloaded again  	[MsgId: MMSG-26655]
Action.c(355): Think time - Waiting 5,00 seconds (according to limit).
Action.c(355): lr_think_time: 5,00 seconds (recorded think time was 46,00 seconds).
Action.c(357): Notify: Transaction "login" started.
Action.c(359): web_add_auto_header("Sec-Fetch-Site") started  	[MsgId: MMSG-26355]
Action.c(359): web_add_auto_header("Sec-Fetch-Site") was successful  	[MsgId: MMSG-26392]
Action.c(362): web_add_auto_header("Sec-Fetch-Dest") started  	[MsgId: MMSG-26355]
Action.c(362): web_add_auto_header("Sec-Fetch-Dest") was successful  	[MsgId: MMSG-26392]
Action.c(365): web_add_header("Origin") started  	[MsgId: MMSG-26355]
Action.c(365): web_add_header("Origin") was successful  	[MsgId: MMSG-26392]
Action.c(369): web_custom_request("login.pl") started  	[MsgId: MMSG-26355]
Action.c(369): web_custom_request("login.pl") was successful, 481 body bytes, 412 header bytes, 12 chunking overhead bytes  	[MsgId: MMSG-26385]
Action.c(380): web_concurrent_start started  	[MsgId: MMSG-26355]
Action.c(380): web_concurrent_start was successful  	[MsgId: MMSG-26392]
Action.c(382): web_custom_request("nav.pl_2") started  	[MsgId: MMSG-26355]
Action.c(382): Registering web_custom_request("nav.pl_2") was successful  	[MsgId: MMSG-26390]
Action.c(393): web_reg_find started  	[MsgId: MMSG-26355]
Action.c(393): Registering web_reg_find was successful  	[MsgId: MMSG-26390]
Action.c(396): web_custom_request("login.pl_2") started  	[MsgId: MMSG-26355]
Action.c(396): Registering web_custom_request("login.pl_2") was successful  	[MsgId: MMSG-26390]
Action.c(406): web_concurrent_end started  	[MsgId: MMSG-26355]
Action.c(406): Registered web_reg_find successful for "Text=Welcome to Web Tours" (count=1)  	[MsgId: MMSG-26364]
Action.c(406): web_concurrent_end was successful, 2406 body bytes, 484 header bytes, 24 chunking overhead bytes  	[MsgId: MMSG-26385]
Action.c(408): Think time - Waiting 5.00 seconds (according to limit).
Action.c(408): lr_think_time: 5.00 seconds (recorded think time was 30.00 seconds).
Action.c(410): web_concurrent_start started  	[MsgId: MMSG-26355]
Action.c(410): web_concurrent_start was successful  	[MsgId: MMSG-26392]
Action.c(412): web_custom_request("flights.gif") started  	[MsgId: MMSG-26355]
Action.c(412): Registering web_custom_request("flights.gif") was successful  	[MsgId: MMSG-26390]
Action.c(421): web_custom_request("itinerary.gif") started  	[MsgId: MMSG-26355]
Action.c(421): Registering web_custom_request("itinerary.gif") was successful  	[MsgId: MMSG-26390]
Action.c(430): web_custom_request("in_home.gif") started  	[MsgId: MMSG-26355]
Action.c(430): Registering web_custom_request("in_home.gif") was successful  	[MsgId: MMSG-26390]
Action.c(439): web_custom_request("signoff.gif") started  	[MsgId: MMSG-26355]
Action.c(439): Registering web_custom_request("signoff.gif") was successful  	[MsgId: MMSG-26390]
Action.c(448): web_concurrent_end started  	[MsgId: MMSG-26355]
Action.c(448): web_concurrent_end was successful, 2898 body bytes, 1192 header bytes  	[MsgId: MMSG-26386]
Action.c(450): Notify: Transaction "login" ended with a "Pass" status (Duration: 5,5212 Think Time: 5,0072 Wasted Time: 0,0212).
Action.c(452): Think time - Waiting 5,00 seconds (according to limit).
Action.c(452): lr_think_time: 5,00 seconds (recorded think time was 65,00 seconds).
Action.c(454): Notify: Transaction "itinerary" started.
Action.c(456): web_add_auto_header("sec-ch-ua") started  	[MsgId: MMSG-26355]
Action.c(456): web_add_auto_header("sec-ch-ua") was successful  	[MsgId: MMSG-26392]
Action.c(459): web_add_auto_header("sec-ch-ua-mobile") started  	[MsgId: MMSG-26355]
Action.c(459): web_add_auto_header("sec-ch-ua-mobile") was successful  	[MsgId: MMSG-26392]
Action.c(462): web_add_auto_header("sec-ch-ua-platform") started  	[MsgId: MMSG-26355]
Action.c(462): web_add_auto_header("sec-ch-ua-platform") was successful  	[MsgId: MMSG-26392]
Action.c(465): web_add_auto_header("Upgrade-Insecure-Requests") started  	[MsgId: MMSG-26355]
Action.c(465): web_add_auto_header("Upgrade-Insecure-Requests") was successful  	[MsgId: MMSG-26392]
Action.c(468): web_add_auto_header("Sec-Fetch-Site") started  	[MsgId: MMSG-26355]
Action.c(468): web_add_auto_header("Sec-Fetch-Site") was successful  	[MsgId: MMSG-26392]
Action.c(471): web_add_auto_header("Sec-Fetch-Mode") started  	[MsgId: MMSG-26355]
Action.c(471): web_add_auto_header("Sec-Fetch-Mode") was successful  	[MsgId: MMSG-26392]
Action.c(474): web_add_auto_header("Sec-Fetch-Dest") started  	[MsgId: MMSG-26355]
Action.c(474): web_add_auto_header("Sec-Fetch-Dest") was successful  	[MsgId: MMSG-26392]
Action.c(477): web_add_auto_header("Sec-Fetch-User") started  	[MsgId: MMSG-26355]
Action.c(477): web_add_auto_header("Sec-Fetch-User") was successful  	[MsgId: MMSG-26392]
Action.c(481): web_reg_find started  	[MsgId: MMSG-26355]
Action.c(481): Registering web_reg_find was successful  	[MsgId: MMSG-26390]
Action.c(484): web_custom_request("welcome.pl_2") started  	[MsgId: MMSG-26355]
Action.c(484): Registered web_reg_find successful for "Text=User wants the intineraries" (count=1)  	[MsgId: MMSG-26364]
Action.c(484): web_custom_request("welcome.pl_2") was successful, 591 body bytes, 216 header bytes, 12 chunking overhead bytes  	[MsgId: MMSG-26385]
Action.c(496): web_custom_request("nav.pl_3") started  	[MsgId: MMSG-26355]
Action.c(496): web_custom_request("nav.pl_3") was successful, 1482 body bytes, 255 header bytes, 12 chunking overhead bytes  	[MsgId: MMSG-26385]
Action.c(511): web_reg_save_param started  	[MsgId: MMSG-26355]
Action.c(511): Registering web_reg_save_param was successful  	[MsgId: MMSG-26390]
Action.c(519): web_reg_save_param started  	[MsgId: MMSG-26355]
Action.c(519): Registering web_reg_save_param was successful  	[MsgId: MMSG-26390]
Action.c(529): web_custom_request("itinerary.pl") started  	[MsgId: MMSG-26355]
Action.c(529): web_custom_request("itinerary.pl") was successful, 81876 body bytes, 255 header bytes, 170 chunking overhead bytes  	[MsgId: MMSG-26385]
Action.c(539): web_concurrent_start started  	[MsgId: MMSG-26355]
Action.c(539): web_concurrent_start was successful  	[MsgId: MMSG-26392]
Action.c(541): web_custom_request("home.gif") started  	[MsgId: MMSG-26355]
Action.c(541): Registering web_custom_request("home.gif") was successful  	[MsgId: MMSG-26390]
Action.c(550): web_custom_request("in_itinerary.gif") started  	[MsgId: MMSG-26355]
Action.c(550): Registering web_custom_request("in_itinerary.gif") was successful  	[MsgId: MMSG-26390]
Action.c(559): web_concurrent_end started  	[MsgId: MMSG-26355]
Action.c(559): web_concurrent_end was successful, 1421 body bytes, 595 header bytes  	[MsgId: MMSG-26386]
Action.c(561): web_concurrent_start started  	[MsgId: MMSG-26355]
Action.c(561): web_concurrent_start was successful  	[MsgId: MMSG-26392]
Action.c(563): web_custom_request("cancelreservation.gif") started  	[MsgId: MMSG-26355]
Action.c(563): Registering web_custom_request("cancelreservation.gif") was successful  	[MsgId: MMSG-26390]
Action.c(572): web_custom_request("cancelallreservations.gif") started  	[MsgId: MMSG-26355]
Action.c(572): Registering web_custom_request("cancelallreservations.gif") was successful  	[MsgId: MMSG-26390]
Action.c(581): web_concurrent_end started  	[MsgId: MMSG-26355]
Action.c(581): web_concurrent_end was successful, 1573 body bytes, 594 header bytes  	[MsgId: MMSG-26386]
Action.c(583): {FlightID_count}
Action.c(584): 70
Action.c(601): 1=on&flightID=41150014-799-JL&flightID=41148912-1587-JL&flightID=41148901-2333-JL&flightID=41164848-3146-JL&flightID=41150010-3867-JL&flightID=41150014-4646-JL&flightID=41164848-5453-JL&flightID=41164837-6201-JL&flightID=41148901-6949-JL&flightID=41164837-7740-JL&flightID=411648191-84705-JL&flightID=411648191-92397-JL&flightID=41150010-10021-JL&flightID=41148901-10795-JL&flightID=41150014-11569-JL&flightID=41150014-12338-JL&flightID=41150010-13098-JL&flightID=41163709-13858-JL&flightID=41148901-14641-JL&flightID=41164837-15432-JL&flightID=41163707-16162-JL&flightID=41164848-16992-JL&flightID=41163709-17704-JL&flightID=41148912-18510-JL&flightID=41148901-19256-JL&flightID=41148912-20048-JL&flightID=41150019-20808-JL&flightID=41150010-21559-JL&flightID=41164837-22355-JL&flightID=41163711-23092-JL&flightID=41164837-23893-JL&flightID=41150019-24655-JL&flightID=41150019-25424-JL&flightID=41150014-26184-JL&flightID=41148907-26960-JL&flightID=41163711-27708-JL&flightID=41148912-28510-JL&flightID=41164837-29278-JL&flightID=411648191-300089-JL&flightID=41148907-30807-JL&flightID=411648191-315474-JL&flightID=41163711-32323-JL&flightID=41148901-33102-JL&flightID=41163711-33861-JL&flightID=41164837-34663-JL&flightID=41150014-35415-JL&flightID=41148901-36179-JL&flightID=41148912-36971-JL&flightID=41148912-37741-JL&flightID=41163707-38469-JL&flightID=41150010-39251-JL&flightID=41150014-40030-JL&flightID=41164848-40838-JL&flightID=41164837-41586-JL&flightID=41148901-42333-JL&flightID=41163711-43092-JL&flightID=41164848-43915-JL&flightID=41148912-44664-JL&flightID=41163709-45396-JL&flightID=41150019-46193-JL&flightID=41150010-46944-JL&flightID=41148901-47718-JL&flightID=41163707-48469-JL&flightID=41150014-49261-JL&flightID=41150010-50021-JL&flightID=41150019-50808-JL&flightID=41163711-51554-JL&flightID=41164837-52355-JL&flightID=41150010-53098-JL&flightID=411648191-538551-JL&
Action.c(602): &cgifields=33&cgifields=32&cgifields=63&cgifields=21&cgifields=7&cgifields=26&cgifields=18&cgifields=16&cgifields=44&cgifields=55&cgifields=27&cgifields=57&cgifields=61&cgifields=20&cgifields=10&cgifields=31&cgifields=35&cgifields=11&cgifields=48&cgifields=65&cgifields=29&cgifields=50&cgifields=39&cgifields=64&cgifields=58&cgifields=41&cgifields=12&cgifields=15&cgifields=52&cgifields=60&cgifields=56&cgifields=66&cgifields=45&cgifields=19&cgifields=62&cgifields=54&cgifields=67&cgifields=70&cgifields=68&cgifields=2&cgifields=17&cgifields=1&cgifields=30&cgifields=25&cgifields=28&cgifields=40&cgifields=14&cgifields=69&cgifields=59&cgifields=49&cgifields=24&cgifields=53&cgifields=22&cgifields=42&cgifields=46&cgifields=23&cgifields=13&cgifields=6&cgifields=3&cgifields=36&cgifields=9&cgifields=51&cgifields=47&cgifields=8&cgifields=38&cgifields=4&cgifields=34&cgifields=37&cgifields=43&cgifields=5
Action.c(605): 1=on&flightID=41150014-799-JL&flightID=41148912-1587-JL&flightID=41148901-2333-JL&flightID=41164848-3146-JL&flightID=41150010-3867-JL&flightID=41150014-4646-JL&flightID=41164848-5453-JL&flightID=41164837-6201-JL&flightID=41148901-6949-JL&flightID=41164837-7740-JL&flightID=411648191-84705-JL&flightID=411648191-92397-JL&flightID=41150010-10021-JL&flightID=41148901-10795-JL&flightID=41150014-11569-JL&flightID=41150014-12338-JL&flightID=41150010-13098-JL&flightID=41163709-13858-JL&flightID=41148901-14641-JL&flightID=41164837-15432-JL&flightID=41163707-16162-JL&flightID=41164848-16992-JL&flightID=41163709-17704-JL&flightID=41148912-18510-JL&flightID=41148901-19256-JL&flightID=41148912-20048-JL&flightID=41150019-20808-JL&flightID=41150010-21559-JL&flightID=41164837-22355-JL&flightID=41163711-23092-JL&flightID=41164837-23893-JL&flightID=41150019-24655-JL&flightID=41150019-25424-JL&flightID=41150014-26184-JL&flightID=41148907-26960-JL&flightID=41163711-27708-JL&flightID=41148912-28510-JL&flightID=41164837-29278-JL&flightID=411648191-300089-JL&flightID=41148907-30807-JL&flightID=411648191-315474-JL&flightID=41163711-32323-JL&flightID=41148901-33102-JL&flightID=41163711-33861-JL&flightID=41164837-34663-JL&flightID=41150014-35415-JL&flightID=41148901-36179-JL&flightID=41148912-36971-JL&flightID=41148912-37741-JL&flightID=41163707-38469-JL&flightID=41150010-39251-JL&flightID=41150014-40030-JL&flightID=41164848-40838-JL&flightID=41164837-41586-JL&flightID=41148901-42333-JL&flightID=41163711-43092-JL&flightID=41164848-43915-JL&flightID=41148912-44664-JL&flightID=41163709-45396-JL&flightID=41150019-46193-JL&flightID=41150010-46944-JL&flightID=41148901-47718-JL&flightID=41163707-48469-JL&flightID=41150014-49261-JL&flightID=41150010-50021-JL&flightID=41150019-50808-JL&flightID=41163711-51554-JL&flightID=41164837-52355-JL&flightID=41150010-53098-JL&flightID=411648191-538551-JL&removeFlights.x=36&removeFlights.y=4&cgifields=33&cgifields=32&cgifields=63&cgifields=21&cgifields=7&cgifields=26&cgifields=18&cgifields=16&cgifields=44&cgifields=55&cgifields=27&cgifields=57&cgifields=61&cgifields=20&cgifields=10&cgifields=31&cgifields=35&cgifields=11&cgifields=48&cgifields=65&cgifields=29&cgifields=50&cgifields=39&cgifields=64&cgifields=58&cgifields=41&cgifields=12&cgifields=15&cgifields=52&cgifields=60&cgifields=56&cgifields=66&cgifields=45&cgifields=19&cgifields=62&cgifields=54&cgifields=67&cgifields=70&cgifields=68&cgifields=2&cgifields=17&cgifields=1&cgifields=30&cgifields=25&cgifields=28&cgifields=40&cgifields=14&cgifields=69&cgifields=59&cgifields=49&cgifields=24&cgifields=53&cgifields=22&cgifields=42&cgifields=46&cgifields=23&cgifields=13&cgifields=6&cgifields=3&cgifields=36&cgifields=9&cgifields=51&cgifields=47&cgifields=8&cgifields=38&cgifields=4&cgifields=34&cgifields=37&cgifields=43&cgifields=5
Action.c(615): Notify: Transaction "itinerary" ended with a "Pass" status (Duration: 5,2771 Wasted Time: 0,0290).
Action.c(617): Think time - Waiting 5.00 seconds (according to limit).
Action.c(617): lr_think_time: 5.00 seconds (recorded think time was 47.00 seconds).
Action.c(619): Notify: Transaction "delete_Ticket" started.
Action.c(621): web_add_header("Origin") started  	[MsgId: MMSG-26355]
Action.c(621): web_add_header("Origin") was successful  	[MsgId: MMSG-26392]
Action.c(624): Think time - Waiting 5.00 seconds (according to limit).
Action.c(624): lr_think_time: 5.00 seconds (recorded think time was 59.00 seconds).
Action.c(626): web_reg_find started  	[MsgId: MMSG-26355]
Action.c(626): Registering web_reg_find was successful  	[MsgId: MMSG-26390]
Action.c(634): web_custom_request("itinerary.pl_2") started  	[MsgId: MMSG-26355]
Action.c(634): Registered web_reg_find successful for "Text=41150014-799-JL"  	[MsgId: MMSG-26362]
Action.c(634): web_custom_request("itinerary.pl_2") was successful, 80724 body bytes, 256 header bytes, 163 chunking overhead bytes  	[MsgId: MMSG-26385]
Action.c(645): {FlightID_count}
Action.c(647): Notify: Transaction "delete_Ticket" ended with a "Pass" status (Duration: 5.2253 Think Time: 5.0060 Wasted Time: 0.0121).
Action.c(649): Think time - Waiting 5.00 seconds (according to limit).
Action.c(649): lr_think_time: 5.00 seconds (recorded think time was 29.00 seconds).
Action.c(651): Notify: Transaction "sign_off" started.
Action.c(653): web_custom_request("SignOff Button") started  	[MsgId: MMSG-26355]
Action.c(653): web_custom_request("SignOff Button") was successful, 686 body bytes, 328 header bytes, 12 chunking overhead bytes  	[MsgId: MMSG-26385]
Action.c(663): web_concurrent_start started  	[MsgId: MMSG-26355]
Action.c(663): web_concurrent_start was successful  	[MsgId: MMSG-26392]
Action.c(665): web_custom_request("home.html_2") started  	[MsgId: MMSG-26355]
Action.c(665): Retrieving data from cache for "http://localhost:1080/WebTours/home.html"  	[MsgId: MMSG-26558]
Action.c(665): Registering web_custom_request("home.html_2") was successful  	[MsgId: MMSG-26390]
Action.c(674): web_custom_request("nav.pl_4") started  	[MsgId: MMSG-26355]
Action.c(674): Registering web_custom_request("nav.pl_4") was successful  	[MsgId: MMSG-26390]
Action.c(684): web_concurrent_end started  	[MsgId: MMSG-26355]
Action.c(684): web_concurrent_end was successful, 1486 body bytes, 255 header bytes, 12 chunking overhead bytes  	[MsgId: MMSG-26385]
Action.c(686): Notify: Transaction "sign_off" ended with a "Pass" status (Duration: 0,3237 Wasted Time: 0,0117).
Action.c(688): Notify: Transaction "UC4_DeleteTickets" ended with a "Pass" status (Duration: 38.5626 Think Time: 30.0221 Wasted Time: 0.3253).
Ending action Action.
Ending iteration 1.
Ending Vuser...
Starting action vuser_end.
Ending action vuser_end.
Vuser Terminated.
