Start auto log messages stack - Iteration 5.	[MsgId: MMSG-10545]
Action.c(333): web_custom_request("nav.pl_3") started  	[MsgId: MMSG-26355]
Action.c(333): web_custom_request("nav.pl_3") was successful, 1482 body bytes, 255 header bytes, 12 chunking overhead bytes  	[MsgId: MMSG-26385]
Action.c(348): web_reg_save_param started  	[MsgId: MMSG-26355]
Action.c(348): Registering web_reg_save_param was successful  	[MsgId: MMSG-26390]
Action.c(356): web_reg_save_param started  	[MsgId: MMSG-26355]
Action.c(356): Registering web_reg_save_param was successful  	[MsgId: MMSG-26390]
Action.c(366): web_custom_request("itinerary.pl") started  	[MsgId: MMSG-26355]
Action.c(366): Error -26377: No match found for the requested parameter "flightID". Either the specified boundaries were not found in the response or the matched text is longer than current max html parameter size of 256 bytes. The total length of the response is 887 bytes. You can use "web_set_max_html_param_len" to increase the max parameter size.  	[MsgId: MERR-26377]
Action.c(366): Error -26377: No match found for the requested parameter "cgifields". Either the specified boundaries were not found in the response or the matched text is longer than current max html parameter size of 256 bytes. The total length of the response is 887 bytes. You can use "web_set_max_html_param_len" to increase the max parameter size.  	[MsgId: MERR-26377]
End auto log messages stack.	[MsgId: MMSG-10544]


Start auto log messages stack - Iteration 6.	[MsgId: MMSG-10545]
Action.c(333): web_custom_request("nav.pl_3") started  	[MsgId: MMSG-26355]
Action.c(333): web_custom_request("nav.pl_3") was successful, 1482 body bytes, 255 header bytes, 12 chunking overhead bytes  	[MsgId: MMSG-26385]
Action.c(348): web_reg_save_param started  	[MsgId: MMSG-26355]
Action.c(348): Registering web_reg_save_param was successful  	[MsgId: MMSG-26390]
Action.c(356): web_reg_save_param started  	[MsgId: MMSG-26355]
Action.c(356): Registering web_reg_save_param was successful  	[MsgId: MMSG-26390]
Action.c(366): web_custom_request("itinerary.pl") started  	[MsgId: MMSG-26355]
Action.c(366): Error -26377: No match found for the requested parameter "flightID". Either the specified boundaries were not found in the response or the matched text is longer than current max html parameter size of 256 bytes. The total length of the response is 887 bytes. You can use "web_set_max_html_param_len" to increase the max parameter size.  	[MsgId: MERR-26377]
Action.c(366): Error -26377: No match found for the requested parameter "cgifields". Either the specified boundaries were not found in the response or the matched text is longer than current max html parameter size of 256 bytes. The total length of the response is 887 bytes. You can use "web_set_max_html_param_len" to increase the max parameter size.  	[MsgId: MERR-26377]
End auto log messages stack.	[MsgId: MMSG-10544]


Start auto log messages stack - Iteration 9.	[MsgId: MMSG-10545]
Action.c(333): web_custom_request("nav.pl_3") started  	[MsgId: MMSG-26355]
Action.c(333): web_custom_request("nav.pl_3") was successful, 1482 body bytes, 255 header bytes, 12 chunking overhead bytes  	[MsgId: MMSG-26385]
Action.c(348): web_reg_save_param started  	[MsgId: MMSG-26355]
Action.c(348): Registering web_reg_save_param was successful  	[MsgId: MMSG-26390]
Action.c(356): web_reg_save_param started  	[MsgId: MMSG-26355]
Action.c(356): Registering web_reg_save_param was successful  	[MsgId: MMSG-26390]
Action.c(366): web_custom_request("itinerary.pl") started  	[MsgId: MMSG-26355]
Action.c(366): Error -26377: No match found for the requested parameter "flightID". Either the specified boundaries were not found in the response or the matched text is longer than current max html parameter size of 256 bytes. The total length of the response is 887 bytes. You can use "web_set_max_html_param_len" to increase the max parameter size.  	[MsgId: MERR-26377]
Action.c(366): Error -26377: No match found for the requested parameter "cgifields". Either the specified boundaries were not found in the response or the matched text is longer than current max html parameter size of 256 bytes. The total length of the response is 887 bytes. You can use "web_set_max_html_param_len" to increase the max parameter size.  	[MsgId: MERR-26377]
End auto log messages stack.	[MsgId: MMSG-10544]


Start auto log messages stack - Iteration 10.	[MsgId: MMSG-10545]
Action.c(333): web_custom_request("nav.pl_3") started  	[MsgId: MMSG-26355]
Action.c(333): web_custom_request("nav.pl_3") was successful, 1482 body bytes, 255 header bytes, 12 chunking overhead bytes  	[MsgId: MMSG-26385]
Action.c(348): web_reg_save_param started  	[MsgId: MMSG-26355]
Action.c(348): Registering web_reg_save_param was successful  	[MsgId: MMSG-26390]
Action.c(356): web_reg_save_param started  	[MsgId: MMSG-26355]
Action.c(356): Registering web_reg_save_param was successful  	[MsgId: MMSG-26390]
Action.c(366): web_custom_request("itinerary.pl") started  	[MsgId: MMSG-26355]
Action.c(366): Error -26377: No match found for the requested parameter "flightID". Either the specified boundaries were not found in the response or the matched text is longer than current max html parameter size of 256 bytes. The total length of the response is 887 bytes. You can use "web_set_max_html_param_len" to increase the max parameter size.  	[MsgId: MERR-26377]
Action.c(366): Error -26377: No match found for the requested parameter "cgifields". Either the specified boundaries were not found in the response or the matched text is longer than current max html parameter size of 256 bytes. The total length of the response is 887 bytes. You can use "web_set_max_html_param_len" to increase the max parameter size.  	[MsgId: MERR-26377]
End auto log messages stack.	[MsgId: MMSG-10544]


Start auto log messages stack - Iteration 11.	[MsgId: MMSG-10545]
Action.c(333): web_custom_request("nav.pl_3") started  	[MsgId: MMSG-26355]
Action.c(333): web_custom_request("nav.pl_3") was successful, 1482 body bytes, 255 header bytes, 12 chunking overhead bytes  	[MsgId: MMSG-26385]
Action.c(348): web_reg_save_param started  	[MsgId: MMSG-26355]
Action.c(348): Registering web_reg_save_param was successful  	[MsgId: MMSG-26390]
Action.c(356): web_reg_save_param started  	[MsgId: MMSG-26355]
Action.c(356): Registering web_reg_save_param was successful  	[MsgId: MMSG-26390]
Action.c(366): web_custom_request("itinerary.pl") started  	[MsgId: MMSG-26355]
Action.c(366): Error -26377: No match found for the requested parameter "flightID". Either the specified boundaries were not found in the response or the matched text is longer than current max html parameter size of 256 bytes. The total length of the response is 887 bytes. You can use "web_set_max_html_param_len" to increase the max parameter size.  	[MsgId: MERR-26377]
Action.c(366): Error -26377: No match found for the requested parameter "cgifields". Either the specified boundaries were not found in the response or the matched text is longer than current max html parameter size of 256 bytes. The total length of the response is 887 bytes. You can use "web_set_max_html_param_len" to increase the max parameter size.  	[MsgId: MERR-26377]
End auto log messages stack.	[MsgId: MMSG-10544]


Start auto log messages stack - Iteration 12.	[MsgId: MMSG-10545]
Action.c(333): web_custom_request("nav.pl_3") started  	[MsgId: MMSG-26355]
Action.c(333): web_custom_request("nav.pl_3") was successful, 1482 body bytes, 255 header bytes, 12 chunking overhead bytes  	[MsgId: MMSG-26385]
Action.c(348): web_reg_save_param started  	[MsgId: MMSG-26355]
Action.c(348): Registering web_reg_save_param was successful  	[MsgId: MMSG-26390]
Action.c(356): web_reg_save_param started  	[MsgId: MMSG-26355]
Action.c(356): Registering web_reg_save_param was successful  	[MsgId: MMSG-26390]
Action.c(366): web_custom_request("itinerary.pl") started  	[MsgId: MMSG-26355]
Action.c(366): Error -26377: No match found for the requested parameter "flightID". Either the specified boundaries were not found in the response or the matched text is longer than current max html parameter size of 256 bytes. The total length of the response is 887 bytes. You can use "web_set_max_html_param_len" to increase the max parameter size.  	[MsgId: MERR-26377]
Action.c(366): Error -26377: No match found for the requested parameter "cgifields". Either the specified boundaries were not found in the response or the matched text is longer than current max html parameter size of 256 bytes. The total length of the response is 887 bytes. You can use "web_set_max_html_param_len" to increase the max parameter size.  	[MsgId: MERR-26377]
End auto log messages stack.	[MsgId: MMSG-10544]


Start auto log messages stack - Iteration 13.	[MsgId: MMSG-10545]
Action.c(333): web_custom_request("nav.pl_3") started  	[MsgId: MMSG-26355]
Action.c(333): web_custom_request("nav.pl_3") was successful, 1482 body bytes, 255 header bytes, 12 chunking overhead bytes  	[MsgId: MMSG-26385]
Action.c(348): web_reg_save_param started  	[MsgId: MMSG-26355]
Action.c(348): Registering web_reg_save_param was successful  	[MsgId: MMSG-26390]
Action.c(356): web_reg_save_param started  	[MsgId: MMSG-26355]
Action.c(356): Registering web_reg_save_param was successful  	[MsgId: MMSG-26390]
Action.c(366): web_custom_request("itinerary.pl") started  	[MsgId: MMSG-26355]
Action.c(366): Error -26377: No match found for the requested parameter "flightID". Either the specified boundaries were not found in the response or the matched text is longer than current max html parameter size of 256 bytes. The total length of the response is 887 bytes. You can use "web_set_max_html_param_len" to increase the max parameter size.  	[MsgId: MERR-26377]
Action.c(366): Error -26377: No match found for the requested parameter "cgifields". Either the specified boundaries were not found in the response or the matched text is longer than current max html parameter size of 256 bytes. The total length of the response is 887 bytes. You can use "web_set_max_html_param_len" to increase the max parameter size.  	[MsgId: MERR-26377]
End auto log messages stack.	[MsgId: MMSG-10544]


Start auto log messages stack - Iteration 14.	[MsgId: MMSG-10545]
Action.c(333): web_custom_request("nav.pl_3") started  	[MsgId: MMSG-26355]
Action.c(333): web_custom_request("nav.pl_3") was successful, 1482 body bytes, 255 header bytes, 12 chunking overhead bytes  	[MsgId: MMSG-26385]
Action.c(348): web_reg_save_param started  	[MsgId: MMSG-26355]
Action.c(348): Registering web_reg_save_param was successful  	[MsgId: MMSG-26390]
Action.c(356): web_reg_save_param started  	[MsgId: MMSG-26355]
Action.c(356): Registering web_reg_save_param was successful  	[MsgId: MMSG-26390]
Action.c(366): web_custom_request("itinerary.pl") started  	[MsgId: MMSG-26355]
Action.c(366): Error -26377: No match found for the requested parameter "flightID". Either the specified boundaries were not found in the response or the matched text is longer than current max html parameter size of 256 bytes. The total length of the response is 887 bytes. You can use "web_set_max_html_param_len" to increase the max parameter size.  	[MsgId: MERR-26377]
Action.c(366): Error -26377: No match found for the requested parameter "cgifields". Either the specified boundaries were not found in the response or the matched text is longer than current max html parameter size of 256 bytes. The total length of the response is 887 bytes. You can use "web_set_max_html_param_len" to increase the max parameter size.  	[MsgId: MERR-26377]
End auto log messages stack.	[MsgId: MMSG-10544]


Start auto log messages stack - Iteration 17.	[MsgId: MMSG-10545]
Action.c(333): web_custom_request("nav.pl_3") started  	[MsgId: MMSG-26355]
Action.c(333): web_custom_request("nav.pl_3") was successful, 1482 body bytes, 255 header bytes, 12 chunking overhead bytes  	[MsgId: MMSG-26385]
Action.c(348): web_reg_save_param started  	[MsgId: MMSG-26355]
Action.c(348): Registering web_reg_save_param was successful  	[MsgId: MMSG-26390]
Action.c(356): web_reg_save_param started  	[MsgId: MMSG-26355]
Action.c(356): Registering web_reg_save_param was successful  	[MsgId: MMSG-26390]
Action.c(366): web_custom_request("itinerary.pl") started  	[MsgId: MMSG-26355]
Action.c(366): Error -26377: No match found for the requested parameter "flightID". Either the specified boundaries were not found in the response or the matched text is longer than current max html parameter size of 256 bytes. The total length of the response is 887 bytes. You can use "web_set_max_html_param_len" to increase the max parameter size.  	[MsgId: MERR-26377]
Action.c(366): Error -26377: No match found for the requested parameter "cgifields". Either the specified boundaries were not found in the response or the matched text is longer than current max html parameter size of 256 bytes. The total length of the response is 887 bytes. You can use "web_set_max_html_param_len" to increase the max parameter size.  	[MsgId: MERR-26377]
End auto log messages stack.	[MsgId: MMSG-10544]


Start auto log messages stack - Iteration 18.	[MsgId: MMSG-10545]
Action.c(333): web_custom_request("nav.pl_3") started  	[MsgId: MMSG-26355]
Action.c(333): web_custom_request("nav.pl_3") was successful, 1482 body bytes, 255 header bytes, 12 chunking overhead bytes  	[MsgId: MMSG-26385]
Action.c(348): web_reg_save_param started  	[MsgId: MMSG-26355]
Action.c(348): Registering web_reg_save_param was successful  	[MsgId: MMSG-26390]
Action.c(356): web_reg_save_param started  	[MsgId: MMSG-26355]
Action.c(356): Registering web_reg_save_param was successful  	[MsgId: MMSG-26390]
Action.c(366): web_custom_request("itinerary.pl") started  	[MsgId: MMSG-26355]
Action.c(366): Error -26377: No match found for the requested parameter "flightID". Either the specified boundaries were not found in the response or the matched text is longer than current max html parameter size of 256 bytes. The total length of the response is 887 bytes. You can use "web_set_max_html_param_len" to increase the max parameter size.  	[MsgId: MERR-26377]
Action.c(366): Error -26377: No match found for the requested parameter "cgifields". Either the specified boundaries were not found in the response or the matched text is longer than current max html parameter size of 256 bytes. The total length of the response is 887 bytes. You can use "web_set_max_html_param_len" to increase the max parameter size.  	[MsgId: MERR-26377]
End auto log messages stack.	[MsgId: MMSG-10544]


Start auto log messages stack - Iteration 19.	[MsgId: MMSG-10545]
Action.c(333): web_custom_request("nav.pl_3") started  	[MsgId: MMSG-26355]
Action.c(333): web_custom_request("nav.pl_3") was successful, 1482 body bytes, 255 header bytes, 12 chunking overhead bytes  	[MsgId: MMSG-26385]
Action.c(348): web_reg_save_param started  	[MsgId: MMSG-26355]
Action.c(348): Registering web_reg_save_param was successful  	[MsgId: MMSG-26390]
Action.c(356): web_reg_save_param started  	[MsgId: MMSG-26355]
Action.c(356): Registering web_reg_save_param was successful  	[MsgId: MMSG-26390]
Action.c(366): web_custom_request("itinerary.pl") started  	[MsgId: MMSG-26355]
Action.c(366): Error -26377: No match found for the requested parameter "flightID". Either the specified boundaries were not found in the response or the matched text is longer than current max html parameter size of 256 bytes. The total length of the response is 887 bytes. You can use "web_set_max_html_param_len" to increase the max parameter size.  	[MsgId: MERR-26377]
Action.c(366): Error -26377: No match found for the requested parameter "cgifields". Either the specified boundaries were not found in the response or the matched text is longer than current max html parameter size of 256 bytes. The total length of the response is 887 bytes. You can use "web_set_max_html_param_len" to increase the max parameter size.  	[MsgId: MERR-26377]
End auto log messages stack.	[MsgId: MMSG-10544]


Start auto log messages stack - Iteration 20.	[MsgId: MMSG-10545]
Action.c(333): web_custom_request("nav.pl_3") started  	[MsgId: MMSG-26355]
Action.c(333): web_custom_request("nav.pl_3") was successful, 1482 body bytes, 255 header bytes, 12 chunking overhead bytes  	[MsgId: MMSG-26385]
Action.c(348): web_reg_save_param started  	[MsgId: MMSG-26355]
Action.c(348): Registering web_reg_save_param was successful  	[MsgId: MMSG-26390]
Action.c(356): web_reg_save_param started  	[MsgId: MMSG-26355]
Action.c(356): Registering web_reg_save_param was successful  	[MsgId: MMSG-26390]
Action.c(366): web_custom_request("itinerary.pl") started  	[MsgId: MMSG-26355]
Action.c(366): Error -26377: No match found for the requested parameter "flightID". Either the specified boundaries were not found in the response or the matched text is longer than current max html parameter size of 256 bytes. The total length of the response is 887 bytes. You can use "web_set_max_html_param_len" to increase the max parameter size.  	[MsgId: MERR-26377]
Action.c(366): Error -26377: No match found for the requested parameter "cgifields". Either the specified boundaries were not found in the response or the matched text is longer than current max html parameter size of 256 bytes. The total length of the response is 887 bytes. You can use "web_set_max_html_param_len" to increase the max parameter size.  	[MsgId: MERR-26377]
End auto log messages stack.	[MsgId: MMSG-10544]


Start auto log messages stack - Iteration 21.	[MsgId: MMSG-10545]
Action.c(333): web_custom_request("nav.pl_3") started  	[MsgId: MMSG-26355]
Action.c(333): web_custom_request("nav.pl_3") was successful, 1482 body bytes, 255 header bytes, 12 chunking overhead bytes  	[MsgId: MMSG-26385]
Action.c(348): web_reg_save_param started  	[MsgId: MMSG-26355]
Action.c(348): Registering web_reg_save_param was successful  	[MsgId: MMSG-26390]
Action.c(356): web_reg_save_param started  	[MsgId: MMSG-26355]
Action.c(356): Registering web_reg_save_param was successful  	[MsgId: MMSG-26390]
Action.c(366): web_custom_request("itinerary.pl") started  	[MsgId: MMSG-26355]
Action.c(366): Error -26377: No match found for the requested parameter "flightID". Either the specified boundaries were not found in the response or the matched text is longer than current max html parameter size of 256 bytes. The total length of the response is 887 bytes. You can use "web_set_max_html_param_len" to increase the max parameter size.  	[MsgId: MERR-26377]
Action.c(366): Error -26377: No match found for the requested parameter "cgifields". Either the specified boundaries were not found in the response or the matched text is longer than current max html parameter size of 256 bytes. The total length of the response is 887 bytes. You can use "web_set_max_html_param_len" to increase the max parameter size.  	[MsgId: MERR-26377]
End auto log messages stack.	[MsgId: MMSG-10544]


Start auto log messages stack - Iteration 22.	[MsgId: MMSG-10545]
Action.c(333): web_custom_request("nav.pl_3") started  	[MsgId: MMSG-26355]
Action.c(333): web_custom_request("nav.pl_3") was successful, 1482 body bytes, 255 header bytes, 12 chunking overhead bytes  	[MsgId: MMSG-26385]
Action.c(348): web_reg_save_param started  	[MsgId: MMSG-26355]
Action.c(348): Registering web_reg_save_param was successful  	[MsgId: MMSG-26390]
Action.c(356): web_reg_save_param started  	[MsgId: MMSG-26355]
Action.c(356): Registering web_reg_save_param was successful  	[MsgId: MMSG-26390]
Action.c(366): web_custom_request("itinerary.pl") started  	[MsgId: MMSG-26355]
Action.c(366): Error -26377: No match found for the requested parameter "flightID". Either the specified boundaries were not found in the response or the matched text is longer than current max html parameter size of 256 bytes. The total length of the response is 887 bytes. You can use "web_set_max_html_param_len" to increase the max parameter size.  	[MsgId: MERR-26377]
Action.c(366): Error -26377: No match found for the requested parameter "cgifields". Either the specified boundaries were not found in the response or the matched text is longer than current max html parameter size of 256 bytes. The total length of the response is 887 bytes. You can use "web_set_max_html_param_len" to increase the max parameter size.  	[MsgId: MERR-26377]
End auto log messages stack.	[MsgId: MMSG-10544]


Start auto log messages stack - Iteration 26.	[MsgId: MMSG-10545]
Action.c(333): web_custom_request("nav.pl_3") started  	[MsgId: MMSG-26355]
Action.c(333): web_custom_request("nav.pl_3") was successful, 1482 body bytes, 255 header bytes, 12 chunking overhead bytes  	[MsgId: MMSG-26385]
Action.c(348): web_reg_save_param started  	[MsgId: MMSG-26355]
Action.c(348): Registering web_reg_save_param was successful  	[MsgId: MMSG-26390]
Action.c(356): web_reg_save_param started  	[MsgId: MMSG-26355]
Action.c(356): Registering web_reg_save_param was successful  	[MsgId: MMSG-26390]
Action.c(366): web_custom_request("itinerary.pl") started  	[MsgId: MMSG-26355]
Action.c(366): Error -26377: No match found for the requested parameter "flightID". Either the specified boundaries were not found in the response or the matched text is longer than current max html parameter size of 256 bytes. The total length of the response is 887 bytes. You can use "web_set_max_html_param_len" to increase the max parameter size.  	[MsgId: MERR-26377]
Action.c(366): Error -26377: No match found for the requested parameter "cgifields". Either the specified boundaries were not found in the response or the matched text is longer than current max html parameter size of 256 bytes. The total length of the response is 887 bytes. You can use "web_set_max_html_param_len" to increase the max parameter size.  	[MsgId: MERR-26377]
End auto log messages stack.	[MsgId: MMSG-10544]


