Start auto log messages stack - Iteration 4.	[MsgId: MMSG-10545]
Action.c(452): Notify: Transaction "itinerary" ended with a "Pass" status (Duration: 0,4031 Wasted Time: 0,0002).	[MsgId: MMSG-16871]
Action.c(454): Think time - Waiting 5,00 seconds (according to limit).	[MsgId: MMSG-15946]
Action.c(454): lr_think_time: 5,00 seconds (recorded think time was 47,00 seconds).	[MsgId: MMSG-15947]
Action.c(456): Notify: Transaction "delete Ticket" started.	[MsgId: MMSG-16999]
Action.c(458): web_add_header("Origin") started  	[MsgId: MMSG-26355]
Action.c(458): web_add_header("Origin") was successful  	[MsgId: MMSG-26392]
Action.c(461): Think time - Waiting 5,00 seconds (according to limit).	[MsgId: MMSG-15946]
Action.c(461): lr_think_time: 5,00 seconds (recorded think time was 59,00 seconds).	[MsgId: MMSG-15947]
Action.c(463): web_reg_find started  	[MsgId: MMSG-26355]
Action.c(463): Registering web_reg_find was successful  	[MsgId: MMSG-26390]
Action.c(471): web_custom_request("itinerary.pl_2") started  	[MsgId: MMSG-26355]
Action.c(471): Error -26612: HTTP Status-Code=500 (Internal Server Error) for "http://localhost:1080/cgi-bin/itinerary.pl"  	[MsgId: MERR-26612]
End auto log messages stack.	[MsgId: MMSG-10544]


Start auto log messages stack - Iteration 10.	[MsgId: MMSG-10545]
Action.c(452): Notify: Transaction "itinerary" ended with a "Pass" status (Duration: 0,4543 Wasted Time: 0,0001).	[MsgId: MMSG-16871]
Action.c(454): Think time - Waiting 5,00 seconds (according to limit).	[MsgId: MMSG-15946]
Action.c(454): lr_think_time: 5,00 seconds (recorded think time was 47,00 seconds).	[MsgId: MMSG-15947]
Action.c(456): Notify: Transaction "delete Ticket" started.	[MsgId: MMSG-16999]
Action.c(458): web_add_header("Origin") started  	[MsgId: MMSG-26355]
Action.c(458): web_add_header("Origin") was successful  	[MsgId: MMSG-26392]
Action.c(461): Think time - Waiting 5,00 seconds (according to limit).	[MsgId: MMSG-15946]
Action.c(461): lr_think_time: 5,00 seconds (recorded think time was 59,00 seconds).	[MsgId: MMSG-15947]
Action.c(463): web_reg_find started  	[MsgId: MMSG-26355]
Action.c(463): Registering web_reg_find was successful  	[MsgId: MMSG-26390]
Action.c(471): web_custom_request("itinerary.pl_2") started  	[MsgId: MMSG-26355]
Action.c(471): Error -26368: "Text=411648191-7781-KP" found for web_reg_find (count=1)  	[MsgId: MERR-26368]
End auto log messages stack.	[MsgId: MMSG-10544]


Start auto log messages stack - Iteration 11.	[MsgId: MMSG-10545]
Action.c(500): web_concurrent_start started  	[MsgId: MMSG-26355]
Action.c(500): web_concurrent_start was successful  	[MsgId: MMSG-26392]
Action.c(502): web_custom_request("home.html_2") started  	[MsgId: MMSG-26355]
Action.c(502): Retrieving data from cache for "http://localhost:1080/WebTours/home.html"  	[MsgId: MMSG-26558]
Action.c(502): Registering web_custom_request("home.html_2") was successful  	[MsgId: MMSG-26390]
Action.c(511): web_custom_request("nav.pl_4") started  	[MsgId: MMSG-26355]
Action.c(511): Registering web_custom_request("nav.pl_4") was successful  	[MsgId: MMSG-26390]
Action.c(521): web_concurrent_end started  	[MsgId: MMSG-26355]
Action.c(511): Error -27721: Step download timeout (120 seconds) has expired when downloading resource "http://localhost:1080/cgi-bin/nav.pl?in=home"   [issued at Action.c(521)]  	[MsgId: MERR-27721]
End auto log messages stack.	[MsgId: MMSG-10544]


Start auto log messages stack - Iteration 19.	[MsgId: MMSG-10545]
Action.c(150): web_add_header("Sec-Fetch-Site") was successful  	[MsgId: MMSG-26392]
Action.c(153): web_add_header("Sec-Fetch-Dest") started  	[MsgId: MMSG-26355]
Action.c(153): web_add_header("Sec-Fetch-Dest") was successful  	[MsgId: MMSG-26392]
Action.c(157): web_reg_save_param_attrib started  	[MsgId: MMSG-26355]
Action.c(157): Registering web_reg_save_param_attrib was successful  	[MsgId: MMSG-26390]
Action.c(165): web_custom_request("nav.pl") started  	[MsgId: MMSG-26355]
Action.c(165): Registering web_custom_request("nav.pl") was successful  	[MsgId: MMSG-26390]
Action.c(175): web_concurrent_end started  	[MsgId: MMSG-26355]
Action.c(165): Error -26612: HTTP Status-Code=500 (Internal Server Error) for "http://localhost:1080/cgi-bin/nav.pl?in=home"   [issued at Action.c(175)]  	[MsgId: MERR-26612]
Action.c(175): Error -35048: No match found for the requested parameter "userSession". Check whether the tag with specific attributes exists in the response data  	[MsgId: MERR-35048]
End auto log messages stack.	[MsgId: MMSG-10544]


Start auto log messages stack - Iteration 21.	[MsgId: MMSG-10545]
Action.c(333): web_custom_request("nav.pl_3") started  	[MsgId: MMSG-26355]
Action.c(333): web_custom_request("nav.pl_3") was successful, 1482 body bytes, 255 header bytes, 12 chunking overhead bytes  	[MsgId: MMSG-26385]
Action.c(348): web_reg_save_param started  	[MsgId: MMSG-26355]
Action.c(348): Registering web_reg_save_param was successful  	[MsgId: MMSG-26390]
Action.c(356): web_reg_save_param started  	[MsgId: MMSG-26355]
Action.c(356): Registering web_reg_save_param was successful  	[MsgId: MMSG-26390]
Action.c(366): web_custom_request("itinerary.pl") started  	[MsgId: MMSG-26355]
Action.c(366): Error -26377: No match found for the requested parameter "flightID". Either the specified boundaries were not found in the response or the matched text is longer than current max html parameter size of 256 bytes. The total length of the response is 887 bytes. You can use "web_set_max_html_param_len" to increase the max parameter size.  	[MsgId: MERR-26377]
Action.c(366): Error -26377: No match found for the requested parameter "cgifields". Either the specified boundaries were not found in the response or the matched text is longer than current max html parameter size of 256 bytes. The total length of the response is 887 bytes. You can use "web_set_max_html_param_len" to increase the max parameter size.  	[MsgId: MERR-26377]
End auto log messages stack.	[MsgId: MMSG-10544]


Start auto log messages stack - Iteration 24.	[MsgId: MMSG-10545]
Action.c(333): web_custom_request("nav.pl_3") started  	[MsgId: MMSG-26355]
Action.c(333): web_custom_request("nav.pl_3") was successful, 1482 body bytes, 255 header bytes, 12 chunking overhead bytes  	[MsgId: MMSG-26385]
Action.c(348): web_reg_save_param started  	[MsgId: MMSG-26355]
Action.c(348): Registering web_reg_save_param was successful  	[MsgId: MMSG-26390]
Action.c(356): web_reg_save_param started  	[MsgId: MMSG-26355]
Action.c(356): Registering web_reg_save_param was successful  	[MsgId: MMSG-26390]
Action.c(366): web_custom_request("itinerary.pl") started  	[MsgId: MMSG-26355]
Action.c(366): Error -26377: No match found for the requested parameter "flightID". Either the specified boundaries were not found in the response or the matched text is longer than current max html parameter size of 256 bytes. The total length of the response is 887 bytes. You can use "web_set_max_html_param_len" to increase the max parameter size.  	[MsgId: MERR-26377]
Action.c(366): Error -26377: No match found for the requested parameter "cgifields". Either the specified boundaries were not found in the response or the matched text is longer than current max html parameter size of 256 bytes. The total length of the response is 887 bytes. You can use "web_set_max_html_param_len" to increase the max parameter size.  	[MsgId: MERR-26377]
End auto log messages stack.	[MsgId: MMSG-10544]


