Start auto log messages stack - Iteration 1.	[MsgId: MMSG-10545]
Action.c(333): web_custom_request("nav.pl_3") started  	[MsgId: MMSG-26355]
Action.c(333): web_custom_request("nav.pl_3") was successful, 1482 body bytes, 255 header bytes, 12 chunking overhead bytes  	[MsgId: MMSG-26385]
Action.c(348): web_reg_save_param started  	[MsgId: MMSG-26355]
Action.c(348): Registering web_reg_save_param was successful  	[MsgId: MMSG-26390]
Action.c(356): web_reg_save_param started  	[MsgId: MMSG-26355]
Action.c(356): Registering web_reg_save_param was successful  	[MsgId: MMSG-26390]
Action.c(366): web_custom_request("itinerary.pl") started  	[MsgId: MMSG-26355]
Action.c(366): Error -26377: No match found for the requested parameter "flightID". Either the specified boundaries were not found in the response or the matched text is longer than current max html parameter size of 256 bytes. The total length of the response is 887 bytes. You can use "web_set_max_html_param_len" to increase the max parameter size.  	[MsgId: MERR-26377]
Action.c(366): Error -26377: No match found for the requested parameter "cgifields". Either the specified boundaries were not found in the response or the matched text is longer than current max html parameter size of 256 bytes. The total length of the response is 887 bytes. You can use "web_set_max_html_param_len" to increase the max parameter size.  	[MsgId: MERR-26377]
End auto log messages stack.	[MsgId: MMSG-10544]


Start auto log messages stack - Iteration 2.	[MsgId: MMSG-10545]
Action.c(333): web_custom_request("nav.pl_3") started  	[MsgId: MMSG-26355]
Action.c(333): web_custom_request("nav.pl_3") was successful, 1482 body bytes, 255 header bytes, 12 chunking overhead bytes  	[MsgId: MMSG-26385]
Action.c(348): web_reg_save_param started  	[MsgId: MMSG-26355]
Action.c(348): Registering web_reg_save_param was successful  	[MsgId: MMSG-26390]
Action.c(356): web_reg_save_param started  	[MsgId: MMSG-26355]
Action.c(356): Registering web_reg_save_param was successful  	[MsgId: MMSG-26390]
Action.c(366): web_custom_request("itinerary.pl") started  	[MsgId: MMSG-26355]
Action.c(366): Error -26377: No match found for the requested parameter "flightID". Either the specified boundaries were not found in the response or the matched text is longer than current max html parameter size of 256 bytes. The total length of the response is 887 bytes. You can use "web_set_max_html_param_len" to increase the max parameter size.  	[MsgId: MERR-26377]
Action.c(366): Error -26377: No match found for the requested parameter "cgifields". Either the specified boundaries were not found in the response or the matched text is longer than current max html parameter size of 256 bytes. The total length of the response is 887 bytes. You can use "web_set_max_html_param_len" to increase the max parameter size.  	[MsgId: MERR-26377]
End auto log messages stack.	[MsgId: MMSG-10544]


Start auto log messages stack - Iteration 3.	[MsgId: MMSG-10545]
Action.c(333): web_custom_request("nav.pl_3") started  	[MsgId: MMSG-26355]
Action.c(333): web_custom_request("nav.pl_3") was successful, 1482 body bytes, 255 header bytes, 12 chunking overhead bytes  	[MsgId: MMSG-26385]
Action.c(348): web_reg_save_param started  	[MsgId: MMSG-26355]
Action.c(348): Registering web_reg_save_param was successful  	[MsgId: MMSG-26390]
Action.c(356): web_reg_save_param started  	[MsgId: MMSG-26355]
Action.c(356): Registering web_reg_save_param was successful  	[MsgId: MMSG-26390]
Action.c(366): web_custom_request("itinerary.pl") started  	[MsgId: MMSG-26355]
Action.c(366): Error -26377: No match found for the requested parameter "flightID". Either the specified boundaries were not found in the response or the matched text is longer than current max html parameter size of 256 bytes. The total length of the response is 887 bytes. You can use "web_set_max_html_param_len" to increase the max parameter size.  	[MsgId: MERR-26377]
Action.c(366): Error -26377: No match found for the requested parameter "cgifields". Either the specified boundaries were not found in the response or the matched text is longer than current max html parameter size of 256 bytes. The total length of the response is 887 bytes. You can use "web_set_max_html_param_len" to increase the max parameter size.  	[MsgId: MERR-26377]
End auto log messages stack.	[MsgId: MMSG-10544]


Start auto log messages stack - Iteration 4.	[MsgId: MMSG-10545]
Action.c(333): web_custom_request("nav.pl_3") started  	[MsgId: MMSG-26355]
Action.c(333): web_custom_request("nav.pl_3") was successful, 1482 body bytes, 255 header bytes, 12 chunking overhead bytes  	[MsgId: MMSG-26385]
Action.c(348): web_reg_save_param started  	[MsgId: MMSG-26355]
Action.c(348): Registering web_reg_save_param was successful  	[MsgId: MMSG-26390]
Action.c(356): web_reg_save_param started  	[MsgId: MMSG-26355]
Action.c(356): Registering web_reg_save_param was successful  	[MsgId: MMSG-26390]
Action.c(366): web_custom_request("itinerary.pl") started  	[MsgId: MMSG-26355]
Action.c(366): Error -26377: No match found for the requested parameter "flightID". Either the specified boundaries were not found in the response or the matched text is longer than current max html parameter size of 256 bytes. The total length of the response is 887 bytes. You can use "web_set_max_html_param_len" to increase the max parameter size.  	[MsgId: MERR-26377]
Action.c(366): Error -26377: No match found for the requested parameter "cgifields". Either the specified boundaries were not found in the response or the matched text is longer than current max html parameter size of 256 bytes. The total length of the response is 887 bytes. You can use "web_set_max_html_param_len" to increase the max parameter size.  	[MsgId: MERR-26377]
End auto log messages stack.	[MsgId: MMSG-10544]


Start auto log messages stack - Iteration 5.	[MsgId: MMSG-10545]
Action.c(333): web_custom_request("nav.pl_3") started  	[MsgId: MMSG-26355]
Action.c(333): web_custom_request("nav.pl_3") was successful, 1482 body bytes, 255 header bytes, 12 chunking overhead bytes  	[MsgId: MMSG-26385]
Action.c(348): web_reg_save_param started  	[MsgId: MMSG-26355]
Action.c(348): Registering web_reg_save_param was successful  	[MsgId: MMSG-26390]
Action.c(356): web_reg_save_param started  	[MsgId: MMSG-26355]
Action.c(356): Registering web_reg_save_param was successful  	[MsgId: MMSG-26390]
Action.c(366): web_custom_request("itinerary.pl") started  	[MsgId: MMSG-26355]
Action.c(366): Error -26377: No match found for the requested parameter "flightID". Either the specified boundaries were not found in the response or the matched text is longer than current max html parameter size of 256 bytes. The total length of the response is 887 bytes. You can use "web_set_max_html_param_len" to increase the max parameter size.  	[MsgId: MERR-26377]
Action.c(366): Error -26377: No match found for the requested parameter "cgifields". Either the specified boundaries were not found in the response or the matched text is longer than current max html parameter size of 256 bytes. The total length of the response is 887 bytes. You can use "web_set_max_html_param_len" to increase the max parameter size.  	[MsgId: MERR-26377]
End auto log messages stack.	[MsgId: MMSG-10544]


Start auto log messages stack - Iteration 6.	[MsgId: MMSG-10545]
Action.c(333): web_custom_request("nav.pl_3") started  	[MsgId: MMSG-26355]
Action.c(333): web_custom_request("nav.pl_3") was successful, 1482 body bytes, 255 header bytes, 12 chunking overhead bytes  	[MsgId: MMSG-26385]
Action.c(348): web_reg_save_param started  	[MsgId: MMSG-26355]
Action.c(348): Registering web_reg_save_param was successful  	[MsgId: MMSG-26390]
Action.c(356): web_reg_save_param started  	[MsgId: MMSG-26355]
Action.c(356): Registering web_reg_save_param was successful  	[MsgId: MMSG-26390]
Action.c(366): web_custom_request("itinerary.pl") started  	[MsgId: MMSG-26355]
Action.c(366): Error -26377: No match found for the requested parameter "flightID". Either the specified boundaries were not found in the response or the matched text is longer than current max html parameter size of 256 bytes. The total length of the response is 887 bytes. You can use "web_set_max_html_param_len" to increase the max parameter size.  	[MsgId: MERR-26377]
Action.c(366): Error -26377: No match found for the requested parameter "cgifields". Either the specified boundaries were not found in the response or the matched text is longer than current max html parameter size of 256 bytes. The total length of the response is 887 bytes. You can use "web_set_max_html_param_len" to increase the max parameter size.  	[MsgId: MERR-26377]
End auto log messages stack.	[MsgId: MMSG-10544]


Start auto log messages stack - Iteration 9.	[MsgId: MMSG-10545]
Action.c(333): web_custom_request("nav.pl_3") started  	[MsgId: MMSG-26355]
Action.c(333): web_custom_request("nav.pl_3") was successful, 1482 body bytes, 255 header bytes, 12 chunking overhead bytes  	[MsgId: MMSG-26385]
Action.c(348): web_reg_save_param started  	[MsgId: MMSG-26355]
Action.c(348): Registering web_reg_save_param was successful  	[MsgId: MMSG-26390]
Action.c(356): web_reg_save_param started  	[MsgId: MMSG-26355]
Action.c(356): Registering web_reg_save_param was successful  	[MsgId: MMSG-26390]
Action.c(366): web_custom_request("itinerary.pl") started  	[MsgId: MMSG-26355]
Action.c(366): Error -26377: No match found for the requested parameter "flightID". Either the specified boundaries were not found in the response or the matched text is longer than current max html parameter size of 256 bytes. The total length of the response is 887 bytes. You can use "web_set_max_html_param_len" to increase the max parameter size.  	[MsgId: MERR-26377]
Action.c(366): Error -26377: No match found for the requested parameter "cgifields". Either the specified boundaries were not found in the response or the matched text is longer than current max html parameter size of 256 bytes. The total length of the response is 887 bytes. You can use "web_set_max_html_param_len" to increase the max parameter size.  	[MsgId: MERR-26377]
End auto log messages stack.	[MsgId: MMSG-10544]


Start auto log messages stack - Iteration 10.	[MsgId: MMSG-10545]
Action.c(333): web_custom_request("nav.pl_3") started  	[MsgId: MMSG-26355]
Action.c(333): web_custom_request("nav.pl_3") was successful, 1482 body bytes, 255 header bytes, 12 chunking overhead bytes  	[MsgId: MMSG-26385]
Action.c(348): web_reg_save_param started  	[MsgId: MMSG-26355]
Action.c(348): Registering web_reg_save_param was successful  	[MsgId: MMSG-26390]
Action.c(356): web_reg_save_param started  	[MsgId: MMSG-26355]
Action.c(356): Registering web_reg_save_param was successful  	[MsgId: MMSG-26390]
Action.c(366): web_custom_request("itinerary.pl") started  	[MsgId: MMSG-26355]
Action.c(366): Error -26377: No match found for the requested parameter "flightID". Either the specified boundaries were not found in the response or the matched text is longer than current max html parameter size of 256 bytes. The total length of the response is 887 bytes. You can use "web_set_max_html_param_len" to increase the max parameter size.  	[MsgId: MERR-26377]
Action.c(366): Error -26377: No match found for the requested parameter "cgifields". Either the specified boundaries were not found in the response or the matched text is longer than current max html parameter size of 256 bytes. The total length of the response is 887 bytes. You can use "web_set_max_html_param_len" to increase the max parameter size.  	[MsgId: MERR-26377]
End auto log messages stack.	[MsgId: MMSG-10544]


Start auto log messages stack - Iteration 11.	[MsgId: MMSG-10545]
Action.c(314): web_add_auto_header("Sec-Fetch-User") started  	[MsgId: MMSG-26355]
Action.c(314): web_add_auto_header("Sec-Fetch-User") was successful  	[MsgId: MMSG-26392]
Action.c(318): web_reg_find started  	[MsgId: MMSG-26355]
Action.c(318): Registering web_reg_find was successful  	[MsgId: MMSG-26390]
Action.c(321): web_custom_request("welcome.pl_2") started  	[MsgId: MMSG-26355]
Action.c(321): Registered web_reg_find successful for "Text=User wants the intineraries" (count=1)  	[MsgId: MMSG-26364]
Action.c(321): web_custom_request("welcome.pl_2") was successful, 591 body bytes, 216 header bytes, 12 chunking overhead bytes  	[MsgId: MMSG-26385]
Action.c(333): web_custom_request("nav.pl_3") started  	[MsgId: MMSG-26355]
Action.c(333): Error -27721: Step download timeout (120 seconds) has expired when downloading resource "http://localhost:1080/cgi-bin/nav.pl?page=menu&in=itinerary"  	[MsgId: MERR-27721]
End auto log messages stack.	[MsgId: MMSG-10544]


Start auto log messages stack - Iteration 12.	[MsgId: MMSG-10545]
Action.c(333): web_custom_request("nav.pl_3") started  	[MsgId: MMSG-26355]
Action.c(333): web_custom_request("nav.pl_3") was successful, 1482 body bytes, 255 header bytes, 12 chunking overhead bytes  	[MsgId: MMSG-26385]
Action.c(348): web_reg_save_param started  	[MsgId: MMSG-26355]
Action.c(348): Registering web_reg_save_param was successful  	[MsgId: MMSG-26390]
Action.c(356): web_reg_save_param started  	[MsgId: MMSG-26355]
Action.c(356): Registering web_reg_save_param was successful  	[MsgId: MMSG-26390]
Action.c(366): web_custom_request("itinerary.pl") started  	[MsgId: MMSG-26355]
Action.c(366): Error -26377: No match found for the requested parameter "flightID". Either the specified boundaries were not found in the response or the matched text is longer than current max html parameter size of 256 bytes. The total length of the response is 887 bytes. You can use "web_set_max_html_param_len" to increase the max parameter size.  	[MsgId: MERR-26377]
Action.c(366): Error -26377: No match found for the requested parameter "cgifields". Either the specified boundaries were not found in the response or the matched text is longer than current max html parameter size of 256 bytes. The total length of the response is 887 bytes. You can use "web_set_max_html_param_len" to increase the max parameter size.  	[MsgId: MERR-26377]
End auto log messages stack.	[MsgId: MMSG-10544]


Start auto log messages stack - Iteration 14.	[MsgId: MMSG-10545]
Action.c(333): web_custom_request("nav.pl_3") started  	[MsgId: MMSG-26355]
Action.c(333): web_custom_request("nav.pl_3") was successful, 1482 body bytes, 255 header bytes, 12 chunking overhead bytes  	[MsgId: MMSG-26385]
Action.c(348): web_reg_save_param started  	[MsgId: MMSG-26355]
Action.c(348): Registering web_reg_save_param was successful  	[MsgId: MMSG-26390]
Action.c(356): web_reg_save_param started  	[MsgId: MMSG-26355]
Action.c(356): Registering web_reg_save_param was successful  	[MsgId: MMSG-26390]
Action.c(366): web_custom_request("itinerary.pl") started  	[MsgId: MMSG-26355]
Action.c(366): Error -26377: No match found for the requested parameter "flightID". Either the specified boundaries were not found in the response or the matched text is longer than current max html parameter size of 256 bytes. The total length of the response is 887 bytes. You can use "web_set_max_html_param_len" to increase the max parameter size.  	[MsgId: MERR-26377]
Action.c(366): Error -26377: No match found for the requested parameter "cgifields". Either the specified boundaries were not found in the response or the matched text is longer than current max html parameter size of 256 bytes. The total length of the response is 887 bytes. You can use "web_set_max_html_param_len" to increase the max parameter size.  	[MsgId: MERR-26377]
End auto log messages stack.	[MsgId: MMSG-10544]


Start auto log messages stack - Iteration 16.	[MsgId: MMSG-10545]
Action.c(333): web_custom_request("nav.pl_3") started  	[MsgId: MMSG-26355]
Action.c(333): web_custom_request("nav.pl_3") was successful, 1482 body bytes, 255 header bytes, 12 chunking overhead bytes  	[MsgId: MMSG-26385]
Action.c(348): web_reg_save_param started  	[MsgId: MMSG-26355]
Action.c(348): Registering web_reg_save_param was successful  	[MsgId: MMSG-26390]
Action.c(356): web_reg_save_param started  	[MsgId: MMSG-26355]
Action.c(356): Registering web_reg_save_param was successful  	[MsgId: MMSG-26390]
Action.c(366): web_custom_request("itinerary.pl") started  	[MsgId: MMSG-26355]
Action.c(366): Error -26377: No match found for the requested parameter "flightID". Either the specified boundaries were not found in the response or the matched text is longer than current max html parameter size of 256 bytes. The total length of the response is 887 bytes. You can use "web_set_max_html_param_len" to increase the max parameter size.  	[MsgId: MERR-26377]
Action.c(366): Error -26377: No match found for the requested parameter "cgifields". Either the specified boundaries were not found in the response or the matched text is longer than current max html parameter size of 256 bytes. The total length of the response is 887 bytes. You can use "web_set_max_html_param_len" to increase the max parameter size.  	[MsgId: MERR-26377]
End auto log messages stack.	[MsgId: MMSG-10544]


Start auto log messages stack - Iteration 17.	[MsgId: MMSG-10545]
Action.c(333): web_custom_request("nav.pl_3") started  	[MsgId: MMSG-26355]
Action.c(333): web_custom_request("nav.pl_3") was successful, 1482 body bytes, 255 header bytes, 12 chunking overhead bytes  	[MsgId: MMSG-26385]
Action.c(348): web_reg_save_param started  	[MsgId: MMSG-26355]
Action.c(348): Registering web_reg_save_param was successful  	[MsgId: MMSG-26390]
Action.c(356): web_reg_save_param started  	[MsgId: MMSG-26355]
Action.c(356): Registering web_reg_save_param was successful  	[MsgId: MMSG-26390]
Action.c(366): web_custom_request("itinerary.pl") started  	[MsgId: MMSG-26355]
Action.c(366): Error -26377: No match found for the requested parameter "flightID". Either the specified boundaries were not found in the response or the matched text is longer than current max html parameter size of 256 bytes. The total length of the response is 887 bytes. You can use "web_set_max_html_param_len" to increase the max parameter size.  	[MsgId: MERR-26377]
Action.c(366): Error -26377: No match found for the requested parameter "cgifields". Either the specified boundaries were not found in the response or the matched text is longer than current max html parameter size of 256 bytes. The total length of the response is 887 bytes. You can use "web_set_max_html_param_len" to increase the max parameter size.  	[MsgId: MERR-26377]
End auto log messages stack.	[MsgId: MMSG-10544]


Start auto log messages stack - Iteration 18.	[MsgId: MMSG-10545]
Action.c(333): web_custom_request("nav.pl_3") started  	[MsgId: MMSG-26355]
Action.c(333): web_custom_request("nav.pl_3") was successful, 1482 body bytes, 255 header bytes, 12 chunking overhead bytes  	[MsgId: MMSG-26385]
Action.c(348): web_reg_save_param started  	[MsgId: MMSG-26355]
Action.c(348): Registering web_reg_save_param was successful  	[MsgId: MMSG-26390]
Action.c(356): web_reg_save_param started  	[MsgId: MMSG-26355]
Action.c(356): Registering web_reg_save_param was successful  	[MsgId: MMSG-26390]
Action.c(366): web_custom_request("itinerary.pl") started  	[MsgId: MMSG-26355]
Action.c(366): Error -26377: No match found for the requested parameter "flightID". Either the specified boundaries were not found in the response or the matched text is longer than current max html parameter size of 256 bytes. The total length of the response is 887 bytes. You can use "web_set_max_html_param_len" to increase the max parameter size.  	[MsgId: MERR-26377]
Action.c(366): Error -26377: No match found for the requested parameter "cgifields". Either the specified boundaries were not found in the response or the matched text is longer than current max html parameter size of 256 bytes. The total length of the response is 887 bytes. You can use "web_set_max_html_param_len" to increase the max parameter size.  	[MsgId: MERR-26377]
End auto log messages stack.	[MsgId: MMSG-10544]


Start auto log messages stack - Iteration 19.	[MsgId: MMSG-10545]
Action.c(333): web_custom_request("nav.pl_3") started  	[MsgId: MMSG-26355]
Action.c(333): web_custom_request("nav.pl_3") was successful, 1482 body bytes, 255 header bytes, 12 chunking overhead bytes  	[MsgId: MMSG-26385]
Action.c(348): web_reg_save_param started  	[MsgId: MMSG-26355]
Action.c(348): Registering web_reg_save_param was successful  	[MsgId: MMSG-26390]
Action.c(356): web_reg_save_param started  	[MsgId: MMSG-26355]
Action.c(356): Registering web_reg_save_param was successful  	[MsgId: MMSG-26390]
Action.c(366): web_custom_request("itinerary.pl") started  	[MsgId: MMSG-26355]
Action.c(366): Error -26377: No match found for the requested parameter "flightID". Either the specified boundaries were not found in the response or the matched text is longer than current max html parameter size of 256 bytes. The total length of the response is 887 bytes. You can use "web_set_max_html_param_len" to increase the max parameter size.  	[MsgId: MERR-26377]
Action.c(366): Error -26377: No match found for the requested parameter "cgifields". Either the specified boundaries were not found in the response or the matched text is longer than current max html parameter size of 256 bytes. The total length of the response is 887 bytes. You can use "web_set_max_html_param_len" to increase the max parameter size.  	[MsgId: MERR-26377]
End auto log messages stack.	[MsgId: MMSG-10544]


Start auto log messages stack - Iteration 20.	[MsgId: MMSG-10545]
Action.c(333): web_custom_request("nav.pl_3") started  	[MsgId: MMSG-26355]
Action.c(333): web_custom_request("nav.pl_3") was successful, 1482 body bytes, 255 header bytes, 12 chunking overhead bytes  	[MsgId: MMSG-26385]
Action.c(348): web_reg_save_param started  	[MsgId: MMSG-26355]
Action.c(348): Registering web_reg_save_param was successful  	[MsgId: MMSG-26390]
Action.c(356): web_reg_save_param started  	[MsgId: MMSG-26355]
Action.c(356): Registering web_reg_save_param was successful  	[MsgId: MMSG-26390]
Action.c(366): web_custom_request("itinerary.pl") started  	[MsgId: MMSG-26355]
Action.c(366): Error -26377: No match found for the requested parameter "flightID". Either the specified boundaries were not found in the response or the matched text is longer than current max html parameter size of 256 bytes. The total length of the response is 887 bytes. You can use "web_set_max_html_param_len" to increase the max parameter size.  	[MsgId: MERR-26377]
Action.c(366): Error -26377: No match found for the requested parameter "cgifields". Either the specified boundaries were not found in the response or the matched text is longer than current max html parameter size of 256 bytes. The total length of the response is 887 bytes. You can use "web_set_max_html_param_len" to increase the max parameter size.  	[MsgId: MERR-26377]
End auto log messages stack.	[MsgId: MMSG-10544]


Start auto log messages stack - Iteration 21.	[MsgId: MMSG-10545]
Action.c(463): Registering web_reg_find was successful  	[MsgId: MMSG-26390]
Action.c(471): web_custom_request("itinerary.pl_2") started  	[MsgId: MMSG-26355]
Action.c(471): Registered web_reg_find successful for "Text=41150010-790-KP"  	[MsgId: MMSG-26362]
Action.c(471): web_custom_request("itinerary.pl_2") was successful, 887 body bytes, 256 header bytes, 12 chunking overhead bytes  	[MsgId: MMSG-26385]
Action.c(482): {FlightID_count}	[MsgId: MMSG-17999]
Action.c(484): Notify: Transaction "delete Ticket" ended with a "Pass" status (Duration: 5,0990 Think Time: 5,0065 Wasted Time: 0,0000).	[MsgId: MMSG-16870]
Action.c(486): Think time - Waiting 5,00 seconds (according to limit).	[MsgId: MMSG-15946]
Action.c(486): lr_think_time: 5,00 seconds (recorded think time was 29,00 seconds).	[MsgId: MMSG-15947]
Action.c(488): Notify: Transaction "sign off" started.	[MsgId: MMSG-16999]
Action.c(490): web_custom_request("SignOff Button") started  	[MsgId: MMSG-26355]
Action.c(490): Error -27721: Step download timeout (120 seconds) has expired when downloading resource "http://localhost:1080/cgi-bin/welcome.pl?signOff=1"  	[MsgId: MERR-27721]
End auto log messages stack.	[MsgId: MMSG-10544]


Start auto log messages stack - Iteration 23.	[MsgId: MMSG-10545]
Action.c(333): web_custom_request("nav.pl_3") started  	[MsgId: MMSG-26355]
Action.c(333): web_custom_request("nav.pl_3") was successful, 1482 body bytes, 255 header bytes, 12 chunking overhead bytes  	[MsgId: MMSG-26385]
Action.c(348): web_reg_save_param started  	[MsgId: MMSG-26355]
Action.c(348): Registering web_reg_save_param was successful  	[MsgId: MMSG-26390]
Action.c(356): web_reg_save_param started  	[MsgId: MMSG-26355]
Action.c(356): Registering web_reg_save_param was successful  	[MsgId: MMSG-26390]
Action.c(366): web_custom_request("itinerary.pl") started  	[MsgId: MMSG-26355]
Action.c(366): Error -26377: No match found for the requested parameter "flightID". Either the specified boundaries were not found in the response or the matched text is longer than current max html parameter size of 256 bytes. The total length of the response is 887 bytes. You can use "web_set_max_html_param_len" to increase the max parameter size.  	[MsgId: MERR-26377]
Action.c(366): Error -26377: No match found for the requested parameter "cgifields". Either the specified boundaries were not found in the response or the matched text is longer than current max html parameter size of 256 bytes. The total length of the response is 887 bytes. You can use "web_set_max_html_param_len" to increase the max parameter size.  	[MsgId: MERR-26377]
End auto log messages stack.	[MsgId: MMSG-10544]


