Start auto log messages stack - Iteration 7.	[MsgId: MMSG-10545]
Action.c(496): web_custom_request("nav.pl_3") started  	[MsgId: MMSG-26355]
Action.c(496): web_custom_request("nav.pl_3") was successful, 1482 body bytes, 255 header bytes, 12 chunking overhead bytes  	[MsgId: MMSG-26385]
Action.c(511): web_reg_save_param started  	[MsgId: MMSG-26355]
Action.c(511): Registering web_reg_save_param was successful  	[MsgId: MMSG-26390]
Action.c(519): web_reg_save_param started  	[MsgId: MMSG-26355]
Action.c(519): Registering web_reg_save_param was successful  	[MsgId: MMSG-26390]
Action.c(529): web_custom_request("itinerary.pl") started  	[MsgId: MMSG-26355]
Action.c(529): Error -26612: HTTP Status-Code=500 (Internal Server Error) for "http://localhost:1080/cgi-bin/itinerary.pl"  	[MsgId: MERR-26612]
Action.c(529): Error -26377: No match found for the requested parameter "flightID". Either the specified boundaries were not found in the response or the matched text is longer than current max html parameter size of 256 bytes. The total length of the response is 535 bytes. You can use "web_set_max_html_param_len" to increase the max parameter size.  	[MsgId: MERR-26377]
Action.c(529): Error -26377: No match found for the requested parameter "cgifields". Either the specified boundaries were not found in the response or the matched text is longer than current max html parameter size of 256 bytes. The total length of the response is 535 bytes. You can use "web_set_max_html_param_len" to increase the max parameter size.  	[MsgId: MERR-26377]
End auto log messages stack.	[MsgId: MMSG-10544]


Start auto log messages stack - Iteration 21.	[MsgId: MMSG-10545]
Action.c(380): web_concurrent_start started  	[MsgId: MMSG-26355]
Action.c(380): web_concurrent_start was successful  	[MsgId: MMSG-26392]
Action.c(382): web_custom_request("nav.pl_2") started  	[MsgId: MMSG-26355]
Action.c(382): Registering web_custom_request("nav.pl_2") was successful  	[MsgId: MMSG-26390]
Action.c(393): web_reg_find started  	[MsgId: MMSG-26355]
Action.c(393): Registering web_reg_find was successful  	[MsgId: MMSG-26390]
Action.c(396): web_custom_request("login.pl_2") started  	[MsgId: MMSG-26355]
Action.c(396): Registering web_custom_request("login.pl_2") was successful  	[MsgId: MMSG-26390]
Action.c(406): web_concurrent_end started  	[MsgId: MMSG-26355]
Action.c(382): Error -26612: HTTP Status-Code=500 (Internal Server Error) for "http://localhost:1080/cgi-bin/nav.pl?page=menu&in=home"   [issued at Action.c(406)]  	[MsgId: MERR-26612]
End auto log messages stack.	[MsgId: MMSG-10544]


