Start auto log messages stack - Iteration 1.	[MsgId: MMSG-10545]
Action.c(333): web_custom_request("nav.pl_3") started  	[MsgId: MMSG-26355]
Action.c(333): web_custom_request("nav.pl_3") was successful, 1482 body bytes, 255 header bytes, 12 chunking overhead bytes  	[MsgId: MMSG-26385]
Action.c(348): web_reg_save_param started  	[MsgId: MMSG-26355]
Action.c(348): Registering web_reg_save_param was successful  	[MsgId: MMSG-26390]
Action.c(356): web_reg_save_param started  	[MsgId: MMSG-26355]
Action.c(356): Registering web_reg_save_param was successful  	[MsgId: MMSG-26390]
Action.c(366): web_custom_request("itinerary.pl") started  	[MsgId: MMSG-26355]
Action.c(366): Error -26377: No match found for the requested parameter "flightID". Either the specified boundaries were not found in the response or the matched text is longer than current max html parameter size of 256 bytes. The total length of the response is 887 bytes. You can use "web_set_max_html_param_len" to increase the max parameter size.  	[MsgId: MERR-26377]
Action.c(366): Error -26377: No match found for the requested parameter "cgifields". Either the specified boundaries were not found in the response or the matched text is longer than current max html parameter size of 256 bytes. The total length of the response is 887 bytes. You can use "web_set_max_html_param_len" to increase the max parameter size.  	[MsgId: MERR-26377]
End auto log messages stack.	[MsgId: MMSG-10544]


Start auto log messages stack - Iteration 1.	[MsgId: MMSG-10545]
Action.c(333): web_custom_request("nav.pl_3") started  	[MsgId: MMSG-26355]
Action.c(333): web_custom_request("nav.pl_3") was successful, 1482 body bytes, 255 header bytes, 12 chunking overhead bytes  	[MsgId: MMSG-26385]
Action.c(348): web_reg_save_param started  	[MsgId: MMSG-26355]
Action.c(348): Registering web_reg_save_param was successful  	[MsgId: MMSG-26390]
Action.c(356): web_reg_save_param started  	[MsgId: MMSG-26355]
Action.c(356): Registering web_reg_save_param was successful  	[MsgId: MMSG-26390]
Action.c(366): web_custom_request("itinerary.pl") started  	[MsgId: MMSG-26355]
Action.c(366): Error -26377: No match found for the requested parameter "flightID". Either the specified boundaries were not found in the response or the matched text is longer than current max html parameter size of 256 bytes. The total length of the response is 887 bytes. You can use "web_set_max_html_param_len" to increase the max parameter size.  	[MsgId: MERR-26377]
Action.c(366): Error -26377: No match found for the requested parameter "cgifields". Either the specified boundaries were not found in the response or the matched text is longer than current max html parameter size of 256 bytes. The total length of the response is 887 bytes. You can use "web_set_max_html_param_len" to increase the max parameter size.  	[MsgId: MERR-26377]
End auto log messages stack.	[MsgId: MMSG-10544]


Start auto log messages stack - Iteration 2.	[MsgId: MMSG-10545]
Action.c(333): web_custom_request("nav.pl_3") started  	[MsgId: MMSG-26355]
Action.c(333): web_custom_request("nav.pl_3") was successful, 1482 body bytes, 255 header bytes, 12 chunking overhead bytes  	[MsgId: MMSG-26385]
Action.c(348): web_reg_save_param started  	[MsgId: MMSG-26355]
Action.c(348): Registering web_reg_save_param was successful  	[MsgId: MMSG-26390]
Action.c(356): web_reg_save_param started  	[MsgId: MMSG-26355]
Action.c(356): Registering web_reg_save_param was successful  	[MsgId: MMSG-26390]
Action.c(366): web_custom_request("itinerary.pl") started  	[MsgId: MMSG-26355]
Action.c(366): Error -26377: No match found for the requested parameter "flightID". Either the specified boundaries were not found in the response or the matched text is longer than current max html parameter size of 256 bytes. The total length of the response is 887 bytes. You can use "web_set_max_html_param_len" to increase the max parameter size.  	[MsgId: MERR-26377]
Action.c(366): Error -26377: No match found for the requested parameter "cgifields". Either the specified boundaries were not found in the response or the matched text is longer than current max html parameter size of 256 bytes. The total length of the response is 887 bytes. You can use "web_set_max_html_param_len" to increase the max parameter size.  	[MsgId: MERR-26377]
End auto log messages stack.	[MsgId: MMSG-10544]


Start auto log messages stack - Iteration 3.	[MsgId: MMSG-10545]
Action.c(192): Think time - Waiting 3,00 seconds (according to limit).	[MsgId: MMSG-15946]
Action.c(192): lr_think_time: 3,00 seconds (recorded think time was 46,00 seconds).	[MsgId: MMSG-15947]
Action.c(194): Notify: Transaction "login" started.	[MsgId: MMSG-16999]
Action.c(196): web_add_auto_header("Sec-Fetch-Site") started  	[MsgId: MMSG-26355]
Action.c(196): web_add_auto_header("Sec-Fetch-Site") was successful  	[MsgId: MMSG-26392]
Action.c(199): web_add_auto_header("Sec-Fetch-Dest") started  	[MsgId: MMSG-26355]
Action.c(199): web_add_auto_header("Sec-Fetch-Dest") was successful  	[MsgId: MMSG-26392]
Action.c(202): web_add_header("Origin") started  	[MsgId: MMSG-26355]
Action.c(202): web_add_header("Origin") was successful  	[MsgId: MMSG-26392]
Action.c(206): web_custom_request("login.pl") started  	[MsgId: MMSG-26355]
Action.c(206): Error -26612: HTTP Status-Code=500 (Internal Server Error) for "http://localhost:1080/cgi-bin/login.pl"  	[MsgId: MERR-26612]
End auto log messages stack.	[MsgId: MMSG-10544]


Start auto log messages stack - Iteration 2.	[MsgId: MMSG-10545]
Action.c(333): web_custom_request("nav.pl_3") started  	[MsgId: MMSG-26355]
Action.c(333): web_custom_request("nav.pl_3") was successful, 1482 body bytes, 255 header bytes, 12 chunking overhead bytes  	[MsgId: MMSG-26385]
Action.c(348): web_reg_save_param started  	[MsgId: MMSG-26355]
Action.c(348): Registering web_reg_save_param was successful  	[MsgId: MMSG-26390]
Action.c(356): web_reg_save_param started  	[MsgId: MMSG-26355]
Action.c(356): Registering web_reg_save_param was successful  	[MsgId: MMSG-26390]
Action.c(366): web_custom_request("itinerary.pl") started  	[MsgId: MMSG-26355]
Action.c(366): Error -26377: No match found for the requested parameter "flightID". Either the specified boundaries were not found in the response or the matched text is longer than current max html parameter size of 256 bytes. The total length of the response is 887 bytes. You can use "web_set_max_html_param_len" to increase the max parameter size.  	[MsgId: MERR-26377]
Action.c(366): Error -26377: No match found for the requested parameter "cgifields". Either the specified boundaries were not found in the response or the matched text is longer than current max html parameter size of 256 bytes. The total length of the response is 887 bytes. You can use "web_set_max_html_param_len" to increase the max parameter size.  	[MsgId: MERR-26377]
End auto log messages stack.	[MsgId: MMSG-10544]


Start auto log messages stack - Iteration 1.	[MsgId: MMSG-10545]
Action.c(333): web_custom_request("nav.pl_3") started  	[MsgId: MMSG-26355]
Action.c(333): web_custom_request("nav.pl_3") was successful, 1482 body bytes, 255 header bytes, 12 chunking overhead bytes  	[MsgId: MMSG-26385]
Action.c(348): web_reg_save_param started  	[MsgId: MMSG-26355]
Action.c(348): Registering web_reg_save_param was successful  	[MsgId: MMSG-26390]
Action.c(356): web_reg_save_param started  	[MsgId: MMSG-26355]
Action.c(356): Registering web_reg_save_param was successful  	[MsgId: MMSG-26390]
Action.c(366): web_custom_request("itinerary.pl") started  	[MsgId: MMSG-26355]
Action.c(366): Error -26377: No match found for the requested parameter "flightID". Either the specified boundaries were not found in the response or the matched text is longer than current max html parameter size of 256 bytes. The total length of the response is 887 bytes. You can use "web_set_max_html_param_len" to increase the max parameter size.  	[MsgId: MERR-26377]
Action.c(366): Error -26377: No match found for the requested parameter "cgifields". Either the specified boundaries were not found in the response or the matched text is longer than current max html parameter size of 256 bytes. The total length of the response is 887 bytes. You can use "web_set_max_html_param_len" to increase the max parameter size.  	[MsgId: MERR-26377]
End auto log messages stack.	[MsgId: MMSG-10544]


Start auto log messages stack - Iteration 4.	[MsgId: MMSG-10545]
Action.c(333): web_custom_request("nav.pl_3") started  	[MsgId: MMSG-26355]
Action.c(333): web_custom_request("nav.pl_3") was successful, 1482 body bytes, 255 header bytes, 12 chunking overhead bytes  	[MsgId: MMSG-26385]
Action.c(348): web_reg_save_param started  	[MsgId: MMSG-26355]
Action.c(348): Registering web_reg_save_param was successful  	[MsgId: MMSG-26390]
Action.c(356): web_reg_save_param started  	[MsgId: MMSG-26355]
Action.c(356): Registering web_reg_save_param was successful  	[MsgId: MMSG-26390]
Action.c(366): web_custom_request("itinerary.pl") started  	[MsgId: MMSG-26355]
Action.c(366): Error -26377: No match found for the requested parameter "flightID". Either the specified boundaries were not found in the response or the matched text is longer than current max html parameter size of 256 bytes. The total length of the response is 887 bytes. You can use "web_set_max_html_param_len" to increase the max parameter size.  	[MsgId: MERR-26377]
Action.c(366): Error -26377: No match found for the requested parameter "cgifields". Either the specified boundaries were not found in the response or the matched text is longer than current max html parameter size of 256 bytes. The total length of the response is 887 bytes. You can use "web_set_max_html_param_len" to increase the max parameter size.  	[MsgId: MERR-26377]
End auto log messages stack.	[MsgId: MMSG-10544]


Start auto log messages stack - Iteration 3.	[MsgId: MMSG-10545]
Action.c(333): web_custom_request("nav.pl_3") started  	[MsgId: MMSG-26355]
Action.c(333): web_custom_request("nav.pl_3") was successful, 1482 body bytes, 255 header bytes, 12 chunking overhead bytes  	[MsgId: MMSG-26385]
Action.c(348): web_reg_save_param started  	[MsgId: MMSG-26355]
Action.c(348): Registering web_reg_save_param was successful  	[MsgId: MMSG-26390]
Action.c(356): web_reg_save_param started  	[MsgId: MMSG-26355]
Action.c(356): Registering web_reg_save_param was successful  	[MsgId: MMSG-26390]
Action.c(366): web_custom_request("itinerary.pl") started  	[MsgId: MMSG-26355]
Action.c(366): Error -26377: No match found for the requested parameter "flightID". Either the specified boundaries were not found in the response or the matched text is longer than current max html parameter size of 256 bytes. The total length of the response is 887 bytes. You can use "web_set_max_html_param_len" to increase the max parameter size.  	[MsgId: MERR-26377]
Action.c(366): Error -26377: No match found for the requested parameter "cgifields". Either the specified boundaries were not found in the response or the matched text is longer than current max html parameter size of 256 bytes. The total length of the response is 887 bytes. You can use "web_set_max_html_param_len" to increase the max parameter size.  	[MsgId: MERR-26377]
End auto log messages stack.	[MsgId: MMSG-10544]


Start auto log messages stack - Iteration 2.	[MsgId: MMSG-10545]
Action.c(333): web_custom_request("nav.pl_3") started  	[MsgId: MMSG-26355]
Action.c(333): web_custom_request("nav.pl_3") was successful, 1482 body bytes, 255 header bytes, 12 chunking overhead bytes  	[MsgId: MMSG-26385]
Action.c(348): web_reg_save_param started  	[MsgId: MMSG-26355]
Action.c(348): Registering web_reg_save_param was successful  	[MsgId: MMSG-26390]
Action.c(356): web_reg_save_param started  	[MsgId: MMSG-26355]
Action.c(356): Registering web_reg_save_param was successful  	[MsgId: MMSG-26390]
Action.c(366): web_custom_request("itinerary.pl") started  	[MsgId: MMSG-26355]
Action.c(366): Error -26377: No match found for the requested parameter "flightID". Either the specified boundaries were not found in the response or the matched text is longer than current max html parameter size of 256 bytes. The total length of the response is 887 bytes. You can use "web_set_max_html_param_len" to increase the max parameter size.  	[MsgId: MERR-26377]
Action.c(366): Error -26377: No match found for the requested parameter "cgifields". Either the specified boundaries were not found in the response or the matched text is longer than current max html parameter size of 256 bytes. The total length of the response is 887 bytes. You can use "web_set_max_html_param_len" to increase the max parameter size.  	[MsgId: MERR-26377]
End auto log messages stack.	[MsgId: MMSG-10544]


Start auto log messages stack - Iteration 5.	[MsgId: MMSG-10545]
Action.c(333): web_custom_request("nav.pl_3") started  	[MsgId: MMSG-26355]
Action.c(333): web_custom_request("nav.pl_3") was successful, 1482 body bytes, 255 header bytes, 12 chunking overhead bytes  	[MsgId: MMSG-26385]
Action.c(348): web_reg_save_param started  	[MsgId: MMSG-26355]
Action.c(348): Registering web_reg_save_param was successful  	[MsgId: MMSG-26390]
Action.c(356): web_reg_save_param started  	[MsgId: MMSG-26355]
Action.c(356): Registering web_reg_save_param was successful  	[MsgId: MMSG-26390]
Action.c(366): web_custom_request("itinerary.pl") started  	[MsgId: MMSG-26355]
Action.c(366): Error -26377: No match found for the requested parameter "flightID". Either the specified boundaries were not found in the response or the matched text is longer than current max html parameter size of 256 bytes. The total length of the response is 887 bytes. You can use "web_set_max_html_param_len" to increase the max parameter size.  	[MsgId: MERR-26377]
Action.c(366): Error -26377: No match found for the requested parameter "cgifields". Either the specified boundaries were not found in the response or the matched text is longer than current max html parameter size of 256 bytes. The total length of the response is 887 bytes. You can use "web_set_max_html_param_len" to increase the max parameter size.  	[MsgId: MERR-26377]
End auto log messages stack.	[MsgId: MMSG-10544]


Start auto log messages stack - Iteration 4.	[MsgId: MMSG-10545]
Action.c(333): web_custom_request("nav.pl_3") started  	[MsgId: MMSG-26355]
Action.c(333): web_custom_request("nav.pl_3") was successful, 1482 body bytes, 255 header bytes, 12 chunking overhead bytes  	[MsgId: MMSG-26385]
Action.c(348): web_reg_save_param started  	[MsgId: MMSG-26355]
Action.c(348): Registering web_reg_save_param was successful  	[MsgId: MMSG-26390]
Action.c(356): web_reg_save_param started  	[MsgId: MMSG-26355]
Action.c(356): Registering web_reg_save_param was successful  	[MsgId: MMSG-26390]
Action.c(366): web_custom_request("itinerary.pl") started  	[MsgId: MMSG-26355]
Action.c(366): Error -26377: No match found for the requested parameter "flightID". Either the specified boundaries were not found in the response or the matched text is longer than current max html parameter size of 256 bytes. The total length of the response is 887 bytes. You can use "web_set_max_html_param_len" to increase the max parameter size.  	[MsgId: MERR-26377]
Action.c(366): Error -26377: No match found for the requested parameter "cgifields". Either the specified boundaries were not found in the response or the matched text is longer than current max html parameter size of 256 bytes. The total length of the response is 887 bytes. You can use "web_set_max_html_param_len" to increase the max parameter size.  	[MsgId: MERR-26377]
End auto log messages stack.	[MsgId: MMSG-10544]


Start auto log messages stack - Iteration 3.	[MsgId: MMSG-10545]
Action.c(333): web_custom_request("nav.pl_3") started  	[MsgId: MMSG-26355]
Action.c(333): web_custom_request("nav.pl_3") was successful, 1482 body bytes, 255 header bytes, 12 chunking overhead bytes  	[MsgId: MMSG-26385]
Action.c(348): web_reg_save_param started  	[MsgId: MMSG-26355]
Action.c(348): Registering web_reg_save_param was successful  	[MsgId: MMSG-26390]
Action.c(356): web_reg_save_param started  	[MsgId: MMSG-26355]
Action.c(356): Registering web_reg_save_param was successful  	[MsgId: MMSG-26390]
Action.c(366): web_custom_request("itinerary.pl") started  	[MsgId: MMSG-26355]
Action.c(366): Error -26377: No match found for the requested parameter "flightID". Either the specified boundaries were not found in the response or the matched text is longer than current max html parameter size of 256 bytes. The total length of the response is 887 bytes. You can use "web_set_max_html_param_len" to increase the max parameter size.  	[MsgId: MERR-26377]
Action.c(366): Error -26377: No match found for the requested parameter "cgifields". Either the specified boundaries were not found in the response or the matched text is longer than current max html parameter size of 256 bytes. The total length of the response is 887 bytes. You can use "web_set_max_html_param_len" to increase the max parameter size.  	[MsgId: MERR-26377]
End auto log messages stack.	[MsgId: MMSG-10544]


Start auto log messages stack - Iteration 6.	[MsgId: MMSG-10545]
Action.c(333): web_custom_request("nav.pl_3") started  	[MsgId: MMSG-26355]
Action.c(333): web_custom_request("nav.pl_3") was successful, 1482 body bytes, 255 header bytes, 12 chunking overhead bytes  	[MsgId: MMSG-26385]
Action.c(348): web_reg_save_param started  	[MsgId: MMSG-26355]
Action.c(348): Registering web_reg_save_param was successful  	[MsgId: MMSG-26390]
Action.c(356): web_reg_save_param started  	[MsgId: MMSG-26355]
Action.c(356): Registering web_reg_save_param was successful  	[MsgId: MMSG-26390]
Action.c(366): web_custom_request("itinerary.pl") started  	[MsgId: MMSG-26355]
Action.c(366): Error -26377: No match found for the requested parameter "flightID". Either the specified boundaries were not found in the response or the matched text is longer than current max html parameter size of 256 bytes. The total length of the response is 887 bytes. You can use "web_set_max_html_param_len" to increase the max parameter size.  	[MsgId: MERR-26377]
Action.c(366): Error -26377: No match found for the requested parameter "cgifields". Either the specified boundaries were not found in the response or the matched text is longer than current max html parameter size of 256 bytes. The total length of the response is 887 bytes. You can use "web_set_max_html_param_len" to increase the max parameter size.  	[MsgId: MERR-26377]
End auto log messages stack.	[MsgId: MMSG-10544]


Start auto log messages stack - Iteration 5.	[MsgId: MMSG-10545]
Action.c(333): web_custom_request("nav.pl_3") started  	[MsgId: MMSG-26355]
Action.c(333): web_custom_request("nav.pl_3") was successful, 1482 body bytes, 255 header bytes, 12 chunking overhead bytes  	[MsgId: MMSG-26385]
Action.c(348): web_reg_save_param started  	[MsgId: MMSG-26355]
Action.c(348): Registering web_reg_save_param was successful  	[MsgId: MMSG-26390]
Action.c(356): web_reg_save_param started  	[MsgId: MMSG-26355]
Action.c(356): Registering web_reg_save_param was successful  	[MsgId: MMSG-26390]
Action.c(366): web_custom_request("itinerary.pl") started  	[MsgId: MMSG-26355]
Action.c(366): Error -26377: No match found for the requested parameter "flightID". Either the specified boundaries were not found in the response or the matched text is longer than current max html parameter size of 256 bytes. The total length of the response is 887 bytes. You can use "web_set_max_html_param_len" to increase the max parameter size.  	[MsgId: MERR-26377]
Action.c(366): Error -26377: No match found for the requested parameter "cgifields". Either the specified boundaries were not found in the response or the matched text is longer than current max html parameter size of 256 bytes. The total length of the response is 887 bytes. You can use "web_set_max_html_param_len" to increase the max parameter size.  	[MsgId: MERR-26377]
End auto log messages stack.	[MsgId: MMSG-10544]


Start auto log messages stack - Iteration 4.	[MsgId: MMSG-10545]
Action.c(333): web_custom_request("nav.pl_3") started  	[MsgId: MMSG-26355]
Action.c(333): web_custom_request("nav.pl_3") was successful, 1482 body bytes, 255 header bytes, 12 chunking overhead bytes  	[MsgId: MMSG-26385]
Action.c(348): web_reg_save_param started  	[MsgId: MMSG-26355]
Action.c(348): Registering web_reg_save_param was successful  	[MsgId: MMSG-26390]
Action.c(356): web_reg_save_param started  	[MsgId: MMSG-26355]
Action.c(356): Registering web_reg_save_param was successful  	[MsgId: MMSG-26390]
Action.c(366): web_custom_request("itinerary.pl") started  	[MsgId: MMSG-26355]
Action.c(366): Error -26377: No match found for the requested parameter "flightID". Either the specified boundaries were not found in the response or the matched text is longer than current max html parameter size of 256 bytes. The total length of the response is 887 bytes. You can use "web_set_max_html_param_len" to increase the max parameter size.  	[MsgId: MERR-26377]
Action.c(366): Error -26377: No match found for the requested parameter "cgifields". Either the specified boundaries were not found in the response or the matched text is longer than current max html parameter size of 256 bytes. The total length of the response is 887 bytes. You can use "web_set_max_html_param_len" to increase the max parameter size.  	[MsgId: MERR-26377]
End auto log messages stack.	[MsgId: MMSG-10544]


Start auto log messages stack - Iteration 7.	[MsgId: MMSG-10545]
Action.c(333): web_custom_request("nav.pl_3") started  	[MsgId: MMSG-26355]
Action.c(333): web_custom_request("nav.pl_3") was successful, 1482 body bytes, 255 header bytes, 12 chunking overhead bytes  	[MsgId: MMSG-26385]
Action.c(348): web_reg_save_param started  	[MsgId: MMSG-26355]
Action.c(348): Registering web_reg_save_param was successful  	[MsgId: MMSG-26390]
Action.c(356): web_reg_save_param started  	[MsgId: MMSG-26355]
Action.c(356): Registering web_reg_save_param was successful  	[MsgId: MMSG-26390]
Action.c(366): web_custom_request("itinerary.pl") started  	[MsgId: MMSG-26355]
Action.c(366): Error -26377: No match found for the requested parameter "flightID". Either the specified boundaries were not found in the response or the matched text is longer than current max html parameter size of 256 bytes. The total length of the response is 887 bytes. You can use "web_set_max_html_param_len" to increase the max parameter size.  	[MsgId: MERR-26377]
Action.c(366): Error -26377: No match found for the requested parameter "cgifields". Either the specified boundaries were not found in the response or the matched text is longer than current max html parameter size of 256 bytes. The total length of the response is 887 bytes. You can use "web_set_max_html_param_len" to increase the max parameter size.  	[MsgId: MERR-26377]
End auto log messages stack.	[MsgId: MMSG-10544]


Start auto log messages stack - Iteration 6.	[MsgId: MMSG-10545]
Action.c(333): web_custom_request("nav.pl_3") started  	[MsgId: MMSG-26355]
Action.c(333): web_custom_request("nav.pl_3") was successful, 1482 body bytes, 255 header bytes, 12 chunking overhead bytes  	[MsgId: MMSG-26385]
Action.c(348): web_reg_save_param started  	[MsgId: MMSG-26355]
Action.c(348): Registering web_reg_save_param was successful  	[MsgId: MMSG-26390]
Action.c(356): web_reg_save_param started  	[MsgId: MMSG-26355]
Action.c(356): Registering web_reg_save_param was successful  	[MsgId: MMSG-26390]
Action.c(366): web_custom_request("itinerary.pl") started  	[MsgId: MMSG-26355]
Action.c(366): Error -26377: No match found for the requested parameter "flightID". Either the specified boundaries were not found in the response or the matched text is longer than current max html parameter size of 256 bytes. The total length of the response is 887 bytes. You can use "web_set_max_html_param_len" to increase the max parameter size.  	[MsgId: MERR-26377]
Action.c(366): Error -26377: No match found for the requested parameter "cgifields". Either the specified boundaries were not found in the response or the matched text is longer than current max html parameter size of 256 bytes. The total length of the response is 887 bytes. You can use "web_set_max_html_param_len" to increase the max parameter size.  	[MsgId: MERR-26377]
End auto log messages stack.	[MsgId: MMSG-10544]


Start auto log messages stack - Iteration 5.	[MsgId: MMSG-10545]
Action.c(333): web_custom_request("nav.pl_3") started  	[MsgId: MMSG-26355]
Action.c(333): web_custom_request("nav.pl_3") was successful, 1482 body bytes, 255 header bytes, 12 chunking overhead bytes  	[MsgId: MMSG-26385]
Action.c(348): web_reg_save_param started  	[MsgId: MMSG-26355]
Action.c(348): Registering web_reg_save_param was successful  	[MsgId: MMSG-26390]
Action.c(356): web_reg_save_param started  	[MsgId: MMSG-26355]
Action.c(356): Registering web_reg_save_param was successful  	[MsgId: MMSG-26390]
Action.c(366): web_custom_request("itinerary.pl") started  	[MsgId: MMSG-26355]
Action.c(366): Error -26377: No match found for the requested parameter "flightID". Either the specified boundaries were not found in the response or the matched text is longer than current max html parameter size of 256 bytes. The total length of the response is 887 bytes. You can use "web_set_max_html_param_len" to increase the max parameter size.  	[MsgId: MERR-26377]
Action.c(366): Error -26377: No match found for the requested parameter "cgifields". Either the specified boundaries were not found in the response or the matched text is longer than current max html parameter size of 256 bytes. The total length of the response is 887 bytes. You can use "web_set_max_html_param_len" to increase the max parameter size.  	[MsgId: MERR-26377]
End auto log messages stack.	[MsgId: MMSG-10544]


Start auto log messages stack - Iteration 8.	[MsgId: MMSG-10545]
Action.c(333): web_custom_request("nav.pl_3") started  	[MsgId: MMSG-26355]
Action.c(333): web_custom_request("nav.pl_3") was successful, 1482 body bytes, 255 header bytes, 12 chunking overhead bytes  	[MsgId: MMSG-26385]
Action.c(348): web_reg_save_param started  	[MsgId: MMSG-26355]
Action.c(348): Registering web_reg_save_param was successful  	[MsgId: MMSG-26390]
Action.c(356): web_reg_save_param started  	[MsgId: MMSG-26355]
Action.c(356): Registering web_reg_save_param was successful  	[MsgId: MMSG-26390]
Action.c(366): web_custom_request("itinerary.pl") started  	[MsgId: MMSG-26355]
Action.c(366): Error -26377: No match found for the requested parameter "flightID". Either the specified boundaries were not found in the response or the matched text is longer than current max html parameter size of 256 bytes. The total length of the response is 887 bytes. You can use "web_set_max_html_param_len" to increase the max parameter size.  	[MsgId: MERR-26377]
Action.c(366): Error -26377: No match found for the requested parameter "cgifields". Either the specified boundaries were not found in the response or the matched text is longer than current max html parameter size of 256 bytes. The total length of the response is 887 bytes. You can use "web_set_max_html_param_len" to increase the max parameter size.  	[MsgId: MERR-26377]
End auto log messages stack.	[MsgId: MMSG-10544]


Start auto log messages stack - Iteration 7.	[MsgId: MMSG-10545]
Action.c(333): web_custom_request("nav.pl_3") started  	[MsgId: MMSG-26355]
Action.c(333): web_custom_request("nav.pl_3") was successful, 1482 body bytes, 255 header bytes, 12 chunking overhead bytes  	[MsgId: MMSG-26385]
Action.c(348): web_reg_save_param started  	[MsgId: MMSG-26355]
Action.c(348): Registering web_reg_save_param was successful  	[MsgId: MMSG-26390]
Action.c(356): web_reg_save_param started  	[MsgId: MMSG-26355]
Action.c(356): Registering web_reg_save_param was successful  	[MsgId: MMSG-26390]
Action.c(366): web_custom_request("itinerary.pl") started  	[MsgId: MMSG-26355]
Action.c(366): Error -26377: No match found for the requested parameter "flightID". Either the specified boundaries were not found in the response or the matched text is longer than current max html parameter size of 256 bytes. The total length of the response is 887 bytes. You can use "web_set_max_html_param_len" to increase the max parameter size.  	[MsgId: MERR-26377]
Action.c(366): Error -26377: No match found for the requested parameter "cgifields". Either the specified boundaries were not found in the response or the matched text is longer than current max html parameter size of 256 bytes. The total length of the response is 887 bytes. You can use "web_set_max_html_param_len" to increase the max parameter size.  	[MsgId: MERR-26377]
End auto log messages stack.	[MsgId: MMSG-10544]


Start auto log messages stack - Iteration 6.	[MsgId: MMSG-10545]
Action.c(333): web_custom_request("nav.pl_3") started  	[MsgId: MMSG-26355]
Action.c(333): web_custom_request("nav.pl_3") was successful, 1482 body bytes, 255 header bytes, 12 chunking overhead bytes  	[MsgId: MMSG-26385]
Action.c(348): web_reg_save_param started  	[MsgId: MMSG-26355]
Action.c(348): Registering web_reg_save_param was successful  	[MsgId: MMSG-26390]
Action.c(356): web_reg_save_param started  	[MsgId: MMSG-26355]
Action.c(356): Registering web_reg_save_param was successful  	[MsgId: MMSG-26390]
Action.c(366): web_custom_request("itinerary.pl") started  	[MsgId: MMSG-26355]
Action.c(366): Error -26377: No match found for the requested parameter "flightID". Either the specified boundaries were not found in the response or the matched text is longer than current max html parameter size of 256 bytes. The total length of the response is 887 bytes. You can use "web_set_max_html_param_len" to increase the max parameter size.  	[MsgId: MERR-26377]
Action.c(366): Error -26377: No match found for the requested parameter "cgifields". Either the specified boundaries were not found in the response or the matched text is longer than current max html parameter size of 256 bytes. The total length of the response is 887 bytes. You can use "web_set_max_html_param_len" to increase the max parameter size.  	[MsgId: MERR-26377]
End auto log messages stack.	[MsgId: MMSG-10544]


Start auto log messages stack - Iteration 9.	[MsgId: MMSG-10545]
Action.c(333): web_custom_request("nav.pl_3") started  	[MsgId: MMSG-26355]
Action.c(333): web_custom_request("nav.pl_3") was successful, 1482 body bytes, 255 header bytes, 12 chunking overhead bytes  	[MsgId: MMSG-26385]
Action.c(348): web_reg_save_param started  	[MsgId: MMSG-26355]
Action.c(348): Registering web_reg_save_param was successful  	[MsgId: MMSG-26390]
Action.c(356): web_reg_save_param started  	[MsgId: MMSG-26355]
Action.c(356): Registering web_reg_save_param was successful  	[MsgId: MMSG-26390]
Action.c(366): web_custom_request("itinerary.pl") started  	[MsgId: MMSG-26355]
Action.c(366): Error -26377: No match found for the requested parameter "flightID". Either the specified boundaries were not found in the response or the matched text is longer than current max html parameter size of 256 bytes. The total length of the response is 887 bytes. You can use "web_set_max_html_param_len" to increase the max parameter size.  	[MsgId: MERR-26377]
Action.c(366): Error -26377: No match found for the requested parameter "cgifields". Either the specified boundaries were not found in the response or the matched text is longer than current max html parameter size of 256 bytes. The total length of the response is 887 bytes. You can use "web_set_max_html_param_len" to increase the max parameter size.  	[MsgId: MERR-26377]
End auto log messages stack.	[MsgId: MMSG-10544]


Start auto log messages stack - Iteration 8.	[MsgId: MMSG-10545]
Action.c(333): web_custom_request("nav.pl_3") started  	[MsgId: MMSG-26355]
Action.c(333): web_custom_request("nav.pl_3") was successful, 1482 body bytes, 255 header bytes, 12 chunking overhead bytes  	[MsgId: MMSG-26385]
Action.c(348): web_reg_save_param started  	[MsgId: MMSG-26355]
Action.c(348): Registering web_reg_save_param was successful  	[MsgId: MMSG-26390]
Action.c(356): web_reg_save_param started  	[MsgId: MMSG-26355]
Action.c(356): Registering web_reg_save_param was successful  	[MsgId: MMSG-26390]
Action.c(366): web_custom_request("itinerary.pl") started  	[MsgId: MMSG-26355]
Action.c(366): Error -26377: No match found for the requested parameter "flightID". Either the specified boundaries were not found in the response or the matched text is longer than current max html parameter size of 256 bytes. The total length of the response is 887 bytes. You can use "web_set_max_html_param_len" to increase the max parameter size.  	[MsgId: MERR-26377]
Action.c(366): Error -26377: No match found for the requested parameter "cgifields". Either the specified boundaries were not found in the response or the matched text is longer than current max html parameter size of 256 bytes. The total length of the response is 887 bytes. You can use "web_set_max_html_param_len" to increase the max parameter size.  	[MsgId: MERR-26377]
End auto log messages stack.	[MsgId: MMSG-10544]


Start auto log messages stack - Iteration 7.	[MsgId: MMSG-10545]
Action.c(333): web_custom_request("nav.pl_3") started  	[MsgId: MMSG-26355]
Action.c(333): web_custom_request("nav.pl_3") was successful, 1482 body bytes, 255 header bytes, 12 chunking overhead bytes  	[MsgId: MMSG-26385]
Action.c(348): web_reg_save_param started  	[MsgId: MMSG-26355]
Action.c(348): Registering web_reg_save_param was successful  	[MsgId: MMSG-26390]
Action.c(356): web_reg_save_param started  	[MsgId: MMSG-26355]
Action.c(356): Registering web_reg_save_param was successful  	[MsgId: MMSG-26390]
Action.c(366): web_custom_request("itinerary.pl") started  	[MsgId: MMSG-26355]
Action.c(366): Error -26377: No match found for the requested parameter "flightID". Either the specified boundaries were not found in the response or the matched text is longer than current max html parameter size of 256 bytes. The total length of the response is 887 bytes. You can use "web_set_max_html_param_len" to increase the max parameter size.  	[MsgId: MERR-26377]
Action.c(366): Error -26377: No match found for the requested parameter "cgifields". Either the specified boundaries were not found in the response or the matched text is longer than current max html parameter size of 256 bytes. The total length of the response is 887 bytes. You can use "web_set_max_html_param_len" to increase the max parameter size.  	[MsgId: MERR-26377]
End auto log messages stack.	[MsgId: MMSG-10544]


Start auto log messages stack - Iteration 10.	[MsgId: MMSG-10545]
Action.c(333): web_custom_request("nav.pl_3") started  	[MsgId: MMSG-26355]
Action.c(333): web_custom_request("nav.pl_3") was successful, 1482 body bytes, 255 header bytes, 12 chunking overhead bytes  	[MsgId: MMSG-26385]
Action.c(348): web_reg_save_param started  	[MsgId: MMSG-26355]
Action.c(348): Registering web_reg_save_param was successful  	[MsgId: MMSG-26390]
Action.c(356): web_reg_save_param started  	[MsgId: MMSG-26355]
Action.c(356): Registering web_reg_save_param was successful  	[MsgId: MMSG-26390]
Action.c(366): web_custom_request("itinerary.pl") started  	[MsgId: MMSG-26355]
Action.c(366): Error -26377: No match found for the requested parameter "flightID". Either the specified boundaries were not found in the response or the matched text is longer than current max html parameter size of 256 bytes. The total length of the response is 887 bytes. You can use "web_set_max_html_param_len" to increase the max parameter size.  	[MsgId: MERR-26377]
Action.c(366): Error -26377: No match found for the requested parameter "cgifields". Either the specified boundaries were not found in the response or the matched text is longer than current max html parameter size of 256 bytes. The total length of the response is 887 bytes. You can use "web_set_max_html_param_len" to increase the max parameter size.  	[MsgId: MERR-26377]
End auto log messages stack.	[MsgId: MMSG-10544]


Start auto log messages stack - Iteration 9.	[MsgId: MMSG-10545]
Action.c(333): web_custom_request("nav.pl_3") started  	[MsgId: MMSG-26355]
Action.c(333): web_custom_request("nav.pl_3") was successful, 1482 body bytes, 255 header bytes, 12 chunking overhead bytes  	[MsgId: MMSG-26385]
Action.c(348): web_reg_save_param started  	[MsgId: MMSG-26355]
Action.c(348): Registering web_reg_save_param was successful  	[MsgId: MMSG-26390]
Action.c(356): web_reg_save_param started  	[MsgId: MMSG-26355]
Action.c(356): Registering web_reg_save_param was successful  	[MsgId: MMSG-26390]
Action.c(366): web_custom_request("itinerary.pl") started  	[MsgId: MMSG-26355]
Action.c(366): Error -26377: No match found for the requested parameter "flightID". Either the specified boundaries were not found in the response or the matched text is longer than current max html parameter size of 256 bytes. The total length of the response is 887 bytes. You can use "web_set_max_html_param_len" to increase the max parameter size.  	[MsgId: MERR-26377]
Action.c(366): Error -26377: No match found for the requested parameter "cgifields". Either the specified boundaries were not found in the response or the matched text is longer than current max html parameter size of 256 bytes. The total length of the response is 887 bytes. You can use "web_set_max_html_param_len" to increase the max parameter size.  	[MsgId: MERR-26377]
End auto log messages stack.	[MsgId: MMSG-10544]


Start auto log messages stack - Iteration 8.	[MsgId: MMSG-10545]
Action.c(333): web_custom_request("nav.pl_3") started  	[MsgId: MMSG-26355]
Action.c(333): web_custom_request("nav.pl_3") was successful, 1482 body bytes, 255 header bytes, 12 chunking overhead bytes  	[MsgId: MMSG-26385]
Action.c(348): web_reg_save_param started  	[MsgId: MMSG-26355]
Action.c(348): Registering web_reg_save_param was successful  	[MsgId: MMSG-26390]
Action.c(356): web_reg_save_param started  	[MsgId: MMSG-26355]
Action.c(356): Registering web_reg_save_param was successful  	[MsgId: MMSG-26390]
Action.c(366): web_custom_request("itinerary.pl") started  	[MsgId: MMSG-26355]
Action.c(366): Error -26377: No match found for the requested parameter "flightID". Either the specified boundaries were not found in the response or the matched text is longer than current max html parameter size of 256 bytes. The total length of the response is 887 bytes. You can use "web_set_max_html_param_len" to increase the max parameter size.  	[MsgId: MERR-26377]
Action.c(366): Error -26377: No match found for the requested parameter "cgifields". Either the specified boundaries were not found in the response or the matched text is longer than current max html parameter size of 256 bytes. The total length of the response is 887 bytes. You can use "web_set_max_html_param_len" to increase the max parameter size.  	[MsgId: MERR-26377]
End auto log messages stack.	[MsgId: MMSG-10544]


Start auto log messages stack - Iteration 11.	[MsgId: MMSG-10545]
Action.c(333): web_custom_request("nav.pl_3") started  	[MsgId: MMSG-26355]
Action.c(333): web_custom_request("nav.pl_3") was successful, 1482 body bytes, 255 header bytes, 12 chunking overhead bytes  	[MsgId: MMSG-26385]
Action.c(348): web_reg_save_param started  	[MsgId: MMSG-26355]
Action.c(348): Registering web_reg_save_param was successful  	[MsgId: MMSG-26390]
Action.c(356): web_reg_save_param started  	[MsgId: MMSG-26355]
Action.c(356): Registering web_reg_save_param was successful  	[MsgId: MMSG-26390]
Action.c(366): web_custom_request("itinerary.pl") started  	[MsgId: MMSG-26355]
Action.c(366): Error -26377: No match found for the requested parameter "flightID". Either the specified boundaries were not found in the response or the matched text is longer than current max html parameter size of 256 bytes. The total length of the response is 887 bytes. You can use "web_set_max_html_param_len" to increase the max parameter size.  	[MsgId: MERR-26377]
Action.c(366): Error -26377: No match found for the requested parameter "cgifields". Either the specified boundaries were not found in the response or the matched text is longer than current max html parameter size of 256 bytes. The total length of the response is 887 bytes. You can use "web_set_max_html_param_len" to increase the max parameter size.  	[MsgId: MERR-26377]
End auto log messages stack.	[MsgId: MMSG-10544]


Start auto log messages stack - Iteration 10.	[MsgId: MMSG-10545]
Action.c(333): web_custom_request("nav.pl_3") started  	[MsgId: MMSG-26355]
Action.c(333): web_custom_request("nav.pl_3") was successful, 1482 body bytes, 255 header bytes, 12 chunking overhead bytes  	[MsgId: MMSG-26385]
Action.c(348): web_reg_save_param started  	[MsgId: MMSG-26355]
Action.c(348): Registering web_reg_save_param was successful  	[MsgId: MMSG-26390]
Action.c(356): web_reg_save_param started  	[MsgId: MMSG-26355]
Action.c(356): Registering web_reg_save_param was successful  	[MsgId: MMSG-26390]
Action.c(366): web_custom_request("itinerary.pl") started  	[MsgId: MMSG-26355]
Action.c(366): Error -26377: No match found for the requested parameter "flightID". Either the specified boundaries were not found in the response or the matched text is longer than current max html parameter size of 256 bytes. The total length of the response is 887 bytes. You can use "web_set_max_html_param_len" to increase the max parameter size.  	[MsgId: MERR-26377]
Action.c(366): Error -26377: No match found for the requested parameter "cgifields". Either the specified boundaries were not found in the response or the matched text is longer than current max html parameter size of 256 bytes. The total length of the response is 887 bytes. You can use "web_set_max_html_param_len" to increase the max parameter size.  	[MsgId: MERR-26377]
End auto log messages stack.	[MsgId: MMSG-10544]


Start auto log messages stack - Iteration 9.	[MsgId: MMSG-10545]
Action.c(333): web_custom_request("nav.pl_3") started  	[MsgId: MMSG-26355]
Action.c(333): web_custom_request("nav.pl_3") was successful, 1482 body bytes, 255 header bytes, 12 chunking overhead bytes  	[MsgId: MMSG-26385]
Action.c(348): web_reg_save_param started  	[MsgId: MMSG-26355]
Action.c(348): Registering web_reg_save_param was successful  	[MsgId: MMSG-26390]
Action.c(356): web_reg_save_param started  	[MsgId: MMSG-26355]
Action.c(356): Registering web_reg_save_param was successful  	[MsgId: MMSG-26390]
Action.c(366): web_custom_request("itinerary.pl") started  	[MsgId: MMSG-26355]
Action.c(366): Error -26377: No match found for the requested parameter "flightID". Either the specified boundaries were not found in the response or the matched text is longer than current max html parameter size of 256 bytes. The total length of the response is 887 bytes. You can use "web_set_max_html_param_len" to increase the max parameter size.  	[MsgId: MERR-26377]
Action.c(366): Error -26377: No match found for the requested parameter "cgifields". Either the specified boundaries were not found in the response or the matched text is longer than current max html parameter size of 256 bytes. The total length of the response is 887 bytes. You can use "web_set_max_html_param_len" to increase the max parameter size.  	[MsgId: MERR-26377]
End auto log messages stack.	[MsgId: MMSG-10544]


Start auto log messages stack - Iteration 12.	[MsgId: MMSG-10545]
Action.c(333): web_custom_request("nav.pl_3") started  	[MsgId: MMSG-26355]
Action.c(333): web_custom_request("nav.pl_3") was successful, 1482 body bytes, 255 header bytes, 12 chunking overhead bytes  	[MsgId: MMSG-26385]
Action.c(348): web_reg_save_param started  	[MsgId: MMSG-26355]
Action.c(348): Registering web_reg_save_param was successful  	[MsgId: MMSG-26390]
Action.c(356): web_reg_save_param started  	[MsgId: MMSG-26355]
Action.c(356): Registering web_reg_save_param was successful  	[MsgId: MMSG-26390]
Action.c(366): web_custom_request("itinerary.pl") started  	[MsgId: MMSG-26355]
Action.c(366): Error -26377: No match found for the requested parameter "flightID". Either the specified boundaries were not found in the response or the matched text is longer than current max html parameter size of 256 bytes. The total length of the response is 887 bytes. You can use "web_set_max_html_param_len" to increase the max parameter size.  	[MsgId: MERR-26377]
Action.c(366): Error -26377: No match found for the requested parameter "cgifields". Either the specified boundaries were not found in the response or the matched text is longer than current max html parameter size of 256 bytes. The total length of the response is 887 bytes. You can use "web_set_max_html_param_len" to increase the max parameter size.  	[MsgId: MERR-26377]
End auto log messages stack.	[MsgId: MMSG-10544]


Start auto log messages stack - Iteration 11.	[MsgId: MMSG-10545]
Action.c(333): web_custom_request("nav.pl_3") started  	[MsgId: MMSG-26355]
Action.c(333): web_custom_request("nav.pl_3") was successful, 1482 body bytes, 255 header bytes, 12 chunking overhead bytes  	[MsgId: MMSG-26385]
Action.c(348): web_reg_save_param started  	[MsgId: MMSG-26355]
Action.c(348): Registering web_reg_save_param was successful  	[MsgId: MMSG-26390]
Action.c(356): web_reg_save_param started  	[MsgId: MMSG-26355]
Action.c(356): Registering web_reg_save_param was successful  	[MsgId: MMSG-26390]
Action.c(366): web_custom_request("itinerary.pl") started  	[MsgId: MMSG-26355]
Action.c(366): Error -26377: No match found for the requested parameter "flightID". Either the specified boundaries were not found in the response or the matched text is longer than current max html parameter size of 256 bytes. The total length of the response is 887 bytes. You can use "web_set_max_html_param_len" to increase the max parameter size.  	[MsgId: MERR-26377]
Action.c(366): Error -26377: No match found for the requested parameter "cgifields". Either the specified boundaries were not found in the response or the matched text is longer than current max html parameter size of 256 bytes. The total length of the response is 887 bytes. You can use "web_set_max_html_param_len" to increase the max parameter size.  	[MsgId: MERR-26377]
End auto log messages stack.	[MsgId: MMSG-10544]


Start auto log messages stack - Iteration 10.	[MsgId: MMSG-10545]
Action.c(333): web_custom_request("nav.pl_3") started  	[MsgId: MMSG-26355]
Action.c(333): web_custom_request("nav.pl_3") was successful, 1482 body bytes, 255 header bytes, 12 chunking overhead bytes  	[MsgId: MMSG-26385]
Action.c(348): web_reg_save_param started  	[MsgId: MMSG-26355]
Action.c(348): Registering web_reg_save_param was successful  	[MsgId: MMSG-26390]
Action.c(356): web_reg_save_param started  	[MsgId: MMSG-26355]
Action.c(356): Registering web_reg_save_param was successful  	[MsgId: MMSG-26390]
Action.c(366): web_custom_request("itinerary.pl") started  	[MsgId: MMSG-26355]
Action.c(366): Error -26377: No match found for the requested parameter "flightID". Either the specified boundaries were not found in the response or the matched text is longer than current max html parameter size of 256 bytes. The total length of the response is 887 bytes. You can use "web_set_max_html_param_len" to increase the max parameter size.  	[MsgId: MERR-26377]
Action.c(366): Error -26377: No match found for the requested parameter "cgifields". Either the specified boundaries were not found in the response or the matched text is longer than current max html parameter size of 256 bytes. The total length of the response is 887 bytes. You can use "web_set_max_html_param_len" to increase the max parameter size.  	[MsgId: MERR-26377]
End auto log messages stack.	[MsgId: MMSG-10544]


Start auto log messages stack - Iteration 13.	[MsgId: MMSG-10545]
Action.c(333): web_custom_request("nav.pl_3") started  	[MsgId: MMSG-26355]
Action.c(333): web_custom_request("nav.pl_3") was successful, 1482 body bytes, 255 header bytes, 12 chunking overhead bytes  	[MsgId: MMSG-26385]
Action.c(348): web_reg_save_param started  	[MsgId: MMSG-26355]
Action.c(348): Registering web_reg_save_param was successful  	[MsgId: MMSG-26390]
Action.c(356): web_reg_save_param started  	[MsgId: MMSG-26355]
Action.c(356): Registering web_reg_save_param was successful  	[MsgId: MMSG-26390]
Action.c(366): web_custom_request("itinerary.pl") started  	[MsgId: MMSG-26355]
Action.c(366): Error -26377: No match found for the requested parameter "flightID". Either the specified boundaries were not found in the response or the matched text is longer than current max html parameter size of 256 bytes. The total length of the response is 887 bytes. You can use "web_set_max_html_param_len" to increase the max parameter size.  	[MsgId: MERR-26377]
Action.c(366): Error -26377: No match found for the requested parameter "cgifields". Either the specified boundaries were not found in the response or the matched text is longer than current max html parameter size of 256 bytes. The total length of the response is 887 bytes. You can use "web_set_max_html_param_len" to increase the max parameter size.  	[MsgId: MERR-26377]
End auto log messages stack.	[MsgId: MMSG-10544]


Start auto log messages stack - Iteration 12.	[MsgId: MMSG-10545]
Action.c(333): web_custom_request("nav.pl_3") started  	[MsgId: MMSG-26355]
Action.c(333): web_custom_request("nav.pl_3") was successful, 1482 body bytes, 255 header bytes, 12 chunking overhead bytes  	[MsgId: MMSG-26385]
Action.c(348): web_reg_save_param started  	[MsgId: MMSG-26355]
Action.c(348): Registering web_reg_save_param was successful  	[MsgId: MMSG-26390]
Action.c(356): web_reg_save_param started  	[MsgId: MMSG-26355]
Action.c(356): Registering web_reg_save_param was successful  	[MsgId: MMSG-26390]
Action.c(366): web_custom_request("itinerary.pl") started  	[MsgId: MMSG-26355]
Action.c(366): Error -26377: No match found for the requested parameter "flightID". Either the specified boundaries were not found in the response or the matched text is longer than current max html parameter size of 256 bytes. The total length of the response is 887 bytes. You can use "web_set_max_html_param_len" to increase the max parameter size.  	[MsgId: MERR-26377]
Action.c(366): Error -26377: No match found for the requested parameter "cgifields". Either the specified boundaries were not found in the response or the matched text is longer than current max html parameter size of 256 bytes. The total length of the response is 887 bytes. You can use "web_set_max_html_param_len" to increase the max parameter size.  	[MsgId: MERR-26377]
End auto log messages stack.	[MsgId: MMSG-10544]


Start auto log messages stack - Iteration 11.	[MsgId: MMSG-10545]
Action.c(333): web_custom_request("nav.pl_3") started  	[MsgId: MMSG-26355]
Action.c(333): web_custom_request("nav.pl_3") was successful, 1482 body bytes, 255 header bytes, 12 chunking overhead bytes  	[MsgId: MMSG-26385]
Action.c(348): web_reg_save_param started  	[MsgId: MMSG-26355]
Action.c(348): Registering web_reg_save_param was successful  	[MsgId: MMSG-26390]
Action.c(356): web_reg_save_param started  	[MsgId: MMSG-26355]
Action.c(356): Registering web_reg_save_param was successful  	[MsgId: MMSG-26390]
Action.c(366): web_custom_request("itinerary.pl") started  	[MsgId: MMSG-26355]
Action.c(366): Error -26377: No match found for the requested parameter "flightID". Either the specified boundaries were not found in the response or the matched text is longer than current max html parameter size of 256 bytes. The total length of the response is 887 bytes. You can use "web_set_max_html_param_len" to increase the max parameter size.  	[MsgId: MERR-26377]
Action.c(366): Error -26377: No match found for the requested parameter "cgifields". Either the specified boundaries were not found in the response or the matched text is longer than current max html parameter size of 256 bytes. The total length of the response is 887 bytes. You can use "web_set_max_html_param_len" to increase the max parameter size.  	[MsgId: MERR-26377]
End auto log messages stack.	[MsgId: MMSG-10544]


Start auto log messages stack - Iteration 14.	[MsgId: MMSG-10545]
Action.c(333): web_custom_request("nav.pl_3") started  	[MsgId: MMSG-26355]
Action.c(333): web_custom_request("nav.pl_3") was successful, 1482 body bytes, 255 header bytes, 12 chunking overhead bytes  	[MsgId: MMSG-26385]
Action.c(348): web_reg_save_param started  	[MsgId: MMSG-26355]
Action.c(348): Registering web_reg_save_param was successful  	[MsgId: MMSG-26390]
Action.c(356): web_reg_save_param started  	[MsgId: MMSG-26355]
Action.c(356): Registering web_reg_save_param was successful  	[MsgId: MMSG-26390]
Action.c(366): web_custom_request("itinerary.pl") started  	[MsgId: MMSG-26355]
Action.c(366): Error -26377: No match found for the requested parameter "flightID". Either the specified boundaries were not found in the response or the matched text is longer than current max html parameter size of 256 bytes. The total length of the response is 887 bytes. You can use "web_set_max_html_param_len" to increase the max parameter size.  	[MsgId: MERR-26377]
Action.c(366): Error -26377: No match found for the requested parameter "cgifields". Either the specified boundaries were not found in the response or the matched text is longer than current max html parameter size of 256 bytes. The total length of the response is 887 bytes. You can use "web_set_max_html_param_len" to increase the max parameter size.  	[MsgId: MERR-26377]
End auto log messages stack.	[MsgId: MMSG-10544]


Start auto log messages stack - Iteration 13.	[MsgId: MMSG-10545]
Action.c(333): web_custom_request("nav.pl_3") started  	[MsgId: MMSG-26355]
Action.c(333): web_custom_request("nav.pl_3") was successful, 1482 body bytes, 255 header bytes, 12 chunking overhead bytes  	[MsgId: MMSG-26385]
Action.c(348): web_reg_save_param started  	[MsgId: MMSG-26355]
Action.c(348): Registering web_reg_save_param was successful  	[MsgId: MMSG-26390]
Action.c(356): web_reg_save_param started  	[MsgId: MMSG-26355]
Action.c(356): Registering web_reg_save_param was successful  	[MsgId: MMSG-26390]
Action.c(366): web_custom_request("itinerary.pl") started  	[MsgId: MMSG-26355]
Action.c(366): Error -26377: No match found for the requested parameter "flightID". Either the specified boundaries were not found in the response or the matched text is longer than current max html parameter size of 256 bytes. The total length of the response is 887 bytes. You can use "web_set_max_html_param_len" to increase the max parameter size.  	[MsgId: MERR-26377]
Action.c(366): Error -26377: No match found for the requested parameter "cgifields". Either the specified boundaries were not found in the response or the matched text is longer than current max html parameter size of 256 bytes. The total length of the response is 887 bytes. You can use "web_set_max_html_param_len" to increase the max parameter size.  	[MsgId: MERR-26377]
End auto log messages stack.	[MsgId: MMSG-10544]


Start auto log messages stack - Iteration 12.	[MsgId: MMSG-10545]
Action.c(333): web_custom_request("nav.pl_3") started  	[MsgId: MMSG-26355]
Action.c(333): web_custom_request("nav.pl_3") was successful, 1482 body bytes, 255 header bytes, 12 chunking overhead bytes  	[MsgId: MMSG-26385]
Action.c(348): web_reg_save_param started  	[MsgId: MMSG-26355]
Action.c(348): Registering web_reg_save_param was successful  	[MsgId: MMSG-26390]
Action.c(356): web_reg_save_param started  	[MsgId: MMSG-26355]
Action.c(356): Registering web_reg_save_param was successful  	[MsgId: MMSG-26390]
Action.c(366): web_custom_request("itinerary.pl") started  	[MsgId: MMSG-26355]
Action.c(366): Error -26377: No match found for the requested parameter "flightID". Either the specified boundaries were not found in the response or the matched text is longer than current max html parameter size of 256 bytes. The total length of the response is 887 bytes. You can use "web_set_max_html_param_len" to increase the max parameter size.  	[MsgId: MERR-26377]
Action.c(366): Error -26377: No match found for the requested parameter "cgifields". Either the specified boundaries were not found in the response or the matched text is longer than current max html parameter size of 256 bytes. The total length of the response is 887 bytes. You can use "web_set_max_html_param_len" to increase the max parameter size.  	[MsgId: MERR-26377]
End auto log messages stack.	[MsgId: MMSG-10544]


Start auto log messages stack - Iteration 15.	[MsgId: MMSG-10545]
Action.c(333): web_custom_request("nav.pl_3") started  	[MsgId: MMSG-26355]
Action.c(333): web_custom_request("nav.pl_3") was successful, 1482 body bytes, 255 header bytes, 12 chunking overhead bytes  	[MsgId: MMSG-26385]
Action.c(348): web_reg_save_param started  	[MsgId: MMSG-26355]
Action.c(348): Registering web_reg_save_param was successful  	[MsgId: MMSG-26390]
Action.c(356): web_reg_save_param started  	[MsgId: MMSG-26355]
Action.c(356): Registering web_reg_save_param was successful  	[MsgId: MMSG-26390]
Action.c(366): web_custom_request("itinerary.pl") started  	[MsgId: MMSG-26355]
Action.c(366): Error -26377: No match found for the requested parameter "flightID". Either the specified boundaries were not found in the response or the matched text is longer than current max html parameter size of 256 bytes. The total length of the response is 887 bytes. You can use "web_set_max_html_param_len" to increase the max parameter size.  	[MsgId: MERR-26377]
Action.c(366): Error -26377: No match found for the requested parameter "cgifields". Either the specified boundaries were not found in the response or the matched text is longer than current max html parameter size of 256 bytes. The total length of the response is 887 bytes. You can use "web_set_max_html_param_len" to increase the max parameter size.  	[MsgId: MERR-26377]
End auto log messages stack.	[MsgId: MMSG-10544]


Start auto log messages stack - Iteration 14.	[MsgId: MMSG-10545]
Action.c(333): web_custom_request("nav.pl_3") started  	[MsgId: MMSG-26355]
Action.c(333): web_custom_request("nav.pl_3") was successful, 1482 body bytes, 255 header bytes, 12 chunking overhead bytes  	[MsgId: MMSG-26385]
Action.c(348): web_reg_save_param started  	[MsgId: MMSG-26355]
Action.c(348): Registering web_reg_save_param was successful  	[MsgId: MMSG-26390]
Action.c(356): web_reg_save_param started  	[MsgId: MMSG-26355]
Action.c(356): Registering web_reg_save_param was successful  	[MsgId: MMSG-26390]
Action.c(366): web_custom_request("itinerary.pl") started  	[MsgId: MMSG-26355]
Action.c(366): Error -26377: No match found for the requested parameter "flightID". Either the specified boundaries were not found in the response or the matched text is longer than current max html parameter size of 256 bytes. The total length of the response is 887 bytes. You can use "web_set_max_html_param_len" to increase the max parameter size.  	[MsgId: MERR-26377]
Action.c(366): Error -26377: No match found for the requested parameter "cgifields". Either the specified boundaries were not found in the response or the matched text is longer than current max html parameter size of 256 bytes. The total length of the response is 887 bytes. You can use "web_set_max_html_param_len" to increase the max parameter size.  	[MsgId: MERR-26377]
End auto log messages stack.	[MsgId: MMSG-10544]


Start auto log messages stack - Iteration 13.	[MsgId: MMSG-10545]
Action.c(333): web_custom_request("nav.pl_3") started  	[MsgId: MMSG-26355]
Action.c(333): web_custom_request("nav.pl_3") was successful, 1482 body bytes, 255 header bytes, 12 chunking overhead bytes  	[MsgId: MMSG-26385]
Action.c(348): web_reg_save_param started  	[MsgId: MMSG-26355]
Action.c(348): Registering web_reg_save_param was successful  	[MsgId: MMSG-26390]
Action.c(356): web_reg_save_param started  	[MsgId: MMSG-26355]
Action.c(356): Registering web_reg_save_param was successful  	[MsgId: MMSG-26390]
Action.c(366): web_custom_request("itinerary.pl") started  	[MsgId: MMSG-26355]
Action.c(366): Error -26377: No match found for the requested parameter "flightID". Either the specified boundaries were not found in the response or the matched text is longer than current max html parameter size of 256 bytes. The total length of the response is 887 bytes. You can use "web_set_max_html_param_len" to increase the max parameter size.  	[MsgId: MERR-26377]
Action.c(366): Error -26377: No match found for the requested parameter "cgifields". Either the specified boundaries were not found in the response or the matched text is longer than current max html parameter size of 256 bytes. The total length of the response is 887 bytes. You can use "web_set_max_html_param_len" to increase the max parameter size.  	[MsgId: MERR-26377]
End auto log messages stack.	[MsgId: MMSG-10544]


Start auto log messages stack - Iteration 16.	[MsgId: MMSG-10545]
Action.c(333): web_custom_request("nav.pl_3") started  	[MsgId: MMSG-26355]
Action.c(333): web_custom_request("nav.pl_3") was successful, 1482 body bytes, 255 header bytes, 12 chunking overhead bytes  	[MsgId: MMSG-26385]
Action.c(348): web_reg_save_param started  	[MsgId: MMSG-26355]
Action.c(348): Registering web_reg_save_param was successful  	[MsgId: MMSG-26390]
Action.c(356): web_reg_save_param started  	[MsgId: MMSG-26355]
Action.c(356): Registering web_reg_save_param was successful  	[MsgId: MMSG-26390]
Action.c(366): web_custom_request("itinerary.pl") started  	[MsgId: MMSG-26355]
Action.c(366): Error -26377: No match found for the requested parameter "flightID". Either the specified boundaries were not found in the response or the matched text is longer than current max html parameter size of 256 bytes. The total length of the response is 887 bytes. You can use "web_set_max_html_param_len" to increase the max parameter size.  	[MsgId: MERR-26377]
Action.c(366): Error -26377: No match found for the requested parameter "cgifields". Either the specified boundaries were not found in the response or the matched text is longer than current max html parameter size of 256 bytes. The total length of the response is 887 bytes. You can use "web_set_max_html_param_len" to increase the max parameter size.  	[MsgId: MERR-26377]
End auto log messages stack.	[MsgId: MMSG-10544]


Start auto log messages stack - Iteration 1.	[MsgId: MMSG-10545]
Action.c(333): web_custom_request("nav.pl_3") started  	[MsgId: MMSG-26355]
Action.c(333): web_custom_request("nav.pl_3") was successful, 1482 body bytes, 255 header bytes, 12 chunking overhead bytes  	[MsgId: MMSG-26385]
Action.c(348): web_reg_save_param started  	[MsgId: MMSG-26355]
Action.c(348): Registering web_reg_save_param was successful  	[MsgId: MMSG-26390]
Action.c(356): web_reg_save_param started  	[MsgId: MMSG-26355]
Action.c(356): Registering web_reg_save_param was successful  	[MsgId: MMSG-26390]
Action.c(366): web_custom_request("itinerary.pl") started  	[MsgId: MMSG-26355]
Action.c(366): Error -26377: No match found for the requested parameter "flightID". Either the specified boundaries were not found in the response or the matched text is longer than current max html parameter size of 256 bytes. The total length of the response is 887 bytes. You can use "web_set_max_html_param_len" to increase the max parameter size.  	[MsgId: MERR-26377]
Action.c(366): Error -26377: No match found for the requested parameter "cgifields". Either the specified boundaries were not found in the response or the matched text is longer than current max html parameter size of 256 bytes. The total length of the response is 887 bytes. You can use "web_set_max_html_param_len" to increase the max parameter size.  	[MsgId: MERR-26377]
End auto log messages stack.	[MsgId: MMSG-10544]


Start auto log messages stack - Iteration 15.	[MsgId: MMSG-10545]
Action.c(333): web_custom_request("nav.pl_3") started  	[MsgId: MMSG-26355]
Action.c(333): web_custom_request("nav.pl_3") was successful, 1482 body bytes, 255 header bytes, 12 chunking overhead bytes  	[MsgId: MMSG-26385]
Action.c(348): web_reg_save_param started  	[MsgId: MMSG-26355]
Action.c(348): Registering web_reg_save_param was successful  	[MsgId: MMSG-26390]
Action.c(356): web_reg_save_param started  	[MsgId: MMSG-26355]
Action.c(356): Registering web_reg_save_param was successful  	[MsgId: MMSG-26390]
Action.c(366): web_custom_request("itinerary.pl") started  	[MsgId: MMSG-26355]
Action.c(366): Error -26377: No match found for the requested parameter "flightID". Either the specified boundaries were not found in the response or the matched text is longer than current max html parameter size of 256 bytes. The total length of the response is 887 bytes. You can use "web_set_max_html_param_len" to increase the max parameter size.  	[MsgId: MERR-26377]
Action.c(366): Error -26377: No match found for the requested parameter "cgifields". Either the specified boundaries were not found in the response or the matched text is longer than current max html parameter size of 256 bytes. The total length of the response is 887 bytes. You can use "web_set_max_html_param_len" to increase the max parameter size.  	[MsgId: MERR-26377]
End auto log messages stack.	[MsgId: MMSG-10544]


Start auto log messages stack - Iteration 14.	[MsgId: MMSG-10545]
Action.c(333): web_custom_request("nav.pl_3") started  	[MsgId: MMSG-26355]
Action.c(333): web_custom_request("nav.pl_3") was successful, 1482 body bytes, 255 header bytes, 12 chunking overhead bytes  	[MsgId: MMSG-26385]
Action.c(348): web_reg_save_param started  	[MsgId: MMSG-26355]
Action.c(348): Registering web_reg_save_param was successful  	[MsgId: MMSG-26390]
Action.c(356): web_reg_save_param started  	[MsgId: MMSG-26355]
Action.c(356): Registering web_reg_save_param was successful  	[MsgId: MMSG-26390]
Action.c(366): web_custom_request("itinerary.pl") started  	[MsgId: MMSG-26355]
Action.c(366): Error -26377: No match found for the requested parameter "flightID". Either the specified boundaries were not found in the response or the matched text is longer than current max html parameter size of 256 bytes. The total length of the response is 887 bytes. You can use "web_set_max_html_param_len" to increase the max parameter size.  	[MsgId: MERR-26377]
Action.c(366): Error -26377: No match found for the requested parameter "cgifields". Either the specified boundaries were not found in the response or the matched text is longer than current max html parameter size of 256 bytes. The total length of the response is 887 bytes. You can use "web_set_max_html_param_len" to increase the max parameter size.  	[MsgId: MERR-26377]
End auto log messages stack.	[MsgId: MMSG-10544]


Start auto log messages stack - Iteration 17.	[MsgId: MMSG-10545]
Action.c(333): web_custom_request("nav.pl_3") started  	[MsgId: MMSG-26355]
Action.c(333): web_custom_request("nav.pl_3") was successful, 1482 body bytes, 255 header bytes, 12 chunking overhead bytes  	[MsgId: MMSG-26385]
Action.c(348): web_reg_save_param started  	[MsgId: MMSG-26355]
Action.c(348): Registering web_reg_save_param was successful  	[MsgId: MMSG-26390]
Action.c(356): web_reg_save_param started  	[MsgId: MMSG-26355]
Action.c(356): Registering web_reg_save_param was successful  	[MsgId: MMSG-26390]
Action.c(366): web_custom_request("itinerary.pl") started  	[MsgId: MMSG-26355]
Action.c(366): Error -26377: No match found for the requested parameter "flightID". Either the specified boundaries were not found in the response or the matched text is longer than current max html parameter size of 256 bytes. The total length of the response is 887 bytes. You can use "web_set_max_html_param_len" to increase the max parameter size.  	[MsgId: MERR-26377]
Action.c(366): Error -26377: No match found for the requested parameter "cgifields". Either the specified boundaries were not found in the response or the matched text is longer than current max html parameter size of 256 bytes. The total length of the response is 887 bytes. You can use "web_set_max_html_param_len" to increase the max parameter size.  	[MsgId: MERR-26377]
End auto log messages stack.	[MsgId: MMSG-10544]


Start auto log messages stack - Iteration 2.	[MsgId: MMSG-10545]
Action.c(333): web_custom_request("nav.pl_3") started  	[MsgId: MMSG-26355]
Action.c(333): web_custom_request("nav.pl_3") was successful, 1482 body bytes, 255 header bytes, 12 chunking overhead bytes  	[MsgId: MMSG-26385]
Action.c(348): web_reg_save_param started  	[MsgId: MMSG-26355]
Action.c(348): Registering web_reg_save_param was successful  	[MsgId: MMSG-26390]
Action.c(356): web_reg_save_param started  	[MsgId: MMSG-26355]
Action.c(356): Registering web_reg_save_param was successful  	[MsgId: MMSG-26390]
Action.c(366): web_custom_request("itinerary.pl") started  	[MsgId: MMSG-26355]
Action.c(366): Error -26377: No match found for the requested parameter "flightID". Either the specified boundaries were not found in the response or the matched text is longer than current max html parameter size of 256 bytes. The total length of the response is 887 bytes. You can use "web_set_max_html_param_len" to increase the max parameter size.  	[MsgId: MERR-26377]
Action.c(366): Error -26377: No match found for the requested parameter "cgifields". Either the specified boundaries were not found in the response or the matched text is longer than current max html parameter size of 256 bytes. The total length of the response is 887 bytes. You can use "web_set_max_html_param_len" to increase the max parameter size.  	[MsgId: MERR-26377]
End auto log messages stack.	[MsgId: MMSG-10544]


Start auto log messages stack - Iteration 16.	[MsgId: MMSG-10545]
Action.c(333): web_custom_request("nav.pl_3") started  	[MsgId: MMSG-26355]
Action.c(333): web_custom_request("nav.pl_3") was successful, 1482 body bytes, 255 header bytes, 12 chunking overhead bytes  	[MsgId: MMSG-26385]
Action.c(348): web_reg_save_param started  	[MsgId: MMSG-26355]
Action.c(348): Registering web_reg_save_param was successful  	[MsgId: MMSG-26390]
Action.c(356): web_reg_save_param started  	[MsgId: MMSG-26355]
Action.c(356): Registering web_reg_save_param was successful  	[MsgId: MMSG-26390]
Action.c(366): web_custom_request("itinerary.pl") started  	[MsgId: MMSG-26355]
Action.c(366): Error -26377: No match found for the requested parameter "flightID". Either the specified boundaries were not found in the response or the matched text is longer than current max html parameter size of 256 bytes. The total length of the response is 887 bytes. You can use "web_set_max_html_param_len" to increase the max parameter size.  	[MsgId: MERR-26377]
Action.c(366): Error -26377: No match found for the requested parameter "cgifields". Either the specified boundaries were not found in the response or the matched text is longer than current max html parameter size of 256 bytes. The total length of the response is 887 bytes. You can use "web_set_max_html_param_len" to increase the max parameter size.  	[MsgId: MERR-26377]
End auto log messages stack.	[MsgId: MMSG-10544]


Start auto log messages stack - Iteration 15.	[MsgId: MMSG-10545]
Action.c(333): web_custom_request("nav.pl_3") started  	[MsgId: MMSG-26355]
Action.c(333): web_custom_request("nav.pl_3") was successful, 1482 body bytes, 255 header bytes, 12 chunking overhead bytes  	[MsgId: MMSG-26385]
Action.c(348): web_reg_save_param started  	[MsgId: MMSG-26355]
Action.c(348): Registering web_reg_save_param was successful  	[MsgId: MMSG-26390]
Action.c(356): web_reg_save_param started  	[MsgId: MMSG-26355]
Action.c(356): Registering web_reg_save_param was successful  	[MsgId: MMSG-26390]
Action.c(366): web_custom_request("itinerary.pl") started  	[MsgId: MMSG-26355]
Action.c(366): Error -26377: No match found for the requested parameter "flightID". Either the specified boundaries were not found in the response or the matched text is longer than current max html parameter size of 256 bytes. The total length of the response is 887 bytes. You can use "web_set_max_html_param_len" to increase the max parameter size.  	[MsgId: MERR-26377]
Action.c(366): Error -26377: No match found for the requested parameter "cgifields". Either the specified boundaries were not found in the response or the matched text is longer than current max html parameter size of 256 bytes. The total length of the response is 887 bytes. You can use "web_set_max_html_param_len" to increase the max parameter size.  	[MsgId: MERR-26377]
End auto log messages stack.	[MsgId: MMSG-10544]


Start auto log messages stack - Iteration 18.	[MsgId: MMSG-10545]
Action.c(333): web_custom_request("nav.pl_3") started  	[MsgId: MMSG-26355]
Action.c(333): web_custom_request("nav.pl_3") was successful, 1482 body bytes, 255 header bytes, 12 chunking overhead bytes  	[MsgId: MMSG-26385]
Action.c(348): web_reg_save_param started  	[MsgId: MMSG-26355]
Action.c(348): Registering web_reg_save_param was successful  	[MsgId: MMSG-26390]
Action.c(356): web_reg_save_param started  	[MsgId: MMSG-26355]
Action.c(356): Registering web_reg_save_param was successful  	[MsgId: MMSG-26390]
Action.c(366): web_custom_request("itinerary.pl") started  	[MsgId: MMSG-26355]
Action.c(366): Error -26377: No match found for the requested parameter "flightID". Either the specified boundaries were not found in the response or the matched text is longer than current max html parameter size of 256 bytes. The total length of the response is 887 bytes. You can use "web_set_max_html_param_len" to increase the max parameter size.  	[MsgId: MERR-26377]
Action.c(366): Error -26377: No match found for the requested parameter "cgifields". Either the specified boundaries were not found in the response or the matched text is longer than current max html parameter size of 256 bytes. The total length of the response is 887 bytes. You can use "web_set_max_html_param_len" to increase the max parameter size.  	[MsgId: MERR-26377]
End auto log messages stack.	[MsgId: MMSG-10544]


Start auto log messages stack - Iteration 3.	[MsgId: MMSG-10545]
Action.c(333): web_custom_request("nav.pl_3") started  	[MsgId: MMSG-26355]
Action.c(333): web_custom_request("nav.pl_3") was successful, 1482 body bytes, 255 header bytes, 12 chunking overhead bytes  	[MsgId: MMSG-26385]
Action.c(348): web_reg_save_param started  	[MsgId: MMSG-26355]
Action.c(348): Registering web_reg_save_param was successful  	[MsgId: MMSG-26390]
Action.c(356): web_reg_save_param started  	[MsgId: MMSG-26355]
Action.c(356): Registering web_reg_save_param was successful  	[MsgId: MMSG-26390]
Action.c(366): web_custom_request("itinerary.pl") started  	[MsgId: MMSG-26355]
Action.c(366): Error -26377: No match found for the requested parameter "flightID". Either the specified boundaries were not found in the response or the matched text is longer than current max html parameter size of 256 bytes. The total length of the response is 887 bytes. You can use "web_set_max_html_param_len" to increase the max parameter size.  	[MsgId: MERR-26377]
Action.c(366): Error -26377: No match found for the requested parameter "cgifields". Either the specified boundaries were not found in the response or the matched text is longer than current max html parameter size of 256 bytes. The total length of the response is 887 bytes. You can use "web_set_max_html_param_len" to increase the max parameter size.  	[MsgId: MERR-26377]
End auto log messages stack.	[MsgId: MMSG-10544]


Start auto log messages stack - Iteration 17.	[MsgId: MMSG-10545]
Action.c(333): web_custom_request("nav.pl_3") started  	[MsgId: MMSG-26355]
Action.c(333): web_custom_request("nav.pl_3") was successful, 1482 body bytes, 255 header bytes, 12 chunking overhead bytes  	[MsgId: MMSG-26385]
Action.c(348): web_reg_save_param started  	[MsgId: MMSG-26355]
Action.c(348): Registering web_reg_save_param was successful  	[MsgId: MMSG-26390]
Action.c(356): web_reg_save_param started  	[MsgId: MMSG-26355]
Action.c(356): Registering web_reg_save_param was successful  	[MsgId: MMSG-26390]
Action.c(366): web_custom_request("itinerary.pl") started  	[MsgId: MMSG-26355]
Action.c(366): Error -26377: No match found for the requested parameter "flightID". Either the specified boundaries were not found in the response or the matched text is longer than current max html parameter size of 256 bytes. The total length of the response is 887 bytes. You can use "web_set_max_html_param_len" to increase the max parameter size.  	[MsgId: MERR-26377]
Action.c(366): Error -26377: No match found for the requested parameter "cgifields". Either the specified boundaries were not found in the response or the matched text is longer than current max html parameter size of 256 bytes. The total length of the response is 887 bytes. You can use "web_set_max_html_param_len" to increase the max parameter size.  	[MsgId: MERR-26377]
End auto log messages stack.	[MsgId: MMSG-10544]


Start auto log messages stack - Iteration 16.	[MsgId: MMSG-10545]
Action.c(333): web_custom_request("nav.pl_3") started  	[MsgId: MMSG-26355]
Action.c(333): web_custom_request("nav.pl_3") was successful, 1482 body bytes, 255 header bytes, 12 chunking overhead bytes  	[MsgId: MMSG-26385]
Action.c(348): web_reg_save_param started  	[MsgId: MMSG-26355]
Action.c(348): Registering web_reg_save_param was successful  	[MsgId: MMSG-26390]
Action.c(356): web_reg_save_param started  	[MsgId: MMSG-26355]
Action.c(356): Registering web_reg_save_param was successful  	[MsgId: MMSG-26390]
Action.c(366): web_custom_request("itinerary.pl") started  	[MsgId: MMSG-26355]
Action.c(366): Error -26377: No match found for the requested parameter "flightID". Either the specified boundaries were not found in the response or the matched text is longer than current max html parameter size of 256 bytes. The total length of the response is 887 bytes. You can use "web_set_max_html_param_len" to increase the max parameter size.  	[MsgId: MERR-26377]
Action.c(366): Error -26377: No match found for the requested parameter "cgifields". Either the specified boundaries were not found in the response or the matched text is longer than current max html parameter size of 256 bytes. The total length of the response is 887 bytes. You can use "web_set_max_html_param_len" to increase the max parameter size.  	[MsgId: MERR-26377]
End auto log messages stack.	[MsgId: MMSG-10544]


Start auto log messages stack - Iteration 19.	[MsgId: MMSG-10545]
Action.c(333): web_custom_request("nav.pl_3") started  	[MsgId: MMSG-26355]
Action.c(333): web_custom_request("nav.pl_3") was successful, 1482 body bytes, 255 header bytes, 12 chunking overhead bytes  	[MsgId: MMSG-26385]
Action.c(348): web_reg_save_param started  	[MsgId: MMSG-26355]
Action.c(348): Registering web_reg_save_param was successful  	[MsgId: MMSG-26390]
Action.c(356): web_reg_save_param started  	[MsgId: MMSG-26355]
Action.c(356): Registering web_reg_save_param was successful  	[MsgId: MMSG-26390]
Action.c(366): web_custom_request("itinerary.pl") started  	[MsgId: MMSG-26355]
Action.c(366): Error -26377: No match found for the requested parameter "flightID". Either the specified boundaries were not found in the response or the matched text is longer than current max html parameter size of 256 bytes. The total length of the response is 887 bytes. You can use "web_set_max_html_param_len" to increase the max parameter size.  	[MsgId: MERR-26377]
Action.c(366): Error -26377: No match found for the requested parameter "cgifields". Either the specified boundaries were not found in the response or the matched text is longer than current max html parameter size of 256 bytes. The total length of the response is 887 bytes. You can use "web_set_max_html_param_len" to increase the max parameter size.  	[MsgId: MERR-26377]
End auto log messages stack.	[MsgId: MMSG-10544]


Start auto log messages stack - Iteration 4.	[MsgId: MMSG-10545]
Action.c(333): web_custom_request("nav.pl_3") started  	[MsgId: MMSG-26355]
Action.c(333): web_custom_request("nav.pl_3") was successful, 1482 body bytes, 255 header bytes, 12 chunking overhead bytes  	[MsgId: MMSG-26385]
Action.c(348): web_reg_save_param started  	[MsgId: MMSG-26355]
Action.c(348): Registering web_reg_save_param was successful  	[MsgId: MMSG-26390]
Action.c(356): web_reg_save_param started  	[MsgId: MMSG-26355]
Action.c(356): Registering web_reg_save_param was successful  	[MsgId: MMSG-26390]
Action.c(366): web_custom_request("itinerary.pl") started  	[MsgId: MMSG-26355]
Action.c(366): Error -26377: No match found for the requested parameter "flightID". Either the specified boundaries were not found in the response or the matched text is longer than current max html parameter size of 256 bytes. The total length of the response is 887 bytes. You can use "web_set_max_html_param_len" to increase the max parameter size.  	[MsgId: MERR-26377]
Action.c(366): Error -26377: No match found for the requested parameter "cgifields". Either the specified boundaries were not found in the response or the matched text is longer than current max html parameter size of 256 bytes. The total length of the response is 887 bytes. You can use "web_set_max_html_param_len" to increase the max parameter size.  	[MsgId: MERR-26377]
End auto log messages stack.	[MsgId: MMSG-10544]


Start auto log messages stack - Iteration 18.	[MsgId: MMSG-10545]
Action.c(333): web_custom_request("nav.pl_3") started  	[MsgId: MMSG-26355]
Action.c(333): web_custom_request("nav.pl_3") was successful, 1482 body bytes, 255 header bytes, 12 chunking overhead bytes  	[MsgId: MMSG-26385]
Action.c(348): web_reg_save_param started  	[MsgId: MMSG-26355]
Action.c(348): Registering web_reg_save_param was successful  	[MsgId: MMSG-26390]
Action.c(356): web_reg_save_param started  	[MsgId: MMSG-26355]
Action.c(356): Registering web_reg_save_param was successful  	[MsgId: MMSG-26390]
Action.c(366): web_custom_request("itinerary.pl") started  	[MsgId: MMSG-26355]
Action.c(366): Error -26377: No match found for the requested parameter "flightID". Either the specified boundaries were not found in the response or the matched text is longer than current max html parameter size of 256 bytes. The total length of the response is 887 bytes. You can use "web_set_max_html_param_len" to increase the max parameter size.  	[MsgId: MERR-26377]
Action.c(366): Error -26377: No match found for the requested parameter "cgifields". Either the specified boundaries were not found in the response or the matched text is longer than current max html parameter size of 256 bytes. The total length of the response is 887 bytes. You can use "web_set_max_html_param_len" to increase the max parameter size.  	[MsgId: MERR-26377]
End auto log messages stack.	[MsgId: MMSG-10544]


Start auto log messages stack - Iteration 17.	[MsgId: MMSG-10545]
Action.c(333): web_custom_request("nav.pl_3") started  	[MsgId: MMSG-26355]
Action.c(333): web_custom_request("nav.pl_3") was successful, 1482 body bytes, 255 header bytes, 12 chunking overhead bytes  	[MsgId: MMSG-26385]
Action.c(348): web_reg_save_param started  	[MsgId: MMSG-26355]
Action.c(348): Registering web_reg_save_param was successful  	[MsgId: MMSG-26390]
Action.c(356): web_reg_save_param started  	[MsgId: MMSG-26355]
Action.c(356): Registering web_reg_save_param was successful  	[MsgId: MMSG-26390]
Action.c(366): web_custom_request("itinerary.pl") started  	[MsgId: MMSG-26355]
Action.c(366): Error -26377: No match found for the requested parameter "flightID". Either the specified boundaries were not found in the response or the matched text is longer than current max html parameter size of 256 bytes. The total length of the response is 887 bytes. You can use "web_set_max_html_param_len" to increase the max parameter size.  	[MsgId: MERR-26377]
Action.c(366): Error -26377: No match found for the requested parameter "cgifields". Either the specified boundaries were not found in the response or the matched text is longer than current max html parameter size of 256 bytes. The total length of the response is 887 bytes. You can use "web_set_max_html_param_len" to increase the max parameter size.  	[MsgId: MERR-26377]
End auto log messages stack.	[MsgId: MMSG-10544]


Start auto log messages stack - Iteration 20.	[MsgId: MMSG-10545]
Action.c(333): web_custom_request("nav.pl_3") started  	[MsgId: MMSG-26355]
Action.c(333): web_custom_request("nav.pl_3") was successful, 1482 body bytes, 255 header bytes, 12 chunking overhead bytes  	[MsgId: MMSG-26385]
Action.c(348): web_reg_save_param started  	[MsgId: MMSG-26355]
Action.c(348): Registering web_reg_save_param was successful  	[MsgId: MMSG-26390]
Action.c(356): web_reg_save_param started  	[MsgId: MMSG-26355]
Action.c(356): Registering web_reg_save_param was successful  	[MsgId: MMSG-26390]
Action.c(366): web_custom_request("itinerary.pl") started  	[MsgId: MMSG-26355]
Action.c(366): Error -26377: No match found for the requested parameter "flightID". Either the specified boundaries were not found in the response or the matched text is longer than current max html parameter size of 256 bytes. The total length of the response is 887 bytes. You can use "web_set_max_html_param_len" to increase the max parameter size.  	[MsgId: MERR-26377]
Action.c(366): Error -26377: No match found for the requested parameter "cgifields". Either the specified boundaries were not found in the response or the matched text is longer than current max html parameter size of 256 bytes. The total length of the response is 887 bytes. You can use "web_set_max_html_param_len" to increase the max parameter size.  	[MsgId: MERR-26377]
End auto log messages stack.	[MsgId: MMSG-10544]


Start auto log messages stack - Iteration 19.	[MsgId: MMSG-10545]
Action.c(333): web_custom_request("nav.pl_3") started  	[MsgId: MMSG-26355]
Action.c(333): web_custom_request("nav.pl_3") was successful, 1482 body bytes, 255 header bytes, 12 chunking overhead bytes  	[MsgId: MMSG-26385]
Action.c(348): web_reg_save_param started  	[MsgId: MMSG-26355]
Action.c(348): Registering web_reg_save_param was successful  	[MsgId: MMSG-26390]
Action.c(356): web_reg_save_param started  	[MsgId: MMSG-26355]
Action.c(356): Registering web_reg_save_param was successful  	[MsgId: MMSG-26390]
Action.c(366): web_custom_request("itinerary.pl") started  	[MsgId: MMSG-26355]
Action.c(366): Error -26377: No match found for the requested parameter "flightID". Either the specified boundaries were not found in the response or the matched text is longer than current max html parameter size of 256 bytes. The total length of the response is 887 bytes. You can use "web_set_max_html_param_len" to increase the max parameter size.  	[MsgId: MERR-26377]
Action.c(366): Error -26377: No match found for the requested parameter "cgifields". Either the specified boundaries were not found in the response or the matched text is longer than current max html parameter size of 256 bytes. The total length of the response is 887 bytes. You can use "web_set_max_html_param_len" to increase the max parameter size.  	[MsgId: MERR-26377]
End auto log messages stack.	[MsgId: MMSG-10544]


Start auto log messages stack - Iteration 18.	[MsgId: MMSG-10545]
Action.c(333): web_custom_request("nav.pl_3") started  	[MsgId: MMSG-26355]
Action.c(333): web_custom_request("nav.pl_3") was successful, 1482 body bytes, 255 header bytes, 12 chunking overhead bytes  	[MsgId: MMSG-26385]
Action.c(348): web_reg_save_param started  	[MsgId: MMSG-26355]
Action.c(348): Registering web_reg_save_param was successful  	[MsgId: MMSG-26390]
Action.c(356): web_reg_save_param started  	[MsgId: MMSG-26355]
Action.c(356): Registering web_reg_save_param was successful  	[MsgId: MMSG-26390]
Action.c(366): web_custom_request("itinerary.pl") started  	[MsgId: MMSG-26355]
Action.c(366): Error -26377: No match found for the requested parameter "flightID". Either the specified boundaries were not found in the response or the matched text is longer than current max html parameter size of 256 bytes. The total length of the response is 887 bytes. You can use "web_set_max_html_param_len" to increase the max parameter size.  	[MsgId: MERR-26377]
Action.c(366): Error -26377: No match found for the requested parameter "cgifields". Either the specified boundaries were not found in the response or the matched text is longer than current max html parameter size of 256 bytes. The total length of the response is 887 bytes. You can use "web_set_max_html_param_len" to increase the max parameter size.  	[MsgId: MERR-26377]
End auto log messages stack.	[MsgId: MMSG-10544]


Start auto log messages stack - Iteration 5.	[MsgId: MMSG-10545]
Action.c(308): web_add_auto_header("Sec-Fetch-Mode") was successful  	[MsgId: MMSG-26392]
Action.c(311): web_add_auto_header("Sec-Fetch-Dest") started  	[MsgId: MMSG-26355]
Action.c(311): web_add_auto_header("Sec-Fetch-Dest") was successful  	[MsgId: MMSG-26392]
Action.c(314): web_add_auto_header("Sec-Fetch-User") started  	[MsgId: MMSG-26355]
Action.c(314): web_add_auto_header("Sec-Fetch-User") was successful  	[MsgId: MMSG-26392]
Action.c(318): web_reg_find started  	[MsgId: MMSG-26355]
Action.c(318): Registering web_reg_find was successful  	[MsgId: MMSG-26390]
Action.c(321): web_custom_request("welcome.pl_2") started  	[MsgId: MMSG-26355]
Action.c(321): Error -26612: HTTP Status-Code=500 (Internal Server Error) for "http://localhost:1080/cgi-bin/welcome.pl?page=itinerary"  	[MsgId: MERR-26612]
Action.c(321): Error -26366: "Text=User wants the intineraries" not found for web_reg_find  	[MsgId: MERR-26366]
End auto log messages stack.	[MsgId: MMSG-10544]


Start auto log messages stack - Iteration 21.	[MsgId: MMSG-10545]
Action.c(333): web_custom_request("nav.pl_3") started  	[MsgId: MMSG-26355]
Action.c(333): web_custom_request("nav.pl_3") was successful, 1482 body bytes, 255 header bytes, 12 chunking overhead bytes  	[MsgId: MMSG-26385]
Action.c(348): web_reg_save_param started  	[MsgId: MMSG-26355]
Action.c(348): Registering web_reg_save_param was successful  	[MsgId: MMSG-26390]
Action.c(356): web_reg_save_param started  	[MsgId: MMSG-26355]
Action.c(356): Registering web_reg_save_param was successful  	[MsgId: MMSG-26390]
Action.c(366): web_custom_request("itinerary.pl") started  	[MsgId: MMSG-26355]
Action.c(366): Error -26377: No match found for the requested parameter "flightID". Either the specified boundaries were not found in the response or the matched text is longer than current max html parameter size of 256 bytes. The total length of the response is 887 bytes. You can use "web_set_max_html_param_len" to increase the max parameter size.  	[MsgId: MERR-26377]
Action.c(366): Error -26377: No match found for the requested parameter "cgifields". Either the specified boundaries were not found in the response or the matched text is longer than current max html parameter size of 256 bytes. The total length of the response is 887 bytes. You can use "web_set_max_html_param_len" to increase the max parameter size.  	[MsgId: MERR-26377]
End auto log messages stack.	[MsgId: MMSG-10544]


Start auto log messages stack - Iteration 20.	[MsgId: MMSG-10545]
Action.c(308): web_add_auto_header("Sec-Fetch-Mode") was successful  	[MsgId: MMSG-26392]
Action.c(311): web_add_auto_header("Sec-Fetch-Dest") started  	[MsgId: MMSG-26355]
Action.c(311): web_add_auto_header("Sec-Fetch-Dest") was successful  	[MsgId: MMSG-26392]
Action.c(314): web_add_auto_header("Sec-Fetch-User") started  	[MsgId: MMSG-26355]
Action.c(314): web_add_auto_header("Sec-Fetch-User") was successful  	[MsgId: MMSG-26392]
Action.c(318): web_reg_find started  	[MsgId: MMSG-26355]
Action.c(318): Registering web_reg_find was successful  	[MsgId: MMSG-26390]
Action.c(321): web_custom_request("welcome.pl_2") started  	[MsgId: MMSG-26355]
Action.c(321): Error -26612: HTTP Status-Code=500 (Internal Server Error) for "http://localhost:1080/cgi-bin/welcome.pl?page=itinerary"  	[MsgId: MERR-26612]
Action.c(321): Error -26366: "Text=User wants the intineraries" not found for web_reg_find  	[MsgId: MERR-26366]
End auto log messages stack.	[MsgId: MMSG-10544]


Start auto log messages stack - Iteration 19.	[MsgId: MMSG-10545]
Action.c(333): web_custom_request("nav.pl_3") started  	[MsgId: MMSG-26355]
Action.c(333): web_custom_request("nav.pl_3") was successful, 1482 body bytes, 255 header bytes, 12 chunking overhead bytes  	[MsgId: MMSG-26385]
Action.c(348): web_reg_save_param started  	[MsgId: MMSG-26355]
Action.c(348): Registering web_reg_save_param was successful  	[MsgId: MMSG-26390]
Action.c(356): web_reg_save_param started  	[MsgId: MMSG-26355]
Action.c(356): Registering web_reg_save_param was successful  	[MsgId: MMSG-26390]
Action.c(366): web_custom_request("itinerary.pl") started  	[MsgId: MMSG-26355]
Action.c(366): Error -26377: No match found for the requested parameter "flightID". Either the specified boundaries were not found in the response or the matched text is longer than current max html parameter size of 256 bytes. The total length of the response is 887 bytes. You can use "web_set_max_html_param_len" to increase the max parameter size.  	[MsgId: MERR-26377]
Action.c(366): Error -26377: No match found for the requested parameter "cgifields". Either the specified boundaries were not found in the response or the matched text is longer than current max html parameter size of 256 bytes. The total length of the response is 887 bytes. You can use "web_set_max_html_param_len" to increase the max parameter size.  	[MsgId: MERR-26377]
End auto log messages stack.	[MsgId: MMSG-10544]


Start auto log messages stack - Iteration 6.	[MsgId: MMSG-10545]
Action.c(333): web_custom_request("nav.pl_3") started  	[MsgId: MMSG-26355]
Action.c(333): web_custom_request("nav.pl_3") was successful, 1482 body bytes, 255 header bytes, 12 chunking overhead bytes  	[MsgId: MMSG-26385]
Action.c(348): web_reg_save_param started  	[MsgId: MMSG-26355]
Action.c(348): Registering web_reg_save_param was successful  	[MsgId: MMSG-26390]
Action.c(356): web_reg_save_param started  	[MsgId: MMSG-26355]
Action.c(356): Registering web_reg_save_param was successful  	[MsgId: MMSG-26390]
Action.c(366): web_custom_request("itinerary.pl") started  	[MsgId: MMSG-26355]
Action.c(366): Error -26377: No match found for the requested parameter "flightID". Either the specified boundaries were not found in the response or the matched text is longer than current max html parameter size of 256 bytes. The total length of the response is 887 bytes. You can use "web_set_max_html_param_len" to increase the max parameter size.  	[MsgId: MERR-26377]
Action.c(366): Error -26377: No match found for the requested parameter "cgifields". Either the specified boundaries were not found in the response or the matched text is longer than current max html parameter size of 256 bytes. The total length of the response is 887 bytes. You can use "web_set_max_html_param_len" to increase the max parameter size.  	[MsgId: MERR-26377]
End auto log messages stack.	[MsgId: MMSG-10544]


