Start auto log messages stack - Iteration 1.	[MsgId: MMSG-10545]
Action.c(618): Notify: Transaction "itinerary" ended with a "Pass" status (Duration: 0,4393 Wasted Time: 0,0007).	[MsgId: MMSG-16871]
Action.c(620): Think time - Waiting 3,00 seconds (according to limit).	[MsgId: MMSG-15946]
Action.c(620): lr_think_time: 3,00 seconds (recorded think time was 47,00 seconds).	[MsgId: MMSG-15947]
Action.c(622): Notify: Transaction "delete_Ticket" started.	[MsgId: MMSG-16999]
Action.c(624): web_add_header("Origin") started  	[MsgId: MMSG-26355]
Action.c(624): web_add_header("Origin") was successful  	[MsgId: MMSG-26392]
Action.c(627): Think time - Waiting 3,00 seconds (according to limit).	[MsgId: MMSG-15946]
Action.c(627): lr_think_time: 3,00 seconds (recorded think time was 59,00 seconds).	[MsgId: MMSG-15947]
Action.c(629): web_reg_find started  	[MsgId: MMSG-26355]
Action.c(629): Registering web_reg_find was successful  	[MsgId: MMSG-26390]
Action.c(637): web_custom_request("itinerary.pl_2") started  	[MsgId: MMSG-26355]
Action.c(637): Error -26368: "Text=41164837-817-KP" found for web_reg_find (count=1)  	[MsgId: MERR-26368]
End auto log messages stack.	[MsgId: MMSG-10544]


Start auto log messages stack - Iteration 13.	[MsgId: MMSG-10545]
Action.c(618): Notify: Transaction "itinerary" ended with a "Pass" status (Duration: 0,3876 Wasted Time: 0,0002).	[MsgId: MMSG-16871]
Action.c(620): Think time - Waiting 3,00 seconds (according to limit).	[MsgId: MMSG-15946]
Action.c(620): lr_think_time: 3,00 seconds (recorded think time was 47,00 seconds).	[MsgId: MMSG-15947]
Action.c(622): Notify: Transaction "delete_Ticket" started.	[MsgId: MMSG-16999]
Action.c(624): web_add_header("Origin") started  	[MsgId: MMSG-26355]
Action.c(624): web_add_header("Origin") was successful  	[MsgId: MMSG-26392]
Action.c(627): Think time - Waiting 3,00 seconds (according to limit).	[MsgId: MMSG-15946]
Action.c(627): lr_think_time: 3,00 seconds (recorded think time was 59,00 seconds).	[MsgId: MMSG-15947]
Action.c(629): web_reg_find started  	[MsgId: MMSG-26355]
Action.c(629): Registering web_reg_find was successful  	[MsgId: MMSG-26390]
Action.c(637): web_custom_request("itinerary.pl_2") started  	[MsgId: MMSG-26355]
Action.c(637): Error -26368: "Text=411648191-7781-KP" found for web_reg_find (count=1)  	[MsgId: MERR-26368]
End auto log messages stack.	[MsgId: MMSG-10544]


Start auto log messages stack - Iteration 16.	[MsgId: MMSG-10545]
Action.c(618): Notify: Transaction "itinerary" ended with a "Pass" status (Duration: 0,4799 Wasted Time: 0,0002).	[MsgId: MMSG-16871]
Action.c(620): Think time - Waiting 3,00 seconds (according to limit).	[MsgId: MMSG-15946]
Action.c(620): lr_think_time: 3,00 seconds (recorded think time was 47,00 seconds).	[MsgId: MMSG-15947]
Action.c(622): Notify: Transaction "delete_Ticket" started.	[MsgId: MMSG-16999]
Action.c(624): web_add_header("Origin") started  	[MsgId: MMSG-26355]
Action.c(624): web_add_header("Origin") was successful  	[MsgId: MMSG-26392]
Action.c(627): Think time - Waiting 3,00 seconds (according to limit).	[MsgId: MMSG-15946]
Action.c(627): lr_think_time: 3,00 seconds (recorded think time was 59,00 seconds).	[MsgId: MMSG-15947]
Action.c(629): web_reg_find started  	[MsgId: MMSG-26355]
Action.c(629): Registering web_reg_find was successful  	[MsgId: MMSG-26390]
Action.c(637): web_custom_request("itinerary.pl_2") started  	[MsgId: MMSG-26355]
Action.c(637): Error -26368: "Text=41148901-795-KP" found for web_reg_find (count=1)  	[MsgId: MERR-26368]
End auto log messages stack.	[MsgId: MMSG-10544]


Start auto log messages stack - Iteration 19.	[MsgId: MMSG-10545]
Action.c(618): Notify: Transaction "itinerary" ended with a "Pass" status (Duration: 0,3947 Wasted Time: 0,0001).	[MsgId: MMSG-16871]
Action.c(620): Think time - Waiting 3,00 seconds (according to limit).	[MsgId: MMSG-15946]
Action.c(620): lr_think_time: 3,00 seconds (recorded think time was 47,00 seconds).	[MsgId: MMSG-15947]
Action.c(622): Notify: Transaction "delete_Ticket" started.	[MsgId: MMSG-16999]
Action.c(624): web_add_header("Origin") started  	[MsgId: MMSG-26355]
Action.c(624): web_add_header("Origin") was successful  	[MsgId: MMSG-26392]
Action.c(627): Think time - Waiting 3,00 seconds (according to limit).	[MsgId: MMSG-15946]
Action.c(627): lr_think_time: 3,00 seconds (recorded think time was 59,00 seconds).	[MsgId: MMSG-15947]
Action.c(629): web_reg_find started  	[MsgId: MMSG-26355]
Action.c(629): Registering web_reg_find was successful  	[MsgId: MMSG-26390]
Action.c(637): web_custom_request("itinerary.pl_2") started  	[MsgId: MMSG-26355]
Action.c(637): Error -26368: "Text=41150014-799-KP" found for web_reg_find (count=1)  	[MsgId: MERR-26368]
End auto log messages stack.	[MsgId: MMSG-10544]


Start auto log messages stack - Iteration 22.	[MsgId: MMSG-10545]
Action.c(499): web_custom_request("nav.pl_3") started  	[MsgId: MMSG-26355]
Action.c(499): web_custom_request("nav.pl_3") was successful, 1482 body bytes, 255 header bytes, 12 chunking overhead bytes  	[MsgId: MMSG-26385]
Action.c(514): web_reg_save_param started  	[MsgId: MMSG-26355]
Action.c(514): Registering web_reg_save_param was successful  	[MsgId: MMSG-26390]
Action.c(522): web_reg_save_param started  	[MsgId: MMSG-26355]
Action.c(522): Registering web_reg_save_param was successful  	[MsgId: MMSG-26390]
Action.c(532): web_custom_request("itinerary.pl") started  	[MsgId: MMSG-26355]
Action.c(532): Error -26377: No match found for the requested parameter "flightID". Either the specified boundaries were not found in the response or the matched text is longer than current max html parameter size of 256 bytes. The total length of the response is 887 bytes. You can use "web_set_max_html_param_len" to increase the max parameter size.  	[MsgId: MERR-26377]
Action.c(532): Error -26377: No match found for the requested parameter "cgifields". Either the specified boundaries were not found in the response or the matched text is longer than current max html parameter size of 256 bytes. The total length of the response is 887 bytes. You can use "web_set_max_html_param_len" to increase the max parameter size.  	[MsgId: MERR-26377]
End auto log messages stack.	[MsgId: MMSG-10544]


Start auto log messages stack - Iteration 25.	[MsgId: MMSG-10545]
Action.c(499): web_custom_request("nav.pl_3") started  	[MsgId: MMSG-26355]
Action.c(499): web_custom_request("nav.pl_3") was successful, 1482 body bytes, 255 header bytes, 12 chunking overhead bytes  	[MsgId: MMSG-26385]
Action.c(514): web_reg_save_param started  	[MsgId: MMSG-26355]
Action.c(514): Registering web_reg_save_param was successful  	[MsgId: MMSG-26390]
Action.c(522): web_reg_save_param started  	[MsgId: MMSG-26355]
Action.c(522): Registering web_reg_save_param was successful  	[MsgId: MMSG-26390]
Action.c(532): web_custom_request("itinerary.pl") started  	[MsgId: MMSG-26355]
Action.c(532): Error -26377: No match found for the requested parameter "flightID". Either the specified boundaries were not found in the response or the matched text is longer than current max html parameter size of 256 bytes. The total length of the response is 887 bytes. You can use "web_set_max_html_param_len" to increase the max parameter size.  	[MsgId: MERR-26377]
Action.c(532): Error -26377: No match found for the requested parameter "cgifields". Either the specified boundaries were not found in the response or the matched text is longer than current max html parameter size of 256 bytes. The total length of the response is 887 bytes. You can use "web_set_max_html_param_len" to increase the max parameter size.  	[MsgId: MERR-26377]
End auto log messages stack.	[MsgId: MMSG-10544]


Start auto log messages stack - Iteration 26.	[MsgId: MMSG-10545]
Action.c(499): web_custom_request("nav.pl_3") started  	[MsgId: MMSG-26355]
Action.c(499): web_custom_request("nav.pl_3") was successful, 1482 body bytes, 255 header bytes, 12 chunking overhead bytes  	[MsgId: MMSG-26385]
Action.c(514): web_reg_save_param started  	[MsgId: MMSG-26355]
Action.c(514): Registering web_reg_save_param was successful  	[MsgId: MMSG-26390]
Action.c(522): web_reg_save_param started  	[MsgId: MMSG-26355]
Action.c(522): Registering web_reg_save_param was successful  	[MsgId: MMSG-26390]
Action.c(532): web_custom_request("itinerary.pl") started  	[MsgId: MMSG-26355]
Action.c(532): Error -26377: No match found for the requested parameter "flightID". Either the specified boundaries were not found in the response or the matched text is longer than current max html parameter size of 256 bytes. The total length of the response is 887 bytes. You can use "web_set_max_html_param_len" to increase the max parameter size.  	[MsgId: MERR-26377]
Action.c(532): Error -26377: No match found for the requested parameter "cgifields". Either the specified boundaries were not found in the response or the matched text is longer than current max html parameter size of 256 bytes. The total length of the response is 887 bytes. You can use "web_set_max_html_param_len" to increase the max parameter size.  	[MsgId: MERR-26377]
End auto log messages stack.	[MsgId: MMSG-10544]


