Start auto log messages stack - Iteration 1.	[MsgId: MMSG-10545]
Action.c(499): web_custom_request("nav.pl_3") started  	[MsgId: MMSG-26355]
Action.c(499): web_custom_request("nav.pl_3") was successful, 1482 body bytes, 255 header bytes, 12 chunking overhead bytes  	[MsgId: MMSG-26385]
Action.c(514): web_reg_save_param started  	[MsgId: MMSG-26355]
Action.c(514): Registering web_reg_save_param was successful  	[MsgId: MMSG-26390]
Action.c(522): web_reg_save_param started  	[MsgId: MMSG-26355]
Action.c(522): Registering web_reg_save_param was successful  	[MsgId: MMSG-26390]
Action.c(532): web_custom_request("itinerary.pl") started  	[MsgId: MMSG-26355]
Action.c(532): Error -26377: No match found for the requested parameter "flightID". Either the specified boundaries were not found in the response or the matched text is longer than current max html parameter size of 256 bytes. The total length of the response is 887 bytes. You can use "web_set_max_html_param_len" to increase the max parameter size.  	[MsgId: MERR-26377]
Action.c(532): Error -26377: No match found for the requested parameter "cgifields". Either the specified boundaries were not found in the response or the matched text is longer than current max html parameter size of 256 bytes. The total length of the response is 887 bytes. You can use "web_set_max_html_param_len" to increase the max parameter size.  	[MsgId: MERR-26377]
End auto log messages stack.	[MsgId: MMSG-10544]


Start auto log messages stack - Iteration 2.	[MsgId: MMSG-10545]
Action.c(499): web_custom_request("nav.pl_3") started  	[MsgId: MMSG-26355]
Action.c(499): web_custom_request("nav.pl_3") was successful, 1482 body bytes, 255 header bytes, 12 chunking overhead bytes  	[MsgId: MMSG-26385]
Action.c(514): web_reg_save_param started  	[MsgId: MMSG-26355]
Action.c(514): Registering web_reg_save_param was successful  	[MsgId: MMSG-26390]
Action.c(522): web_reg_save_param started  	[MsgId: MMSG-26355]
Action.c(522): Registering web_reg_save_param was successful  	[MsgId: MMSG-26390]
Action.c(532): web_custom_request("itinerary.pl") started  	[MsgId: MMSG-26355]
Action.c(532): Error -26377: No match found for the requested parameter "flightID". Either the specified boundaries were not found in the response or the matched text is longer than current max html parameter size of 256 bytes. The total length of the response is 887 bytes. You can use "web_set_max_html_param_len" to increase the max parameter size.  	[MsgId: MERR-26377]
Action.c(532): Error -26377: No match found for the requested parameter "cgifields". Either the specified boundaries were not found in the response or the matched text is longer than current max html parameter size of 256 bytes. The total length of the response is 887 bytes. You can use "web_set_max_html_param_len" to increase the max parameter size.  	[MsgId: MERR-26377]
End auto log messages stack.	[MsgId: MMSG-10544]


Start auto log messages stack - Iteration 3.	[MsgId: MMSG-10545]
Action.c(499): web_custom_request("nav.pl_3") started  	[MsgId: MMSG-26355]
Action.c(499): web_custom_request("nav.pl_3") was successful, 1482 body bytes, 255 header bytes, 12 chunking overhead bytes  	[MsgId: MMSG-26385]
Action.c(514): web_reg_save_param started  	[MsgId: MMSG-26355]
Action.c(514): Registering web_reg_save_param was successful  	[MsgId: MMSG-26390]
Action.c(522): web_reg_save_param started  	[MsgId: MMSG-26355]
Action.c(522): Registering web_reg_save_param was successful  	[MsgId: MMSG-26390]
Action.c(532): web_custom_request("itinerary.pl") started  	[MsgId: MMSG-26355]
Action.c(532): Error -26377: No match found for the requested parameter "flightID". Either the specified boundaries were not found in the response or the matched text is longer than current max html parameter size of 256 bytes. The total length of the response is 887 bytes. You can use "web_set_max_html_param_len" to increase the max parameter size.  	[MsgId: MERR-26377]
Action.c(532): Error -26377: No match found for the requested parameter "cgifields". Either the specified boundaries were not found in the response or the matched text is longer than current max html parameter size of 256 bytes. The total length of the response is 887 bytes. You can use "web_set_max_html_param_len" to increase the max parameter size.  	[MsgId: MERR-26377]
End auto log messages stack.	[MsgId: MMSG-10544]


Start auto log messages stack - Iteration 4.	[MsgId: MMSG-10545]
Action.c(499): web_custom_request("nav.pl_3") started  	[MsgId: MMSG-26355]
Action.c(499): web_custom_request("nav.pl_3") was successful, 1482 body bytes, 255 header bytes, 12 chunking overhead bytes  	[MsgId: MMSG-26385]
Action.c(514): web_reg_save_param started  	[MsgId: MMSG-26355]
Action.c(514): Registering web_reg_save_param was successful  	[MsgId: MMSG-26390]
Action.c(522): web_reg_save_param started  	[MsgId: MMSG-26355]
Action.c(522): Registering web_reg_save_param was successful  	[MsgId: MMSG-26390]
Action.c(532): web_custom_request("itinerary.pl") started  	[MsgId: MMSG-26355]
Action.c(532): Error -26377: No match found for the requested parameter "flightID". Either the specified boundaries were not found in the response or the matched text is longer than current max html parameter size of 256 bytes. The total length of the response is 887 bytes. You can use "web_set_max_html_param_len" to increase the max parameter size.  	[MsgId: MERR-26377]
Action.c(532): Error -26377: No match found for the requested parameter "cgifields". Either the specified boundaries were not found in the response or the matched text is longer than current max html parameter size of 256 bytes. The total length of the response is 887 bytes. You can use "web_set_max_html_param_len" to increase the max parameter size.  	[MsgId: MERR-26377]
End auto log messages stack.	[MsgId: MMSG-10544]


Start auto log messages stack - Iteration 5.	[MsgId: MMSG-10545]
Action.c(499): web_custom_request("nav.pl_3") started  	[MsgId: MMSG-26355]
Action.c(499): web_custom_request("nav.pl_3") was successful, 1482 body bytes, 255 header bytes, 12 chunking overhead bytes  	[MsgId: MMSG-26385]
Action.c(514): web_reg_save_param started  	[MsgId: MMSG-26355]
Action.c(514): Registering web_reg_save_param was successful  	[MsgId: MMSG-26390]
Action.c(522): web_reg_save_param started  	[MsgId: MMSG-26355]
Action.c(522): Registering web_reg_save_param was successful  	[MsgId: MMSG-26390]
Action.c(532): web_custom_request("itinerary.pl") started  	[MsgId: MMSG-26355]
Action.c(532): Error -26377: No match found for the requested parameter "flightID". Either the specified boundaries were not found in the response or the matched text is longer than current max html parameter size of 256 bytes. The total length of the response is 887 bytes. You can use "web_set_max_html_param_len" to increase the max parameter size.  	[MsgId: MERR-26377]
Action.c(532): Error -26377: No match found for the requested parameter "cgifields". Either the specified boundaries were not found in the response or the matched text is longer than current max html parameter size of 256 bytes. The total length of the response is 887 bytes. You can use "web_set_max_html_param_len" to increase the max parameter size.  	[MsgId: MERR-26377]
End auto log messages stack.	[MsgId: MMSG-10544]


Start auto log messages stack - Iteration 6.	[MsgId: MMSG-10545]
Action.c(499): web_custom_request("nav.pl_3") started  	[MsgId: MMSG-26355]
Action.c(499): web_custom_request("nav.pl_3") was successful, 1482 body bytes, 255 header bytes, 12 chunking overhead bytes  	[MsgId: MMSG-26385]
Action.c(514): web_reg_save_param started  	[MsgId: MMSG-26355]
Action.c(514): Registering web_reg_save_param was successful  	[MsgId: MMSG-26390]
Action.c(522): web_reg_save_param started  	[MsgId: MMSG-26355]
Action.c(522): Registering web_reg_save_param was successful  	[MsgId: MMSG-26390]
Action.c(532): web_custom_request("itinerary.pl") started  	[MsgId: MMSG-26355]
Action.c(532): Error -26377: No match found for the requested parameter "flightID". Either the specified boundaries were not found in the response or the matched text is longer than current max html parameter size of 256 bytes. The total length of the response is 887 bytes. You can use "web_set_max_html_param_len" to increase the max parameter size.  	[MsgId: MERR-26377]
Action.c(532): Error -26377: No match found for the requested parameter "cgifields". Either the specified boundaries were not found in the response or the matched text is longer than current max html parameter size of 256 bytes. The total length of the response is 887 bytes. You can use "web_set_max_html_param_len" to increase the max parameter size.  	[MsgId: MERR-26377]
End auto log messages stack.	[MsgId: MMSG-10544]


Start auto log messages stack - Iteration 8.	[MsgId: MMSG-10545]
Action.c(383): web_concurrent_start started  	[MsgId: MMSG-26355]
Action.c(383): web_concurrent_start was successful  	[MsgId: MMSG-26392]
Action.c(385): web_custom_request("nav.pl_2") started  	[MsgId: MMSG-26355]
Action.c(385): Registering web_custom_request("nav.pl_2") was successful  	[MsgId: MMSG-26390]
Action.c(396): web_reg_find started  	[MsgId: MMSG-26355]
Action.c(396): Registering web_reg_find was successful  	[MsgId: MMSG-26390]
Action.c(399): web_custom_request("login.pl_2") started  	[MsgId: MMSG-26355]
Action.c(399): Registering web_custom_request("login.pl_2") was successful  	[MsgId: MMSG-26390]
Action.c(409): web_concurrent_end started  	[MsgId: MMSG-26355]
Action.c(399): Error -26612: HTTP Status-Code=500 (Internal Server Error) for "http://localhost:1080/cgi-bin/login.pl?intro=true"   [issued at Action.c(409)]  	[MsgId: MERR-26612]
Action.c(409): Error -26366: "Text=Welcome to Web Tours" not found for web_reg_find  	[MsgId: MERR-26366]
End auto log messages stack.	[MsgId: MMSG-10544]


Start auto log messages stack - Iteration 10.	[MsgId: MMSG-10545]
Action.c(499): web_custom_request("nav.pl_3") started  	[MsgId: MMSG-26355]
Action.c(499): web_custom_request("nav.pl_3") was successful, 1482 body bytes, 255 header bytes, 12 chunking overhead bytes  	[MsgId: MMSG-26385]
Action.c(514): web_reg_save_param started  	[MsgId: MMSG-26355]
Action.c(514): Registering web_reg_save_param was successful  	[MsgId: MMSG-26390]
Action.c(522): web_reg_save_param started  	[MsgId: MMSG-26355]
Action.c(522): Registering web_reg_save_param was successful  	[MsgId: MMSG-26390]
Action.c(532): web_custom_request("itinerary.pl") started  	[MsgId: MMSG-26355]
Action.c(532): Error -26377: No match found for the requested parameter "flightID". Either the specified boundaries were not found in the response or the matched text is longer than current max html parameter size of 256 bytes. The total length of the response is 887 bytes. You can use "web_set_max_html_param_len" to increase the max parameter size.  	[MsgId: MERR-26377]
Action.c(532): Error -26377: No match found for the requested parameter "cgifields". Either the specified boundaries were not found in the response or the matched text is longer than current max html parameter size of 256 bytes. The total length of the response is 887 bytes. You can use "web_set_max_html_param_len" to increase the max parameter size.  	[MsgId: MERR-26377]
End auto log messages stack.	[MsgId: MMSG-10544]


Start auto log messages stack - Iteration 11.	[MsgId: MMSG-10545]
Action.c(499): web_custom_request("nav.pl_3") started  	[MsgId: MMSG-26355]
Action.c(499): web_custom_request("nav.pl_3") was successful, 1482 body bytes, 255 header bytes, 12 chunking overhead bytes  	[MsgId: MMSG-26385]
Action.c(514): web_reg_save_param started  	[MsgId: MMSG-26355]
Action.c(514): Registering web_reg_save_param was successful  	[MsgId: MMSG-26390]
Action.c(522): web_reg_save_param started  	[MsgId: MMSG-26355]
Action.c(522): Registering web_reg_save_param was successful  	[MsgId: MMSG-26390]
Action.c(532): web_custom_request("itinerary.pl") started  	[MsgId: MMSG-26355]
Action.c(532): Error -26377: No match found for the requested parameter "flightID". Either the specified boundaries were not found in the response or the matched text is longer than current max html parameter size of 256 bytes. The total length of the response is 887 bytes. You can use "web_set_max_html_param_len" to increase the max parameter size.  	[MsgId: MERR-26377]
Action.c(532): Error -26377: No match found for the requested parameter "cgifields". Either the specified boundaries were not found in the response or the matched text is longer than current max html parameter size of 256 bytes. The total length of the response is 887 bytes. You can use "web_set_max_html_param_len" to increase the max parameter size.  	[MsgId: MERR-26377]
End auto log messages stack.	[MsgId: MMSG-10544]


Start auto log messages stack - Iteration 12.	[MsgId: MMSG-10545]
Action.c(499): web_custom_request("nav.pl_3") started  	[MsgId: MMSG-26355]
Action.c(499): web_custom_request("nav.pl_3") was successful, 1482 body bytes, 255 header bytes, 12 chunking overhead bytes  	[MsgId: MMSG-26385]
Action.c(514): web_reg_save_param started  	[MsgId: MMSG-26355]
Action.c(514): Registering web_reg_save_param was successful  	[MsgId: MMSG-26390]
Action.c(522): web_reg_save_param started  	[MsgId: MMSG-26355]
Action.c(522): Registering web_reg_save_param was successful  	[MsgId: MMSG-26390]
Action.c(532): web_custom_request("itinerary.pl") started  	[MsgId: MMSG-26355]
Action.c(532): Error -26377: No match found for the requested parameter "flightID". Either the specified boundaries were not found in the response or the matched text is longer than current max html parameter size of 256 bytes. The total length of the response is 887 bytes. You can use "web_set_max_html_param_len" to increase the max parameter size.  	[MsgId: MERR-26377]
Action.c(532): Error -26377: No match found for the requested parameter "cgifields". Either the specified boundaries were not found in the response or the matched text is longer than current max html parameter size of 256 bytes. The total length of the response is 887 bytes. You can use "web_set_max_html_param_len" to increase the max parameter size.  	[MsgId: MERR-26377]
End auto log messages stack.	[MsgId: MMSG-10544]


Start auto log messages stack - Iteration 13.	[MsgId: MMSG-10545]
Action.c(499): web_custom_request("nav.pl_3") started  	[MsgId: MMSG-26355]
Action.c(499): web_custom_request("nav.pl_3") was successful, 1482 body bytes, 255 header bytes, 12 chunking overhead bytes  	[MsgId: MMSG-26385]
Action.c(514): web_reg_save_param started  	[MsgId: MMSG-26355]
Action.c(514): Registering web_reg_save_param was successful  	[MsgId: MMSG-26390]
Action.c(522): web_reg_save_param started  	[MsgId: MMSG-26355]
Action.c(522): Registering web_reg_save_param was successful  	[MsgId: MMSG-26390]
Action.c(532): web_custom_request("itinerary.pl") started  	[MsgId: MMSG-26355]
Action.c(532): Error -26377: No match found for the requested parameter "flightID". Either the specified boundaries were not found in the response or the matched text is longer than current max html parameter size of 256 bytes. The total length of the response is 887 bytes. You can use "web_set_max_html_param_len" to increase the max parameter size.  	[MsgId: MERR-26377]
Action.c(532): Error -26377: No match found for the requested parameter "cgifields". Either the specified boundaries were not found in the response or the matched text is longer than current max html parameter size of 256 bytes. The total length of the response is 887 bytes. You can use "web_set_max_html_param_len" to increase the max parameter size.  	[MsgId: MERR-26377]
End auto log messages stack.	[MsgId: MMSG-10544]


Start auto log messages stack - Iteration 14.	[MsgId: MMSG-10545]
Action.c(499): web_custom_request("nav.pl_3") started  	[MsgId: MMSG-26355]
Action.c(499): web_custom_request("nav.pl_3") was successful, 1482 body bytes, 255 header bytes, 12 chunking overhead bytes  	[MsgId: MMSG-26385]
Action.c(514): web_reg_save_param started  	[MsgId: MMSG-26355]
Action.c(514): Registering web_reg_save_param was successful  	[MsgId: MMSG-26390]
Action.c(522): web_reg_save_param started  	[MsgId: MMSG-26355]
Action.c(522): Registering web_reg_save_param was successful  	[MsgId: MMSG-26390]
Action.c(532): web_custom_request("itinerary.pl") started  	[MsgId: MMSG-26355]
Action.c(532): Error -26377: No match found for the requested parameter "flightID". Either the specified boundaries were not found in the response or the matched text is longer than current max html parameter size of 256 bytes. The total length of the response is 887 bytes. You can use "web_set_max_html_param_len" to increase the max parameter size.  	[MsgId: MERR-26377]
Action.c(532): Error -26377: No match found for the requested parameter "cgifields". Either the specified boundaries were not found in the response or the matched text is longer than current max html parameter size of 256 bytes. The total length of the response is 887 bytes. You can use "web_set_max_html_param_len" to increase the max parameter size.  	[MsgId: MERR-26377]
End auto log messages stack.	[MsgId: MMSG-10544]


Start auto log messages stack - Iteration 15.	[MsgId: MMSG-10545]
Action.c(474): web_add_auto_header("Sec-Fetch-Mode") was successful  	[MsgId: MMSG-26392]
Action.c(477): web_add_auto_header("Sec-Fetch-Dest") started  	[MsgId: MMSG-26355]
Action.c(477): web_add_auto_header("Sec-Fetch-Dest") was successful  	[MsgId: MMSG-26392]
Action.c(480): web_add_auto_header("Sec-Fetch-User") started  	[MsgId: MMSG-26355]
Action.c(480): web_add_auto_header("Sec-Fetch-User") was successful  	[MsgId: MMSG-26392]
Action.c(484): web_reg_find started  	[MsgId: MMSG-26355]
Action.c(484): Registering web_reg_find was successful  	[MsgId: MMSG-26390]
Action.c(487): web_custom_request("welcome.pl_2") started  	[MsgId: MMSG-26355]
Action.c(487): Error -26612: HTTP Status-Code=500 (Internal Server Error) for "http://localhost:1080/cgi-bin/welcome.pl?page=itinerary"  	[MsgId: MERR-26612]
Action.c(487): Error -26366: "Text=User wants the intineraries" not found for web_reg_find  	[MsgId: MERR-26366]
End auto log messages stack.	[MsgId: MMSG-10544]


Start auto log messages stack - Iteration 18.	[MsgId: MMSG-10545]
Action.c(499): web_custom_request("nav.pl_3") started  	[MsgId: MMSG-26355]
Action.c(499): web_custom_request("nav.pl_3") was successful, 1482 body bytes, 255 header bytes, 12 chunking overhead bytes  	[MsgId: MMSG-26385]
Action.c(514): web_reg_save_param started  	[MsgId: MMSG-26355]
Action.c(514): Registering web_reg_save_param was successful  	[MsgId: MMSG-26390]
Action.c(522): web_reg_save_param started  	[MsgId: MMSG-26355]
Action.c(522): Registering web_reg_save_param was successful  	[MsgId: MMSG-26390]
Action.c(532): web_custom_request("itinerary.pl") started  	[MsgId: MMSG-26355]
Action.c(532): Error -26377: No match found for the requested parameter "flightID". Either the specified boundaries were not found in the response or the matched text is longer than current max html parameter size of 256 bytes. The total length of the response is 887 bytes. You can use "web_set_max_html_param_len" to increase the max parameter size.  	[MsgId: MERR-26377]
Action.c(532): Error -26377: No match found for the requested parameter "cgifields". Either the specified boundaries were not found in the response or the matched text is longer than current max html parameter size of 256 bytes. The total length of the response is 887 bytes. You can use "web_set_max_html_param_len" to increase the max parameter size.  	[MsgId: MERR-26377]
End auto log messages stack.	[MsgId: MMSG-10544]


Start auto log messages stack - Iteration 19.	[MsgId: MMSG-10545]
Action.c(64): Registering web_custom_request("header.html") was successful  	[MsgId: MMSG-26390]
Action.c(74): web_add_header("Sec-Fetch-Site") started  	[MsgId: MMSG-26355]
Action.c(74): web_add_header("Sec-Fetch-Site") was successful  	[MsgId: MMSG-26392]
Action.c(77): web_add_header("Sec-Fetch-Dest") started  	[MsgId: MMSG-26355]
Action.c(77): web_add_header("Sec-Fetch-Dest") was successful  	[MsgId: MMSG-26392]
Action.c(80): web_custom_request("welcome.pl") started  	[MsgId: MMSG-26355]
Action.c(80): Registering web_custom_request("welcome.pl") was successful  	[MsgId: MMSG-26390]
Action.c(90): web_concurrent_end started  	[MsgId: MMSG-26355]
Action.c(80): Error -26612: HTTP Status-Code=500 (Internal Server Error) for "http://localhost:1080/cgi-bin/welcome.pl?signOff=true"   [issued at Action.c(90)]  	[MsgId: MERR-26612]
End auto log messages stack.	[MsgId: MMSG-10544]


Start auto log messages stack - Iteration 20.	[MsgId: MMSG-10545]
Action.c(499): web_custom_request("nav.pl_3") started  	[MsgId: MMSG-26355]
Action.c(499): web_custom_request("nav.pl_3") was successful, 1482 body bytes, 255 header bytes, 12 chunking overhead bytes  	[MsgId: MMSG-26385]
Action.c(514): web_reg_save_param started  	[MsgId: MMSG-26355]
Action.c(514): Registering web_reg_save_param was successful  	[MsgId: MMSG-26390]
Action.c(522): web_reg_save_param started  	[MsgId: MMSG-26355]
Action.c(522): Registering web_reg_save_param was successful  	[MsgId: MMSG-26390]
Action.c(532): web_custom_request("itinerary.pl") started  	[MsgId: MMSG-26355]
Action.c(532): Error -26377: No match found for the requested parameter "flightID". Either the specified boundaries were not found in the response or the matched text is longer than current max html parameter size of 256 bytes. The total length of the response is 887 bytes. You can use "web_set_max_html_param_len" to increase the max parameter size.  	[MsgId: MERR-26377]
Action.c(532): Error -26377: No match found for the requested parameter "cgifields". Either the specified boundaries were not found in the response or the matched text is longer than current max html parameter size of 256 bytes. The total length of the response is 887 bytes. You can use "web_set_max_html_param_len" to increase the max parameter size.  	[MsgId: MERR-26377]
End auto log messages stack.	[MsgId: MMSG-10544]


Start auto log messages stack - Iteration 21.	[MsgId: MMSG-10545]
Action.c(499): web_custom_request("nav.pl_3") started  	[MsgId: MMSG-26355]
Action.c(499): web_custom_request("nav.pl_3") was successful, 1482 body bytes, 255 header bytes, 12 chunking overhead bytes  	[MsgId: MMSG-26385]
Action.c(514): web_reg_save_param started  	[MsgId: MMSG-26355]
Action.c(514): Registering web_reg_save_param was successful  	[MsgId: MMSG-26390]
Action.c(522): web_reg_save_param started  	[MsgId: MMSG-26355]
Action.c(522): Registering web_reg_save_param was successful  	[MsgId: MMSG-26390]
Action.c(532): web_custom_request("itinerary.pl") started  	[MsgId: MMSG-26355]
Action.c(532): Error -26377: No match found for the requested parameter "flightID". Either the specified boundaries were not found in the response or the matched text is longer than current max html parameter size of 256 bytes. The total length of the response is 887 bytes. You can use "web_set_max_html_param_len" to increase the max parameter size.  	[MsgId: MERR-26377]
Action.c(532): Error -26377: No match found for the requested parameter "cgifields". Either the specified boundaries were not found in the response or the matched text is longer than current max html parameter size of 256 bytes. The total length of the response is 887 bytes. You can use "web_set_max_html_param_len" to increase the max parameter size.  	[MsgId: MERR-26377]
End auto log messages stack.	[MsgId: MMSG-10544]


Start auto log messages stack - Iteration 22.	[MsgId: MMSG-10545]
Action.c(499): web_custom_request("nav.pl_3") started  	[MsgId: MMSG-26355]
Action.c(499): web_custom_request("nav.pl_3") was successful, 1482 body bytes, 255 header bytes, 12 chunking overhead bytes  	[MsgId: MMSG-26385]
Action.c(514): web_reg_save_param started  	[MsgId: MMSG-26355]
Action.c(514): Registering web_reg_save_param was successful  	[MsgId: MMSG-26390]
Action.c(522): web_reg_save_param started  	[MsgId: MMSG-26355]
Action.c(522): Registering web_reg_save_param was successful  	[MsgId: MMSG-26390]
Action.c(532): web_custom_request("itinerary.pl") started  	[MsgId: MMSG-26355]
Action.c(532): Error -26377: No match found for the requested parameter "flightID". Either the specified boundaries were not found in the response or the matched text is longer than current max html parameter size of 256 bytes. The total length of the response is 887 bytes. You can use "web_set_max_html_param_len" to increase the max parameter size.  	[MsgId: MERR-26377]
Action.c(532): Error -26377: No match found for the requested parameter "cgifields". Either the specified boundaries were not found in the response or the matched text is longer than current max html parameter size of 256 bytes. The total length of the response is 887 bytes. You can use "web_set_max_html_param_len" to increase the max parameter size.  	[MsgId: MERR-26377]
End auto log messages stack.	[MsgId: MMSG-10544]


Start auto log messages stack - Iteration 23.	[MsgId: MMSG-10545]
Action.c(618): Notify: Transaction "itinerary" ended with a "Pass" status (Duration: 0,3752 Wasted Time: 0,0001).	[MsgId: MMSG-16871]
Action.c(620): Think time - Waiting 3,00 seconds (according to limit).	[MsgId: MMSG-15946]
Action.c(620): lr_think_time: 3,00 seconds (recorded think time was 47,00 seconds).	[MsgId: MMSG-15947]
Action.c(622): Notify: Transaction "delete_Ticket" started.	[MsgId: MMSG-16999]
Action.c(624): web_add_header("Origin") started  	[MsgId: MMSG-26355]
Action.c(624): web_add_header("Origin") was successful  	[MsgId: MMSG-26392]
Action.c(627): Think time - Waiting 3,00 seconds (according to limit).	[MsgId: MMSG-15946]
Action.c(627): lr_think_time: 3,00 seconds (recorded think time was 59,00 seconds).	[MsgId: MMSG-15947]
Action.c(629): web_reg_find started  	[MsgId: MMSG-26355]
Action.c(629): Registering web_reg_find was successful  	[MsgId: MMSG-26390]
Action.c(637): web_custom_request("itinerary.pl_2") started  	[MsgId: MMSG-26355]
Action.c(637): Error -26368: "Text=411648191-7781-KP" found for web_reg_find (count=1)  	[MsgId: MERR-26368]
End auto log messages stack.	[MsgId: MMSG-10544]


Start auto log messages stack - Iteration 25.	[MsgId: MMSG-10545]
Action.c(499): web_custom_request("nav.pl_3") started  	[MsgId: MMSG-26355]
Action.c(499): web_custom_request("nav.pl_3") was successful, 1482 body bytes, 255 header bytes, 12 chunking overhead bytes  	[MsgId: MMSG-26385]
Action.c(514): web_reg_save_param started  	[MsgId: MMSG-26355]
Action.c(514): Registering web_reg_save_param was successful  	[MsgId: MMSG-26390]
Action.c(522): web_reg_save_param started  	[MsgId: MMSG-26355]
Action.c(522): Registering web_reg_save_param was successful  	[MsgId: MMSG-26390]
Action.c(532): web_custom_request("itinerary.pl") started  	[MsgId: MMSG-26355]
Action.c(532): Error -26377: No match found for the requested parameter "flightID". Either the specified boundaries were not found in the response or the matched text is longer than current max html parameter size of 256 bytes. The total length of the response is 887 bytes. You can use "web_set_max_html_param_len" to increase the max parameter size.  	[MsgId: MERR-26377]
Action.c(532): Error -26377: No match found for the requested parameter "cgifields". Either the specified boundaries were not found in the response or the matched text is longer than current max html parameter size of 256 bytes. The total length of the response is 887 bytes. You can use "web_set_max_html_param_len" to increase the max parameter size.  	[MsgId: MERR-26377]
End auto log messages stack.	[MsgId: MMSG-10544]


Start auto log messages stack - Iteration 26.	[MsgId: MMSG-10545]
Action.c(499): web_custom_request("nav.pl_3") started  	[MsgId: MMSG-26355]
Action.c(499): web_custom_request("nav.pl_3") was successful, 1482 body bytes, 255 header bytes, 12 chunking overhead bytes  	[MsgId: MMSG-26385]
Action.c(514): web_reg_save_param started  	[MsgId: MMSG-26355]
Action.c(514): Registering web_reg_save_param was successful  	[MsgId: MMSG-26390]
Action.c(522): web_reg_save_param started  	[MsgId: MMSG-26355]
Action.c(522): Registering web_reg_save_param was successful  	[MsgId: MMSG-26390]
Action.c(532): web_custom_request("itinerary.pl") started  	[MsgId: MMSG-26355]
Action.c(532): Error -26377: No match found for the requested parameter "flightID". Either the specified boundaries were not found in the response or the matched text is longer than current max html parameter size of 256 bytes. The total length of the response is 887 bytes. You can use "web_set_max_html_param_len" to increase the max parameter size.  	[MsgId: MERR-26377]
Action.c(532): Error -26377: No match found for the requested parameter "cgifields". Either the specified boundaries were not found in the response or the matched text is longer than current max html parameter size of 256 bytes. The total length of the response is 887 bytes. You can use "web_set_max_html_param_len" to increase the max parameter size.  	[MsgId: MERR-26377]
End auto log messages stack.	[MsgId: MMSG-10544]


