Start auto log messages stack - Iteration 3.	[MsgId: MMSG-10545]
Action.c(615): Notify: Transaction "itinerary" ended with a "Pass" status (Duration: 0,3979 Wasted Time: 0,0001).	[MsgId: MMSG-16871]
Action.c(617): Think time - Waiting 5,00 seconds (according to limit).	[MsgId: MMSG-15946]
Action.c(617): lr_think_time: 5,00 seconds (recorded think time was 47,00 seconds).	[MsgId: MMSG-15947]
Action.c(619): Notify: Transaction "delete_Ticket" started.	[MsgId: MMSG-16999]
Action.c(621): web_add_header("Origin") started  	[MsgId: MMSG-26355]
Action.c(621): web_add_header("Origin") was successful  	[MsgId: MMSG-26392]
Action.c(624): Think time - Waiting 5,00 seconds (according to limit).	[MsgId: MMSG-15946]
Action.c(624): lr_think_time: 5,00 seconds (recorded think time was 59,00 seconds).	[MsgId: MMSG-15947]
Action.c(626): web_reg_find started  	[MsgId: MMSG-26355]
Action.c(626): Registering web_reg_find was successful  	[MsgId: MMSG-26390]
Action.c(634): web_custom_request("itinerary.pl_2") started  	[MsgId: MMSG-26355]
Action.c(634): Error -26368: "Text=41184105-833-SP" found for web_reg_find (count=1)  	[MsgId: MERR-26368]
End auto log messages stack.	[MsgId: MMSG-10544]


Start auto log messages stack - Iteration 7.	[MsgId: MMSG-10545]
Action.c(615): Notify: Transaction "itinerary" ended with a "Pass" status (Duration: 0,4052 Wasted Time: 0,0002).	[MsgId: MMSG-16871]
Action.c(617): Think time - Waiting 5,00 seconds (according to limit).	[MsgId: MMSG-15946]
Action.c(617): lr_think_time: 5,00 seconds (recorded think time was 47,00 seconds).	[MsgId: MMSG-15947]
Action.c(619): Notify: Transaction "delete_Ticket" started.	[MsgId: MMSG-16999]
Action.c(621): web_add_header("Origin") started  	[MsgId: MMSG-26355]
Action.c(621): web_add_header("Origin") was successful  	[MsgId: MMSG-26392]
Action.c(624): Think time - Waiting 5,00 seconds (according to limit).	[MsgId: MMSG-15946]
Action.c(624): lr_think_time: 5,00 seconds (recorded think time was 59,00 seconds).	[MsgId: MMSG-15947]
Action.c(626): web_reg_find started  	[MsgId: MMSG-26355]
Action.c(626): Registering web_reg_find was successful  	[MsgId: MMSG-26390]
Action.c(634): web_custom_request("itinerary.pl_2") started  	[MsgId: MMSG-26355]
Action.c(634): Error -26368: "Text=411511153-7780-AL" found for web_reg_find (count=1)  	[MsgId: MERR-26368]
End auto log messages stack.	[MsgId: MMSG-10544]


Start auto log messages stack - Iteration 17.	[MsgId: MMSG-10545]
Action.c(615): Notify: Transaction "itinerary" ended with a "Pass" status (Duration: 0,4136 Wasted Time: 0,0002).	[MsgId: MMSG-16871]
Action.c(617): Think time - Waiting 5,00 seconds (according to limit).	[MsgId: MMSG-15946]
Action.c(617): lr_think_time: 5,00 seconds (recorded think time was 47,00 seconds).	[MsgId: MMSG-15947]
Action.c(619): Notify: Transaction "delete_Ticket" started.	[MsgId: MMSG-16999]
Action.c(621): web_add_header("Origin") started  	[MsgId: MMSG-26355]
Action.c(621): web_add_header("Origin") was successful  	[MsgId: MMSG-26392]
Action.c(624): Think time - Waiting 5,00 seconds (according to limit).	[MsgId: MMSG-15946]
Action.c(624): lr_think_time: 5,00 seconds (recorded think time was 59,00 seconds).	[MsgId: MMSG-15947]
Action.c(626): web_reg_find started  	[MsgId: MMSG-26355]
Action.c(626): Registering web_reg_find was successful  	[MsgId: MMSG-26390]
Action.c(634): web_custom_request("itinerary.pl_2") started  	[MsgId: MMSG-26355]
Action.c(634): Error -26368: "Text=41155944-807-MG" found for web_reg_find (count=1)  	[MsgId: MERR-26368]
End auto log messages stack.	[MsgId: MMSG-10544]


Start auto log messages stack - Iteration 18.	[MsgId: MMSG-10545]
Action.c(61): Registering web_custom_request("header.html") was successful  	[MsgId: MMSG-26390]
Action.c(71): web_add_header("Sec-Fetch-Site") started  	[MsgId: MMSG-26355]
Action.c(71): web_add_header("Sec-Fetch-Site") was successful  	[MsgId: MMSG-26392]
Action.c(74): web_add_header("Sec-Fetch-Dest") started  	[MsgId: MMSG-26355]
Action.c(74): web_add_header("Sec-Fetch-Dest") was successful  	[MsgId: MMSG-26392]
Action.c(77): web_custom_request("welcome.pl") started  	[MsgId: MMSG-26355]
Action.c(77): Registering web_custom_request("welcome.pl") was successful  	[MsgId: MMSG-26390]
Action.c(87): web_concurrent_end started  	[MsgId: MMSG-26355]
Action.c(77): Error -27721: Step download timeout (120 seconds) has expired when downloading resource "http://localhost:1080/cgi-bin/welcome.pl?signOff=true"   [issued at Action.c(87)]  	[MsgId: MERR-27721]
End auto log messages stack.	[MsgId: MMSG-10544]


Start auto log messages stack - Iteration 19.	[MsgId: MMSG-10545]
Action.c(615): Notify: Transaction "itinerary" ended with a "Pass" status (Duration: 0,4042 Wasted Time: 0,0002).	[MsgId: MMSG-16871]
Action.c(617): Think time - Waiting 5,00 seconds (according to limit).	[MsgId: MMSG-15946]
Action.c(617): lr_think_time: 5,00 seconds (recorded think time was 47,00 seconds).	[MsgId: MMSG-15947]
Action.c(619): Notify: Transaction "delete_Ticket" started.	[MsgId: MMSG-16999]
Action.c(621): web_add_header("Origin") started  	[MsgId: MMSG-26355]
Action.c(621): web_add_header("Origin") was successful  	[MsgId: MMSG-26392]
Action.c(624): Think time - Waiting 5,00 seconds (according to limit).	[MsgId: MMSG-15946]
Action.c(624): lr_think_time: 5,00 seconds (recorded think time was 59,00 seconds).	[MsgId: MMSG-15947]
Action.c(626): web_reg_find started  	[MsgId: MMSG-26355]
Action.c(626): Registering web_reg_find was successful  	[MsgId: MMSG-26390]
Action.c(634): web_custom_request("itinerary.pl_2") started  	[MsgId: MMSG-26355]
Action.c(634): Error -26368: "Text=41171485-777-PP" found for web_reg_find (count=1)  	[MsgId: MERR-26368]
End auto log messages stack.	[MsgId: MMSG-10544]


Start auto log messages stack - Iteration 25.	[MsgId: MMSG-10545]
Action.c(615): Notify: Transaction "itinerary" ended with a "Pass" status (Duration: 0,4630 Wasted Time: 0,0002).	[MsgId: MMSG-16871]
Action.c(617): Think time - Waiting 5,00 seconds (according to limit).	[MsgId: MMSG-15946]
Action.c(617): lr_think_time: 5,00 seconds (recorded think time was 47,00 seconds).	[MsgId: MMSG-15947]
Action.c(619): Notify: Transaction "delete_Ticket" started.	[MsgId: MMSG-16999]
Action.c(621): web_add_header("Origin") started  	[MsgId: MMSG-26355]
Action.c(621): web_add_header("Origin") was successful  	[MsgId: MMSG-26392]
Action.c(624): Think time - Waiting 5,00 seconds (according to limit).	[MsgId: MMSG-15946]
Action.c(624): lr_think_time: 5,00 seconds (recorded think time was 59,00 seconds).	[MsgId: MMSG-15947]
Action.c(626): web_reg_find started  	[MsgId: MMSG-26355]
Action.c(626): Registering web_reg_find was successful  	[MsgId: MMSG-26390]
Action.c(634): web_custom_request("itinerary.pl_2") started  	[MsgId: MMSG-26355]
Action.c(634): Error -26368: "Text=41168171-817-JL" found for web_reg_find (count=1)  	[MsgId: MERR-26368]
End auto log messages stack.	[MsgId: MMSG-10544]


