Start auto log messages stack - Iteration 1.	[MsgId: MMSG-10545]
Action.c(496): web_custom_request("nav.pl_3") started  	[MsgId: MMSG-26355]
Action.c(496): web_custom_request("nav.pl_3") was successful, 1482 body bytes, 255 header bytes, 12 chunking overhead bytes  	[MsgId: MMSG-26385]
Action.c(511): web_reg_save_param started  	[MsgId: MMSG-26355]
Action.c(511): Registering web_reg_save_param was successful  	[MsgId: MMSG-26390]
Action.c(519): web_reg_save_param started  	[MsgId: MMSG-26355]
Action.c(519): Registering web_reg_save_param was successful  	[MsgId: MMSG-26390]
Action.c(529): web_custom_request("itinerary.pl") started  	[MsgId: MMSG-26355]
Action.c(529): Error -26377: No match found for the requested parameter "flightID". Either the specified boundaries were not found in the response or the matched text is longer than current max html parameter size of 256 bytes. The total length of the response is 887 bytes. You can use "web_set_max_html_param_len" to increase the max parameter size.  	[MsgId: MERR-26377]
Action.c(529): Error -26377: No match found for the requested parameter "cgifields". Either the specified boundaries were not found in the response or the matched text is longer than current max html parameter size of 256 bytes. The total length of the response is 887 bytes. You can use "web_set_max_html_param_len" to increase the max parameter size.  	[MsgId: MERR-26377]
End auto log messages stack.	[MsgId: MMSG-10544]


Start auto log messages stack - Iteration 2.	[MsgId: MMSG-10545]
Action.c(496): web_custom_request("nav.pl_3") started  	[MsgId: MMSG-26355]
Action.c(496): web_custom_request("nav.pl_3") was successful, 1482 body bytes, 255 header bytes, 12 chunking overhead bytes  	[MsgId: MMSG-26385]
Action.c(511): web_reg_save_param started  	[MsgId: MMSG-26355]
Action.c(511): Registering web_reg_save_param was successful  	[MsgId: MMSG-26390]
Action.c(519): web_reg_save_param started  	[MsgId: MMSG-26355]
Action.c(519): Registering web_reg_save_param was successful  	[MsgId: MMSG-26390]
Action.c(529): web_custom_request("itinerary.pl") started  	[MsgId: MMSG-26355]
Action.c(529): Error -26377: No match found for the requested parameter "flightID". Either the specified boundaries were not found in the response or the matched text is longer than current max html parameter size of 256 bytes. The total length of the response is 887 bytes. You can use "web_set_max_html_param_len" to increase the max parameter size.  	[MsgId: MERR-26377]
Action.c(529): Error -26377: No match found for the requested parameter "cgifields". Either the specified boundaries were not found in the response or the matched text is longer than current max html parameter size of 256 bytes. The total length of the response is 887 bytes. You can use "web_set_max_html_param_len" to increase the max parameter size.  	[MsgId: MERR-26377]
End auto log messages stack.	[MsgId: MMSG-10544]


Start auto log messages stack - Iteration 3.	[MsgId: MMSG-10545]
Action.c(496): web_custom_request("nav.pl_3") started  	[MsgId: MMSG-26355]
Action.c(496): web_custom_request("nav.pl_3") was successful, 1482 body bytes, 255 header bytes, 12 chunking overhead bytes  	[MsgId: MMSG-26385]
Action.c(511): web_reg_save_param started  	[MsgId: MMSG-26355]
Action.c(511): Registering web_reg_save_param was successful  	[MsgId: MMSG-26390]
Action.c(519): web_reg_save_param started  	[MsgId: MMSG-26355]
Action.c(519): Registering web_reg_save_param was successful  	[MsgId: MMSG-26390]
Action.c(529): web_custom_request("itinerary.pl") started  	[MsgId: MMSG-26355]
Action.c(529): Error -27721: Step download timeout (120 seconds) has expired when downloading resource "http://localhost:1080/cgi-bin/itinerary.pl"  	[MsgId: MERR-27721]
End auto log messages stack.	[MsgId: MMSG-10544]


Start auto log messages stack - Iteration 3.	[MsgId: MMSG-10545]
Action.c(529): Aborting pending download of URL="http://localhost:1080/cgi-bin/itinerary.pl" (RelFrameId=1, Internal ID=75)  	[MsgId: MMSG-27649]
Action.c(529): Error -26377: No match found for the requested parameter "flightID". Either the specified boundaries were not found in the response or the matched text is longer than current max html parameter size of 256 bytes. The total length of the response is 0 bytes. You can use "web_set_max_html_param_len" to increase the max parameter size.  	[MsgId: MERR-26377]
Action.c(529): Error -26377: No match found for the requested parameter "cgifields". Either the specified boundaries were not found in the response or the matched text is longer than current max html parameter size of 256 bytes. The total length of the response is 0 bytes. You can use "web_set_max_html_param_len" to increase the max parameter size.  	[MsgId: MERR-26377]
Action.c(529): Error -26374: The above "not found" error(s) may be explained by header and body byte counts being 0 and 0, respectively.  	[MsgId: MERR-26374]
End auto log messages stack.	[MsgId: MMSG-10544]


Start auto log messages stack - Iteration 4.	[MsgId: MMSG-10545]
Action.c(496): web_custom_request("nav.pl_3") started  	[MsgId: MMSG-26355]
Action.c(496): web_custom_request("nav.pl_3") was successful, 1482 body bytes, 255 header bytes, 12 chunking overhead bytes  	[MsgId: MMSG-26385]
Action.c(511): web_reg_save_param started  	[MsgId: MMSG-26355]
Action.c(511): Registering web_reg_save_param was successful  	[MsgId: MMSG-26390]
Action.c(519): web_reg_save_param started  	[MsgId: MMSG-26355]
Action.c(519): Registering web_reg_save_param was successful  	[MsgId: MMSG-26390]
Action.c(529): web_custom_request("itinerary.pl") started  	[MsgId: MMSG-26355]
Action.c(529): Error -26377: No match found for the requested parameter "flightID". Either the specified boundaries were not found in the response or the matched text is longer than current max html parameter size of 256 bytes. The total length of the response is 887 bytes. You can use "web_set_max_html_param_len" to increase the max parameter size.  	[MsgId: MERR-26377]
Action.c(529): Error -26377: No match found for the requested parameter "cgifields". Either the specified boundaries were not found in the response or the matched text is longer than current max html parameter size of 256 bytes. The total length of the response is 887 bytes. You can use "web_set_max_html_param_len" to increase the max parameter size.  	[MsgId: MERR-26377]
End auto log messages stack.	[MsgId: MMSG-10544]


Start auto log messages stack - Iteration 5.	[MsgId: MMSG-10545]
Action.c(496): web_custom_request("nav.pl_3") started  	[MsgId: MMSG-26355]
Action.c(496): web_custom_request("nav.pl_3") was successful, 1482 body bytes, 255 header bytes, 12 chunking overhead bytes  	[MsgId: MMSG-26385]
Action.c(511): web_reg_save_param started  	[MsgId: MMSG-26355]
Action.c(511): Registering web_reg_save_param was successful  	[MsgId: MMSG-26390]
Action.c(519): web_reg_save_param started  	[MsgId: MMSG-26355]
Action.c(519): Registering web_reg_save_param was successful  	[MsgId: MMSG-26390]
Action.c(529): web_custom_request("itinerary.pl") started  	[MsgId: MMSG-26355]
Action.c(529): Error -26377: No match found for the requested parameter "flightID". Either the specified boundaries were not found in the response or the matched text is longer than current max html parameter size of 256 bytes. The total length of the response is 887 bytes. You can use "web_set_max_html_param_len" to increase the max parameter size.  	[MsgId: MERR-26377]
Action.c(529): Error -26377: No match found for the requested parameter "cgifields". Either the specified boundaries were not found in the response or the matched text is longer than current max html parameter size of 256 bytes. The total length of the response is 887 bytes. You can use "web_set_max_html_param_len" to increase the max parameter size.  	[MsgId: MERR-26377]
End auto log messages stack.	[MsgId: MMSG-10544]


Start auto log messages stack - Iteration 6.	[MsgId: MMSG-10545]
Action.c(496): web_custom_request("nav.pl_3") started  	[MsgId: MMSG-26355]
Action.c(496): web_custom_request("nav.pl_3") was successful, 1482 body bytes, 255 header bytes, 12 chunking overhead bytes  	[MsgId: MMSG-26385]
Action.c(511): web_reg_save_param started  	[MsgId: MMSG-26355]
Action.c(511): Registering web_reg_save_param was successful  	[MsgId: MMSG-26390]
Action.c(519): web_reg_save_param started  	[MsgId: MMSG-26355]
Action.c(519): Registering web_reg_save_param was successful  	[MsgId: MMSG-26390]
Action.c(529): web_custom_request("itinerary.pl") started  	[MsgId: MMSG-26355]
Action.c(529): Error -26377: No match found for the requested parameter "flightID". Either the specified boundaries were not found in the response or the matched text is longer than current max html parameter size of 256 bytes. The total length of the response is 887 bytes. You can use "web_set_max_html_param_len" to increase the max parameter size.  	[MsgId: MERR-26377]
Action.c(529): Error -26377: No match found for the requested parameter "cgifields". Either the specified boundaries were not found in the response or the matched text is longer than current max html parameter size of 256 bytes. The total length of the response is 887 bytes. You can use "web_set_max_html_param_len" to increase the max parameter size.  	[MsgId: MERR-26377]
End auto log messages stack.	[MsgId: MMSG-10544]


Start auto log messages stack - Iteration 7.	[MsgId: MMSG-10545]
Action.c(496): web_custom_request("nav.pl_3") started  	[MsgId: MMSG-26355]
Action.c(496): web_custom_request("nav.pl_3") was successful, 1482 body bytes, 255 header bytes, 12 chunking overhead bytes  	[MsgId: MMSG-26385]
Action.c(511): web_reg_save_param started  	[MsgId: MMSG-26355]
Action.c(511): Registering web_reg_save_param was successful  	[MsgId: MMSG-26390]
Action.c(519): web_reg_save_param started  	[MsgId: MMSG-26355]
Action.c(519): Registering web_reg_save_param was successful  	[MsgId: MMSG-26390]
Action.c(529): web_custom_request("itinerary.pl") started  	[MsgId: MMSG-26355]
Action.c(529): Error -26377: No match found for the requested parameter "flightID". Either the specified boundaries were not found in the response or the matched text is longer than current max html parameter size of 256 bytes. The total length of the response is 887 bytes. You can use "web_set_max_html_param_len" to increase the max parameter size.  	[MsgId: MERR-26377]
Action.c(529): Error -26377: No match found for the requested parameter "cgifields". Either the specified boundaries were not found in the response or the matched text is longer than current max html parameter size of 256 bytes. The total length of the response is 887 bytes. You can use "web_set_max_html_param_len" to increase the max parameter size.  	[MsgId: MERR-26377]
End auto log messages stack.	[MsgId: MMSG-10544]


Start auto log messages stack - Iteration 8.	[MsgId: MMSG-10545]
Action.c(496): web_custom_request("nav.pl_3") started  	[MsgId: MMSG-26355]
Action.c(496): web_custom_request("nav.pl_3") was successful, 1482 body bytes, 255 header bytes, 12 chunking overhead bytes  	[MsgId: MMSG-26385]
Action.c(511): web_reg_save_param started  	[MsgId: MMSG-26355]
Action.c(511): Registering web_reg_save_param was successful  	[MsgId: MMSG-26390]
Action.c(519): web_reg_save_param started  	[MsgId: MMSG-26355]
Action.c(519): Registering web_reg_save_param was successful  	[MsgId: MMSG-26390]
Action.c(529): web_custom_request("itinerary.pl") started  	[MsgId: MMSG-26355]
Action.c(529): Error -26377: No match found for the requested parameter "flightID". Either the specified boundaries were not found in the response or the matched text is longer than current max html parameter size of 256 bytes. The total length of the response is 887 bytes. You can use "web_set_max_html_param_len" to increase the max parameter size.  	[MsgId: MERR-26377]
Action.c(529): Error -26377: No match found for the requested parameter "cgifields". Either the specified boundaries were not found in the response or the matched text is longer than current max html parameter size of 256 bytes. The total length of the response is 887 bytes. You can use "web_set_max_html_param_len" to increase the max parameter size.  	[MsgId: MERR-26377]
End auto log messages stack.	[MsgId: MMSG-10544]


Start auto log messages stack - Iteration 9.	[MsgId: MMSG-10545]
Action.c(496): web_custom_request("nav.pl_3") started  	[MsgId: MMSG-26355]
Action.c(496): web_custom_request("nav.pl_3") was successful, 1482 body bytes, 255 header bytes, 12 chunking overhead bytes  	[MsgId: MMSG-26385]
Action.c(511): web_reg_save_param started  	[MsgId: MMSG-26355]
Action.c(511): Registering web_reg_save_param was successful  	[MsgId: MMSG-26390]
Action.c(519): web_reg_save_param started  	[MsgId: MMSG-26355]
Action.c(519): Registering web_reg_save_param was successful  	[MsgId: MMSG-26390]
Action.c(529): web_custom_request("itinerary.pl") started  	[MsgId: MMSG-26355]
Action.c(529): Error -26377: No match found for the requested parameter "flightID". Either the specified boundaries were not found in the response or the matched text is longer than current max html parameter size of 256 bytes. The total length of the response is 887 bytes. You can use "web_set_max_html_param_len" to increase the max parameter size.  	[MsgId: MERR-26377]
Action.c(529): Error -26377: No match found for the requested parameter "cgifields". Either the specified boundaries were not found in the response or the matched text is longer than current max html parameter size of 256 bytes. The total length of the response is 887 bytes. You can use "web_set_max_html_param_len" to increase the max parameter size.  	[MsgId: MERR-26377]
End auto log messages stack.	[MsgId: MMSG-10544]


Start auto log messages stack - Iteration 10.	[MsgId: MMSG-10545]
Action.c(496): web_custom_request("nav.pl_3") started  	[MsgId: MMSG-26355]
Action.c(496): web_custom_request("nav.pl_3") was successful, 1482 body bytes, 255 header bytes, 12 chunking overhead bytes  	[MsgId: MMSG-26385]
Action.c(511): web_reg_save_param started  	[MsgId: MMSG-26355]
Action.c(511): Registering web_reg_save_param was successful  	[MsgId: MMSG-26390]
Action.c(519): web_reg_save_param started  	[MsgId: MMSG-26355]
Action.c(519): Registering web_reg_save_param was successful  	[MsgId: MMSG-26390]
Action.c(529): web_custom_request("itinerary.pl") started  	[MsgId: MMSG-26355]
Action.c(529): Error -26377: No match found for the requested parameter "flightID". Either the specified boundaries were not found in the response or the matched text is longer than current max html parameter size of 256 bytes. The total length of the response is 887 bytes. You can use "web_set_max_html_param_len" to increase the max parameter size.  	[MsgId: MERR-26377]
Action.c(529): Error -26377: No match found for the requested parameter "cgifields". Either the specified boundaries were not found in the response or the matched text is longer than current max html parameter size of 256 bytes. The total length of the response is 887 bytes. You can use "web_set_max_html_param_len" to increase the max parameter size.  	[MsgId: MERR-26377]
End auto log messages stack.	[MsgId: MMSG-10544]


Start auto log messages stack - Iteration 11.	[MsgId: MMSG-10545]
Action.c(496): web_custom_request("nav.pl_3") started  	[MsgId: MMSG-26355]
Action.c(496): web_custom_request("nav.pl_3") was successful, 1482 body bytes, 255 header bytes, 12 chunking overhead bytes  	[MsgId: MMSG-26385]
Action.c(511): web_reg_save_param started  	[MsgId: MMSG-26355]
Action.c(511): Registering web_reg_save_param was successful  	[MsgId: MMSG-26390]
Action.c(519): web_reg_save_param started  	[MsgId: MMSG-26355]
Action.c(519): Registering web_reg_save_param was successful  	[MsgId: MMSG-26390]
Action.c(529): web_custom_request("itinerary.pl") started  	[MsgId: MMSG-26355]
Action.c(529): Error -26377: No match found for the requested parameter "flightID". Either the specified boundaries were not found in the response or the matched text is longer than current max html parameter size of 256 bytes. The total length of the response is 887 bytes. You can use "web_set_max_html_param_len" to increase the max parameter size.  	[MsgId: MERR-26377]
Action.c(529): Error -26377: No match found for the requested parameter "cgifields". Either the specified boundaries were not found in the response or the matched text is longer than current max html parameter size of 256 bytes. The total length of the response is 887 bytes. You can use "web_set_max_html_param_len" to increase the max parameter size.  	[MsgId: MERR-26377]
End auto log messages stack.	[MsgId: MMSG-10544]


Start auto log messages stack - Iteration 12.	[MsgId: MMSG-10545]
Action.c(496): web_custom_request("nav.pl_3") started  	[MsgId: MMSG-26355]
Action.c(496): web_custom_request("nav.pl_3") was successful, 1482 body bytes, 255 header bytes, 12 chunking overhead bytes  	[MsgId: MMSG-26385]
Action.c(511): web_reg_save_param started  	[MsgId: MMSG-26355]
Action.c(511): Registering web_reg_save_param was successful  	[MsgId: MMSG-26390]
Action.c(519): web_reg_save_param started  	[MsgId: MMSG-26355]
Action.c(519): Registering web_reg_save_param was successful  	[MsgId: MMSG-26390]
Action.c(529): web_custom_request("itinerary.pl") started  	[MsgId: MMSG-26355]
Action.c(529): Error -26377: No match found for the requested parameter "flightID". Either the specified boundaries were not found in the response or the matched text is longer than current max html parameter size of 256 bytes. The total length of the response is 887 bytes. You can use "web_set_max_html_param_len" to increase the max parameter size.  	[MsgId: MERR-26377]
Action.c(529): Error -26377: No match found for the requested parameter "cgifields". Either the specified boundaries were not found in the response or the matched text is longer than current max html parameter size of 256 bytes. The total length of the response is 887 bytes. You can use "web_set_max_html_param_len" to increase the max parameter size.  	[MsgId: MERR-26377]
End auto log messages stack.	[MsgId: MMSG-10544]


Start auto log messages stack - Iteration 13.	[MsgId: MMSG-10545]
Action.c(496): web_custom_request("nav.pl_3") started  	[MsgId: MMSG-26355]
Action.c(496): web_custom_request("nav.pl_3") was successful, 1482 body bytes, 255 header bytes, 12 chunking overhead bytes  	[MsgId: MMSG-26385]
Action.c(511): web_reg_save_param started  	[MsgId: MMSG-26355]
Action.c(511): Registering web_reg_save_param was successful  	[MsgId: MMSG-26390]
Action.c(519): web_reg_save_param started  	[MsgId: MMSG-26355]
Action.c(519): Registering web_reg_save_param was successful  	[MsgId: MMSG-26390]
Action.c(529): web_custom_request("itinerary.pl") started  	[MsgId: MMSG-26355]
Action.c(529): Error -26377: No match found for the requested parameter "flightID". Either the specified boundaries were not found in the response or the matched text is longer than current max html parameter size of 256 bytes. The total length of the response is 887 bytes. You can use "web_set_max_html_param_len" to increase the max parameter size.  	[MsgId: MERR-26377]
Action.c(529): Error -26377: No match found for the requested parameter "cgifields". Either the specified boundaries were not found in the response or the matched text is longer than current max html parameter size of 256 bytes. The total length of the response is 887 bytes. You can use "web_set_max_html_param_len" to increase the max parameter size.  	[MsgId: MERR-26377]
End auto log messages stack.	[MsgId: MMSG-10544]


Start auto log messages stack - Iteration 14.	[MsgId: MMSG-10545]
Action.c(496): web_custom_request("nav.pl_3") started  	[MsgId: MMSG-26355]
Action.c(496): web_custom_request("nav.pl_3") was successful, 1482 body bytes, 255 header bytes, 12 chunking overhead bytes  	[MsgId: MMSG-26385]
Action.c(511): web_reg_save_param started  	[MsgId: MMSG-26355]
Action.c(511): Registering web_reg_save_param was successful  	[MsgId: MMSG-26390]
Action.c(519): web_reg_save_param started  	[MsgId: MMSG-26355]
Action.c(519): Registering web_reg_save_param was successful  	[MsgId: MMSG-26390]
Action.c(529): web_custom_request("itinerary.pl") started  	[MsgId: MMSG-26355]
Action.c(529): Error -26377: No match found for the requested parameter "flightID". Either the specified boundaries were not found in the response or the matched text is longer than current max html parameter size of 256 bytes. The total length of the response is 887 bytes. You can use "web_set_max_html_param_len" to increase the max parameter size.  	[MsgId: MERR-26377]
Action.c(529): Error -26377: No match found for the requested parameter "cgifields". Either the specified boundaries were not found in the response or the matched text is longer than current max html parameter size of 256 bytes. The total length of the response is 887 bytes. You can use "web_set_max_html_param_len" to increase the max parameter size.  	[MsgId: MERR-26377]
End auto log messages stack.	[MsgId: MMSG-10544]


Start auto log messages stack - Iteration 15.	[MsgId: MMSG-10545]
Action.c(496): web_custom_request("nav.pl_3") started  	[MsgId: MMSG-26355]
Action.c(496): web_custom_request("nav.pl_3") was successful, 1482 body bytes, 255 header bytes, 12 chunking overhead bytes  	[MsgId: MMSG-26385]
Action.c(511): web_reg_save_param started  	[MsgId: MMSG-26355]
Action.c(511): Registering web_reg_save_param was successful  	[MsgId: MMSG-26390]
Action.c(519): web_reg_save_param started  	[MsgId: MMSG-26355]
Action.c(519): Registering web_reg_save_param was successful  	[MsgId: MMSG-26390]
Action.c(529): web_custom_request("itinerary.pl") started  	[MsgId: MMSG-26355]
Action.c(529): Error -26377: No match found for the requested parameter "flightID". Either the specified boundaries were not found in the response or the matched text is longer than current max html parameter size of 256 bytes. The total length of the response is 887 bytes. You can use "web_set_max_html_param_len" to increase the max parameter size.  	[MsgId: MERR-26377]
Action.c(529): Error -26377: No match found for the requested parameter "cgifields". Either the specified boundaries were not found in the response or the matched text is longer than current max html parameter size of 256 bytes. The total length of the response is 887 bytes. You can use "web_set_max_html_param_len" to increase the max parameter size.  	[MsgId: MERR-26377]
End auto log messages stack.	[MsgId: MMSG-10544]


Start auto log messages stack - Iteration 16.	[MsgId: MMSG-10545]
Action.c(496): web_custom_request("nav.pl_3") started  	[MsgId: MMSG-26355]
Action.c(496): web_custom_request("nav.pl_3") was successful, 1482 body bytes, 255 header bytes, 12 chunking overhead bytes  	[MsgId: MMSG-26385]
Action.c(511): web_reg_save_param started  	[MsgId: MMSG-26355]
Action.c(511): Registering web_reg_save_param was successful  	[MsgId: MMSG-26390]
Action.c(519): web_reg_save_param started  	[MsgId: MMSG-26355]
Action.c(519): Registering web_reg_save_param was successful  	[MsgId: MMSG-26390]
Action.c(529): web_custom_request("itinerary.pl") started  	[MsgId: MMSG-26355]
Action.c(529): Error -26377: No match found for the requested parameter "flightID". Either the specified boundaries were not found in the response or the matched text is longer than current max html parameter size of 256 bytes. The total length of the response is 887 bytes. You can use "web_set_max_html_param_len" to increase the max parameter size.  	[MsgId: MERR-26377]
Action.c(529): Error -26377: No match found for the requested parameter "cgifields". Either the specified boundaries were not found in the response or the matched text is longer than current max html parameter size of 256 bytes. The total length of the response is 887 bytes. You can use "web_set_max_html_param_len" to increase the max parameter size.  	[MsgId: MERR-26377]
End auto log messages stack.	[MsgId: MMSG-10544]


Start auto log messages stack - Iteration 17.	[MsgId: MMSG-10545]
Action.c(496): web_custom_request("nav.pl_3") started  	[MsgId: MMSG-26355]
Action.c(496): web_custom_request("nav.pl_3") was successful, 1482 body bytes, 255 header bytes, 12 chunking overhead bytes  	[MsgId: MMSG-26385]
Action.c(511): web_reg_save_param started  	[MsgId: MMSG-26355]
Action.c(511): Registering web_reg_save_param was successful  	[MsgId: MMSG-26390]
Action.c(519): web_reg_save_param started  	[MsgId: MMSG-26355]
Action.c(519): Registering web_reg_save_param was successful  	[MsgId: MMSG-26390]
Action.c(529): web_custom_request("itinerary.pl") started  	[MsgId: MMSG-26355]
Action.c(529): Error -26377: No match found for the requested parameter "flightID". Either the specified boundaries were not found in the response or the matched text is longer than current max html parameter size of 256 bytes. The total length of the response is 887 bytes. You can use "web_set_max_html_param_len" to increase the max parameter size.  	[MsgId: MERR-26377]
Action.c(529): Error -26377: No match found for the requested parameter "cgifields". Either the specified boundaries were not found in the response or the matched text is longer than current max html parameter size of 256 bytes. The total length of the response is 887 bytes. You can use "web_set_max_html_param_len" to increase the max parameter size.  	[MsgId: MERR-26377]
End auto log messages stack.	[MsgId: MMSG-10544]


Start auto log messages stack - Iteration 18.	[MsgId: MMSG-10545]
Action.c(496): web_custom_request("nav.pl_3") started  	[MsgId: MMSG-26355]
Action.c(496): web_custom_request("nav.pl_3") was successful, 1482 body bytes, 255 header bytes, 12 chunking overhead bytes  	[MsgId: MMSG-26385]
Action.c(511): web_reg_save_param started  	[MsgId: MMSG-26355]
Action.c(511): Registering web_reg_save_param was successful  	[MsgId: MMSG-26390]
Action.c(519): web_reg_save_param started  	[MsgId: MMSG-26355]
Action.c(519): Registering web_reg_save_param was successful  	[MsgId: MMSG-26390]
Action.c(529): web_custom_request("itinerary.pl") started  	[MsgId: MMSG-26355]
Action.c(529): Error -26377: No match found for the requested parameter "flightID". Either the specified boundaries were not found in the response or the matched text is longer than current max html parameter size of 256 bytes. The total length of the response is 887 bytes. You can use "web_set_max_html_param_len" to increase the max parameter size.  	[MsgId: MERR-26377]
Action.c(529): Error -26377: No match found for the requested parameter "cgifields". Either the specified boundaries were not found in the response or the matched text is longer than current max html parameter size of 256 bytes. The total length of the response is 887 bytes. You can use "web_set_max_html_param_len" to increase the max parameter size.  	[MsgId: MERR-26377]
End auto log messages stack.	[MsgId: MMSG-10544]


Start auto log messages stack - Iteration 19.	[MsgId: MMSG-10545]
Action.c(496): web_custom_request("nav.pl_3") started  	[MsgId: MMSG-26355]
Action.c(496): web_custom_request("nav.pl_3") was successful, 1482 body bytes, 255 header bytes, 12 chunking overhead bytes  	[MsgId: MMSG-26385]
Action.c(511): web_reg_save_param started  	[MsgId: MMSG-26355]
Action.c(511): Registering web_reg_save_param was successful  	[MsgId: MMSG-26390]
Action.c(519): web_reg_save_param started  	[MsgId: MMSG-26355]
Action.c(519): Registering web_reg_save_param was successful  	[MsgId: MMSG-26390]
Action.c(529): web_custom_request("itinerary.pl") started  	[MsgId: MMSG-26355]
Action.c(529): Error -26377: No match found for the requested parameter "flightID". Either the specified boundaries were not found in the response or the matched text is longer than current max html parameter size of 256 bytes. The total length of the response is 887 bytes. You can use "web_set_max_html_param_len" to increase the max parameter size.  	[MsgId: MERR-26377]
Action.c(529): Error -26377: No match found for the requested parameter "cgifields". Either the specified boundaries were not found in the response or the matched text is longer than current max html parameter size of 256 bytes. The total length of the response is 887 bytes. You can use "web_set_max_html_param_len" to increase the max parameter size.  	[MsgId: MERR-26377]
End auto log messages stack.	[MsgId: MMSG-10544]


Start auto log messages stack - Iteration 20.	[MsgId: MMSG-10545]
Action.c(496): web_custom_request("nav.pl_3") started  	[MsgId: MMSG-26355]
Action.c(496): web_custom_request("nav.pl_3") was successful, 1482 body bytes, 255 header bytes, 12 chunking overhead bytes  	[MsgId: MMSG-26385]
Action.c(511): web_reg_save_param started  	[MsgId: MMSG-26355]
Action.c(511): Registering web_reg_save_param was successful  	[MsgId: MMSG-26390]
Action.c(519): web_reg_save_param started  	[MsgId: MMSG-26355]
Action.c(519): Registering web_reg_save_param was successful  	[MsgId: MMSG-26390]
Action.c(529): web_custom_request("itinerary.pl") started  	[MsgId: MMSG-26355]
Action.c(529): Error -26377: No match found for the requested parameter "flightID". Either the specified boundaries were not found in the response or the matched text is longer than current max html parameter size of 256 bytes. The total length of the response is 887 bytes. You can use "web_set_max_html_param_len" to increase the max parameter size.  	[MsgId: MERR-26377]
Action.c(529): Error -26377: No match found for the requested parameter "cgifields". Either the specified boundaries were not found in the response or the matched text is longer than current max html parameter size of 256 bytes. The total length of the response is 887 bytes. You can use "web_set_max_html_param_len" to increase the max parameter size.  	[MsgId: MERR-26377]
End auto log messages stack.	[MsgId: MMSG-10544]


Start auto log messages stack - Iteration 21.	[MsgId: MMSG-10545]
Action.c(496): web_custom_request("nav.pl_3") started  	[MsgId: MMSG-26355]
Action.c(496): web_custom_request("nav.pl_3") was successful, 1482 body bytes, 255 header bytes, 12 chunking overhead bytes  	[MsgId: MMSG-26385]
Action.c(511): web_reg_save_param started  	[MsgId: MMSG-26355]
Action.c(511): Registering web_reg_save_param was successful  	[MsgId: MMSG-26390]
Action.c(519): web_reg_save_param started  	[MsgId: MMSG-26355]
Action.c(519): Registering web_reg_save_param was successful  	[MsgId: MMSG-26390]
Action.c(529): web_custom_request("itinerary.pl") started  	[MsgId: MMSG-26355]
Action.c(529): Error -26377: No match found for the requested parameter "flightID". Either the specified boundaries were not found in the response or the matched text is longer than current max html parameter size of 256 bytes. The total length of the response is 887 bytes. You can use "web_set_max_html_param_len" to increase the max parameter size.  	[MsgId: MERR-26377]
Action.c(529): Error -26377: No match found for the requested parameter "cgifields". Either the specified boundaries were not found in the response or the matched text is longer than current max html parameter size of 256 bytes. The total length of the response is 887 bytes. You can use "web_set_max_html_param_len" to increase the max parameter size.  	[MsgId: MERR-26377]
End auto log messages stack.	[MsgId: MMSG-10544]


Start auto log messages stack - Iteration 22.	[MsgId: MMSG-10545]
Action.c(496): web_custom_request("nav.pl_3") started  	[MsgId: MMSG-26355]
Action.c(496): web_custom_request("nav.pl_3") was successful, 1482 body bytes, 255 header bytes, 12 chunking overhead bytes  	[MsgId: MMSG-26385]
Action.c(511): web_reg_save_param started  	[MsgId: MMSG-26355]
Action.c(511): Registering web_reg_save_param was successful  	[MsgId: MMSG-26390]
Action.c(519): web_reg_save_param started  	[MsgId: MMSG-26355]
Action.c(519): Registering web_reg_save_param was successful  	[MsgId: MMSG-26390]
Action.c(529): web_custom_request("itinerary.pl") started  	[MsgId: MMSG-26355]
Action.c(529): Error -26377: No match found for the requested parameter "flightID". Either the specified boundaries were not found in the response or the matched text is longer than current max html parameter size of 256 bytes. The total length of the response is 887 bytes. You can use "web_set_max_html_param_len" to increase the max parameter size.  	[MsgId: MERR-26377]
Action.c(529): Error -26377: No match found for the requested parameter "cgifields". Either the specified boundaries were not found in the response or the matched text is longer than current max html parameter size of 256 bytes. The total length of the response is 887 bytes. You can use "web_set_max_html_param_len" to increase the max parameter size.  	[MsgId: MERR-26377]
End auto log messages stack.	[MsgId: MMSG-10544]


Start auto log messages stack - Iteration 23.	[MsgId: MMSG-10545]
Action.c(496): web_custom_request("nav.pl_3") started  	[MsgId: MMSG-26355]
Action.c(496): web_custom_request("nav.pl_3") was successful, 1482 body bytes, 255 header bytes, 12 chunking overhead bytes  	[MsgId: MMSG-26385]
Action.c(511): web_reg_save_param started  	[MsgId: MMSG-26355]
Action.c(511): Registering web_reg_save_param was successful  	[MsgId: MMSG-26390]
Action.c(519): web_reg_save_param started  	[MsgId: MMSG-26355]
Action.c(519): Registering web_reg_save_param was successful  	[MsgId: MMSG-26390]
Action.c(529): web_custom_request("itinerary.pl") started  	[MsgId: MMSG-26355]
Action.c(529): Error -26377: No match found for the requested parameter "flightID". Either the specified boundaries were not found in the response or the matched text is longer than current max html parameter size of 256 bytes. The total length of the response is 887 bytes. You can use "web_set_max_html_param_len" to increase the max parameter size.  	[MsgId: MERR-26377]
Action.c(529): Error -26377: No match found for the requested parameter "cgifields". Either the specified boundaries were not found in the response or the matched text is longer than current max html parameter size of 256 bytes. The total length of the response is 887 bytes. You can use "web_set_max_html_param_len" to increase the max parameter size.  	[MsgId: MERR-26377]
End auto log messages stack.	[MsgId: MMSG-10544]


Start auto log messages stack - Iteration 24.	[MsgId: MMSG-10545]
Action.c(380): web_concurrent_start started  	[MsgId: MMSG-26355]
Action.c(380): web_concurrent_start was successful  	[MsgId: MMSG-26392]
Action.c(382): web_custom_request("nav.pl_2") started  	[MsgId: MMSG-26355]
Action.c(382): Registering web_custom_request("nav.pl_2") was successful  	[MsgId: MMSG-26390]
Action.c(393): web_reg_find started  	[MsgId: MMSG-26355]
Action.c(393): Registering web_reg_find was successful  	[MsgId: MMSG-26390]
Action.c(396): web_custom_request("login.pl_2") started  	[MsgId: MMSG-26355]
Action.c(396): Registering web_custom_request("login.pl_2") was successful  	[MsgId: MMSG-26390]
Action.c(406): web_concurrent_end started  	[MsgId: MMSG-26355]
Action.c(382): Error -27721: Step download timeout (120 seconds) has expired when downloading resource "http://localhost:1080/cgi-bin/nav.pl?page=menu&in=home"   [issued at Action.c(406)]  	[MsgId: MERR-27721]
End auto log messages stack.	[MsgId: MMSG-10544]


Start auto log messages stack - Iteration 25.	[MsgId: MMSG-10545]
Action.c(496): web_custom_request("nav.pl_3") started  	[MsgId: MMSG-26355]
Action.c(496): web_custom_request("nav.pl_3") was successful, 1482 body bytes, 255 header bytes, 12 chunking overhead bytes  	[MsgId: MMSG-26385]
Action.c(511): web_reg_save_param started  	[MsgId: MMSG-26355]
Action.c(511): Registering web_reg_save_param was successful  	[MsgId: MMSG-26390]
Action.c(519): web_reg_save_param started  	[MsgId: MMSG-26355]
Action.c(519): Registering web_reg_save_param was successful  	[MsgId: MMSG-26390]
Action.c(529): web_custom_request("itinerary.pl") started  	[MsgId: MMSG-26355]
Action.c(529): Error -26377: No match found for the requested parameter "flightID". Either the specified boundaries were not found in the response or the matched text is longer than current max html parameter size of 256 bytes. The total length of the response is 887 bytes. You can use "web_set_max_html_param_len" to increase the max parameter size.  	[MsgId: MERR-26377]
Action.c(529): Error -26377: No match found for the requested parameter "cgifields". Either the specified boundaries were not found in the response or the matched text is longer than current max html parameter size of 256 bytes. The total length of the response is 887 bytes. You can use "web_set_max_html_param_len" to increase the max parameter size.  	[MsgId: MERR-26377]
End auto log messages stack.	[MsgId: MMSG-10544]


Start auto log messages stack - Iteration 26.	[MsgId: MMSG-10545]
Action.c(496): web_custom_request("nav.pl_3") started  	[MsgId: MMSG-26355]
Action.c(496): web_custom_request("nav.pl_3") was successful, 1482 body bytes, 255 header bytes, 12 chunking overhead bytes  	[MsgId: MMSG-26385]
Action.c(511): web_reg_save_param started  	[MsgId: MMSG-26355]
Action.c(511): Registering web_reg_save_param was successful  	[MsgId: MMSG-26390]
Action.c(519): web_reg_save_param started  	[MsgId: MMSG-26355]
Action.c(519): Registering web_reg_save_param was successful  	[MsgId: MMSG-26390]
Action.c(529): web_custom_request("itinerary.pl") started  	[MsgId: MMSG-26355]
Action.c(529): Error -26377: No match found for the requested parameter "flightID". Either the specified boundaries were not found in the response or the matched text is longer than current max html parameter size of 256 bytes. The total length of the response is 887 bytes. You can use "web_set_max_html_param_len" to increase the max parameter size.  	[MsgId: MERR-26377]
Action.c(529): Error -26377: No match found for the requested parameter "cgifields". Either the specified boundaries were not found in the response or the matched text is longer than current max html parameter size of 256 bytes. The total length of the response is 887 bytes. You can use "web_set_max_html_param_len" to increase the max parameter size.  	[MsgId: MERR-26377]
End auto log messages stack.	[MsgId: MMSG-10544]


Start auto log messages stack - Iteration 27.	[MsgId: MMSG-10545]
Action.c(496): web_custom_request("nav.pl_3") started  	[MsgId: MMSG-26355]
Action.c(496): web_custom_request("nav.pl_3") was successful, 1482 body bytes, 255 header bytes, 12 chunking overhead bytes  	[MsgId: MMSG-26385]
Action.c(511): web_reg_save_param started  	[MsgId: MMSG-26355]
Action.c(511): Registering web_reg_save_param was successful  	[MsgId: MMSG-26390]
Action.c(519): web_reg_save_param started  	[MsgId: MMSG-26355]
Action.c(519): Registering web_reg_save_param was successful  	[MsgId: MMSG-26390]
Action.c(529): web_custom_request("itinerary.pl") started  	[MsgId: MMSG-26355]
Action.c(529): Error -26377: No match found for the requested parameter "flightID". Either the specified boundaries were not found in the response or the matched text is longer than current max html parameter size of 256 bytes. The total length of the response is 887 bytes. You can use "web_set_max_html_param_len" to increase the max parameter size.  	[MsgId: MERR-26377]
Action.c(529): Error -26377: No match found for the requested parameter "cgifields". Either the specified boundaries were not found in the response or the matched text is longer than current max html parameter size of 256 bytes. The total length of the response is 887 bytes. You can use "web_set_max_html_param_len" to increase the max parameter size.  	[MsgId: MERR-26377]
End auto log messages stack.	[MsgId: MMSG-10544]


Start auto log messages stack - Iteration 28.	[MsgId: MMSG-10545]
Action.c(496): web_custom_request("nav.pl_3") started  	[MsgId: MMSG-26355]
Action.c(496): web_custom_request("nav.pl_3") was successful, 1482 body bytes, 255 header bytes, 12 chunking overhead bytes  	[MsgId: MMSG-26385]
Action.c(511): web_reg_save_param started  	[MsgId: MMSG-26355]
Action.c(511): Registering web_reg_save_param was successful  	[MsgId: MMSG-26390]
Action.c(519): web_reg_save_param started  	[MsgId: MMSG-26355]
Action.c(519): Registering web_reg_save_param was successful  	[MsgId: MMSG-26390]
Action.c(529): web_custom_request("itinerary.pl") started  	[MsgId: MMSG-26355]
Action.c(529): Error -26377: No match found for the requested parameter "flightID". Either the specified boundaries were not found in the response or the matched text is longer than current max html parameter size of 256 bytes. The total length of the response is 887 bytes. You can use "web_set_max_html_param_len" to increase the max parameter size.  	[MsgId: MERR-26377]
Action.c(529): Error -26377: No match found for the requested parameter "cgifields". Either the specified boundaries were not found in the response or the matched text is longer than current max html parameter size of 256 bytes. The total length of the response is 887 bytes. You can use "web_set_max_html_param_len" to increase the max parameter size.  	[MsgId: MERR-26377]
End auto log messages stack.	[MsgId: MMSG-10544]


Start auto log messages stack - Iteration 29.	[MsgId: MMSG-10545]
Action.c(496): web_custom_request("nav.pl_3") started  	[MsgId: MMSG-26355]
Action.c(496): web_custom_request("nav.pl_3") was successful, 1482 body bytes, 255 header bytes, 12 chunking overhead bytes  	[MsgId: MMSG-26385]
Action.c(511): web_reg_save_param started  	[MsgId: MMSG-26355]
Action.c(511): Registering web_reg_save_param was successful  	[MsgId: MMSG-26390]
Action.c(519): web_reg_save_param started  	[MsgId: MMSG-26355]
Action.c(519): Registering web_reg_save_param was successful  	[MsgId: MMSG-26390]
Action.c(529): web_custom_request("itinerary.pl") started  	[MsgId: MMSG-26355]
Action.c(529): Error -26377: No match found for the requested parameter "flightID". Either the specified boundaries were not found in the response or the matched text is longer than current max html parameter size of 256 bytes. The total length of the response is 887 bytes. You can use "web_set_max_html_param_len" to increase the max parameter size.  	[MsgId: MERR-26377]
Action.c(529): Error -26377: No match found for the requested parameter "cgifields". Either the specified boundaries were not found in the response or the matched text is longer than current max html parameter size of 256 bytes. The total length of the response is 887 bytes. You can use "web_set_max_html_param_len" to increase the max parameter size.  	[MsgId: MERR-26377]
End auto log messages stack.	[MsgId: MMSG-10544]


Start auto log messages stack - Iteration 30.	[MsgId: MMSG-10545]
Action.c(496): web_custom_request("nav.pl_3") started  	[MsgId: MMSG-26355]
Action.c(496): web_custom_request("nav.pl_3") was successful, 1482 body bytes, 255 header bytes, 12 chunking overhead bytes  	[MsgId: MMSG-26385]
Action.c(511): web_reg_save_param started  	[MsgId: MMSG-26355]
Action.c(511): Registering web_reg_save_param was successful  	[MsgId: MMSG-26390]
Action.c(519): web_reg_save_param started  	[MsgId: MMSG-26355]
Action.c(519): Registering web_reg_save_param was successful  	[MsgId: MMSG-26390]
Action.c(529): web_custom_request("itinerary.pl") started  	[MsgId: MMSG-26355]
Action.c(529): Error -26377: No match found for the requested parameter "flightID". Either the specified boundaries were not found in the response or the matched text is longer than current max html parameter size of 256 bytes. The total length of the response is 887 bytes. You can use "web_set_max_html_param_len" to increase the max parameter size.  	[MsgId: MERR-26377]
Action.c(529): Error -26377: No match found for the requested parameter "cgifields". Either the specified boundaries were not found in the response or the matched text is longer than current max html parameter size of 256 bytes. The total length of the response is 887 bytes. You can use "web_set_max_html_param_len" to increase the max parameter size.  	[MsgId: MERR-26377]
End auto log messages stack.	[MsgId: MMSG-10544]


Start auto log messages stack - Iteration 31.	[MsgId: MMSG-10545]
Action.c(496): web_custom_request("nav.pl_3") started  	[MsgId: MMSG-26355]
Action.c(496): web_custom_request("nav.pl_3") was successful, 1482 body bytes, 255 header bytes, 12 chunking overhead bytes  	[MsgId: MMSG-26385]
Action.c(511): web_reg_save_param started  	[MsgId: MMSG-26355]
Action.c(511): Registering web_reg_save_param was successful  	[MsgId: MMSG-26390]
Action.c(519): web_reg_save_param started  	[MsgId: MMSG-26355]
Action.c(519): Registering web_reg_save_param was successful  	[MsgId: MMSG-26390]
Action.c(529): web_custom_request("itinerary.pl") started  	[MsgId: MMSG-26355]
Action.c(529): Error -26377: No match found for the requested parameter "flightID". Either the specified boundaries were not found in the response or the matched text is longer than current max html parameter size of 256 bytes. The total length of the response is 887 bytes. You can use "web_set_max_html_param_len" to increase the max parameter size.  	[MsgId: MERR-26377]
Action.c(529): Error -26377: No match found for the requested parameter "cgifields". Either the specified boundaries were not found in the response or the matched text is longer than current max html parameter size of 256 bytes. The total length of the response is 887 bytes. You can use "web_set_max_html_param_len" to increase the max parameter size.  	[MsgId: MERR-26377]
End auto log messages stack.	[MsgId: MMSG-10544]


Start auto log messages stack - Iteration 32.	[MsgId: MMSG-10545]
Action.c(496): web_custom_request("nav.pl_3") started  	[MsgId: MMSG-26355]
Action.c(496): web_custom_request("nav.pl_3") was successful, 1482 body bytes, 255 header bytes, 12 chunking overhead bytes  	[MsgId: MMSG-26385]
Action.c(511): web_reg_save_param started  	[MsgId: MMSG-26355]
Action.c(511): Registering web_reg_save_param was successful  	[MsgId: MMSG-26390]
Action.c(519): web_reg_save_param started  	[MsgId: MMSG-26355]
Action.c(519): Registering web_reg_save_param was successful  	[MsgId: MMSG-26390]
Action.c(529): web_custom_request("itinerary.pl") started  	[MsgId: MMSG-26355]
Action.c(529): Error -26377: No match found for the requested parameter "flightID". Either the specified boundaries were not found in the response or the matched text is longer than current max html parameter size of 256 bytes. The total length of the response is 887 bytes. You can use "web_set_max_html_param_len" to increase the max parameter size.  	[MsgId: MERR-26377]
Action.c(529): Error -26377: No match found for the requested parameter "cgifields". Either the specified boundaries were not found in the response or the matched text is longer than current max html parameter size of 256 bytes. The total length of the response is 887 bytes. You can use "web_set_max_html_param_len" to increase the max parameter size.  	[MsgId: MERR-26377]
End auto log messages stack.	[MsgId: MMSG-10544]


Start auto log messages stack - Iteration 33.	[MsgId: MMSG-10545]
Action.c(496): web_custom_request("nav.pl_3") started  	[MsgId: MMSG-26355]
Action.c(496): web_custom_request("nav.pl_3") was successful, 1482 body bytes, 255 header bytes, 12 chunking overhead bytes  	[MsgId: MMSG-26385]
Action.c(511): web_reg_save_param started  	[MsgId: MMSG-26355]
Action.c(511): Registering web_reg_save_param was successful  	[MsgId: MMSG-26390]
Action.c(519): web_reg_save_param started  	[MsgId: MMSG-26355]
Action.c(519): Registering web_reg_save_param was successful  	[MsgId: MMSG-26390]
Action.c(529): web_custom_request("itinerary.pl") started  	[MsgId: MMSG-26355]
Action.c(529): Error -26377: No match found for the requested parameter "flightID". Either the specified boundaries were not found in the response or the matched text is longer than current max html parameter size of 256 bytes. The total length of the response is 887 bytes. You can use "web_set_max_html_param_len" to increase the max parameter size.  	[MsgId: MERR-26377]
Action.c(529): Error -26377: No match found for the requested parameter "cgifields". Either the specified boundaries were not found in the response or the matched text is longer than current max html parameter size of 256 bytes. The total length of the response is 887 bytes. You can use "web_set_max_html_param_len" to increase the max parameter size.  	[MsgId: MERR-26377]
End auto log messages stack.	[MsgId: MMSG-10544]


