Start auto log messages stack - Iteration 1.	[MsgId: MMSG-10545]
Action.c(496): web_custom_request("nav.pl_3") started  	[MsgId: MMSG-26355]
Action.c(496): web_custom_request("nav.pl_3") was successful, 1482 body bytes, 255 header bytes, 12 chunking overhead bytes  	[MsgId: MMSG-26385]
Action.c(511): web_reg_save_param started  	[MsgId: MMSG-26355]
Action.c(511): Registering web_reg_save_param was successful  	[MsgId: MMSG-26390]
Action.c(519): web_reg_save_param started  	[MsgId: MMSG-26355]
Action.c(519): Registering web_reg_save_param was successful  	[MsgId: MMSG-26390]
Action.c(529): web_custom_request("itinerary.pl") started  	[MsgId: MMSG-26355]
Action.c(529): Error -26377: No match found for the requested parameter "flightID". Either the specified boundaries were not found in the response or the matched text is longer than current max html parameter size of 256 bytes. The total length of the response is 887 bytes. You can use "web_set_max_html_param_len" to increase the max parameter size.  	[MsgId: MERR-26377]
Action.c(529): Error -26377: No match found for the requested parameter "cgifields". Either the specified boundaries were not found in the response or the matched text is longer than current max html parameter size of 256 bytes. The total length of the response is 887 bytes. You can use "web_set_max_html_param_len" to increase the max parameter size.  	[MsgId: MERR-26377]
End auto log messages stack.	[MsgId: MMSG-10544]


Start auto log messages stack - Iteration 2.	[MsgId: MMSG-10545]
Action.c(496): web_custom_request("nav.pl_3") started  	[MsgId: MMSG-26355]
Action.c(496): web_custom_request("nav.pl_3") was successful, 1482 body bytes, 255 header bytes, 12 chunking overhead bytes  	[MsgId: MMSG-26385]
Action.c(511): web_reg_save_param started  	[MsgId: MMSG-26355]
Action.c(511): Registering web_reg_save_param was successful  	[MsgId: MMSG-26390]
Action.c(519): web_reg_save_param started  	[MsgId: MMSG-26355]
Action.c(519): Registering web_reg_save_param was successful  	[MsgId: MMSG-26390]
Action.c(529): web_custom_request("itinerary.pl") started  	[MsgId: MMSG-26355]
Action.c(529): Error -26377: No match found for the requested parameter "flightID". Either the specified boundaries were not found in the response or the matched text is longer than current max html parameter size of 256 bytes. The total length of the response is 887 bytes. You can use "web_set_max_html_param_len" to increase the max parameter size.  	[MsgId: MERR-26377]
Action.c(529): Error -26377: No match found for the requested parameter "cgifields". Either the specified boundaries were not found in the response or the matched text is longer than current max html parameter size of 256 bytes. The total length of the response is 887 bytes. You can use "web_set_max_html_param_len" to increase the max parameter size.  	[MsgId: MERR-26377]
End auto log messages stack.	[MsgId: MMSG-10544]


Start auto log messages stack - Iteration 3.	[MsgId: MMSG-10545]
Action.c(496): web_custom_request("nav.pl_3") started  	[MsgId: MMSG-26355]
Action.c(496): web_custom_request("nav.pl_3") was successful, 1482 body bytes, 255 header bytes, 12 chunking overhead bytes  	[MsgId: MMSG-26385]
Action.c(511): web_reg_save_param started  	[MsgId: MMSG-26355]
Action.c(511): Registering web_reg_save_param was successful  	[MsgId: MMSG-26390]
Action.c(519): web_reg_save_param started  	[MsgId: MMSG-26355]
Action.c(519): Registering web_reg_save_param was successful  	[MsgId: MMSG-26390]
Action.c(529): web_custom_request("itinerary.pl") started  	[MsgId: MMSG-26355]
Action.c(529): Error -26377: No match found for the requested parameter "flightID". Either the specified boundaries were not found in the response or the matched text is longer than current max html parameter size of 256 bytes. The total length of the response is 887 bytes. You can use "web_set_max_html_param_len" to increase the max parameter size.  	[MsgId: MERR-26377]
Action.c(529): Error -26377: No match found for the requested parameter "cgifields". Either the specified boundaries were not found in the response or the matched text is longer than current max html parameter size of 256 bytes. The total length of the response is 887 bytes. You can use "web_set_max_html_param_len" to increase the max parameter size.  	[MsgId: MERR-26377]
End auto log messages stack.	[MsgId: MMSG-10544]


Start auto log messages stack - Iteration 4.	[MsgId: MMSG-10545]
Action.c(496): web_custom_request("nav.pl_3") started  	[MsgId: MMSG-26355]
Action.c(496): web_custom_request("nav.pl_3") was successful, 1482 body bytes, 255 header bytes, 12 chunking overhead bytes  	[MsgId: MMSG-26385]
Action.c(511): web_reg_save_param started  	[MsgId: MMSG-26355]
Action.c(511): Registering web_reg_save_param was successful  	[MsgId: MMSG-26390]
Action.c(519): web_reg_save_param started  	[MsgId: MMSG-26355]
Action.c(519): Registering web_reg_save_param was successful  	[MsgId: MMSG-26390]
Action.c(529): web_custom_request("itinerary.pl") started  	[MsgId: MMSG-26355]
Action.c(529): Error -26377: No match found for the requested parameter "flightID". Either the specified boundaries were not found in the response or the matched text is longer than current max html parameter size of 256 bytes. The total length of the response is 887 bytes. You can use "web_set_max_html_param_len" to increase the max parameter size.  	[MsgId: MERR-26377]
Action.c(529): Error -26377: No match found for the requested parameter "cgifields". Either the specified boundaries were not found in the response or the matched text is longer than current max html parameter size of 256 bytes. The total length of the response is 887 bytes. You can use "web_set_max_html_param_len" to increase the max parameter size.  	[MsgId: MERR-26377]
End auto log messages stack.	[MsgId: MMSG-10544]


Start auto log messages stack - Iteration 5.	[MsgId: MMSG-10545]
Action.c(496): web_custom_request("nav.pl_3") started  	[MsgId: MMSG-26355]
Action.c(496): web_custom_request("nav.pl_3") was successful, 1482 body bytes, 255 header bytes, 12 chunking overhead bytes  	[MsgId: MMSG-26385]
Action.c(511): web_reg_save_param started  	[MsgId: MMSG-26355]
Action.c(511): Registering web_reg_save_param was successful  	[MsgId: MMSG-26390]
Action.c(519): web_reg_save_param started  	[MsgId: MMSG-26355]
Action.c(519): Registering web_reg_save_param was successful  	[MsgId: MMSG-26390]
Action.c(529): web_custom_request("itinerary.pl") started  	[MsgId: MMSG-26355]
Action.c(529): Error -26377: No match found for the requested parameter "flightID". Either the specified boundaries were not found in the response or the matched text is longer than current max html parameter size of 256 bytes. The total length of the response is 887 bytes. You can use "web_set_max_html_param_len" to increase the max parameter size.  	[MsgId: MERR-26377]
Action.c(529): Error -26377: No match found for the requested parameter "cgifields". Either the specified boundaries were not found in the response or the matched text is longer than current max html parameter size of 256 bytes. The total length of the response is 887 bytes. You can use "web_set_max_html_param_len" to increase the max parameter size.  	[MsgId: MERR-26377]
End auto log messages stack.	[MsgId: MMSG-10544]


Start auto log messages stack - Iteration 6.	[MsgId: MMSG-10545]
Action.c(496): web_custom_request("nav.pl_3") started  	[MsgId: MMSG-26355]
Action.c(496): web_custom_request("nav.pl_3") was successful, 1482 body bytes, 255 header bytes, 12 chunking overhead bytes  	[MsgId: MMSG-26385]
Action.c(511): web_reg_save_param started  	[MsgId: MMSG-26355]
Action.c(511): Registering web_reg_save_param was successful  	[MsgId: MMSG-26390]
Action.c(519): web_reg_save_param started  	[MsgId: MMSG-26355]
Action.c(519): Registering web_reg_save_param was successful  	[MsgId: MMSG-26390]
Action.c(529): web_custom_request("itinerary.pl") started  	[MsgId: MMSG-26355]
Action.c(529): Error -26377: No match found for the requested parameter "flightID". Either the specified boundaries were not found in the response or the matched text is longer than current max html parameter size of 256 bytes. The total length of the response is 887 bytes. You can use "web_set_max_html_param_len" to increase the max parameter size.  	[MsgId: MERR-26377]
Action.c(529): Error -26377: No match found for the requested parameter "cgifields". Either the specified boundaries were not found in the response or the matched text is longer than current max html parameter size of 256 bytes. The total length of the response is 887 bytes. You can use "web_set_max_html_param_len" to increase the max parameter size.  	[MsgId: MERR-26377]
End auto log messages stack.	[MsgId: MMSG-10544]


Start auto log messages stack - Iteration 7.	[MsgId: MMSG-10545]
Action.c(496): web_custom_request("nav.pl_3") started  	[MsgId: MMSG-26355]
Action.c(496): web_custom_request("nav.pl_3") was successful, 1482 body bytes, 255 header bytes, 12 chunking overhead bytes  	[MsgId: MMSG-26385]
Action.c(511): web_reg_save_param started  	[MsgId: MMSG-26355]
Action.c(511): Registering web_reg_save_param was successful  	[MsgId: MMSG-26390]
Action.c(519): web_reg_save_param started  	[MsgId: MMSG-26355]
Action.c(519): Registering web_reg_save_param was successful  	[MsgId: MMSG-26390]
Action.c(529): web_custom_request("itinerary.pl") started  	[MsgId: MMSG-26355]
Action.c(529): Error -26377: No match found for the requested parameter "flightID". Either the specified boundaries were not found in the response or the matched text is longer than current max html parameter size of 256 bytes. The total length of the response is 887 bytes. You can use "web_set_max_html_param_len" to increase the max parameter size.  	[MsgId: MERR-26377]
Action.c(529): Error -26377: No match found for the requested parameter "cgifields". Either the specified boundaries were not found in the response or the matched text is longer than current max html parameter size of 256 bytes. The total length of the response is 887 bytes. You can use "web_set_max_html_param_len" to increase the max parameter size.  	[MsgId: MERR-26377]
End auto log messages stack.	[MsgId: MMSG-10544]


Start auto log messages stack - Iteration 8.	[MsgId: MMSG-10545]
Action.c(380): web_concurrent_start started  	[MsgId: MMSG-26355]
Action.c(380): web_concurrent_start was successful  	[MsgId: MMSG-26392]
Action.c(382): web_custom_request("nav.pl_2") started  	[MsgId: MMSG-26355]
Action.c(382): Registering web_custom_request("nav.pl_2") was successful  	[MsgId: MMSG-26390]
Action.c(393): web_reg_find started  	[MsgId: MMSG-26355]
Action.c(393): Registering web_reg_find was successful  	[MsgId: MMSG-26390]
Action.c(396): web_custom_request("login.pl_2") started  	[MsgId: MMSG-26355]
Action.c(396): Registering web_custom_request("login.pl_2") was successful  	[MsgId: MMSG-26390]
Action.c(406): web_concurrent_end started  	[MsgId: MMSG-26355]
Action.c(382): Error -27721: Step download timeout (120 seconds) has expired when downloading resource "http://localhost:1080/cgi-bin/nav.pl?page=menu&in=home"   [issued at Action.c(406)]  	[MsgId: MERR-27721]
End auto log messages stack.	[MsgId: MMSG-10544]


Start auto log messages stack - Iteration 9.	[MsgId: MMSG-10545]
Action.c(496): web_custom_request("nav.pl_3") started  	[MsgId: MMSG-26355]
Action.c(496): web_custom_request("nav.pl_3") was successful, 1482 body bytes, 255 header bytes, 12 chunking overhead bytes  	[MsgId: MMSG-26385]
Action.c(511): web_reg_save_param started  	[MsgId: MMSG-26355]
Action.c(511): Registering web_reg_save_param was successful  	[MsgId: MMSG-26390]
Action.c(519): web_reg_save_param started  	[MsgId: MMSG-26355]
Action.c(519): Registering web_reg_save_param was successful  	[MsgId: MMSG-26390]
Action.c(529): web_custom_request("itinerary.pl") started  	[MsgId: MMSG-26355]
Action.c(529): Error -26377: No match found for the requested parameter "flightID". Either the specified boundaries were not found in the response or the matched text is longer than current max html parameter size of 256 bytes. The total length of the response is 887 bytes. You can use "web_set_max_html_param_len" to increase the max parameter size.  	[MsgId: MERR-26377]
Action.c(529): Error -26377: No match found for the requested parameter "cgifields". Either the specified boundaries were not found in the response or the matched text is longer than current max html parameter size of 256 bytes. The total length of the response is 887 bytes. You can use "web_set_max_html_param_len" to increase the max parameter size.  	[MsgId: MERR-26377]
End auto log messages stack.	[MsgId: MMSG-10544]


Start auto log messages stack - Iteration 10.	[MsgId: MMSG-10545]
Action.c(496): web_custom_request("nav.pl_3") started  	[MsgId: MMSG-26355]
Action.c(496): web_custom_request("nav.pl_3") was successful, 1482 body bytes, 255 header bytes, 12 chunking overhead bytes  	[MsgId: MMSG-26385]
Action.c(511): web_reg_save_param started  	[MsgId: MMSG-26355]
Action.c(511): Registering web_reg_save_param was successful  	[MsgId: MMSG-26390]
Action.c(519): web_reg_save_param started  	[MsgId: MMSG-26355]
Action.c(519): Registering web_reg_save_param was successful  	[MsgId: MMSG-26390]
Action.c(529): web_custom_request("itinerary.pl") started  	[MsgId: MMSG-26355]
Action.c(529): Error -26377: No match found for the requested parameter "flightID". Either the specified boundaries were not found in the response or the matched text is longer than current max html parameter size of 256 bytes. The total length of the response is 887 bytes. You can use "web_set_max_html_param_len" to increase the max parameter size.  	[MsgId: MERR-26377]
Action.c(529): Error -26377: No match found for the requested parameter "cgifields". Either the specified boundaries were not found in the response or the matched text is longer than current max html parameter size of 256 bytes. The total length of the response is 887 bytes. You can use "web_set_max_html_param_len" to increase the max parameter size.  	[MsgId: MERR-26377]
End auto log messages stack.	[MsgId: MMSG-10544]


Start auto log messages stack - Iteration 11.	[MsgId: MMSG-10545]
Action.c(355): Think time - Waiting 5,00 seconds (according to limit).	[MsgId: MMSG-15946]
Action.c(355): lr_think_time: 5,00 seconds (recorded think time was 46,00 seconds).	[MsgId: MMSG-15947]
Action.c(357): Notify: Transaction "login" started.	[MsgId: MMSG-16999]
Action.c(359): web_add_auto_header("Sec-Fetch-Site") started  	[MsgId: MMSG-26355]
Action.c(359): web_add_auto_header("Sec-Fetch-Site") was successful  	[MsgId: MMSG-26392]
Action.c(362): web_add_auto_header("Sec-Fetch-Dest") started  	[MsgId: MMSG-26355]
Action.c(362): web_add_auto_header("Sec-Fetch-Dest") was successful  	[MsgId: MMSG-26392]
Action.c(365): web_add_header("Origin") started  	[MsgId: MMSG-26355]
Action.c(365): web_add_header("Origin") was successful  	[MsgId: MMSG-26392]
Action.c(369): web_custom_request("login.pl") started  	[MsgId: MMSG-26355]
Action.c(369): Error -27721: Step download timeout (120 seconds) has expired when downloading resource "http://localhost:1080/cgi-bin/login.pl"  	[MsgId: MERR-27721]
End auto log messages stack.	[MsgId: MMSG-10544]


Start auto log messages stack - Iteration 12.	[MsgId: MMSG-10545]
Action.c(236): web_add_header("Sec-Fetch-Site") started  	[MsgId: MMSG-26355]
Action.c(236): web_add_header("Sec-Fetch-Site") was successful  	[MsgId: MMSG-26392]
Action.c(239): web_add_header("Sec-Fetch-Dest") started  	[MsgId: MMSG-26355]
Action.c(239): web_add_header("Sec-Fetch-Dest") was successful  	[MsgId: MMSG-26392]
Action.c(242): web_reg_find started  	[MsgId: MMSG-26355]
Action.c(242): Registering web_reg_find was successful  	[MsgId: MMSG-26390]
Action.c(246): web_custom_request("welcome.pl") started  	[MsgId: MMSG-26355]
Action.c(246): Registering web_custom_request("welcome.pl") was successful  	[MsgId: MMSG-26390]
Action.c(256): web_concurrent_end started  	[MsgId: MMSG-26355]
Action.c(246): Error -27721: Step download timeout (120 seconds) has expired when downloading resource "http://localhost:1080/cgi-bin/welcome.pl?signOff=true"   [issued at Action.c(256)]  	[MsgId: MERR-27721]
End auto log messages stack.	[MsgId: MMSG-10544]


Start auto log messages stack - Iteration 12.	[MsgId: MMSG-10545]
Action.c(256): Aborting pending download of URL="http://localhost:1080/cgi-bin/welcome.pl?signOff=true" (RelFrameId=1, Internal ID=272)  	[MsgId: MMSG-27649]
Action.c(256): Error -26366: "Text=A Session ID has been created and loaded into a cookie called MSO" not found for web_reg_find  	[MsgId: MERR-26366]
Action.c(256): Error -26374: The above "not found" error(s) may be explained by header and body byte counts being 0 and 0, respectively.  	[MsgId: MERR-26374]
End auto log messages stack.	[MsgId: MMSG-10544]


Start auto log messages stack - Iteration 13.	[MsgId: MMSG-10545]
Action.c(496): web_custom_request("nav.pl_3") started  	[MsgId: MMSG-26355]
Action.c(496): web_custom_request("nav.pl_3") was successful, 1482 body bytes, 255 header bytes, 12 chunking overhead bytes  	[MsgId: MMSG-26385]
Action.c(511): web_reg_save_param started  	[MsgId: MMSG-26355]
Action.c(511): Registering web_reg_save_param was successful  	[MsgId: MMSG-26390]
Action.c(519): web_reg_save_param started  	[MsgId: MMSG-26355]
Action.c(519): Registering web_reg_save_param was successful  	[MsgId: MMSG-26390]
Action.c(529): web_custom_request("itinerary.pl") started  	[MsgId: MMSG-26355]
Action.c(529): Error -26377: No match found for the requested parameter "flightID". Either the specified boundaries were not found in the response or the matched text is longer than current max html parameter size of 256 bytes. The total length of the response is 887 bytes. You can use "web_set_max_html_param_len" to increase the max parameter size.  	[MsgId: MERR-26377]
Action.c(529): Error -26377: No match found for the requested parameter "cgifields". Either the specified boundaries were not found in the response or the matched text is longer than current max html parameter size of 256 bytes. The total length of the response is 887 bytes. You can use "web_set_max_html_param_len" to increase the max parameter size.  	[MsgId: MERR-26377]
End auto log messages stack.	[MsgId: MMSG-10544]


Start auto log messages stack - Iteration 14.	[MsgId: MMSG-10545]
Action.c(496): web_custom_request("nav.pl_3") started  	[MsgId: MMSG-26355]
Action.c(496): web_custom_request("nav.pl_3") was successful, 1482 body bytes, 255 header bytes, 12 chunking overhead bytes  	[MsgId: MMSG-26385]
Action.c(511): web_reg_save_param started  	[MsgId: MMSG-26355]
Action.c(511): Registering web_reg_save_param was successful  	[MsgId: MMSG-26390]
Action.c(519): web_reg_save_param started  	[MsgId: MMSG-26355]
Action.c(519): Registering web_reg_save_param was successful  	[MsgId: MMSG-26390]
Action.c(529): web_custom_request("itinerary.pl") started  	[MsgId: MMSG-26355]
Action.c(529): Error -26377: No match found for the requested parameter "flightID". Either the specified boundaries were not found in the response or the matched text is longer than current max html parameter size of 256 bytes. The total length of the response is 887 bytes. You can use "web_set_max_html_param_len" to increase the max parameter size.  	[MsgId: MERR-26377]
Action.c(529): Error -26377: No match found for the requested parameter "cgifields". Either the specified boundaries were not found in the response or the matched text is longer than current max html parameter size of 256 bytes. The total length of the response is 887 bytes. You can use "web_set_max_html_param_len" to increase the max parameter size.  	[MsgId: MERR-26377]
End auto log messages stack.	[MsgId: MMSG-10544]


Start auto log messages stack - Iteration 15.	[MsgId: MMSG-10545]
Action.c(496): web_custom_request("nav.pl_3") started  	[MsgId: MMSG-26355]
Action.c(496): web_custom_request("nav.pl_3") was successful, 1482 body bytes, 255 header bytes, 12 chunking overhead bytes  	[MsgId: MMSG-26385]
Action.c(511): web_reg_save_param started  	[MsgId: MMSG-26355]
Action.c(511): Registering web_reg_save_param was successful  	[MsgId: MMSG-26390]
Action.c(519): web_reg_save_param started  	[MsgId: MMSG-26355]
Action.c(519): Registering web_reg_save_param was successful  	[MsgId: MMSG-26390]
Action.c(529): web_custom_request("itinerary.pl") started  	[MsgId: MMSG-26355]
Action.c(529): Error -26377: No match found for the requested parameter "flightID". Either the specified boundaries were not found in the response or the matched text is longer than current max html parameter size of 256 bytes. The total length of the response is 887 bytes. You can use "web_set_max_html_param_len" to increase the max parameter size.  	[MsgId: MERR-26377]
Action.c(529): Error -26377: No match found for the requested parameter "cgifields". Either the specified boundaries were not found in the response or the matched text is longer than current max html parameter size of 256 bytes. The total length of the response is 887 bytes. You can use "web_set_max_html_param_len" to increase the max parameter size.  	[MsgId: MERR-26377]
End auto log messages stack.	[MsgId: MMSG-10544]


