Start auto log messages stack - Iteration 5.	[MsgId: MMSG-10545]
Action.c(496): web_custom_request("nav.pl_3") started  	[MsgId: MMSG-26355]
Action.c(496): web_custom_request("nav.pl_3") was successful, 1482 body bytes, 255 header bytes, 12 chunking overhead bytes  	[MsgId: MMSG-26385]
Action.c(511): web_reg_save_param started  	[MsgId: MMSG-26355]
Action.c(511): Registering web_reg_save_param was successful  	[MsgId: MMSG-26390]
Action.c(519): web_reg_save_param started  	[MsgId: MMSG-26355]
Action.c(519): Registering web_reg_save_param was successful  	[MsgId: MMSG-26390]
Action.c(529): web_custom_request("itinerary.pl") started  	[MsgId: MMSG-26355]
Action.c(529): Error -26377: No match found for the requested parameter "flightID". Either the specified boundaries were not found in the response or the matched text is longer than current max html parameter size of 256 bytes. The total length of the response is 887 bytes. You can use "web_set_max_html_param_len" to increase the max parameter size.  	[MsgId: MERR-26377]
Action.c(529): Error -26377: No match found for the requested parameter "cgifields". Either the specified boundaries were not found in the response or the matched text is longer than current max html parameter size of 256 bytes. The total length of the response is 887 bytes. You can use "web_set_max_html_param_len" to increase the max parameter size.  	[MsgId: MERR-26377]
End auto log messages stack.	[MsgId: MMSG-10544]


Start auto log messages stack - Iteration 7.	[MsgId: MMSG-10545]
Action.c(496): web_custom_request("nav.pl_3") started  	[MsgId: MMSG-26355]
Action.c(496): web_custom_request("nav.pl_3") was successful, 1482 body bytes, 255 header bytes, 12 chunking overhead bytes  	[MsgId: MMSG-26385]
Action.c(511): web_reg_save_param started  	[MsgId: MMSG-26355]
Action.c(511): Registering web_reg_save_param was successful  	[MsgId: MMSG-26390]
Action.c(519): web_reg_save_param started  	[MsgId: MMSG-26355]
Action.c(519): Registering web_reg_save_param was successful  	[MsgId: MMSG-26390]
Action.c(529): web_custom_request("itinerary.pl") started  	[MsgId: MMSG-26355]
Action.c(529): Error -26377: No match found for the requested parameter "flightID". Either the specified boundaries were not found in the response or the matched text is longer than current max html parameter size of 256 bytes. The total length of the response is 887 bytes. You can use "web_set_max_html_param_len" to increase the max parameter size.  	[MsgId: MERR-26377]
Action.c(529): Error -26377: No match found for the requested parameter "cgifields". Either the specified boundaries were not found in the response or the matched text is longer than current max html parameter size of 256 bytes. The total length of the response is 887 bytes. You can use "web_set_max_html_param_len" to increase the max parameter size.  	[MsgId: MERR-26377]
End auto log messages stack.	[MsgId: MMSG-10544]


Start auto log messages stack - Iteration 8.	[MsgId: MMSG-10545]
Action.c(605): Message id [-17999] was not saved - Auto Log cache is too small to contain the message.	[MsgId: MMSG-10547]
Action.c(615): Notify: Transaction "itinerary" ended with a "Pass" status (Duration: 0,5272 Wasted Time: 0,0011).	[MsgId: MMSG-16871]
Action.c(617): Think time - Waiting 5,00 seconds (according to limit).	[MsgId: MMSG-15946]
Action.c(617): lr_think_time: 5,00 seconds (recorded think time was 47,00 seconds).	[MsgId: MMSG-15947]
Action.c(619): Notify: Transaction "delete_Ticket" started.	[MsgId: MMSG-16999]
Action.c(621): web_add_header("Origin") started  	[MsgId: MMSG-26355]
Action.c(621): web_add_header("Origin") was successful  	[MsgId: MMSG-26392]
Action.c(624): Think time - Waiting 5,00 seconds (according to limit).	[MsgId: MMSG-15946]
Action.c(624): lr_think_time: 5,00 seconds (recorded think time was 59,00 seconds).	[MsgId: MMSG-15947]
Action.c(626): web_reg_find started  	[MsgId: MMSG-26355]
Action.c(626): Registering web_reg_find was successful  	[MsgId: MMSG-26390]
Action.c(634): web_custom_request("itinerary.pl_2") started  	[MsgId: MMSG-26355]
Action.c(634): Error -26368: "Text=41163709-781-KP" found for web_reg_find (count=1)  	[MsgId: MERR-26368]
End auto log messages stack.	[MsgId: MMSG-10544]


Start auto log messages stack - Iteration 11.	[MsgId: MMSG-10545]
Action.c(496): web_custom_request("nav.pl_3") started  	[MsgId: MMSG-26355]
Action.c(496): web_custom_request("nav.pl_3") was successful, 1482 body bytes, 255 header bytes, 12 chunking overhead bytes  	[MsgId: MMSG-26385]
Action.c(511): web_reg_save_param started  	[MsgId: MMSG-26355]
Action.c(511): Registering web_reg_save_param was successful  	[MsgId: MMSG-26390]
Action.c(519): web_reg_save_param started  	[MsgId: MMSG-26355]
Action.c(519): Registering web_reg_save_param was successful  	[MsgId: MMSG-26390]
Action.c(529): web_custom_request("itinerary.pl") started  	[MsgId: MMSG-26355]
Action.c(529): Error -26377: No match found for the requested parameter "flightID". Either the specified boundaries were not found in the response or the matched text is longer than current max html parameter size of 256 bytes. The total length of the response is 887 bytes. You can use "web_set_max_html_param_len" to increase the max parameter size.  	[MsgId: MERR-26377]
Action.c(529): Error -26377: No match found for the requested parameter "cgifields". Either the specified boundaries were not found in the response or the matched text is longer than current max html parameter size of 256 bytes. The total length of the response is 887 bytes. You can use "web_set_max_html_param_len" to increase the max parameter size.  	[MsgId: MERR-26377]
End auto log messages stack.	[MsgId: MMSG-10544]


Start auto log messages stack - Iteration 17.	[MsgId: MMSG-10545]
Action.c(496): web_custom_request("nav.pl_3") started  	[MsgId: MMSG-26355]
Action.c(496): web_custom_request("nav.pl_3") was successful, 1482 body bytes, 255 header bytes, 12 chunking overhead bytes  	[MsgId: MMSG-26385]
Action.c(511): web_reg_save_param started  	[MsgId: MMSG-26355]
Action.c(511): Registering web_reg_save_param was successful  	[MsgId: MMSG-26390]
Action.c(519): web_reg_save_param started  	[MsgId: MMSG-26355]
Action.c(519): Registering web_reg_save_param was successful  	[MsgId: MMSG-26390]
Action.c(529): web_custom_request("itinerary.pl") started  	[MsgId: MMSG-26355]
Action.c(529): Error -26377: No match found for the requested parameter "flightID". Either the specified boundaries were not found in the response or the matched text is longer than current max html parameter size of 256 bytes. The total length of the response is 887 bytes. You can use "web_set_max_html_param_len" to increase the max parameter size.  	[MsgId: MERR-26377]
Action.c(529): Error -26377: No match found for the requested parameter "cgifields". Either the specified boundaries were not found in the response or the matched text is longer than current max html parameter size of 256 bytes. The total length of the response is 887 bytes. You can use "web_set_max_html_param_len" to increase the max parameter size.  	[MsgId: MERR-26377]
End auto log messages stack.	[MsgId: MMSG-10544]


Start auto log messages stack - Iteration 19.	[MsgId: MMSG-10545]
Action.c(496): web_custom_request("nav.pl_3") started  	[MsgId: MMSG-26355]
Action.c(496): web_custom_request("nav.pl_3") was successful, 1482 body bytes, 255 header bytes, 12 chunking overhead bytes  	[MsgId: MMSG-26385]
Action.c(511): web_reg_save_param started  	[MsgId: MMSG-26355]
Action.c(511): Registering web_reg_save_param was successful  	[MsgId: MMSG-26390]
Action.c(519): web_reg_save_param started  	[MsgId: MMSG-26355]
Action.c(519): Registering web_reg_save_param was successful  	[MsgId: MMSG-26390]
Action.c(529): web_custom_request("itinerary.pl") started  	[MsgId: MMSG-26355]
Action.c(529): Error -26377: No match found for the requested parameter "flightID". Either the specified boundaries were not found in the response or the matched text is longer than current max html parameter size of 256 bytes. The total length of the response is 887 bytes. You can use "web_set_max_html_param_len" to increase the max parameter size.  	[MsgId: MERR-26377]
Action.c(529): Error -26377: No match found for the requested parameter "cgifields". Either the specified boundaries were not found in the response or the matched text is longer than current max html parameter size of 256 bytes. The total length of the response is 887 bytes. You can use "web_set_max_html_param_len" to increase the max parameter size.  	[MsgId: MERR-26377]
End auto log messages stack.	[MsgId: MMSG-10544]


Start auto log messages stack - Iteration 20.	[MsgId: MMSG-10545]
Action.c(496): web_custom_request("nav.pl_3") started  	[MsgId: MMSG-26355]
Action.c(496): web_custom_request("nav.pl_3") was successful, 1482 body bytes, 255 header bytes, 12 chunking overhead bytes  	[MsgId: MMSG-26385]
Action.c(511): web_reg_save_param started  	[MsgId: MMSG-26355]
Action.c(511): Registering web_reg_save_param was successful  	[MsgId: MMSG-26390]
Action.c(519): web_reg_save_param started  	[MsgId: MMSG-26355]
Action.c(519): Registering web_reg_save_param was successful  	[MsgId: MMSG-26390]
Action.c(529): web_custom_request("itinerary.pl") started  	[MsgId: MMSG-26355]
Action.c(529): Error -26377: No match found for the requested parameter "flightID". Either the specified boundaries were not found in the response or the matched text is longer than current max html parameter size of 256 bytes. The total length of the response is 887 bytes. You can use "web_set_max_html_param_len" to increase the max parameter size.  	[MsgId: MERR-26377]
Action.c(529): Error -26377: No match found for the requested parameter "cgifields". Either the specified boundaries were not found in the response or the matched text is longer than current max html parameter size of 256 bytes. The total length of the response is 887 bytes. You can use "web_set_max_html_param_len" to increase the max parameter size.  	[MsgId: MERR-26377]
End auto log messages stack.	[MsgId: MMSG-10544]


Start auto log messages stack - Iteration 24.	[MsgId: MMSG-10545]
Action.c(496): web_custom_request("nav.pl_3") started  	[MsgId: MMSG-26355]
Action.c(496): web_custom_request("nav.pl_3") was successful, 1482 body bytes, 255 header bytes, 12 chunking overhead bytes  	[MsgId: MMSG-26385]
Action.c(511): web_reg_save_param started  	[MsgId: MMSG-26355]
Action.c(511): Registering web_reg_save_param was successful  	[MsgId: MMSG-26390]
Action.c(519): web_reg_save_param started  	[MsgId: MMSG-26355]
Action.c(519): Registering web_reg_save_param was successful  	[MsgId: MMSG-26390]
Action.c(529): web_custom_request("itinerary.pl") started  	[MsgId: MMSG-26355]
Action.c(529): Error -26377: No match found for the requested parameter "flightID". Either the specified boundaries were not found in the response or the matched text is longer than current max html parameter size of 256 bytes. The total length of the response is 887 bytes. You can use "web_set_max_html_param_len" to increase the max parameter size.  	[MsgId: MERR-26377]
Action.c(529): Error -26377: No match found for the requested parameter "cgifields". Either the specified boundaries were not found in the response or the matched text is longer than current max html parameter size of 256 bytes. The total length of the response is 887 bytes. You can use "web_set_max_html_param_len" to increase the max parameter size.  	[MsgId: MERR-26377]
End auto log messages stack.	[MsgId: MMSG-10544]


Start auto log messages stack - Iteration 25.	[MsgId: MMSG-10545]
Action.c(496): web_custom_request("nav.pl_3") started  	[MsgId: MMSG-26355]
Action.c(496): web_custom_request("nav.pl_3") was successful, 1482 body bytes, 255 header bytes, 12 chunking overhead bytes  	[MsgId: MMSG-26385]
Action.c(511): web_reg_save_param started  	[MsgId: MMSG-26355]
Action.c(511): Registering web_reg_save_param was successful  	[MsgId: MMSG-26390]
Action.c(519): web_reg_save_param started  	[MsgId: MMSG-26355]
Action.c(519): Registering web_reg_save_param was successful  	[MsgId: MMSG-26390]
Action.c(529): web_custom_request("itinerary.pl") started  	[MsgId: MMSG-26355]
Action.c(529): Error -26377: No match found for the requested parameter "flightID". Either the specified boundaries were not found in the response or the matched text is longer than current max html parameter size of 256 bytes. The total length of the response is 887 bytes. You can use "web_set_max_html_param_len" to increase the max parameter size.  	[MsgId: MERR-26377]
Action.c(529): Error -26377: No match found for the requested parameter "cgifields". Either the specified boundaries were not found in the response or the matched text is longer than current max html parameter size of 256 bytes. The total length of the response is 887 bytes. You can use "web_set_max_html_param_len" to increase the max parameter size.  	[MsgId: MERR-26377]
End auto log messages stack.	[MsgId: MMSG-10544]


