Start auto log messages stack - Iteration 12.	[MsgId: MMSG-10545]
Action.c(73): web_add_header("Sec-Fetch-Site") started  	[MsgId: MMSG-26355]
Action.c(73): web_add_header("Sec-Fetch-Site") was successful  	[MsgId: MMSG-26392]
Action.c(76): web_add_header("Sec-Fetch-Dest") started  	[MsgId: MMSG-26355]
Action.c(76): web_add_header("Sec-Fetch-Dest") was successful  	[MsgId: MMSG-26392]
Action.c(79): web_reg_find started  	[MsgId: MMSG-26355]
Action.c(79): Registering web_reg_find was successful  	[MsgId: MMSG-26390]
Action.c(83): web_custom_request("welcome.pl") started  	[MsgId: MMSG-26355]
Action.c(83): Registering web_custom_request("welcome.pl") was successful  	[MsgId: MMSG-26390]
Action.c(93): web_concurrent_end started  	[MsgId: MMSG-26355]
Action.c(83): Error -27721: Step download timeout (120 seconds) has expired when downloading resource "http://localhost:1080/cgi-bin/welcome.pl?signOff=true"   [issued at Action.c(93)]  	[MsgId: MERR-27721]
End auto log messages stack.	[MsgId: MMSG-10544]


Start auto log messages stack - Iteration 12.	[MsgId: MMSG-10545]
Action.c(93): Aborting pending download of URL="http://localhost:1080/cgi-bin/welcome.pl?signOff=true" (RelFrameId=1, Internal ID=301)  	[MsgId: MMSG-27649]
Action.c(93): Error -26366: "Text=A Session ID has been created and loaded into a cookie called MSO" not found for web_reg_find  	[MsgId: MERR-26366]
End auto log messages stack.	[MsgId: MMSG-10544]


Start auto log messages stack - Iteration 17.	[MsgId: MMSG-10545]
Action.c(452): Notify: Transaction "itinerary" ended with a "Pass" status (Duration: 0,5067).	[MsgId: MMSG-16873]
Action.c(454): Think time - Waiting 5,00 seconds (according to limit).	[MsgId: MMSG-15946]
Action.c(454): lr_think_time: 5,00 seconds (recorded think time was 47,00 seconds).	[MsgId: MMSG-15947]
Action.c(456): Notify: Transaction "delete Ticket" started.	[MsgId: MMSG-16999]
Action.c(458): web_add_header("Origin") started  	[MsgId: MMSG-26355]
Action.c(458): web_add_header("Origin") was successful  	[MsgId: MMSG-26392]
Action.c(461): Think time - Waiting 5,00 seconds (according to limit).	[MsgId: MMSG-15946]
Action.c(461): lr_think_time: 5,00 seconds (recorded think time was 59,00 seconds).	[MsgId: MMSG-15947]
Action.c(463): web_reg_find started  	[MsgId: MMSG-26355]
Action.c(463): Registering web_reg_find was successful  	[MsgId: MMSG-26390]
Action.c(471): web_custom_request("itinerary.pl_2") started  	[MsgId: MMSG-26355]
Action.c(471): Error -26368: "Text=41163709-781-KP" found for web_reg_find (count=1)  	[MsgId: MERR-26368]
End auto log messages stack.	[MsgId: MMSG-10544]


Start auto log messages stack - Iteration 18.	[MsgId: MMSG-10545]
Action.c(308): web_add_auto_header("Sec-Fetch-Mode") was successful  	[MsgId: MMSG-26392]
Action.c(311): web_add_auto_header("Sec-Fetch-Dest") started  	[MsgId: MMSG-26355]
Action.c(311): web_add_auto_header("Sec-Fetch-Dest") was successful  	[MsgId: MMSG-26392]
Action.c(314): web_add_auto_header("Sec-Fetch-User") started  	[MsgId: MMSG-26355]
Action.c(314): web_add_auto_header("Sec-Fetch-User") was successful  	[MsgId: MMSG-26392]
Action.c(318): web_reg_find started  	[MsgId: MMSG-26355]
Action.c(318): Registering web_reg_find was successful  	[MsgId: MMSG-26390]
Action.c(321): web_custom_request("welcome.pl_2") started  	[MsgId: MMSG-26355]
Action.c(321): Error -26612: HTTP Status-Code=500 (Internal Server Error) for "http://localhost:1080/cgi-bin/welcome.pl?page=itinerary"  	[MsgId: MERR-26612]
Action.c(321): Error -26366: "Text=User wants the intineraries" not found for web_reg_find  	[MsgId: MERR-26366]
End auto log messages stack.	[MsgId: MMSG-10544]


Start auto log messages stack - Iteration 20.	[MsgId: MMSG-10545]
Action.c(333): web_custom_request("nav.pl_3") started  	[MsgId: MMSG-26355]
Action.c(333): web_custom_request("nav.pl_3") was successful, 1482 body bytes, 255 header bytes, 12 chunking overhead bytes  	[MsgId: MMSG-26385]
Action.c(348): web_reg_save_param started  	[MsgId: MMSG-26355]
Action.c(348): Registering web_reg_save_param was successful  	[MsgId: MMSG-26390]
Action.c(356): web_reg_save_param started  	[MsgId: MMSG-26355]
Action.c(356): Registering web_reg_save_param was successful  	[MsgId: MMSG-26390]
Action.c(366): web_custom_request("itinerary.pl") started  	[MsgId: MMSG-26355]
Action.c(366): Error -26612: HTTP Status-Code=500 (Internal Server Error) for "http://localhost:1080/cgi-bin/itinerary.pl"  	[MsgId: MERR-26612]
Action.c(366): Error -26377: No match found for the requested parameter "flightID". Either the specified boundaries were not found in the response or the matched text is longer than current max html parameter size of 256 bytes. The total length of the response is 535 bytes. You can use "web_set_max_html_param_len" to increase the max parameter size.  	[MsgId: MERR-26377]
Action.c(366): Error -26377: No match found for the requested parameter "cgifields". Either the specified boundaries were not found in the response or the matched text is longer than current max html parameter size of 256 bytes. The total length of the response is 535 bytes. You can use "web_set_max_html_param_len" to increase the max parameter size.  	[MsgId: MERR-26377]
End auto log messages stack.	[MsgId: MMSG-10544]


