Start auto log messages stack - Iteration 17.	[MsgId: MMSG-10545]
Action.c(605): Message id [-17999] was not saved - Auto Log cache is too small to contain the message.	[MsgId: MMSG-10547]
Action.c(615): Notify: Transaction "itinerary" ended with a "Pass" status (Duration: 0,6503 Wasted Time: 0,0024).	[MsgId: MMSG-16871]
Action.c(617): Think time - Waiting 5,00 seconds (according to limit).	[MsgId: MMSG-15946]
Action.c(617): lr_think_time: 5,00 seconds (recorded think time was 47,00 seconds).	[MsgId: MMSG-15947]
Action.c(619): Notify: Transaction "delete_Ticket" started.	[MsgId: MMSG-16999]
Action.c(621): web_add_header("Origin") started  	[MsgId: MMSG-26355]
Action.c(621): web_add_header("Origin") was successful  	[MsgId: MMSG-26392]
Action.c(624): Think time - Waiting 5,00 seconds (according to limit).	[MsgId: MMSG-15946]
Action.c(624): lr_think_time: 5,00 seconds (recorded think time was 59,00 seconds).	[MsgId: MMSG-15947]
Action.c(626): web_reg_find started  	[MsgId: MMSG-26355]
Action.c(626): Registering web_reg_find was successful  	[MsgId: MMSG-26390]
Action.c(634): web_custom_request("itinerary.pl_2") started  	[MsgId: MMSG-26355]
Action.c(634): Error -26368: "Text=41163709-781-RP" found for web_reg_find (count=1)  	[MsgId: MERR-26368]
End auto log messages stack.	[MsgId: MMSG-10544]


Start auto log messages stack - Iteration 26.	[MsgId: MMSG-10545]
Action.c(129): web_concurrent_start started  	[MsgId: MMSG-26355]
Action.c(129): web_concurrent_start was successful  	[MsgId: MMSG-26392]
Action.c(131): web_custom_request("home.html") started  	[MsgId: MMSG-26355]
Action.c(131): Registering web_custom_request("home.html") was successful  	[MsgId: MMSG-26390]
Action.c(141): web_reg_save_param started  	[MsgId: MMSG-26355]
Action.c(141): Registering web_reg_save_param was successful  	[MsgId: MMSG-26390]
Action.c(146): web_custom_request("nav.pl") started  	[MsgId: MMSG-26355]
Action.c(146): Registering web_custom_request("nav.pl") was successful  	[MsgId: MMSG-26390]
Action.c(156): web_concurrent_end started  	[MsgId: MMSG-26355]
Action.c(146): Error -26612: HTTP Status-Code=500 (Internal Server Error) for "http://localhost:1080/cgi-bin/nav.pl?in=home"   [issued at Action.c(156)]  	[MsgId: MERR-26612]
Action.c(156): Error -26377: No match found for the requested parameter "userSession". Either the specified boundaries were not found in the response or the matched text is longer than current max html parameter size of 256 bytes. The total length of the response is 1896 bytes. You can use "web_set_max_html_param_len" to increase the max parameter size.  	[MsgId: MERR-26377]
End auto log messages stack.	[MsgId: MMSG-10544]


